Compiled on May 17 2021 at 21:00:40
Launched in Engine\
Received : INFO max_memory 4294967296
Received : INFO timeout_match 900000
Received : INFO timeout_turn 900000
Received : INFO game_type 1
Received : INFO rule 1
Received : INFO time_left 900000
Received : BOARD
Received : 0,0,2
Received : 6,3,1
Received : 2,0,2
Received : DONE
BEST
CROSS  ( 0, 2) : U : Q=0.011466 : 0.000746 : 0.987787 : P=0.065116 : Visits=165 : Children=30
CROSS  ( 0, 4) : U : Q=0.011913 : 0.000853 : 0.987234 : P=0.034625 : Visits=89 : Children=30
CROSS  ( 4, 6) : U : Q=0.003396 : 0.000464 : 0.996140 : P=0.042377 : Visits=77 : Children=30
CROSS  ( 4, 4) : U : Q=0.003403 : 0.000364 : 0.996232 : P=0.039793 : Visits=72 : Children=30
CROSS  ( 6, 6) : U : Q=0.004866 : 0.000613 : 0.994521 : P=0.036434 : Visits=70 : Children=30
CROSS  ( 0, 3) : U : Q=0.007075 : 0.000600 : 0.992324 : P=0.033333 : Visits=69 : Children=30
CROSS  ( 2, 4) : U : Q=0.003769 : 0.000395 : 0.995836 : P=0.035659 : Visits=66 : Children=30
CROSS  ( 3, 5) : U : Q=0.004572 : 0.000422 : 0.995006 : P=0.034367 : Visits=65 : Children=30
CROSS  ( 5, 4) : U : Q=0.003288 : 0.000385 : 0.996327 : P=0.035401 : Visits=64 : Children=30
CROSS  ( 3, 4) : U : Q=0.004126 : 0.000455 : 0.995419 : P=0.033592 : Visits=63 : Children=30
  X   X   86  35  46  _   _   _   _   _   _   _   _   _   _ 
  _   27  _   _   28  30  30  29  _   _   _   _   _   _   _ 
  _   _   _   30  34  31  27  _   _   _   _   _   _   _   _ 
  _   _   _   31  32  33  O   _   _   _   _   _   _   _   _ 
  _   _   _   27  37  27  40  _   _   _   _   _   _   _   _ 
  _   _   _   32  33  29  O   _   _   _   _   _   _   _   _ 
  _   _   _   _   29  _   36  27  30  _   _   _   _   _   _ 
  _   _   _   _   _   _   _   29  28  _   _   _   _   _   _ 
  _   _   _   _   _   27  _   _   _   _   _   _   _   _   _ 
  _   _   _   _   _   28  _   _   _   _   _   _   _   _   _ 
  _   _   _   _   _   _   _   _   _   _   _   _   _   _   _ 
  _   _   _   _   _   _   _   _   _   _   _   _   _   _   _ 
  _   _   _   _   _   _   _   _   _   _   _   _   _   _   _ 
  _   _   _   _   _   _   _   _   _   _   _   _   _   _   _ 
  _   _   _   _   _   _   _   _   _   _   _   _   _   _   _ 

CIRCLE ( 0, 0) : U : Q=0.994609 : 0.000448 : 0.004942 : P=0.000000 : Visits=1919 : Children=30
CROSS  ( 0, 2) : U : Q=0.011466 : 0.000746 : 0.987787 : P=0.065116 : Visits=165 : Children=30
CIRCLE ( 4, 5) : U : Q=0.996268 : 0.000312 : 0.003420 : P=0.213456 : Visits=41 : Children=30
CROSS  ( 0, 3) : U : Q=0.003350 : 0.000294 : 0.996357 : P=0.386593 : Visits=22 : Children=1
CIRCLE ( 0, 4) : U : Q=0.997725 : 0.000218 : 0.002056 : P=1.000000 : Visits=21 : Children=30
CROSS  ( 7, 3) : U : Q=0.002619 : 0.000267 : 0.997114 : P=0.032695 : Visits=1 : Children=30
CIRCLE ( 3, 4) : U : Q=0.000000 : 0.000000 : 0.000000 : P=0.253933 : Visits=0 : Children=0
----EvaluationQueue----
avg batch size = 7.994683
network   = 144.917538s : 5266 : 27.519472 ms
pack      = 0.031251s : 5266 : 5.934477 us
unpack    = 0.015625s : 5266 : 2.967102 us

----SearchStats----
nb_duplicate_nodes = 0
select     = 0.000000s : 1919 : 0.000000 us
expand     = 0.015619s : 1919 : 8.139031 us
vcf solver = 0.031254s : 1919 : 16.286511 us
backup     = 0.000000s : 1919 : 0.000000 us
evaluate   = 0.000000s : 416 : 0.000000 us
game rules = 0.000000s : 1919 : 0.000000 us

----TreeStats----
used nodes      = 52995
allocated nodes = 100000000
proven nodes    = 0 : 0 : 0 (win:draw:loss)
memory = 1MB
----CacheStats----
hit rate = 78.300000%
time_seek    = 0.000000s : 1919 : 0.000000 us
time_insert  = 0.000000s : 416 : 0.000000 us
time_cleanup = 0.015619s : 1 : 15.618563 ms
entries = 2353 : 8273 : 10626 (stored:buffered:allocated)
memory = 33MB

Answered : MESSAGE depth 1-7 ev 0.5 n 1919 n/s 122323 tm 15 pv Xa2 Oe5 Xa3 Oa4 Xh3 Od4
BEST
CIRCLE ( 5, 6) : U : Q=0.990621 : 0.000557 : 0.008823 : P=0.125926 : Visits=1267 : Children=30
CIRCLE ( 4, 7) : U : Q=0.988460 : 0.000511 : 0.011028 : P=0.115056 : Visits=1008 : Children=30
CIRCLE ( 6, 5) : U : Q=0.993319 : 0.000612 : 0.006069 : P=0.074535 : Visits=978 : Children=30
CIRCLE ( 4, 6) : U : Q=0.993202 : 0.000482 : 0.006316 : P=0.072438 : Visits=936 : Children=30
CIRCLE ( 6, 6) : U : Q=0.994561 : 0.000631 : 0.004809 : P=0.049934 : Visits=753 : Children=30
CIRCLE ( 4, 5) : U : Q=0.983439 : 0.000720 : 0.015841 : P=0.109328 : Visits=733 : Children=30
CIRCLE ( 5, 5) : U : Q=0.987763 : 0.000617 : 0.011620 : P=0.072247 : Visits=614 : Children=30
CIRCLE ( 6, 7) : U : Q=0.991333 : 0.000582 : 0.008085 : P=0.055719 : Visits=608 : Children=30
CIRCLE ( 5, 7) : U : Q=0.987016 : 0.000530 : 0.012454 : P=0.064782 : Visits=517 : Children=30
CIRCLE ( 4, 8) : U : Q=0.995420 : 0.000396 : 0.004184 : P=0.026790 : Visits=442 : Children=30
  X   _   X   _   _   _   _   _   _   _   _   _   _   _   _ 
  _   _   _   _   _   _   _   _   _   _   _   _   _   _   _ 
  _   _   _   _   _    4  _    4  _   _   _   _   _   _   _ 
  _   _   _   _   17  24  O   33  24   4  _   _   _   _   _ 
  _   _   _   _   22  68  87  94  41  12  _   _   _   _   _ 
  _   _   _   _   20  57 118  48  15   5  _   _   _   _   _ 
  _   _   _    4  12  91  70  57  19   9  _   _   _   _   _ 
  _   _   _   _   _    7   9   4   5  _   _   _   _   _   _ 
  _   _   _   _   _   _   _   _   _   _   _   _   _   _   _ 
  _   _   _   _   _   _   _   _   _   _   _   _   _   _   _ 
  _   _   _   _   _   _   _   _   _   _   _   _   _   _   _ 
  _   _   _   _   _   _   _   _   _   _   _   _   _   _   _ 
  _   _   _   _   _   _   _   _   _   _   _   _   _   _   _ 
  _   _   _   _   _   _   _   _   _   _   _   _   _   _   _ 
  _   _   _   _   _   _   _   _   _   _   _   _   _   _   _ 

CROSS  ( 0, 0) : U : Q=0.008374 : 0.000585 : 0.991040 : P=0.000000 : Visits=10662 : Children=30
CIRCLE ( 5, 6) : U : Q=0.990621 : 0.000557 : 0.008823 : P=0.125926 : Visits=1267 : Children=30
CROSS  ( 0, 3) : U : Q=0.033943 : 0.001138 : 0.964919 : P=0.036819 : Visits=179 : Children=30
CIRCLE ( 4, 7) : U : Q=0.993169 : 0.000498 : 0.006332 : P=0.124253 : Visits=32 : Children=30
CROSS  ( 0, 4) : U : Q=0.006513 : 0.000520 : 0.992967 : P=0.488910 : Visits=22 : Children=1
CIRCLE ( 0, 1) : U : Q=0.994609 : 0.000449 : 0.004941 : P=1.000000 : Visits=21 : Children=30
CROSS  ( 0, 6) : U : Q=0.005321 : 0.000508 : 0.994172 : P=0.288571 : Visits=9 : Children=1
CIRCLE ( 0, 5) : U : Q=0.997364 : 0.000233 : 0.002404 : P=1.000000 : Visits=8 : Children=30
CROSS  ( 3, 4) : U : Q=0.002507 : 0.000263 : 0.997231 : P=0.041950 : Visits=1 : Children=30
CIRCLE ( 4, 6) : U : Q=0.000000 : 0.000000 : 0.000000 : P=0.242550 : Visits=0 : Children=0
----EvaluationQueue----
avg batch size = 7.994574
network   = 179.885267s : 6451 : 27.884865 ms
pack      = 0.046876s : 6451 : 7.266463 us
unpack    = 0.015625s : 6451 : 2.422068 us

----SearchStats----
nb_duplicate_nodes = 1
select     = 0.000000s : 10663 : 0.000000 us
expand     = 0.046872s : 10662 : 4.396186 us
vcf solver = 0.125008s : 10662 : 11.724639 us
backup     = 0.000000s : 10662 : 0.000000 us
evaluate   = 0.000000s : 9473 : 0.000000 us
game rules = 0.000000s : 10663 : 0.000000 us

----TreeStats----
used nodes      = 298698
allocated nodes = 100000000
proven nodes    = 0 : 0 : 0 (win:draw:loss)
memory = 9MB
----CacheStats----
hit rate = 11.100000%
time_seek    = 0.000000s : 10662 : 0.000000 us
time_insert  = 0.000000s : 9473 : 0.000000 us
time_cleanup = 0.015626s : 1 : 15.625715 ms
entries = 9698 : 928 : 10626 (stored:buffered:allocated)
memory = 37MB

Answered : MESSAGE depth 1-10 ev 99.1 n 10662 n/s 299 tm 35608 pv Of6 Xa3 Oe7 Xa4 Oa1 Xa6 Oa5 Xd4 Oe6
Answered : 6,5
Received : RESTART
