Compiled on May 17 2021 at 21:00:40
Launched in Engine\
Received : INFO max_memory 5368709120
Received : INFO timeout_match 900000
Received : INFO timeout_turn 900000
Received : INFO game_type 1
Received : INFO rule 1
Received : INFO time_left 900000
Received : BOARD
Received : 0,0,2
Received : 8,5,1
Received : 5,2,2
Received : DONE
BEST
CROSS  ( 4, 4) : U : Q=0.027933 : 0.000376 : 0.971692 : P=0.355766 : Visits=847 : Children=30
CROSS  ( 3, 3) : U : Q=0.038190 : 0.000492 : 0.961318 : P=0.165596 : Visits=661 : Children=30
CROSS  ( 3, 4) : U : Q=0.028826 : 0.000487 : 0.970687 : P=0.184759 : Visits=475 : Children=30
CROSS  ( 4, 2) : U : Q=0.051936 : 0.000825 : 0.947239 : P=0.023898 : Visits=474 : Children=30
CROSS  ( 2, 3) : U : Q=0.027836 : 0.000797 : 0.971366 : P=0.045767 : Visits=114 : Children=30
CROSS  ( 2, 2) : U : Q=0.034008 : 0.001744 : 0.964248 : P=0.020967 : Visits=70 : Children=30
CROSS  ( 2, 5) : U : Q=0.015836 : 0.000697 : 0.983467 : P=0.031789 : Visits=54 : Children=30
CROSS  ( 5, 6) : U : Q=0.004065 : 0.000361 : 0.995574 : P=0.012287 : Visits=16 : Children=30
CROSS  ( 5, 4) : U : Q=0.013194 : 0.000410 : 0.986396 : P=0.008793 : Visits=14 : Children=30
CROSS  ( 2, 6) : U : Q=0.010096 : 0.000851 : 0.989052 : P=0.009695 : Visits=14 : Children=30
  X   _   _   _   _   _   _   _   _   _   _   _   _   _   _ 
  _   _   _   _   _   _   _   _   _   _   _   _   _   _   _ 
  _    3  23  38  X   18   4   2  _   _   _   _   _   _   _ 
  _   _   _  226 162   4   3  _   _   _   _   _   _   _   _ 
  _   _  162   2 289   3   2  _   _   _    3   2   2  _   _ 
  _    3  _   _    4   3   5  O   O    3   2   3  _   _   _ 
  _   _   _   _   _   _   _   _   _   _   _   _    2  _   _ 
  _   _   _   _   _   _   _   _   _    3  _   _    2  _   _ 
  _   _   _   _   _   _   _   _    3   3  _   _   _   _   _ 
  _   _   _   _   _   _   _   _   _   _   _   _   _   _   _ 
  _   _   _   _   _   _   _   _   _   _   _   _   _   _   _ 
  _   _   _   _   _   _   _   _   _   _   _   _   _   _   _ 
  _   _   _   _   _   _   _   _   _   _   _   _   _   _   _ 
  _   _   _   _   _   _   _   _   _   _   _   _   _   _   _ 
  _   _   _   _   _   _   _   _   _   _   _   _   _   _   _ 

CIRCLE ( 0, 0) : U : Q=0.966919 : 0.000546 : 0.032535 : P=0.000000 : Visits=2925 : Children=30
CROSS  ( 4, 4) : U : Q=0.027933 : 0.000376 : 0.971692 : P=0.355766 : Visits=847 : Children=30
CIRCLE ( 4, 8) : U : Q=0.983780 : 0.000231 : 0.015989 : P=0.252697 : Visits=284 : Children=30
CROSS  ( 3, 4) : U : Q=0.017736 : 0.000250 : 0.982014 : P=0.743146 : Visits=225 : Children=4
CIRCLE ( 5, 4) : U : Q=0.985813 : 0.000213 : 0.013974 : P=0.769064 : Visits=181 : Children=30
CROSS  ( 3, 3) : U : Q=0.018354 : 0.000236 : 0.981410 : P=0.404280 : Visits=84 : Children=23
CIRCLE ( 6, 6) : U : Q=0.990279 : 0.000163 : 0.009558 : P=0.377129 : Visits=35 : Children=10
CROSS  ( 7, 5) : U : Q=0.007292 : 0.000058 : 0.992650 : P=0.290227 : Visits=10 : Children=22
CIRCLE ( 6, 8) : U : Q=0.991574 : 0.000038 : 0.008388 : P=0.506915 : Visits=6 : Children=12
CROSS  ( 2, 2) : U : Q=0.018386 : 0.000052 : 0.981563 : P=0.191662 : Visits=1 : Children=1
CIRCLE ( 1, 1) : U : Q=0.000000 : 0.000000 : 0.000000 : P=1.000000 : Visits=0 : Children=0
----EvaluationQueue----
avg batch size = 7.992550
network   = 2422.787429s : 77848 : 31.122025 ms
pack      = 0.609377s : 77848 : 7.827782 us
unpack    = 0.531245s : 77848 : 6.824135 us

----SearchStats----
nb_duplicate_nodes = 0
select     = 0.015625s : 2925 : 5.341962 us
expand     = 0.000000s : 2925 : 0.000000 us
vcf solver = 0.171863s : 2925 : 58.756527 us
backup     = 0.000000s : 2925 : 0.000000 us
evaluate   = 0.000000s : 304 : 0.000000 us
game rules = 0.000000s : 2925 : 0.000000 us

----TreeStats----
used nodes      = 46411
allocated nodes = 100000000
proven nodes    = 0 : 0 : 19 (win:draw:loss)
memory = 1MB
----CacheStats----
hit rate = 89.600000%
time_seek    = 0.015624s : 2925 : 5.341636 us
time_insert  = 0.000000s : 304 : 0.000000 us
time_cleanup = 0.000000s : 1 : 0.000000 us
entries = 2556 : 26753 : 29309 (stored:buffered:allocated)
memory = 33MB

Answered : MESSAGE depth 1-11 ev 3.2 n 2925 n/s 186823 tm 15 pv Xe4 Oe8 Xd4 Of4 Xd3 Og6 Xh5 Og8 Xc2 Ob1
BEST
CIRCLE ( 6, 7) : U : Q=0.986650 : 0.000362 : 0.012988 : P=0.112560 : Visits=2437 : Children=30
CIRCLE ( 4, 8) : U : Q=0.987994 : 0.000523 : 0.011483 : P=0.060804 : Visits=1641 : Children=30
CIRCLE ( 7, 8) : U : Q=0.979941 : 0.000457 : 0.019602 : P=0.085365 : Visits=954 : Children=30
CIRCLE ( 6, 9) : U : Q=0.981732 : 0.000377 : 0.017891 : P=0.069853 : Visits=908 : Children=30
CIRCLE ( 4, 9) : U : Q=0.987329 : 0.000475 : 0.012196 : P=0.029464 : Visits=781 : Children=30
CIRCLE ( 5, 7) : U : Q=0.983465 : 0.000474 : 0.016061 : P=0.044171 : Visits=685 : Children=30
CIRCLE ( 4, 7) : U : Q=0.979167 : 0.000701 : 0.020132 : P=0.064472 : Visits=681 : Children=30
CIRCLE ( 6, 8) : U : Q=0.977704 : 0.000484 : 0.021813 : P=0.069223 : Visits=660 : Children=30
CIRCLE ( 5, 6) : U : Q=0.980320 : 0.001206 : 0.018474 : P=0.051387 : Visits=610 : Children=30
CIRCLE ( 5, 9) : U : Q=0.982163 : 0.000494 : 0.017342 : P=0.035312 : Visits=485 : Children=30
  X   _   _   _   _   _   _   _   _   _   _   _   _   _   _ 
  _   _   _   _   _   _   _   _   _   _   _   _   _   _   _ 
  _   _   _   _   _   X   _   _   _   _   _   _   _   _   _ 
  _   _   _   _   _   _   _    4  26   4  _   _   _   _   _ 
  _   _   _   _    4   5   8  52 127  60   4  _   _   _   _ 
  _   _   _   _   _    6  47  53  O   37  15  _   _   _   _ 
  _   _   _   _   _   10  33 188  51  70  15  _   _   _   _ 
  _   _   _   _   _    2  27  20  73  20  11  _   _   _   _ 
  _   _   _   _   _   _   _    6   4   3  _   _   _   _   _ 
  _   _   _   _   _   _   _   _   _   _   _   _   _   _   _ 
  _   _   _   _   _   _   _   _   _   _   _   _   _   _   _ 
  _   _   _   _   _   _   _   _   _   _   _   _   _   _   _ 
  _   _   _   _   _   _   _   _   _   _   _   _   _   _   _ 
  _   _   _   _   _   _   _   _   _   _   _   _   _   _   _ 
  _   _   _   _   _   _   _   _   _   _   _   _   _   _   _ 

CROSS  ( 0, 0) : U : Q=0.017656 : 0.000665 : 0.981681 : P=0.000000 : Visits=12915 : Children=30
CIRCLE ( 6, 7) : U : Q=0.986650 : 0.000362 : 0.012988 : P=0.112560 : Visits=2437 : Children=30
CROSS  ( 4, 3) : U : Q=0.015755 : 0.000308 : 0.983937 : P=0.293644 : Visits=808 : Children=30
CIRCLE ( 5, 7) : U : Q=0.983881 : 0.000217 : 0.015902 : P=0.308307 : Visits=249 : Children=30
CROSS  ( 3, 4) : U : Q=0.016169 : 0.000215 : 0.983616 : P=0.919864 : Visits=242 : Children=4
CIRCLE ( 1, 6) : U : Q=0.987614 : 0.000142 : 0.012244 : P=0.628836 : Visits=160 : Children=30
CROSS  ( 5, 2) : U : Q=0.022179 : 0.000161 : 0.977660 : P=0.200382 : Visits=38 : Children=1
CIRCLE ( 6, 1) : U : Q=0.978216 : 0.000139 : 0.021645 : P=1.000000 : Visits=37 : Children=30
CROSS  ( 5, 4) : U : Q=0.043943 : 0.000222 : 0.955835 : P=0.321136 : Visits=17 : Children=18
CIRCLE ( 4, 7) : U : Q=0.974703 : 0.000161 : 0.025137 : P=0.405759 : Visits=7 : Children=4
CROSS  ( 3, 7) : U : Q=0.034204 : 0.000210 : 0.965586 : P=0.750536 : Visits=5 : Children=19
CIRCLE ( 7, 6) : U : Q=0.998065 : 0.000032 : 0.001903 : P=0.519910 : Visits=3 : Children=6
CROSS  ( 8, 5) : U : Q=0.001898 : 0.000025 : 0.998077 : P=0.479454 : Visits=1 : Children=30
CIRCLE ( 7, 8) : U : Q=0.000000 : 0.000000 : 0.000000 : P=0.201249 : Visits=0 : Children=0
----EvaluationQueue----
avg batch size = 7.992562
network   = 2457.427027s : 78918 : 31.138993 ms
pack      = 0.625002s : 78918 : 7.919640 us
unpack    = 0.546870s : 78918 : 6.929601 us

----SearchStats----
nb_duplicate_nodes = 1
select     = 0.031250s : 12916 : 2.419461 us
expand     = 0.062499s : 12915 : 4.839242 us
vcf solver = 0.468755s : 12915 : 36.295412 us
backup     = 0.015625s : 12915 : 1.209834 us
evaluate   = 0.000000s : 8553 : 0.000000 us
game rules = 0.015625s : 12916 : 1.209740 us

----TreeStats----
used nodes      = 253915
allocated nodes = 100000000
proven nodes    = 0 : 0 : 6 (win:draw:loss)
memory = 7MB
----CacheStats----
hit rate = 33.700000%
time_seek    = 0.000000s : 12915 : 0.000000 us
time_insert  = 0.000000s : 8553 : 0.000000 us
time_cleanup = 0.000000s : 1 : 0.000000 us
entries = 8734 : 20575 : 29309 (stored:buffered:allocated)
memory = 36MB

Answered : MESSAGE depth 1-14 ev 98.2 n 12915 n/s 362 tm 35639 pv Og7 Xe3 Of7 Xd4 Ob6 Xf2 Og1 Xf4 Oe7 Xd7 Oh6 Xi5 Oh8
Answered : 7,6
Received : RESTART
