Compiled on May 17 2021 at 21:00:40
Launched in Engine\
Received : INFO max_memory 5368709120
Received : INFO timeout_match 900000
Received : INFO timeout_turn 900000
Received : INFO game_type 1
Received : INFO rule 1
Received : INFO time_left 900000
Received : BOARD
Received : 0,0,2
Received : 9,5,1
Received : 5,2,2
Received : DONE
BEST
CROSS  ( 4, 4) : U : Q=0.033197 : 0.000252 : 0.966552 : P=0.451700 : Visits=2205 : Children=30
CROSS  ( 3, 3) : U : Q=0.027442 : 0.000236 : 0.972322 : P=0.314077 : Visits=1143 : Children=30
CROSS  ( 4, 2) : U : Q=0.030494 : 0.000302 : 0.969205 : P=0.086435 : Visits=363 : Children=30
CROSS  ( 3, 4) : U : Q=0.040300 : 0.000453 : 0.959247 : P=0.024424 : Visits=210 : Children=30
CROSS  ( 2, 2) : U : Q=0.031824 : 0.000689 : 0.967487 : P=0.039122 : Visits=176 : Children=30
CROSS  ( 2, 3) : U : Q=0.021491 : 0.000527 : 0.977982 : P=0.019452 : Visits=56 : Children=30
CROSS  ( 2, 5) : U : Q=0.014211 : 0.000427 : 0.985362 : P=0.012285 : Visits=28 : Children=30
CROSS  ( 5, 1) : U : Q=0.012626 : 0.000396 : 0.986978 : P=0.007678 : Visits=17 : Children=30
CROSS  ( 2, 6) : U : Q=0.007674 : 0.000331 : 0.991994 : P=0.006069 : Visits=11 : Children=30
CROSS  ( 3, 5) : U : Q=0.004837 : 0.000145 : 0.995018 : P=0.002779 : Visits=5 : Children=30
  X   _   _   _   _   _   _   _   _   _   _   _   _   _   _ 
  _   _   _   _   _   _   _   _   _   _   _   _   _   _   _ 
  _   _   41  13  X    6   2  _   _   _   _   _   _   _   _ 
  _   _   _  267  49   1  _   _   _   _   _   _   _   _   _ 
  _   _   85  _  516  _   _   _   _   _   _   _   _   _   _ 
  _    3  _   _   _   _   _   _   _   O   _   _   _   _   _ 
  _   _   _   _   _   _   _   _   O   _   _   _   _   _   _ 
  _   _   _   _   _   _   _   _   _   _   _   _   _   _   _ 
  _   _   _   _   _   _   _   _   _   _   _   _   _   _   _ 
  _   _   _   _   _   _   _   _   _   _   _   _   _   _   _ 
  _   _   _   _   _   _   _   _   _   _   _   _   _   _   _ 
  _   _   _   _   _   _   _   _   _   _   _   _   _   _   _ 
  _   _   _   _   _   _   _   _   _   _   _   _   _   _   _ 
  _   _   _   _   _   _   _   _   _   _   _   _   _   _   _ 
  _   _   _   _   _   _   _   _   _   _   _   _   _   _   _ 

CIRCLE ( 0, 0) : U : Q=0.968820 : 0.000285 : 0.030896 : P=0.000000 : Visits=4269 : Children=30
CROSS  ( 4, 4) : U : Q=0.033197 : 0.000252 : 0.966552 : P=0.451700 : Visits=2205 : Children=30
CIRCLE ( 6, 9) : U : Q=0.972756 : 0.000162 : 0.027082 : P=0.209385 : Visits=540 : Children=30
CROSS  ( 3, 4) : U : Q=0.031215 : 0.000176 : 0.968609 : P=0.665130 : Visits=396 : Children=4
CIRCLE ( 5, 4) : U : Q=0.969583 : 0.000164 : 0.030252 : P=0.623620 : Visits=250 : Children=30
CROSS  ( 3, 3) : U : Q=0.032341 : 0.000163 : 0.967496 : P=0.353683 : Visits=96 : Children=30
CIRCLE ( 7, 9) : U : Q=0.980841 : 0.000087 : 0.019072 : P=0.441089 : Visits=46 : Children=8
CROSS  ( 4, 9) : U : Q=0.016404 : 0.000094 : 0.983501 : P=0.334952 : Visits=15 : Children=25
CIRCLE ( 7, 7) : U : Q=0.984817 : 0.000112 : 0.015071 : P=0.640139 : Visits=11 : Children=10
CROSS  ( 2, 2) : U : Q=0.025201 : 0.000199 : 0.974600 : P=0.327809 : Visits=3 : Children=1
CIRCLE ( 1, 1) : U : Q=0.966429 : 0.000238 : 0.033333 : P=1.000000 : Visits=2 : Children=10
CROSS  ( 6, 6) : U : Q=0.058138 : 0.000397 : 0.941465 : P=0.323681 : Visits=1 : Children=1
CIRCLE ( 5, 5) : U : Q=0.000000 : 0.000000 : 0.000000 : P=1.000000 : Visits=0 : Children=0
----EvaluationQueue----
avg batch size = 7.992507
network   = 2566.126837s : 82077 : 31.264871 ms
pack      = 0.640629s : 82077 : 7.805223 us
unpack    = 0.562499s : 82077 : 6.853309 us

----SearchStats----
nb_duplicate_nodes = 0
select     = 0.000000s : 4269 : 0.000000 us
expand     = 0.000000s : 4269 : 0.000000 us
vcf solver = 0.281235s : 4269 : 65.878309 us
backup     = 0.000000s : 4269 : 0.000000 us
evaluate   = 0.000000s : 280 : 0.000000 us
game rules = 0.000000s : 4269 : 0.000000 us

----TreeStats----
used nodes      = 62207
allocated nodes = 100000000
proven nodes    = 0 : 0 : 16 (win:draw:loss)
memory = 1MB
----CacheStats----
hit rate = 93.400000%
time_seek    = 0.000000s : 4269 : 0.000000 us
time_insert  = 0.000000s : 280 : 0.000000 us
time_cleanup = 0.015625s : 1 : 15.624762 ms
entries = 4053 : 25256 : 29309 (stored:buffered:allocated)
memory = 34MB

Answered : MESSAGE depth 1-13 ev 3.1 n 4269 n/s 91075 tm 46 pv Xe4 Og9 Xd4 Of4 Xd3 Oh9 Xe9 Oh7 Xc2 Ob1 Xg6 Of5
BEST
CIRCLE ( 6, 8) : U : Q=0.985089 : 0.000324 : 0.014586 : P=0.169133 : Visits=3394 : Children=30
CIRCLE ( 7, 9) : U : Q=0.983089 : 0.000336 : 0.016574 : P=0.075933 : Visits=1292 : Children=30
CIRCLE ( 5, 8) : U : Q=0.981535 : 0.000467 : 0.017998 : P=0.070678 : Visits=1020 : Children=30
CIRCLE ( 5, 7) : U : Q=0.976380 : 0.000691 : 0.022929 : P=0.102871 : Visits=993 : Children=30
CIRCLE ( 4, 8) : U : Q=0.979705 : 0.000532 : 0.019763 : P=0.079649 : Visits=988 : Children=30
CIRCLE ( 6,10) : U : Q=0.986374 : 0.000318 : 0.013309 : P=0.035807 : Visits=987 : Children=30
CIRCLE ( 4, 9) : U : Q=0.985061 : 0.000437 : 0.014501 : P=0.042806 : Visits=943 : Children=30
CIRCLE ( 6, 9) : U : Q=0.983911 : 0.000310 : 0.015778 : P=0.049282 : Visits=909 : Children=30
CIRCLE ( 7, 8) : U : Q=0.981793 : 0.000365 : 0.017843 : P=0.040288 : Visits=594 : Children=30
CIRCLE ( 6, 7) : U : Q=0.979667 : 0.000584 : 0.019749 : P=0.044965 : Visits=551 : Children=30
  X   _   _   _   _   _   _   _   _   _   _   _   _   _   _ 
  _   _   _   _   _   _   _   _   _   _   _   _   _   _   _ 
  _   _   _   _   _   X   _   _   _   _   _   _   _   _   _ 
  _   _   _   _   _   _   _    1  _    4  _   _   _   _   _ 
  _   _   _   _   _    1   1  16  72  69  20  _   _   _   _ 
  _   _   _   _   _   _   10  73  75  O   20   5  _   _   _ 
  _   _   _   _   _   _    6  40 249  66  72  _   _   _   _ 
  _   _   _   _   _   _   _   20  43  95  10   1  _   _   _ 
  _   _   _   _   _   _   _    2   9   5  _   _   _   _   _ 
  _   _   _   _   _   _   _   _   _   _   _   _   _   _   _ 
  _   _   _   _   _   _   _   _   _   _   _   _   _   _   _ 
  _   _   _   _   _   _   _   _   _   _   _   _   _   _   _ 
  _   _   _   _   _   _   _   _   _   _   _   _   _   _   _ 
  _   _   _   _   _   _   _   _   _   _   _   _   _   _   _ 
  _   _   _   _   _   _   _   _   _   _   _   _   _   _   _ 

CROSS  ( 0, 0) : U : Q=0.018510 : 0.000521 : 0.980970 : P=0.000000 : Visits=13581 : Children=30
CIRCLE ( 6, 8) : U : Q=0.985089 : 0.000324 : 0.014586 : P=0.169133 : Visits=3394 : Children=30
CROSS  ( 2, 4) : U : Q=0.022723 : 0.000337 : 0.976939 : P=0.160622 : Visits=883 : Children=30
CIRCLE ( 5, 8) : U : Q=0.982383 : 0.000219 : 0.017398 : P=0.264144 : Visits=270 : Children=30
CROSS  ( 2, 6) : U : Q=0.020353 : 0.000225 : 0.979423 : P=0.673680 : Visits=201 : Children=4
CIRCLE ( 2, 7) : U : Q=0.978803 : 0.000173 : 0.021025 : P=0.657173 : Visits=131 : Children=30
CROSS  ( 4, 4) : U : Q=0.036464 : 0.000200 : 0.963336 : P=0.256710 : Visits=45 : Children=17
CIRCLE ( 4, 8) : U : Q=0.965994 : 0.000141 : 0.033864 : P=0.304251 : Visits=14 : Children=6
CROSS  ( 3, 8) : U : Q=0.043485 : 0.000139 : 0.956376 : P=0.557465 : Visits=8 : Children=30
CIRCLE ( 4,10) : U : Q=0.993164 : 0.000040 : 0.006796 : P=0.272582 : Visits=3 : Children=8
CROSS  ( 3,11) : U : Q=0.008122 : 0.000052 : 0.991827 : P=0.334131 : Visits=1 : Children=30
CIRCLE ( 5, 7) : U : Q=0.000000 : 0.000000 : 0.000000 : P=0.351021 : Visits=0 : Children=0
----EvaluationQueue----
avg batch size = 7.992521
network   = 2600.754312s : 83164 : 31.272598 ms
pack      = 0.640629s : 83164 : 7.703204 us
unpack    = 0.562499s : 83164 : 6.763732 us

----SearchStats----
nb_duplicate_nodes = 1
select     = 0.078125s : 13582 : 5.752133 us
expand     = 0.031250s : 13581 : 2.300974 us
vcf solver = 0.500011s : 13581 : 36.816965 us
backup     = 0.000000s : 13581 : 0.000000 us
evaluate   = 0.000000s : 8689 : 0.000000 us
game rules = 0.000000s : 13582 : 0.000000 us

----TreeStats----
used nodes      = 255649
allocated nodes = 100000000
proven nodes    = 0 : 0 : 8 (win:draw:loss)
memory = 7MB
----CacheStats----
hit rate = 36.000000%
time_seek    = 0.000000s : 13581 : 0.000000 us
time_insert  = 0.000000s : 8689 : 0.000000 us
time_cleanup = 0.000000s : 1 : 0.000000 us
entries = 8850 : 20459 : 29309 (stored:buffered:allocated)
memory = 36MB

Answered : MESSAGE depth 1-12 ev 98.1 n 13581 n/s 381 tm 35611 pv Og8 Xc4 Of8 Xc6 Oc7 Xe4 Oe8 Xd8 Oe10 Xd11 Of7
Answered : 8,6
Received : RESTART
