Compiled on May 17 2021 at 21:00:40
Launched in Engine\
Received : INFO max_memory 4294967296
Received : INFO timeout_match 900000
Received : INFO timeout_turn 900000
Received : INFO game_type 1
Received : INFO rule 1
Received : INFO time_left 900000
Received : BOARD
Received : 0,0,2
Received : 7,3,1
Received : 4,0,2
Received : DONE
BEST
CROSS  ( 0, 6) : U : Q=0.031222 : 0.000873 : 0.967905 : P=0.028431 : Visits=277 : Children=30
CROSS  ( 0, 4) : U : Q=0.023694 : 0.001020 : 0.975286 : P=0.037134 : Visits=159 : Children=30
CROSS  ( 0, 2) : U : Q=0.021152 : 0.000615 : 0.978233 : P=0.037714 : Visits=135 : Children=30
CROSS  ( 4, 7) : U : Q=0.003751 : 0.000511 : 0.995738 : P=0.057441 : Visits=98 : Children=30
CROSS  ( 3, 6) : U : Q=0.006263 : 0.000597 : 0.993140 : P=0.039455 : Visits=72 : Children=30
CROSS  ( 2, 7) : U : Q=0.003550 : 0.000463 : 0.995987 : P=0.041485 : Visits=70 : Children=30
CROSS  ( 2, 5) : U : Q=0.004095 : 0.000355 : 0.995549 : P=0.039164 : Visits=67 : Children=30
CROSS  ( 2, 6) : U : Q=0.004021 : 0.000492 : 0.995487 : P=0.037714 : Visits=64 : Children=30
CROSS  ( 2, 4) : U : Q=0.003371 : 0.000284 : 0.996345 : P=0.036844 : Visits=62 : Children=30
CROSS  ( 3, 8) : U : Q=0.003353 : 0.000351 : 0.996296 : P=0.036263 : Visits=61 : Children=30
  X   _   63  X   75  _  131  24  24  _   _   _   _   _   _ 
  _   _   _   _   _   _   26  25  24  23  23  _   _   _   _ 
  _   _   _   22  29  31  30  33  26  24  _   _   _   _   _ 
  _   _   _   26  26  _   34  O   28  26  26  22  _   _   _ 
  _   _   _   _   28  22  _   46  _   _   _   _   _   _   _ 
  _   _   _   _   _   _   25  O   24  _   _   _   _   _   _ 
  _   _   _   _   _   _   _   22  _   _   _   _   _   _   _ 
  _   _   _   _   _   _   _   _   _   _   _   _   _   _   _ 
  _   _   _   _   _   _   _   _   _   _   _   _   _   _   _ 
  _   _   _   _   _   _   _   _   _   _   _   _   _   _   _ 
  _   _   _   _   _   _   _   _   _   _   _   _   _   _   _ 
  _   _   _   _   _   _   _   _   _   _   _   _   _   _   _ 
  _   _   _   _   _   _   _   _   _   _   _   _   _   _   _ 
  _   _   _   _   _   _   _   _   _   _   _   _   _   _   _ 
  _   _   _   _   _   _   _   _   _   _   _   _   _   _   _ 

CIRCLE ( 0, 0) : U : Q=0.989141 : 0.000518 : 0.010342 : P=0.000000 : Visits=2115 : Children=30
CROSS  ( 0, 6) : U : Q=0.031222 : 0.000873 : 0.967905 : P=0.028431 : Visits=277 : Children=30
CIRCLE ( 3, 5) : U : Q=0.992981 : 0.000559 : 0.006460 : P=0.136712 : Visits=50 : Children=30
CROSS  ( 0, 4) : U : Q=0.007708 : 0.000611 : 0.991681 : P=0.518035 : Visits=33 : Children=4
CIRCLE ( 0, 5) : U : Q=0.996071 : 0.000313 : 0.003616 : P=0.609643 : Visits=20 : Children=30
CROSS  ( 0, 1) : U : Q=0.004584 : 0.000417 : 0.994999 : P=0.215066 : Visits=7 : Children=1
CIRCLE ( 0, 2) : U : Q=0.997412 : 0.000292 : 0.002295 : P=1.000000 : Visits=6 : Children=30
CROSS  ( 3, 6) : U : Q=0.002609 : 0.000369 : 0.997022 : P=0.044524 : Visits=1 : Children=30
CIRCLE ( 4, 7) : U : Q=0.000000 : 0.000000 : 0.000000 : P=0.365927 : Visits=0 : Children=0
----EvaluationQueue----
avg batch size = 7.994606
network   = 291.006977s : 10382 : 28.029954 ms
pack      = 0.062502s : 10382 : 6.020195 us
unpack    = 0.015625s : 10382 : 1.504986 us

----SearchStats----
nb_duplicate_nodes = 0
select     = 0.015625s : 2115 : 7.387594 us
expand     = 0.015615s : 2115 : 7.382972 us
vcf solver = 0.015624s : 2115 : 7.387256 us
backup     = 0.000000s : 2115 : 0.000000 us
evaluate   = 0.000000s : 408 : 0.000000 us
game rules = 0.000000s : 2115 : 0.000000 us

----TreeStats----
used nodes      = 57534
allocated nodes = 100000000
proven nodes    = 0 : 0 : 1 (win:draw:loss)
memory = 1MB
----CacheStats----
hit rate = 80.700000%
time_seek    = 0.000000s : 2115 : 0.000000 us
time_insert  = 0.000000s : 408 : 0.000000 us
time_cleanup = 0.015624s : 1 : 15.624046 ms
entries = 2681 : 7953 : 10634 (stored:buffered:allocated)
memory = 33MB

Answered : MESSAGE depth 1-9 ev 1.0 n 2115 n/s 135178 tm 15 pv Xa6 Od5 Xa4 Oa5 Xa1 Oa2 Xd6 Oe7
BEST
CIRCLE ( 5, 7) : U : Q=0.986882 : 0.000634 : 0.012483 : P=0.155002 : Visits=1262 : Children=30
CIRCLE ( 5, 8) : U : Q=0.995299 : 0.000419 : 0.004282 : P=0.059994 : Visits=972 : Children=30
CIRCLE ( 4, 8) : U : Q=0.988450 : 0.000497 : 0.011052 : P=0.100465 : Visits=904 : Children=30
CIRCLE ( 5, 6) : U : Q=0.994018 : 0.000486 : 0.005496 : P=0.053797 : Visits=786 : Children=30
CIRCLE ( 4, 7) : U : Q=0.989224 : 0.000545 : 0.010231 : P=0.081754 : Visits=775 : Children=30
CIRCLE ( 4, 6) : U : Q=0.988295 : 0.000587 : 0.011119 : P=0.085692 : Visits=766 : Children=30
CIRCLE ( 5, 9) : U : Q=0.994915 : 0.000453 : 0.004632 : P=0.040823 : Visits=647 : Children=30
CIRCLE ( 6, 8) : U : Q=0.995278 : 0.000443 : 0.004279 : P=0.037888 : Visits=627 : Children=30
CIRCLE ( 6, 7) : U : Q=0.993480 : 0.000613 : 0.005907 : P=0.040108 : Visits=555 : Children=30
CIRCLE ( 5, 5) : U : Q=0.989316 : 0.000777 : 0.009907 : P=0.049052 : Visits=508 : Children=30
  X   _   _   _   X   _   _   _   _   _   _   _   _   _   _ 
  _   _   _   _   _   _   _   _   _   _   _   _   _   _   _ 
  _   _   _   _   _   _   _    6   6  _   _   _   _   _   _ 
  _   _   _   _   _   16  16  O   28  25  _   _   _   _   _ 
  _   _   _   _   13  36  66  67  78  18  10  _   _   _   _ 
  _   _   _   _   11  44  68 109  84  56   9  _   _   _   _ 
  _   _   _   _   18  25  43  48  54  10   8  _   _   _   _ 
  _   _   _   _   _    6   5   4  _   _   _   _   _   _   _ 
  _   _   _   _   _   _   _   _   _   _   _   _   _   _   _ 
  _   _   _   _   _   _   _   _   _   _   _   _   _   _   _ 
  _   _   _   _   _   _   _   _   _   _   _   _   _   _   _ 
  _   _   _   _   _   _   _   _   _   _   _   _   _   _   _ 
  _   _   _   _   _   _   _   _   _   _   _   _   _   _   _ 
  _   _   _   _   _   _   _   _   _   _   _   _   _   _   _ 
  _   _   _   _   _   _   _   _   _   _   _   _   _   _   _ 

CROSS  ( 0, 0) : U : Q=0.007843 : 0.000559 : 0.991595 : P=0.000000 : Visits=11538 : Children=30
CIRCLE ( 5, 7) : U : Q=0.986882 : 0.000634 : 0.012483 : P=0.155002 : Visits=1262 : Children=30
CROSS  ( 0, 6) : U : Q=0.039651 : 0.001295 : 0.959054 : P=0.027214 : Visits=168 : Children=30
CIRCLE ( 4, 6) : U : Q=0.973543 : 0.000657 : 0.025800 : P=0.201811 : Visits=39 : Children=30
CROSS  ( 0, 5) : U : Q=0.010224 : 0.000715 : 0.989060 : P=0.423749 : Visits=19 : Children=4
CIRCLE ( 0, 7) : U : Q=0.992579 : 0.000602 : 0.006819 : P=0.625940 : Visits=12 : Children=30
CROSS  ( 0, 3) : U : Q=0.008550 : 0.000797 : 0.990653 : P=0.354954 : Visits=7 : Children=1
CIRCLE ( 0, 2) : U : Q=0.997070 : 0.000259 : 0.002670 : P=1.000000 : Visits=6 : Children=30
CROSS  ( 2, 5) : U : Q=0.003139 : 0.000219 : 0.996642 : P=0.049338 : Visits=1 : Children=30
CIRCLE ( 5, 5) : U : Q=0.000000 : 0.000000 : 0.000000 : P=0.156577 : Visits=0 : Children=0
----EvaluationQueue----
avg batch size = 7.994583
network   = 326.099687s : 11631 : 28.037115 ms
pack      = 0.062502s : 11631 : 5.373714 us
unpack    = 0.015625s : 11631 : 1.343372 us

----SearchStats----
nb_duplicate_nodes = 1
select     = 0.015626s : 11539 : 1.354165 us
expand     = 0.015629s : 11538 : 1.354593 us
vcf solver = 0.156266s : 11538 : 13.543593 us
backup     = 0.000000s : 11538 : 0.000000 us
evaluate   = 0.000000s : 9985 : 0.000000 us
game rules = 0.000000s : 11539 : 0.000000 us

----TreeStats----
used nodes      = 321513
allocated nodes = 100000000
proven nodes    = 0 : 0 : 0 (win:draw:loss)
memory = 9MB
----CacheStats----
hit rate = 13.400000%
time_seek    = 0.000000s : 11538 : 0.000000 us
time_insert  = 0.000000s : 9985 : 0.000000 us
time_cleanup = 0.000000s : 1 : 0.000000 us
entries = 10402 : 232 : 10634 (stored:buffered:allocated)
memory = 37MB

Answered : MESSAGE depth 1-10 ev 99.1 n 11538 n/s 324 tm 35608 pv Of7 Xa6 Oe6 Xa5 Oa7 Xa3 Oa2 Xc5 Of5
Answered : 7,5
Received : RESTART
