Compiled on May 17 2021 at 21:00:40
Launched in Engine\
Received : INFO max_memory 5368709120
Received : INFO timeout_match 900000
Received : INFO timeout_turn 900000
Received : INFO game_type 1
Received : INFO rule 1
Received : INFO time_left 900000
Received : BOARD
Received : 0,0,2
Received : 8,5,1
Received : 1,1,2
Received : DONE
BEST
CROSS  ( 4, 7) : U : Q=0.003707 : 0.000320 : 0.995974 : P=0.059456 : Visits=71 : Children=30
CROSS  ( 0, 1) : U : Q=0.015479 : 0.000605 : 0.983916 : P=0.040204 : Visits=70 : Children=30
CROSS  ( 0, 2) : U : Q=0.002495 : 0.000430 : 0.997075 : P=0.051812 : Visits=59 : Children=30
CROSS  ( 0, 4) : U : Q=0.012571 : 0.000652 : 0.986778 : P=0.033126 : Visits=52 : Children=30
CROSS  ( 8, 9) : U : Q=0.005813 : 0.000420 : 0.993767 : P=0.036240 : Visits=46 : Children=30
CROSS  ( 8,12) : U : Q=0.005743 : 0.000361 : 0.993896 : P=0.035674 : Visits=45 : Children=30
CROSS  ( 5, 6) : U : Q=0.005947 : 0.000379 : 0.993674 : P=0.034258 : Visits=43 : Children=30
CROSS  ( 3, 3) : U : Q=0.006608 : 0.000161 : 0.993231 : P=0.032559 : Visits=42 : Children=30
CROSS  ( 7,10) : U : Q=0.004044 : 0.000436 : 0.995521 : P=0.035391 : Visits=42 : Children=30
CROSS  ( 3, 6) : U : Q=0.003682 : 0.000225 : 0.996093 : P=0.035674 : Visits=42 : Children=30
  X   55  47  X   41  _   _   _   _   _   _   _   _   _   _ 
  _   _   _   _   _   _   _   _   _   _   _   _   _   _   _ 
  _   _   _   _   _   _   _   _   _   _   _   _   _   _   _ 
  _   _   _   33  _   _   33  27  _   _   _   _   _   _   _ 
  _   _   _   _   28  29  29  56  31  _   _   29  _   _   _ 
  _   _   _   _   _   _   34  31  O   _   _   _   _   _   _ 
  _   _   _   _   _   _   _   28  28  O   27  29  _   _   _ 
  _   _   _   _   _   _   _   _   27  29  33  31  32  28  _ 
  _   _   _   _   _   _   _   _   28  36  32  28  35  _   _ 
  _   _   _   _   _   _   _   _   _   _   _   29  _   _   _ 
  _   _   _   _   _   _   _   _   _   _   _   _   _   _   _ 
  _   _   _   _   _   _   _   _   _   _   _   _   _   _   _ 
  _   _   _   _   _   _   _   _   _   _   _   _   _   _   _ 
  _   _   _   _   _   _   _   _   _   _   _   _   _   _   _ 
  _   _   _   _   _   _   _   _   _   _   _   _   _   _   _ 

CIRCLE ( 0, 0) : U : Q=0.993846 : 0.000395 : 0.005759 : P=0.000000 : Visits=1253 : Children=30
CROSS  ( 4, 7) : U : Q=0.003707 : 0.000320 : 0.995974 : P=0.059456 : Visits=71 : Children=30
CIRCLE ( 5, 9) : U : Q=0.996594 : 0.000221 : 0.003186 : P=0.182404 : Visits=15 : Children=30
CROSS  ( 5, 7) : U : Q=0.004183 : 0.000223 : 0.995594 : P=0.271836 : Visits=6 : Children=30
CIRCLE ( 4, 9) : U : Q=0.995897 : 0.000231 : 0.003872 : P=0.263814 : Visits=2 : Children=4
CROSS  ( 3, 9) : U : Q=0.002662 : 0.000132 : 0.997206 : P=0.598821 : Visits=1 : Children=14
CIRCLE ( 6, 7) : U : Q=0.000000 : 0.000000 : 0.000000 : P=0.953340 : Visits=0 : Children=0
----EvaluationQueue----
avg batch size = 7.992568
network   = 2178.107364s : 70505 : 30.892949 ms
pack      = 0.468759s : 70505 : 6.648590 us
unpack    = 0.515621s : 70505 : 7.313257 us

----SearchStats----
nb_duplicate_nodes = 0
select     = 0.000000s : 1253 : 0.000000 us
expand     = 0.000000s : 1253 : 0.000000 us
vcf solver = 0.015621s : 1253 : 12.466647 us
backup     = 0.000000s : 1253 : 0.000000 us
evaluate   = 0.000000s : 352 : 0.000000 us
game rules = 0.000000s : 1253 : 0.000000 us

----TreeStats----
used nodes      = 35332
allocated nodes = 100000000
proven nodes    = 0 : 0 : 5 (win:draw:loss)
memory = 1MB
----CacheStats----
hit rate = 71.900000%
time_seek    = 0.000000s : 1253 : 0.000000 us
time_insert  = 0.000000s : 352 : 0.000000 us
time_cleanup = 0.015619s : 1 : 15.618563 ms
entries = 1665 : 27644 : 29309 (stored:buffered:allocated)
memory = 32MB

Answered : MESSAGE depth 1-7 ev 0.5 n 1253 n/s 80090 tm 15 pv Xe7 Of9 Xf7 Oe9 Xd9 Og7
BEST
CIRCLE ( 5, 6) : U : Q=0.990739 : 0.000524 : 0.008737 : P=0.077169 : Visits=1001 : Children=30
CIRCLE ( 6, 7) : U : Q=0.990750 : 0.000464 : 0.008786 : P=0.065019 : Visits=852 : Children=30
CIRCLE ( 7, 7) : U : Q=0.993227 : 0.000339 : 0.006434 : P=0.048698 : Visits=848 : Children=30
CIRCLE ( 5, 7) : U : Q=0.989389 : 0.000487 : 0.010124 : P=0.057260 : Visits=660 : Children=30
CIRCLE ( 7, 8) : U : Q=0.986898 : 0.000447 : 0.012654 : P=0.063625 : Visits=604 : Children=30
CIRCLE ( 4, 7) : U : Q=0.990746 : 0.000548 : 0.008706 : P=0.043954 : Visits=587 : Children=30
CIRCLE ( 6, 8) : U : Q=0.988991 : 0.000535 : 0.010473 : P=0.051480 : Visits=574 : Children=30
CIRCLE ( 6, 6) : U : Q=0.990702 : 0.000540 : 0.008757 : P=0.041498 : Visits=544 : Children=30
CIRCLE ( 4, 6) : U : Q=0.991699 : 0.000548 : 0.007754 : P=0.036643 : Visits=538 : Children=30
CIRCLE ( 7, 6) : U : Q=0.984951 : 0.000818 : 0.014231 : P=0.045636 : Visits=381 : Children=30
  X   _   _   _   _   _   _   _   _   _   _   _   _   _   _ 
  _   X   _   _   _   _   _   _   _   _   _   _   _   _   _ 
  _   _   _   _   _   _   _   _   _   _   _   _   _   _   _ 
  _   _   _   _   _   _   20  _   27  _   _   _   _   _   _ 
  _   _   _   _   31  23  51  56  31  28  _   _   _   _   _ 
  _   _   _   _   17  18  95  63  O   30  15  _   _   _   _ 
  _   _   _   _   _   24  51  81  54  25  11  _   _   _   _ 
  _   _   _   _   _    8  36  81  57  11   3  _   _   _   _ 
  _   _   _   _   _   _    5  17  13   4  _   _   _   _   _ 
  _   _   _   _   _   _   _   _   _   _   _   _   _   _   _ 
  _   _   _   _   _   _   _   _   _   _   _   _   _   _   _ 
  _   _   _   _   _   _   _   _   _   _   _   _   _   _   _ 
  _   _   _   _   _   _   _   _   _   _   _   _   _   _   _ 
  _   _   _   _   _   _   _   _   _   _   _   _   _   _   _ 
  _   _   _   _   _   _   _   _   _   _   _   _   _   _   _ 

CROSS  ( 0, 0) : U : Q=0.011199 : 0.000663 : 0.988139 : P=0.000000 : Visits=10466 : Children=30
CIRCLE ( 5, 6) : U : Q=0.990739 : 0.000524 : 0.008737 : P=0.077169 : Visits=1001 : Children=30
CROSS  ( 4, 4) : U : Q=0.011435 : 0.000598 : 0.987967 : P=0.305018 : Visits=332 : Children=30
CIRCLE ( 4, 7) : U : Q=0.995485 : 0.000218 : 0.004297 : P=0.214125 : Visits=82 : Children=30
CROSS  ( 3, 3) : U : Q=0.004695 : 0.000288 : 0.995016 : P=0.329393 : Visits=31 : Children=1
CIRCLE ( 2, 2) : U : Q=0.996033 : 0.000149 : 0.003818 : P=1.000000 : Visits=30 : Children=30
CROSS  ( 3, 4) : U : Q=0.005943 : 0.000184 : 0.993873 : P=0.303679 : Visits=11 : Children=21
CIRCLE ( 3, 8) : U : Q=0.997942 : 0.000048 : 0.002010 : P=0.377392 : Visits=4 : Children=4
CROSS  ( 6, 5) : U : Q=0.001446 : 0.000035 : 0.998518 : P=0.605280 : Visits=2 : Children=19
CIRCLE ( 4, 8) : U : Q=0.998500 : 0.000025 : 0.001475 : P=0.556142 : Visits=1 : Children=6
CROSS  ( 6, 8) : U : Q=0.000000 : 0.000000 : 0.000000 : P=0.561964 : Visits=0 : Children=0
----EvaluationQueue----
avg batch size = 7.992580
network   = 2212.871931s : 71567 : 30.920284 ms
pack      = 0.484383s : 71567 : 6.768250 us
unpack    = 0.515621s : 71567 : 7.204734 us

----SearchStats----
nb_duplicate_nodes = 1
select     = 0.015625s : 10467 : 1.492764 us
expand     = 0.046874s : 10466 : 4.478652 us
vcf solver = 0.437534s : 10466 : 41.805260 us
backup     = 0.015625s : 10466 : 1.492884 us
evaluate   = 0.000000s : 8489 : 0.000000 us
game rules = 0.000000s : 10467 : 0.000000 us

----TreeStats----
used nodes      = 253102
allocated nodes = 100000000
proven nodes    = 0 : 0 : 5 (win:draw:loss)
memory = 7MB
----CacheStats----
hit rate = 18.800000%
time_seek    = 0.000000s : 10466 : 0.000000 us
time_insert  = 0.015626s : 8489 : 1.840730 us
time_cleanup = 0.000000s : 1 : 0.000000 us
entries = 8491 : 20818 : 29309 (stored:buffered:allocated)
memory = 36MB

Answered : MESSAGE depth 1-11 ev 98.8 n 10466 n/s 293 tm 35623 pv Of6 Xe4 Oe7 Xd3 Oc2 Xd4 Od8 Xg5 Oe8 Xg8
Answered : 6,5
Received : RESTART
