Compiled on May 17 2021 at 21:00:40
Launched in Engine\
Received : INFO max_memory 5368709120
Received : INFO timeout_match 900000
Received : INFO timeout_turn 900000
Received : INFO game_type 1
Received : INFO rule 1
Received : INFO time_left 900000
Received : BOARD
Received : 0,0,2
Received : 7,4,1
Received : 2,0,2
Received : DONE
BEST
CROSS  ( 4, 3) : U : Q=0.008027 : 0.001208 : 0.990765 : P=0.424168 : Visits=675 : Children=30
CROSS  ( 4, 5) : U : Q=0.005212 : 0.000983 : 0.993804 : P=0.128661 : Visits=187 : Children=30
CROSS  ( 3, 4) : U : Q=0.006356 : 0.000915 : 0.992729 : P=0.030057 : Visits=45 : Children=30
CROSS  ( 3, 3) : U : Q=0.005592 : 0.000963 : 0.993446 : P=0.028217 : Visits=41 : Children=30
CROSS  ( 5, 4) : U : Q=0.003839 : 0.000615 : 0.995545 : P=0.024076 : Visits=33 : Children=30
CROSS  ( 4, 7) : U : Q=0.003958 : 0.000538 : 0.995504 : P=0.023463 : Visits=32 : Children=30
CROSS  ( 3, 6) : U : Q=0.003946 : 0.000520 : 0.995534 : P=0.022543 : Visits=31 : Children=30
CROSS  ( 5, 6) : U : Q=0.004398 : 0.000660 : 0.994942 : P=0.019015 : Visits=26 : Children=30
CROSS  ( 2, 3) : U : Q=0.003827 : 0.000621 : 0.995553 : P=0.017329 : Visits=24 : Children=30
CROSS  ( 6, 4) : U : Q=0.003564 : 0.000534 : 0.995901 : P=0.017942 : Visits=24 : Children=30
  X   _   _   _   _   _   _   _   _   _   _   _   _   _   _ 
  _   _   _   X   14  10  _   _   _   _   _   _   _   _   _ 
  _   _   _   16  13  13  13  11  11  _   _   _   _   _   _ 
  _   _   12  27  30  _   20  11  13  11  _   _   _   _   _ 
  _   _   _  454  O  125  O   21  11  _   _   _   _   _   _ 
  _   _   14  14  22  12  17  _   12  _   _   _   _   _   _ 
  _   _   _   11  16  11  12  12  _   _   _   _   _   _   _ 
  _   _   _   _   _   _   _   _   _   _   _   _   _   _   _ 
  _   _   _   _   _   _   _   _   _   _   _   _   _   _   _ 
  _   _   _   _   _   _   _   _   _   _   _   _   _   _   _ 
  _   _   _   _   _   _   _   _   _   _   _   _   _   _   _ 
  _   _   _   _   _   _   _   _   _   _   _   _   _   _   _ 
  _   _   _   _   _   _   _   _   _   _   _   _   _   _   _ 
  _   _   _   _   _   _   _   _   _   _   _   _   _   _   _ 
  _   _   _   _   _   _   _   _   _   _   _   _   _   _   _ 

CIRCLE ( 0, 0) : U : Q=0.992797 : 0.000936 : 0.006267 : P=0.000000 : Visits=1487 : Children=30
CROSS  ( 4, 3) : U : Q=0.008027 : 0.001208 : 0.990765 : P=0.424168 : Visits=675 : Children=30
CIRCLE ( 5, 3) : U : Q=0.993238 : 0.000852 : 0.005910 : P=0.253635 : Visits=177 : Children=30
CROSS  ( 3, 5) : U : Q=0.007256 : 0.001063 : 0.991681 : P=0.423713 : Visits=81 : Children=30
CIRCLE ( 5, 5) : U : Q=0.993609 : 0.000467 : 0.005925 : P=0.305241 : Visits=27 : Children=30
CROSS  ( 5, 4) : U : Q=0.002785 : 0.000355 : 0.996860 : P=0.223851 : Visits=7 : Children=30
CIRCLE ( 6, 4) : U : Q=0.998088 : 0.000204 : 0.001708 : P=0.493124 : Visits=3 : Children=4
CROSS  ( 7, 3) : U : Q=0.001454 : 0.000194 : 0.998352 : P=0.515446 : Visits=1 : Children=30
CIRCLE ( 7, 5) : U : Q=0.000000 : 0.000000 : 0.000000 : P=0.487387 : Visits=0 : Children=0
----EvaluationQueue----
avg batch size = 7.991232
network   = 108.043713s : 3992 : 27.065058 ms
pack      = 0.015624s : 3992 : 3.913899 us
unpack    = 0.046872s : 3992 : 11.741458 us

----SearchStats----
nb_duplicate_nodes = 1
select     = 0.000000s : 1488 : 0.000000 us
expand     = 0.000000s : 1487 : 0.000000 us
vcf solver = 0.015625s : 1487 : 10.507573 us
backup     = 0.000000s : 1487 : 0.000000 us
evaluate   = 0.000000s : 385 : 0.000000 us
game rules = 0.000000s : 1488 : 0.000000 us

----TreeStats----
used nodes      = 37124
allocated nodes = 100000000
proven nodes    = 0 : 0 : 0 (win:draw:loss)
memory = 1MB
----CacheStats----
hit rate = 74.100000%
time_seek    = 0.015624s : 1487 : 10.506772 us
time_insert  = 0.000000s : 385 : 0.000000 us
time_cleanup = 0.015624s : 1 : 15.624285 ms
entries = 1855 : 8685 : 10540 (stored:buffered:allocated)
memory = 33MB

Answered : MESSAGE depth 1-9 ev 0.6 n 1487 n/s 95172 tm 15 pv Xe3 Of3 Xd5 Of5 Xf4 Og4 Xh3 Oh5
BEST
CIRCLE ( 7, 6) : U : Q=0.995499 : 0.000434 : 0.004066 : P=0.057086 : Visits=950 : Children=30
CIRCLE ( 5, 6) : U : Q=0.994562 : 0.000412 : 0.005025 : P=0.062331 : Visits=926 : Children=30
CIRCLE ( 5, 8) : U : Q=0.991275 : 0.000477 : 0.008248 : P=0.066733 : Visits=720 : Children=30
CIRCLE ( 7, 8) : U : Q=0.994153 : 0.000440 : 0.005407 : P=0.047408 : Visits=675 : Children=30
CIRCLE ( 6, 6) : U : Q=0.994165 : 0.000437 : 0.005398 : P=0.045838 : Visits=652 : Children=30
CIRCLE ( 6, 7) : U : Q=0.989946 : 0.000537 : 0.009516 : P=0.059221 : Visits=574 : Children=30
CIRCLE ( 4, 4) : U : Q=0.994280 : 0.000616 : 0.005104 : P=0.028337 : Visits=412 : Children=30
CIRCLE ( 7, 7) : U : Q=0.987326 : 0.000687 : 0.011987 : P=0.049704 : Visits=403 : Children=30
CIRCLE ( 5, 5) : U : Q=0.992748 : 0.000425 : 0.006827 : P=0.032513 : Visits=401 : Children=30
CIRCLE ( 5, 7) : U : Q=0.989314 : 0.000525 : 0.010161 : P=0.042600 : Visits=393 : Children=30
  X   _   X   _   _   _   _   _   _   _   _   _   _   _   _ 
  _   _   _   _   _   _   _   _   _   _   _   _   _   _   _ 
  _   _   _   _   _   _   _   13  _   _   _   _   _   _   _ 
  _   _   _   _   _   _   29  14  23  _   _   _   _   _   _ 
  _   _   _   _   39  26  21  O   11  16  16  _   _   _   _ 
  _   _   _   _   36  38  89  38  69  37  20  _   _   _   _ 
  _   _   _   _   20  12  63  55  30   8  _   _   _   _   _ 
  _   _   _   _   11  19  92  39  65  22  _   _   _   _   _ 
  _   _   _   _   _   12  _   _   _   _   _   _   _   _   _ 
  _   _   _   _   _   _   _   _   _   _   _   _   _   _   _ 
  _   _   _   _   _   _   _   _   _   _   _   _   _   _   _ 
  _   _   _   _   _   _   _   _   _   _   _   _   _   _   _ 
  _   _   _   _   _   _   _   _   _   _   _   _   _   _   _ 
  _   _   _   _   _   _   _   _   _   _   _   _   _   _   _ 
  _   _   _   _   _   _   _   _   _   _   _   _   _   _   _ 

CROSS  ( 0, 0) : U : Q=0.008887 : 0.000502 : 0.990611 : P=0.000000 : Visits=10308 : Children=30
CIRCLE ( 7, 6) : U : Q=0.995499 : 0.000434 : 0.004066 : P=0.057086 : Visits=950 : Children=30
CROSS  ( 4, 4) : U : Q=0.004928 : 0.000444 : 0.994628 : P=0.067551 : Visits=66 : Children=30
CIRCLE ( 6, 7) : U : Q=0.996744 : 0.000200 : 0.003056 : P=0.140689 : Visits=11 : Children=30
CROSS  ( 0, 3) : U : Q=0.009773 : 0.000582 : 0.989645 : P=0.042770 : Visits=1 : Children=30
CIRCLE ( 0, 1) : U : Q=0.000000 : 0.000000 : 0.000000 : P=0.589896 : Visits=0 : Children=0
----EvaluationQueue----
avg batch size = 7.991893
network   = 142.652077s : 5181 : 27.533696 ms
pack      = 0.015624s : 5181 : 3.015689 us
unpack    = 0.093747s : 5181 : 18.094364 us

----SearchStats----
nb_duplicate_nodes = 1
select     = 0.000000s : 10309 : 0.000000 us
expand     = 0.062498s : 10308 : 6.063021 us
vcf solver = 0.125002s : 10308 : 12.126735 us
backup     = 0.015625s : 10308 : 1.515767 us
evaluate   = 0.000000s : 9505 : 0.000000 us
game rules = 0.000000s : 10309 : 0.000000 us

----TreeStats----
used nodes      = 292611
allocated nodes = 100000000
proven nodes    = 0 : 0 : 0 (win:draw:loss)
memory = 8MB
----CacheStats----
hit rate = 7.700000%
time_seek    = 0.000000s : 10308 : 0.000000 us
time_insert  = 0.000000s : 9505 : 0.000000 us
time_cleanup = 0.000000s : 1 : 0.000000 us
entries = 9505 : 1035 : 10540 (stored:buffered:allocated)
memory = 37MB

Answered : MESSAGE depth 1-6 ev 99.0 n 10308 n/s 289 tm 35623 pv Oh6 Xe4 Og7 Xa3 Oa1
Answered : 6,7
Received : RESTART
