Compiled on May 17 2021 at 21:00:40
Launched in Engine\
Received : INFO max_memory 5368709120
Received : INFO timeout_match 900000
Received : INFO timeout_turn 900000
Received : INFO game_type 1
Received : INFO rule 1
Received : INFO time_left 900000
Received : BOARD
Received : 0,0,2
Received : 7,5,1
Received : 4,1,2
Received : DONE
BEST
CROSS  ( 3, 3) : U : Q=0.009162 : 0.000421 : 0.990416 : P=0.341762 : Visits=558 : Children=30
CROSS  ( 4, 3) : U : Q=0.008683 : 0.000515 : 0.990802 : P=0.056513 : Visits=90 : Children=30
CROSS  ( 1, 4) : U : Q=0.011207 : 0.000814 : 0.987979 : P=0.042529 : Visits=75 : Children=30
CROSS  ( 4, 4) : U : Q=0.008514 : 0.000471 : 0.991015 : P=0.032759 : Visits=50 : Children=30
CROSS  ( 1, 5) : U : Q=0.009240 : 0.000839 : 0.989922 : P=0.028352 : Visits=46 : Children=30
CROSS  ( 6, 8) : U : Q=0.003287 : 0.000374 : 0.996339 : P=0.028544 : Visits=38 : Children=30
CROSS  ( 3, 4) : U : Q=0.002833 : 0.000225 : 0.996943 : P=0.026820 : Visits=36 : Children=30
CROSS  ( 2, 3) : U : Q=0.005344 : 0.000381 : 0.994276 : P=0.024329 : Visits=35 : Children=30
CROSS  ( 2, 5) : U : Q=0.005160 : 0.000384 : 0.994457 : P=0.023946 : Visits=34 : Children=30
CROSS  ( 2, 4) : U : Q=0.003401 : 0.000237 : 0.996362 : P=0.025479 : Visits=34 : Children=30
  X   _   _   _   _   _   _   _   _   _   _   _   _   _   _ 
  _   _   _   X   49  30  18  _   15  _   _   _   _   _   _ 
  _   _   19  23  22  22  17  _   _   _   _   _   _   _   _ 
  _   _   16 370  23  22  17  15  15  16  _   _   _   _   _ 
  _   _   17  59  33  15  O   _   15  15  _   _   _   _   _ 
  _   _   _   _   15  _   _   O   _   16  15  _   _   _   _ 
  _   _   _   _   _   _   _   _   25  15  _   _   _   _   _ 
  _   _   _   _   _   _   _   15  _   20  _   _   _   _   _ 
  _   _   _   _   _   _   _   _   _   _   _   _   _   _   _ 
  _   _   _   _   _   _   _   _   _   _   _   _   _   _   _ 
  _   _   _   _   _   _   _   _   _   _   _   _   _   _   _ 
  _   _   _   _   _   _   _   _   _   _   _   _   _   _   _ 
  _   _   _   _   _   _   _   _   _   _   _   _   _   _   _ 
  _   _   _   _   _   _   _   _   _   _   _   _   _   _   _ 
  _   _   _   _   _   _   _   _   _   _   _   _   _   _   _ 

CIRCLE ( 0, 0) : U : Q=0.992546 : 0.000428 : 0.007027 : P=0.000000 : Visits=1508 : Children=30
CROSS  ( 3, 3) : U : Q=0.009162 : 0.000421 : 0.990416 : P=0.341762 : Visits=558 : Children=30
CIRCLE ( 5, 6) : U : Q=0.994980 : 0.000184 : 0.004836 : P=0.198743 : Visits=123 : Children=30
CROSS  ( 4, 3) : U : Q=0.005911 : 0.000210 : 0.993879 : P=0.567021 : Visits=78 : Children=3
CIRCLE ( 2, 3) : U : Q=0.995734 : 0.000152 : 0.004114 : P=0.625169 : Visits=49 : Children=30
CROSS  ( 3, 4) : U : Q=0.005085 : 0.000152 : 0.994763 : P=0.418556 : Visits=27 : Children=20
CIRCLE ( 3, 5) : U : Q=0.997671 : 0.000074 : 0.002256 : P=0.323642 : Visits=10 : Children=3
CROSS  ( 2, 4) : U : Q=0.001991 : 0.000054 : 0.997955 : P=0.877209 : Visits=8 : Children=16
CIRCLE ( 6, 6) : U : Q=0.998160 : 0.000038 : 0.001802 : P=0.737812 : Visits=7 : Children=6
CROSS  ( 3, 6) : U : Q=0.001681 : 0.000034 : 0.998285 : P=0.489288 : Visits=3 : Children=27
CIRCLE ( 7, 5) : U : Q=0.998405 : 0.000035 : 0.001559 : P=0.310190 : Visits=1 : Children=8
CROSS  ( 4, 8) : U : Q=0.000000 : 0.000000 : 0.000000 : P=0.669270 : Visits=0 : Children=0
----EvaluationQueue----
avg batch size = 7.992607
network   = 1924.583633s : 62355 : 30.864945 ms
pack      = 0.390633s : 62355 : 6.264664 us
unpack    = 0.453122s : 62355 : 7.266809 us

----SearchStats----
nb_duplicate_nodes = 0
select     = 0.015615s : 1508 : 10.354924 us
expand     = 0.000000s : 1508 : 0.000000 us
vcf solver = 0.000000s : 1508 : 0.000000 us
backup     = 0.000000s : 1508 : 0.000000 us
evaluate   = 0.000000s : 368 : 0.000000 us
game rules = 0.000000s : 1508 : 0.000000 us

----TreeStats----
used nodes      = 33968
allocated nodes = 100000000
proven nodes    = 0 : 0 : 6 (win:draw:loss)
memory = 1MB
----CacheStats----
hit rate = 75.500000%
time_seek    = 0.000000s : 1508 : 0.000000 us
time_insert  = 0.000000s : 368 : 0.000000 us
time_cleanup = 0.015626s : 1 : 15.626431 ms
entries = 1763 : 27546 : 29309 (stored:buffered:allocated)
memory = 32MB

Answered : MESSAGE depth 1-12 ev 0.7 n 1508 n/s 96392 tm 15 pv Xd3 Of6 Xe3 Oc3 Xd4 Od5 Xc4 Og6 Xd6 Oh5 Xe8
BEST
CIRCLE ( 4, 4) : U : Q=0.993284 : 0.000857 : 0.005858 : P=0.044031 : Visits=986 : Children=30
CIRCLE ( 5, 5) : U : Q=0.991838 : 0.000714 : 0.007448 : P=0.048258 : Visits=896 : Children=30
CIRCLE ( 6, 6) : U : Q=0.989076 : 0.000501 : 0.010423 : P=0.056504 : Visits=757 : Children=30
CIRCLE ( 4, 7) : U : Q=0.991853 : 0.000523 : 0.007624 : P=0.040173 : Visits=737 : Children=30
CIRCLE ( 6, 7) : U : Q=0.989279 : 0.000515 : 0.010206 : P=0.051555 : Visits=703 : Children=30
CIRCLE ( 6, 5) : U : Q=0.991742 : 0.000525 : 0.007733 : P=0.038170 : Visits=690 : Children=30
CIRCLE ( 4, 8) : U : Q=0.989326 : 0.000459 : 0.010215 : P=0.048700 : Visits=664 : Children=30
CIRCLE ( 5, 6) : U : Q=0.991973 : 0.000508 : 0.007519 : P=0.033887 : Visits=636 : Children=30
CIRCLE ( 4, 6) : U : Q=0.990660 : 0.000677 : 0.008662 : P=0.039412 : Visits=628 : Children=30
CIRCLE ( 6, 8) : U : Q=0.988252 : 0.000378 : 0.011370 : P=0.046150 : Visits=568 : Children=30
  X   _   _   _   _   _   _   _   _   _   _   _   _   _   _ 
  _   _   _   _   X   _   _   _   _   _   _   _   _   _   _ 
  _   _   _   _   _   _   _   _   _   _   _   _   _   _   _ 
  _   _   _   _   _    7  15  45   9  _   _   _   _   _   _ 
  _   _   _   _   82  44  52  61  55  12  _   _   _   _   _ 
  _   _   _   _   22  75  53  O   40  32  _   _   _   _   _ 
  _   _   _   _   14  57  63  59  47  20  _   _   _   _   _ 
  _   _   _   _    3  18  20  42  16   5  _   _   _   _   _ 
  _   _   _   _   _   _    7   6   2  _   _   _   _   _   _ 
  _   _   _   _   _   _   _   _   _   _   _   _   _   _   _ 
  _   _   _   _   _   _   _   _   _   _   _   _   _   _   _ 
  _   _   _   _   _   _   _   _   _   _   _   _   _   _   _ 
  _   _   _   _   _   _   _   _   _   _   _   _   _   _   _ 
  _   _   _   _   _   _   _   _   _   _   _   _   _   _   _ 
  _   _   _   _   _   _   _   _   _   _   _   _   _   _   _ 

CROSS  ( 0, 0) : U : Q=0.011571 : 0.000707 : 0.987723 : P=0.000000 : Visits=11900 : Children=30
CIRCLE ( 4, 4) : U : Q=0.993284 : 0.000857 : 0.005858 : P=0.044031 : Visits=986 : Children=30
CROSS  ( 4, 7) : U : Q=0.006711 : 0.001029 : 0.992261 : P=0.166817 : Visits=170 : Children=30
CIRCLE ( 3, 6) : U : Q=0.995271 : 0.000612 : 0.004117 : P=0.318595 : Visits=60 : Children=30
CROSS  ( 5, 6) : U : Q=0.006199 : 0.000846 : 0.992955 : P=0.335521 : Visits=23 : Children=30
CIRCLE ( 6, 5) : U : Q=0.994333 : 0.000625 : 0.005042 : P=0.326988 : Visits=9 : Children=30
CROSS  ( 4, 9) : U : Q=0.007424 : 0.000470 : 0.992106 : P=0.144344 : Visits=2 : Children=30
CIRCLE ( 4, 5) : U : Q=0.990431 : 0.000220 : 0.009349 : P=0.247608 : Visits=1 : Children=30
CROSS  ( 4, 8) : U : Q=0.000000 : 0.000000 : 0.000000 : P=0.451920 : Visits=0 : Children=0
----EvaluationQueue----
avg batch size = 7.992628
network   = 1959.395078s : 63487 : 30.862934 ms
pack      = 0.406259s : 63487 : 6.399087 us
unpack    = 0.468747s : 63487 : 7.383349 us

----SearchStats----
nb_duplicate_nodes = 1
select     = 0.062505s : 11901 : 5.252040 us
expand     = 0.078132s : 11900 : 6.565727 us
vcf solver = 0.265656s : 11900 : 22.324053 us
backup     = 0.000000s : 11900 : 0.000000 us
evaluate   = 0.000000s : 9049 : 0.000000 us
game rules = 0.000000s : 11901 : 0.000000 us

----TreeStats----
used nodes      = 267589
allocated nodes = 100000000
proven nodes    = 0 : 0 : 5 (win:draw:loss)
memory = 8MB
----CacheStats----
hit rate = 23.900000%
time_seek    = 0.031250s : 11900 : 2.626070 us
time_insert  = 0.031249s : 9049 : 3.453315 us
time_cleanup = 0.015617s : 1 : 15.616894 ms
entries = 9202 : 20107 : 29309 (stored:buffered:allocated)
memory = 37MB

Answered : MESSAGE depth 1-9 ev 98.8 n 11900 n/s 334 tm 35623 pv Oe4 Xe7 Od6 Xf6 Og5 Xe9 Oe5 Xe8
Answered : 4,4
Received : RESTART
