Compiled on May 17 2021 at 21:00:40
Launched in Engine\
Received : INFO max_memory 5368709120
Received : INFO timeout_match 900000
Received : INFO timeout_turn 900000
Received : INFO game_type 1
Received : INFO rule 1
Received : INFO time_left 900000
Received : BOARD
Received : 0,0,2
Received : 3,6,1
Received : 0,2,2
Received : DONE
BEST
CROSS  ( 3, 0) : U : Q=0.014242 : 0.000673 : 0.985084 : P=0.085577 : Visits=181 : Children=30
CROSS  ( 6, 4) : U : Q=0.003570 : 0.000470 : 0.995960 : P=0.082154 : Visits=118 : Children=30
CROSS  ( 2, 0) : U : Q=0.013708 : 0.000681 : 0.985611 : P=0.049521 : Visits=102 : Children=30
CROSS  ( 4, 0) : U : Q=0.009619 : 0.000784 : 0.989597 : P=0.054085 : Visits=95 : Children=30
CROSS  ( 4, 3) : U : Q=0.003455 : 0.000366 : 0.996178 : P=0.039480 : Visits=56 : Children=30
CROSS  ( 4, 4) : U : Q=0.003041 : 0.000343 : 0.996617 : P=0.036513 : Visits=52 : Children=30
CROSS  ( 5, 3) : U : Q=0.002938 : 0.000322 : 0.996741 : P=0.037198 : Visits=52 : Children=30
CROSS  ( 6, 6) : U : Q=0.003598 : 0.000458 : 0.995944 : P=0.035144 : Visits=50 : Children=30
CROSS  ( 3, 3) : U : Q=0.003521 : 0.000331 : 0.996147 : P=0.034687 : Visits=50 : Children=30
CROSS  ( 7, 3) : U : Q=0.003580 : 0.000398 : 0.996021 : P=0.031949 : Visits=46 : Children=30
  X   _   _   _   _   _   _   _   _   _   _   _   _   _   _ 
  X   _   _   _   _   _   _   _   _   _   _   _   _   _   _ 
  66  _   _   _   21  _   _   _   _   _   _   _   _   _   _ 
 117  22  24  32  23  21  _   _   _   _   _   _   _   _   _ 
  61  21  29  36  33  25  25  _   _   _   _   _   _   _   _ 
  _   22  25  33  27  25  _   _   _   _   _   _   _   _   _ 
  22  _   27  O   76  O   32  _   _   _   _   _   _   _   _ 
  21  21  23  29  _   23  _   _   _   _   _   _   _   _   _ 
  _   _   _   _   _   22  _   _   _   _   _   _   _   _   _ 
  _   _   _   _   _   _   _   _   _   _   _   _   _   _   _ 
  _   _   _   _   _   _   _   _   _   _   _   _   _   _   _ 
  _   _   _   _   _   _   _   _   _   _   _   _   _   _   _ 
  _   _   _   _   _   _   _   _   _   _   _   _   _   _   _ 
  _   _   _   _   _   _   _   _   _   _   _   _   _   _   _ 
  _   _   _   _   _   _   _   _   _   _   _   _   _   _   _ 

CIRCLE ( 0, 0) : U : Q=0.993564 : 0.000477 : 0.005960 : P=0.000000 : Visits=1545 : Children=30
CROSS  ( 3, 0) : U : Q=0.014242 : 0.000673 : 0.985084 : P=0.085577 : Visits=181 : Children=30
CIRCLE ( 4, 0) : U : Q=0.997923 : 0.000318 : 0.001759 : P=0.159065 : Visits=35 : Children=30
CROSS  ( 6, 4) : U : Q=0.003160 : 0.000454 : 0.996386 : P=0.074420 : Visits=3 : Children=30
CIRCLE ( 5, 4) : U : Q=0.996386 : 0.000285 : 0.003329 : P=0.255105 : Visits=1 : Children=30
CROSS  ( 4, 5) : U : Q=0.000000 : 0.000000 : 0.000000 : P=0.398906 : Visits=0 : Children=0
----EvaluationQueue----
avg batch size = 7.992398
network   = 2710.742874s : 86421 : 31.366715 ms
pack      = 0.671883s : 86421 : 7.774530 us
unpack    = 0.562499s : 86421 : 6.508824 us

----SearchStats----
nb_duplicate_nodes = 1
select     = 0.000000s : 1546 : 0.000000 us
expand     = 0.015621s : 1545 : 10.110954 us
vcf solver = 0.015626s : 1545 : 10.113732 us
backup     = 0.000000s : 1545 : 0.000000 us
evaluate   = 0.000000s : 353 : 0.000000 us
game rules = 0.000000s : 1546 : 0.000000 us

----TreeStats----
used nodes      = 42008
allocated nodes = 100000000
proven nodes    = 0 : 0 : 5 (win:draw:loss)
memory = 1MB
----CacheStats----
hit rate = 77.100000%
time_seek    = 0.000000s : 1545 : 0.000000 us
time_insert  = 0.000000s : 353 : 0.000000 us
time_cleanup = 0.015621s : 1 : 15.620708 ms
entries = 1862 : 27447 : 29309 (stored:buffered:allocated)
memory = 33MB

Answered : MESSAGE depth 1-6 ev 0.6 n 1545 n/s 98895 tm 15 pv Xd0 Oe0 Xg4 Of4 Xe5
BEST
CIRCLE ( 7, 4) : U : Q=0.991821 : 0.000476 : 0.007703 : P=0.150181 : Visits=1466 : Children=30
CIRCLE ( 6, 5) : U : Q=0.990446 : 0.000579 : 0.008975 : P=0.101265 : Visits=926 : Children=30
CIRCLE ( 5, 4) : U : Q=0.989554 : 0.000640 : 0.009805 : P=0.094357 : Visits=824 : Children=30
CIRCLE ( 7, 6) : U : Q=0.989259 : 0.000730 : 0.010011 : P=0.085554 : Visits=735 : Children=30
CIRCLE ( 7, 5) : U : Q=0.991125 : 0.000481 : 0.008394 : P=0.075002 : Visits=731 : Children=30
CIRCLE ( 8, 4) : U : Q=0.994058 : 0.000457 : 0.005486 : P=0.040260 : Visits=508 : Children=30
CIRCLE ( 8, 5) : U : Q=0.991690 : 0.000605 : 0.007705 : P=0.045593 : Visits=468 : Children=30
CIRCLE ( 6, 6) : U : Q=0.993697 : 0.000651 : 0.005652 : P=0.037350 : Visits=459 : Children=30
CIRCLE ( 8, 3) : U : Q=0.994678 : 0.000497 : 0.004825 : P=0.030324 : Visits=409 : Children=30
CIRCLE ( 5, 5) : U : Q=0.994849 : 0.000475 : 0.004676 : P=0.028708 : Visits=397 : Children=30
  X   _   _   _   _   _   _   _   _   _   _   _   _   _   _ 
  _   _   _   _   _   _   _   _   _   _   _   _   _   _   _ 
  X   _   _   _   _   _   _   _   _   _   _   _   _   _   _ 
  _   _   _   _   _   _    3  _   _   _   _   _   _   _   _ 
  _   _   _   14  20  23   9  _   _   _   _   _   _   _   _ 
  _   _   _   12  82  39  23   6  _   _   _   _   _   _   _ 
  _   _   _   O   36  92  45   7  _   _   _   _   _   _   _ 
  _   _    4  33 146  72  73  10  _   _   _   _   _   _   _ 
  _   _   _   40  50  46  15  15  _   _   _   _   _   _   _ 
  _   _   _    8  22  18  18   3  _   _   _   _   _   _   _ 
  _   _   _   _   _   _   _   _   _   _   _   _   _   _   _ 
  _   _   _   _   _   _   _   _   _   _   _   _   _   _   _ 
  _   _   _   _   _   _   _   _   _   _   _   _   _   _   _ 
  _   _   _   _   _   _   _   _   _   _   _   _   _   _   _ 
  _   _   _   _   _   _   _   _   _   _   _   _   _   _   _ 

CROSS  ( 0, 0) : U : Q=0.008062 : 0.000580 : 0.991356 : P=0.000000 : Visits=10026 : Children=30
CIRCLE ( 7, 4) : U : Q=0.991821 : 0.000476 : 0.007703 : P=0.150181 : Visits=1466 : Children=30
CROSS  ( 4, 0) : U : Q=0.031638 : 0.001210 : 0.967152 : P=0.029416 : Visits=178 : Children=30
CIRCLE ( 5, 4) : U : Q=0.992799 : 0.000560 : 0.006641 : P=0.109003 : Visits=26 : Children=30
CROSS  ( 3, 0) : U : Q=0.006595 : 0.000537 : 0.992868 : P=0.491200 : Visits=17 : Children=1
CIRCLE ( 1, 0) : U : Q=0.994730 : 0.000437 : 0.004833 : P=1.000000 : Visits=16 : Children=30
CROSS  ( 6, 0) : U : Q=0.002877 : 0.000300 : 0.996823 : P=0.347444 : Visits=8 : Children=1
CIRCLE ( 5, 0) : U : Q=0.997937 : 0.000199 : 0.001864 : P=1.000000 : Visits=7 : Children=30
CROSS  ( 4, 1) : U : Q=0.002038 : 0.000301 : 0.997661 : P=0.038847 : Visits=1 : Children=30
CIRCLE ( 7, 2) : U : Q=0.000000 : 0.000000 : 0.000000 : P=0.221071 : Visits=0 : Children=0
----EvaluationQueue----
avg batch size = 7.992415
network   = 2745.788714s : 87537 : 31.367179 ms
pack      = 0.671883s : 87537 : 7.675413 us
unpack    = 0.578123s : 87537 : 6.604326 us

----SearchStats----
nb_duplicate_nodes = 1
select     = 0.000000s : 10027 : 0.000000 us
expand     = 0.046877s : 10026 : 4.675582 us
vcf solver = 0.187516s : 10026 : 18.702993 us
backup     = 0.015625s : 10026 : 1.558496 us
evaluate   = 0.000000s : 8921 : 0.000000 us
game rules = 0.000000s : 10027 : 0.000000 us

----TreeStats----
used nodes      = 280699
allocated nodes = 100000000
proven nodes    = 0 : 0 : 5 (win:draw:loss)
memory = 8MB
----CacheStats----
hit rate = 11.000000%
time_seek    = 0.000000s : 10026 : 0.000000 us
time_insert  = 0.000000s : 8921 : 0.000000 us
time_cleanup = 0.000000s : 1 : 0.000000 us
entries = 9089 : 20220 : 29309 (stored:buffered:allocated)
memory = 37MB

Answered : MESSAGE depth 1-10 ev 99.1 n 10026 n/s 281 tm 35608 pv Oh4 Xe0 Of4 Xd0 Ob0 Xg0 Of0 Xe1 Oh2
Answered : 4,7
Received : RESTART
