Compiled on May 17 2021 at 21:00:40
Launched in Engine\
Received : INFO max_memory 5368709120
Received : INFO timeout_match 900000
Received : INFO timeout_turn 900000
Received : INFO game_type 1
Received : INFO rule 1
Received : INFO time_left 900000
Received : BOARD
Received : 0,0,2
Received : 8,4,1
Received : 4,1,2
Received : DONE
BEST
CROSS  ( 3, 3) : U : Q=0.018254 : 0.000706 : 0.981039 : P=0.159975 : Visits=655 : Children=30
CROSS  ( 4, 3) : U : Q=0.014406 : 0.000709 : 0.984884 : P=0.044801 : Visits=147 : Children=30
CROSS  ( 1, 5) : U : Q=0.010409 : 0.000701 : 0.988890 : P=0.043533 : Visits=119 : Children=30
CROSS  ( 2, 3) : U : Q=0.014855 : 0.000754 : 0.984391 : P=0.033601 : Visits=113 : Children=30
CROSS  ( 4, 5) : U : Q=0.004698 : 0.000404 : 0.994898 : P=0.051141 : Visits=111 : Children=30
CROSS  ( 1, 4) : U : Q=0.011002 : 0.000786 : 0.988212 : P=0.038250 : Visits=107 : Children=30
CROSS  ( 4, 4) : U : Q=0.006037 : 0.000315 : 0.993649 : P=0.043533 : Visits=99 : Children=30
CROSS  ( 4, 7) : U : Q=0.003823 : 0.000506 : 0.995671 : P=0.042477 : Visits=90 : Children=30
CROSS  ( 3, 6) : U : Q=0.004634 : 0.000379 : 0.994987 : P=0.036982 : Visits=80 : Children=30
CROSS  ( 3, 4) : U : Q=0.004276 : 0.000240 : 0.995484 : P=0.037405 : Visits=80 : Children=30
  X   _   _   _   _   _   _   _   _   _   _   _   _   _   _ 
  _   _   _   X   40  45  24  _   _   _   _   _   _   _   _ 
  _   _   _   43  17  18  17  _   _   _   _   _   _   _   _ 
  _   _   _  250  30  21  30  _   _   _   _   _   _   _   _ 
  _   _   _   56  37  42  O   34  O   17  _   _   _   _   _ 
  _   _   _   18  23  20  25  _   18  _   _   _   _   _   _ 
  _   _   _   _   17  17  20  _   _   16  _   _   _   _   _ 
  _   _   _   _   _   _   17  _   16  _   _   _   _   _   _ 
  _   _   _   _   _   _   _   _   _   _   _   _   _   _   _ 
  _   _   _   _   _   _   19  18  19  _   _   _   _   _   _ 
  _   _   _   _   _   _   _   _   _   _   _   _   _   _   _ 
  _   _   _   _   _   _   _   _   _   _   _   _   _   _   _ 
  _   _   _   _   _   _   _   _   _   _   _   _   _   _   _ 
  _   _   _   _   _   _   _   _   _   _   _   _   _   _   _ 
  _   _   _   _   _   _   _   _   _   _   _   _   _   _   _ 

CIRCLE ( 0, 0) : U : Q=0.989892 : 0.000519 : 0.009590 : P=0.000000 : Visits=2617 : Children=30
CROSS  ( 3, 3) : U : Q=0.018254 : 0.000706 : 0.981039 : P=0.159975 : Visits=655 : Children=30
CIRCLE ( 5, 7) : U : Q=0.987930 : 0.000308 : 0.011762 : P=0.194737 : Visits=140 : Children=30
CROSS  ( 2, 3) : U : Q=0.012570 : 0.000353 : 0.987077 : P=0.478540 : Visits=75 : Children=3
CIRCLE ( 4, 3) : U : Q=0.989196 : 0.000298 : 0.010506 : P=0.806086 : Visits=61 : Children=30
CROSS  ( 2, 4) : U : Q=0.006841 : 0.000170 : 0.992989 : P=0.361501 : Visits=24 : Children=16
CIRCLE ( 6, 6) : U : Q=0.994053 : 0.000152 : 0.005795 : P=0.785877 : Visits=20 : Children=4
CROSS  ( 7, 5) : U : Q=0.004225 : 0.000101 : 0.995674 : P=0.627912 : Visits=12 : Children=22
CIRCLE ( 5, 6) : U : Q=0.998159 : 0.000048 : 0.001793 : P=0.537222 : Visits=7 : Children=6
CROSS  ( 3, 6) : U : Q=0.001720 : 0.000038 : 0.998242 : P=0.675804 : Visits=4 : Children=30
CIRCLE ( 5, 8) : U : Q=0.997272 : 0.000051 : 0.002677 : P=0.275636 : Visits=2 : Children=8
CROSS  ( 5, 5) : U : Q=0.001935 : 0.000040 : 0.998024 : P=0.781309 : Visits=1 : Children=30
CIRCLE ( 6, 8) : U : Q=0.000000 : 0.000000 : 0.000000 : P=0.508397 : Visits=0 : Children=0
----EvaluationQueue----
avg batch size = 7.991967
network   = 476.110971s : 15685 : 30.354541 ms
pack      = 0.015624s : 15685 : 0.996129 us
unpack    = 0.156246s : 15685 : 9.961504 us

----SearchStats----
nb_duplicate_nodes = 0
select     = 0.000000s : 2617 : 0.000000 us
expand     = 0.000000s : 2617 : 0.000000 us
vcf solver = 0.046863s : 2617 : 17.907176 us
backup     = 0.000000s : 2617 : 0.000000 us
evaluate   = 0.000000s : 440 : 0.000000 us
game rules = 0.000000s : 2617 : 0.000000 us

----TreeStats----
used nodes      = 59746
allocated nodes = 100000000
proven nodes    = 0 : 0 : 2 (win:draw:loss)
memory = 1MB
----CacheStats----
hit rate = 83.100000%
time_seek    = 0.000000s : 2617 : 0.000000 us
time_insert  = 0.000000s : 440 : 0.000000 us
time_cleanup = 0.015623s : 1 : 15.623331 ms
entries = 2759 : 7781 : 10540 (stored:buffered:allocated)
memory = 33MB

Answered : MESSAGE depth 1-13 ev 0.9 n 2617 n/s 167424 tm 15 pv Xd3 Of7 Xc3 Oe3 Xc4 Og6 Xh5 Of6 Xd6 Of8 Xf5 Og8
BEST
CIRCLE ( 5, 7) : U : Q=0.988829 : 0.000426 : 0.010746 : P=0.091703 : Visits=2088 : Children=30
CIRCLE ( 4, 6) : U : Q=0.984580 : 0.000776 : 0.014645 : P=0.079944 : Visits=1183 : Children=30
CIRCLE ( 4, 7) : U : Q=0.986249 : 0.000461 : 0.013289 : P=0.060718 : Visits=1048 : Children=30
CIRCLE ( 6, 8) : U : Q=0.986711 : 0.000412 : 0.012877 : P=0.052727 : Visits=953 : Children=30
CIRCLE ( 5, 8) : U : Q=0.987365 : 0.000461 : 0.012174 : P=0.041300 : Visits=832 : Children=30
CIRCLE ( 6, 7) : U : Q=0.985759 : 0.000432 : 0.013809 : P=0.049440 : Visits=794 : Children=30
CIRCLE ( 5, 9) : U : Q=0.983661 : 0.000371 : 0.015968 : P=0.049583 : Visits=652 : Children=30
CIRCLE ( 5, 6) : U : Q=0.982152 : 0.000713 : 0.017135 : P=0.055517 : Visits=648 : Children=30
CIRCLE ( 4, 9) : U : Q=0.989246 : 0.000444 : 0.010311 : P=0.022450 : Visits=606 : Children=30
CIRCLE ( 3, 9) : U : Q=0.985639 : 0.000441 : 0.013921 : P=0.029880 : Visits=481 : Children=30
  X   _   _   _   _   _   _   _   _   _   _   _   _   _   _ 
  _   _   _   _   X   _   _   _   _   _   _   _   _   _   _ 
  _   _   _   _   _   _   _   _    8  _   _   _   _   _   _ 
  _   _   _   _    6   3   7  31  35  36  _   _   _   _   _ 
  _   _   _   _   22  10  90  79  O   46  24  _   _   _   _ 
  _   _   _   _   _   25  49 159  63  49  17  _   _   _   _ 
  _   _   _   _   _    5  25  60  72  23   4  _   _   _   _ 
  _   _   _   _   _    2   5  12  11   5  _   _   _   _   _ 
  _   _   _   _   _   _   _   _   _   _   _   _   _   _   _ 
  _   _   _   _   _   _   _   _   _   _   _   _   _   _   _ 
  _   _   _   _   _   _   _   _   _   _   _   _   _   _   _ 
  _   _   _   _   _   _   _   _   _   _   _   _   _   _   _ 
  _   _   _   _   _   _   _   _   _   _   _   _   _   _   _ 
  _   _   _   _   _   _   _   _   _   _   _   _   _   _   _ 
  _   _   _   _   _   _   _   _   _   _   _   _   _   _   _ 

CROSS  ( 0, 0) : U : Q=0.015818 : 0.000667 : 0.983513 : P=0.000000 : Visits=13106 : Children=30
CIRCLE ( 5, 7) : U : Q=0.988829 : 0.000426 : 0.010746 : P=0.091703 : Visits=2088 : Children=30
CROSS  ( 4, 4) : U : Q=0.016953 : 0.000461 : 0.982586 : P=0.284167 : Visits=776 : Children=30
CIRCLE ( 5, 8) : U : Q=0.989760 : 0.000213 : 0.010027 : P=0.210882 : Visits=194 : Children=30
CROSS  ( 2, 4) : U : Q=0.012240 : 0.000236 : 0.987524 : P=0.417872 : Visits=90 : Children=3
CIRCLE ( 3, 4) : U : Q=0.991220 : 0.000169 : 0.008611 : P=0.696990 : Visits=65 : Children=30
CROSS  ( 3, 3) : U : Q=0.009343 : 0.000177 : 0.990480 : P=0.684329 : Visits=50 : Children=20
CIRCLE ( 6, 8) : U : Q=0.992185 : 0.000145 : 0.007670 : P=0.336035 : Visits=18 : Children=6
CROSS  ( 7, 8) : U : Q=0.005871 : 0.000085 : 0.994043 : P=0.381154 : Visits=7 : Children=30
CIRCLE ( 6, 6) : U : Q=0.996309 : 0.000062 : 0.003629 : P=0.391887 : Visits=3 : Children=8
CROSS  ( 3, 9) : U : Q=0.003424 : 0.000068 : 0.996509 : P=0.317703 : Visits=1 : Children=30
CIRCLE ( 6, 7) : U : Q=0.000000 : 0.000000 : 0.000000 : P=0.354816 : Visits=0 : Children=0
----EvaluationQueue----
avg batch size = 7.992087
network   = 510.203665s : 16807 : 30.356617 ms
pack      = 0.015624s : 16807 : 0.929630 us
unpack    = 0.156246s : 16807 : 9.296495 us

----SearchStats----
nb_duplicate_nodes = 1
select     = 0.046879s : 13107 : 3.576606 us
expand     = 0.046878s : 13106 : 3.576824 us
vcf solver = 0.593793s : 13106 : 45.306952 us
backup     = 0.000000s : 13106 : 0.000000 us
evaluate   = 0.000000s : 8969 : 0.000000 us
game rules = 0.000000s : 13107 : 0.000000 us

----TreeStats----
used nodes      = 269830
allocated nodes = 100000000
proven nodes    = 0 : 0 : 6 (win:draw:loss)
memory = 8MB
----CacheStats----
hit rate = 31.500000%
time_seek    = 0.000000s : 13106 : 0.000000 us
time_insert  = 0.015624s : 8969 : 1.741952 us
time_cleanup = 0.015635s : 1 : 15.634537 ms
entries = 9199 : 1341 : 10540 (stored:buffered:allocated)
memory = 37MB

Answered : MESSAGE depth 1-12 ev 98.3 n 13106 n/s 368 tm 35608 pv Of7 Xe4 Of8 Xc4 Od4 Xd3 Og8 Xh8 Og6 Xd9 Og7
Answered : 7,5
Received : RESTART
