Compiled on May 17 2021 at 21:00:40
Launched in Engine\
Received : INFO max_memory 5368709120
Received : INFO timeout_match 900000
Received : INFO timeout_turn 900000
Received : INFO game_type 1
Received : INFO rule 1
Received : INFO time_left 900000
Received : BOARD
Received : 0,0,2
Received : 4,6,1
Received : 0,1,2
Received : DONE
BEST
CROSS  ( 0, 3) : U : Q=0.030235 : 0.000708 : 0.969057 : P=0.045926 : Visits=116 : Children=30
CROSS  ( 6, 3) : U : Q=0.003970 : 0.000472 : 0.995558 : P=0.041481 : Visits=39 : Children=30
CROSS  ( 0, 4) : U : Q=0.009272 : 0.000754 : 0.989975 : P=0.034963 : Visits=38 : Children=30
CROSS  ( 6, 5) : U : Q=0.003361 : 0.000478 : 0.996162 : P=0.041778 : Visits=38 : Children=30
CROSS  ( 8, 3) : U : Q=0.004713 : 0.000366 : 0.994921 : P=0.038222 : Visits=36 : Children=30
CROSS  ( 2, 3) : U : Q=0.003451 : 0.000307 : 0.996242 : P=0.039111 : Visits=36 : Children=30
CROSS  ( 4, 4) : U : Q=0.003620 : 0.000355 : 0.996024 : P=0.037037 : Visits=34 : Children=30
CROSS  ( 3, 3) : U : Q=0.004128 : 0.000404 : 0.995468 : P=0.034963 : Visits=33 : Children=30
CROSS  ( 7, 3) : U : Q=0.003670 : 0.000454 : 0.995875 : P=0.036148 : Visits=33 : Children=30
CROSS  ( 7, 2) : U : Q=0.005669 : 0.000414 : 0.993917 : P=0.032593 : Visits=32 : Children=30
  X   X   _  114  37  _   _   _   _   _   _   _   _   _   _ 
  _   29  27  27  28  26  _   _   _   _   _   _   _   _   _ 
  _   _   29  35  28  _   _   _   _   _   _   _   _   _   _ 
  _   _   29  32  30  _   _   _   _   _   _   _   _   _   _ 
  _   _   27  29  33  28  _   _   _   _   _   _   _   _   _ 
  _   _   29  26  28  _   _   _   _   _   _   _   _   _   _ 
  26  _   27  38  O   37  O   _   _   _   _   _   _   _   _ 
  _   _   31  32  30  _   _   _   _   _   _   _   _   _   _ 
  _   _   27  35  _   _   _   _   _   _   _   _   _   _   _ 
  _   _   _   26  _   _   _   _   _   _   _   _   _   _   _ 
  _   _   _   _   _   _   _   _   _   _   _   _   _   _   _ 
  _   _   _   _   _   _   _   _   _   _   _   _   _   _   _ 
  _   _   _   _   _   _   _   _   _   _   _   _   _   _   _ 
  _   _   _   _   _   _   _   _   _   _   _   _   _   _   _ 
  _   _   _   _   _   _   _   _   _   _   _   _   _   _   _ 

CIRCLE ( 0, 0) : U : Q=0.992244 : 0.000437 : 0.007319 : P=0.000000 : Visits=1012 : Children=30
CROSS  ( 0, 3) : U : Q=0.030235 : 0.000708 : 0.969057 : P=0.045926 : Visits=116 : Children=30
CIRCLE ( 0, 4) : U : Q=0.998112 : 0.000313 : 0.001575 : P=0.209600 : Visits=30 : Children=30
CROSS  ( 6, 5) : U : Q=0.002181 : 0.000713 : 0.997106 : P=0.037406 : Visits=1 : Children=30
CIRCLE ( 7, 5) : U : Q=0.000000 : 0.000000 : 0.000000 : P=0.201942 : Visits=0 : Children=0
----EvaluationQueue----
avg batch size = 7.992376
network   = 2820.270934s : 89847 : 31.389706 ms
pack      = 0.703133s : 89847 : 7.825894 us
unpack    = 0.578123s : 89847 : 6.434526 us

----SearchStats----
nb_duplicate_nodes = 0
select     = 0.000000s : 1012 : 0.000000 us
expand     = 0.015620s : 1012 : 15.435247 us
vcf solver = 0.000000s : 1012 : 0.000000 us
backup     = 0.000000s : 1012 : 0.000000 us
evaluate   = 0.000000s : 336 : 0.000000 us
game rules = 0.000000s : 1012 : 0.000000 us

----TreeStats----
used nodes      = 28372
allocated nodes = 100000000
proven nodes    = 0 : 0 : 5 (win:draw:loss)
memory = 0MB
----CacheStats----
hit rate = 66.700000%
time_seek    = 0.000000s : 1012 : 0.000000 us
time_insert  = 0.000000s : 336 : 0.000000 us
time_cleanup = 0.000000s : 1 : 0.000000 us
entries = 1442 : 27867 : 29309 (stored:buffered:allocated)
memory = 32MB

Answered : MESSAGE depth 1-5 ev 0.7 n 1012 n/s 64632 tm 15 pv Xa3 Oa4 Xg5 Oh5
BEST
CIRCLE ( 7, 5) : U : Q=0.992873 : 0.000462 : 0.006665 : P=0.088649 : Visits=768 : Children=30
CIRCLE ( 6, 6) : U : Q=0.994282 : 0.000448 : 0.005269 : P=0.063530 : Visits=614 : Children=30
CIRCLE ( 7, 7) : U : Q=0.992901 : 0.000549 : 0.006550 : P=0.064868 : Visits=573 : Children=30
CIRCLE ( 7, 6) : U : Q=0.994535 : 0.000417 : 0.005048 : P=0.056035 : Visits=552 : Children=30
CIRCLE ( 8, 4) : U : Q=0.994511 : 0.000460 : 0.005029 : P=0.049416 : Visits=487 : Children=30
CIRCLE ( 6, 7) : U : Q=0.994936 : 0.000528 : 0.004535 : P=0.045859 : Visits=470 : Children=30
CIRCLE ( 5, 5) : U : Q=0.990989 : 0.000577 : 0.008434 : P=0.053915 : Visits=411 : Children=30
CIRCLE ( 8, 5) : U : Q=0.991768 : 0.000462 : 0.007771 : P=0.048721 : Visits=405 : Children=30
CIRCLE ( 7, 3) : U : Q=0.991579 : 0.000436 : 0.007985 : P=0.048801 : Visits=386 : Children=30
CIRCLE ( 5, 6) : U : Q=0.993069 : 0.000432 : 0.006498 : P=0.040187 : Visits=356 : Children=30
  X   _   _   _   _   _   _   _   _   _   _   _   _   _   _ 
  X   _   _   _   _   _   _   _   _   _   _   _   _   _   _ 
  _   _   _   _   _   _   _   _   _   _   _   _   _   _   _ 
  _   _   _   _   _   _   _   10  _   _   _   _   _   _   _ 
  _   _   _   _   18  23  25  16   8  _   _   _   _   _   _ 
  _   _   _   26  25  46  40  36  _   _   _   _   _   _   _ 
  _   _    9  29  O   40  69  53  _   _   _   _   _   _   _ 
  _   _   _   43  21  87  62  65   8  _   _   _   _   _   _ 
  _   _   _   _   55  45  31  25  _   _   _   _   _   _   _ 
  _   _   _   _   12  31  12  14  _   _   _   _   _   _   _ 
  _   _   _   _   _   _   _   _   _   _   _   _   _   _   _ 
  _   _   _   _   _   _   _   _   _   _   _   _   _   _   _ 
  _   _   _   _   _   _   _   _   _   _   _   _   _   _   _ 
  _   _   _   _   _   _   _   _   _   _   _   _   _   _   _ 
  _   _   _   _   _   _   _   _   _   _   _   _   _   _   _ 

CROSS  ( 0, 0) : U : Q=0.006471 : 0.000524 : 0.993005 : P=0.000000 : Visits=8811 : Children=30
CIRCLE ( 7, 5) : U : Q=0.992873 : 0.000462 : 0.006665 : P=0.088649 : Visits=768 : Children=30
CROSS  ( 4, 0) : U : Q=0.014212 : 0.000940 : 0.984848 : P=0.048620 : Visits=46 : Children=30
CIRCLE ( 7, 3) : U : Q=0.987848 : 0.000514 : 0.011637 : P=0.095316 : Visits=6 : Children=30
CROSS  ( 3, 0) : U : Q=0.011858 : 0.000578 : 0.987564 : P=0.383002 : Visits=3 : Children=1
CIRCLE ( 2, 0) : U : Q=0.996940 : 0.000364 : 0.002696 : P=1.000000 : Visits=2 : Children=30
CROSS  ( 7, 4) : U : Q=0.003049 : 0.000485 : 0.996466 : P=0.046343 : Visits=1 : Children=30
CIRCLE ( 5, 5) : U : Q=0.000000 : 0.000000 : 0.000000 : P=0.375980 : Visits=0 : Children=0
----EvaluationQueue----
avg batch size = 7.992383
network   = 2855.269918s : 90847 : 31.429435 ms
pack      = 0.703133s : 90847 : 7.739750 us
unpack    = 0.578123s : 90847 : 6.363698 us

----SearchStats----
nb_duplicate_nodes = 1
select     = 0.031249s : 8812 : 3.546219 us
expand     = 0.078117s : 8811 : 8.865837 us
vcf solver = 0.093758s : 8811 : 10.640975 us
backup     = 0.000000s : 8811 : 0.000000 us
evaluate   = 0.000000s : 7993 : 0.000000 us
game rules = 0.000000s : 8812 : 0.000000 us

----TreeStats----
used nodes      = 247524
allocated nodes = 100000000
proven nodes    = 0 : 0 : 5 (win:draw:loss)
memory = 7MB
----CacheStats----
hit rate = 9.200000%
time_seek    = 0.000000s : 8811 : 0.000000 us
time_insert  = 0.015623s : 7993 : 1.954597 us
time_cleanup = 0.000000s : 1 : 0.000000 us
entries = 8001 : 21308 : 29309 (stored:buffered:allocated)
memory = 36MB

Answered : MESSAGE depth 1-8 ev 99.3 n 8811 n/s 247 tm 35639 pv Oh5 Xe0 Oh3 Xd0 Oc0 Xh4 Of5
Answered : 5,7
Received : RESTART
