Compiled on May 17 2021 at 21:00:40
Launched in Engine\
Received : INFO max_memory 5368709120
Received : INFO timeout_match 900000
Received : INFO timeout_turn 900000
Received : INFO game_type 1
Received : INFO rule 1
Received : INFO time_left 900000
Received : BOARD
Received : 0,0,2
Received : 5,5,1
Received : 0,2,2
Received : DONE
BEST
CROSS  ( 5, 4) : U : Q=0.007387 : 0.000605 : 0.992008 : P=0.106353 : Visits=165 : Children=30
CROSS  ( 5, 6) : U : Q=0.004036 : 0.000518 : 0.995446 : P=0.059111 : Visits=82 : Children=30
CROSS  ( 4, 4) : U : Q=0.005287 : 0.000619 : 0.994094 : P=0.053991 : Visits=78 : Children=30
CROSS  ( 4, 5) : U : Q=0.004745 : 0.000490 : 0.994765 : P=0.048406 : Visits=69 : Children=30
CROSS  ( 3, 4) : U : Q=0.005578 : 0.000428 : 0.993994 : P=0.039562 : Visits=57 : Children=30
CROSS  ( 4, 3) : U : Q=0.004163 : 0.000318 : 0.995519 : P=0.035839 : Visits=50 : Children=30
CROSS  ( 1, 4) : U : Q=0.006639 : 0.000623 : 0.992738 : P=0.031417 : Visits=47 : Children=30
CROSS  ( 6, 5) : U : Q=0.004322 : 0.000456 : 0.995222 : P=0.033744 : Visits=47 : Children=30
CROSS  ( 5, 8) : U : Q=0.004758 : 0.000545 : 0.994697 : P=0.031185 : Visits=44 : Children=30
CROSS  ( 6, 7) : U : Q=0.003364 : 0.000346 : 0.996290 : P=0.030719 : Visits=42 : Children=30
  X   _   _   _   _   _   _   _   _   _   _   _   _   _   _ 
  _   _   X   28  32  _   _   _   _   _   _   _   _   _   _ 
  _   _   _   _   27  _   _   _   _   _   _   _   _   _   _ 
  _   _   25  28  39  27  _   _   _   _   _   _   _   _   _ 
  _   _   27  34  54  48  _   25  _   26  _   _   _   _   _ 
  _   _   _   _  115  O   57  O   30  24  _   _   _   _   _ 
  _   _   _   _   _   32  _   29  25  28  _   _   _   _   _ 
  _   _   _   _   25  22  25  26  27  23  _   25  _   _   _ 
  _   _   _   _   _   _   _   23  _   25  _   _   _   _   _ 
  _   _   _   _   _   _   _   _   _   _   _   _   _   _   _ 
  _   _   _   _   _   _   _   _   _   _   _   _   _   _   _ 
  _   _   _   _   _   _   _   _   _   _   _   _   _   _   _ 
  _   _   _   _   _   _   _   _   _   _   _   _   _   _   _ 
  _   _   _   _   _   _   _   _   _   _   _   _   _   _   _ 
  _   _   _   _   _   _   _   _   _   _   _   _   _   _   _ 

CIRCLE ( 0, 0) : U : Q=0.994479 : 0.000465 : 0.005055 : P=0.000000 : Visits=1430 : Children=30
CROSS  ( 5, 4) : U : Q=0.007387 : 0.000605 : 0.992008 : P=0.106353 : Visits=165 : Children=30
CIRCLE ( 4, 6) : U : Q=0.995701 : 0.000256 : 0.004043 : P=0.215925 : Visits=39 : Children=30
CROSS  ( 6, 4) : U : Q=0.005529 : 0.000246 : 0.994225 : P=0.223144 : Visits=11 : Children=30
CIRCLE ( 4, 4) : U : Q=0.996250 : 0.000222 : 0.003528 : P=0.358301 : Visits=5 : Children=30
CROSS  ( 4, 5) : U : Q=0.001780 : 0.000154 : 0.998065 : P=0.344602 : Visits=2 : Children=30
CIRCLE ( 6, 6) : U : Q=0.997575 : 0.000133 : 0.002292 : P=0.405444 : Visits=1 : Children=4
CROSS  ( 7, 7) : U : Q=0.000000 : 0.000000 : 0.000000 : P=0.913497 : Visits=0 : Children=0
----EvaluationQueue----
avg batch size = 7.993586
network   = 1196.073903s : 39288 : 30.443746 ms
pack      = 0.234376s : 39288 : 5.965586 us
unpack    = 0.328115s : 39288 : 8.351538 us

----SearchStats----
nb_duplicate_nodes = 0
select     = 0.000000s : 1430 : 0.000000 us
expand     = 0.015614s : 1430 : 10.919071 us
vcf solver = 0.046878s : 1430 : 32.781721 us
backup     = 0.000000s : 1430 : 0.000000 us
evaluate   = 0.000000s : 368 : 0.000000 us
game rules = 0.000000s : 1430 : 0.000000 us

----TreeStats----
used nodes      = 37752
allocated nodes = 100000000
proven nodes    = 0 : 0 : 6 (win:draw:loss)
memory = 1MB
----CacheStats----
hit rate = 74.200000%
time_seek    = 0.000000s : 1430 : 0.000000 us
time_insert  = 0.000000s : 368 : 0.000000 us
time_cleanup = 0.000000s : 1 : 0.000000 us
entries = 1721 : 27588 : 29309 (stored:buffered:allocated)
memory = 32MB

Answered : MESSAGE depth 1-8 ev 0.5 n 1430 n/s 91538 tm 15 pv Xf4 Oe6 Xg4 Oe4 Xe5 Og6 Xh7
BEST
CIRCLE ( 5, 7) : U : Q=0.994602 : 0.000433 : 0.004965 : P=0.048588 : Visits=667 : Children=30
CIRCLE ( 7, 6) : U : Q=0.995409 : 0.000423 : 0.004168 : P=0.043679 : Visits=659 : Children=30
CIRCLE ( 6, 4) : U : Q=0.991384 : 0.000496 : 0.008120 : P=0.053919 : Visits=555 : Children=30
CIRCLE ( 6, 5) : U : Q=0.992135 : 0.000548 : 0.007318 : P=0.043857 : Visits=475 : Children=30
CIRCLE ( 6, 7) : U : Q=0.993127 : 0.000440 : 0.006432 : P=0.039303 : Visits=463 : Children=30
CIRCLE ( 4, 4) : U : Q=0.985688 : 0.000495 : 0.013818 : P=0.062522 : Visits=431 : Children=30
CIRCLE ( 7, 5) : U : Q=0.987294 : 0.000557 : 0.012148 : P=0.054936 : Visits=418 : Children=30
CIRCLE ( 4, 5) : U : Q=0.987542 : 0.000637 : 0.011821 : P=0.054023 : Visits=416 : Children=30
CIRCLE ( 8, 6) : U : Q=0.992723 : 0.000526 : 0.006750 : P=0.036225 : Visits=412 : Children=30
CIRCLE ( 3, 5) : U : Q=0.995274 : 0.000502 : 0.004224 : P=0.025131 : Visits=375 : Children=30
  X   _   _   _   _   _   _   _   _   _   _   _   _   _   _ 
  _   _   _   _   _   _   _   _   _   _   _   _   _   _   _ 
  X   _   _   _   _   _   _   _   _   _   _   _   _   _   _ 
  _   _   _   _   _   39  15  21  _   _   _   _   _   _   _ 
  _   _   _   _   44  43  33  34  24  _   _   _   _   _   _ 
  _   _   _   23  26  O   33  69  30  _   _   _   _   _   _ 
  _   _   _   23  57  49  29  48  28  _   _   _   _   _   _ 
  _   _   _   _   30  43  68  16  20  10  _   _   _   _   _ 
  _   _   _   _   23  15  42  31  19  _   _   _   _   _   _ 
  _   _   _   _   _   _   _   _   _   _   _   _   _   _   _ 
  _   _   _   _   _   _   _   _   _   _   _   _   _   _   _ 
  _   _   _   _   _   _   _   _   _   _   _   _   _   _   _ 
  _   _   _   _   _   _   _   _   _   _   _   _   _   _   _ 
  _   _   _   _   _   _   _   _   _   _   _   _   _   _   _ 
  _   _   _   _   _   _   _   _   _   _   _   _   _   _   _ 

CROSS  ( 0, 0) : U : Q=0.008871 : 0.000555 : 0.990575 : P=0.000000 : Visits=9585 : Children=30
CIRCLE ( 5, 7) : U : Q=0.994602 : 0.000433 : 0.004965 : P=0.048588 : Visits=667 : Children=30
CROSS  ( 5, 4) : U : Q=0.004454 : 0.000505 : 0.995041 : P=0.051316 : Visits=34 : Children=30
CIRCLE ( 4, 6) : U : Q=0.996098 : 0.000320 : 0.003582 : P=0.182208 : Visits=8 : Children=30
CROSS  ( 6, 4) : U : Q=0.004163 : 0.000243 : 0.995594 : P=0.278627 : Visits=4 : Children=30
CIRCLE ( 3, 5) : U : Q=0.996214 : 0.000273 : 0.003513 : P=0.380038 : Visits=2 : Children=4
CROSS  ( 2, 4) : U : Q=0.001725 : 0.000195 : 0.998080 : P=0.912813 : Visits=1 : Children=30
CIRCLE ( 4, 4) : U : Q=0.000000 : 0.000000 : 0.000000 : P=0.661693 : Visits=0 : Children=0
----EvaluationQueue----
avg batch size = 7.993588
network   = 1231.088490s : 40395 : 30.476259 ms
pack      = 0.250003s : 40395 : 6.188967 us
unpack    = 0.328115s : 40395 : 8.122669 us

----SearchStats----
nb_duplicate_nodes = 1
select     = 0.015623s : 9586 : 1.629807 us
expand     = 0.078128s : 9585 : 8.151055 us
vcf solver = 0.171889s : 9585 : 17.933107 us
backup     = 0.015625s : 9585 : 1.630151 us
evaluate   = 0.000000s : 8849 : 0.000000 us
game rules = 0.000000s : 9586 : 0.000000 us

----TreeStats----
used nodes      = 270762
allocated nodes = 100000000
proven nodes    = 0 : 0 : 5 (win:draw:loss)
memory = 8MB
----CacheStats----
hit rate = 7.600000%
time_seek    = 0.000000s : 9585 : 0.000000 us
time_insert  = 0.015626s : 8849 : 1.765817 us
time_cleanup = 0.000000s : 1 : 0.000000 us
entries = 8849 : 20460 : 29309 (stored:buffered:allocated)
memory = 36MB

Answered : MESSAGE depth 1-8 ev 99.0 n 9585 n/s 269 tm 35623 pv Of7 Xf4 Oe6 Xg4 Od5 Xc4 Oe4
Answered : 7,5
Received : RESTART
