Compiled on May 17 2021 at 21:00:40
Launched in Engine\
Received : INFO max_memory 5368709120
Received : INFO timeout_match 900000
Received : INFO timeout_turn 900000
Received : INFO game_type 1
Received : INFO rule 1
Received : INFO time_left 900000
Received : BOARD
Received : 0,0,2
Received : 7,5,1
Received : 3,2,2
Received : DONE
BEST
CROSS  ( 2, 4) : U : Q=0.028674 : 0.002771 : 0.968554 : P=0.244792 : Visits=2030 : Children=30
CROSS  ( 4, 2) : U : Q=0.030405 : 0.002924 : 0.966671 : P=0.113321 : Visits=1129 : Children=30
CROSS  ( 3, 2) : U : Q=0.029722 : 0.002582 : 0.967696 : P=0.053030 : Visits=435 : Children=30
CROSS  ( 2, 3) : U : Q=0.018636 : 0.001863 : 0.979501 : P=0.068971 : Visits=292 : Children=30
CROSS  ( 4, 3) : U : Q=0.015646 : 0.001593 : 0.982760 : P=0.059028 : Visits=218 : Children=30
CROSS  ( 5, 4) : U : Q=0.007688 : 0.000971 : 0.991341 : P=0.046875 : Visits=129 : Children=30
CROSS  ( 3, 4) : U : Q=0.010550 : 0.001034 : 0.988416 : P=0.031408 : Visits=95 : Children=30
CROSS  ( 5, 2) : U : Q=0.008214 : 0.001274 : 0.990512 : P=0.032197 : Visits=91 : Children=30
CROSS  ( 3, 3) : U : Q=0.011285 : 0.001706 : 0.987010 : P=0.024937 : Visits=78 : Children=30
CROSS  ( 4, 5) : U : Q=0.005414 : 0.000844 : 0.993741 : P=0.022885 : Visits=59 : Children=30
  X   _   _   _   _   _   _   _   _   _   _   _   _   _   _ 
   6  _   _   _   _   _   _   _   _   _   _   _   _   _   _ 
  _    7  X   54 381  10  _   _   _   _   _   _   _   _   _ 
  _   _   81  14  17   9   6   6   6   6   6  _   _   _   _ 
  _    5 212  41  O   11   8   9   6   6  _   _   _   _   _ 
  _   _   17   9  24  _   _   O    6  _   _   _   _   _   _ 
  _   _   _   _    6  _   _   _    6  _   _   _   _   _   _ 
  _   _   _   _   _   _   _    6   5  _   _   _   _   _   _ 
  _   _   _   _   _   _   _   _   _   _   _   _   _   _   _ 
  _   _   _   _   _   _   _   _   _   _   _   _   _   _   _ 
  _   _   _   _   _   _   _   _   _   _   _   _   _   _   _ 
  _   _   _   _   _   _   _   _   _   _   _   _   _   _   _ 
  _   _   _   _   _   _   _   _   _   _   _   _   _   _   _ 
  _   _   _   _   _   _   _   _   _   _   _   _   _   _   _ 
  _   _   _   _   _   _   _   _   _   _   _   _   _   _   _ 

CIRCLE ( 0, 0) : U : Q=0.974804 : 0.002251 : 0.022945 : P=0.000000 : Visits=5316 : Children=30
CROSS  ( 2, 4) : U : Q=0.028674 : 0.002771 : 0.968554 : P=0.244792 : Visits=2030 : Children=30
CIRCLE ( 2, 3) : U : Q=0.983820 : 0.002178 : 0.014001 : P=0.141812 : Visits=578 : Children=30
CROSS  ( 4, 2) : U : Q=0.015338 : 0.002352 : 0.982310 : P=0.833598 : Visits=512 : Children=30
CIRCLE ( 3, 3) : U : Q=0.991401 : 0.001556 : 0.007043 : P=0.368395 : Visits=228 : Children=30
CROSS  ( 5, 3) : U : Q=0.010678 : 0.002293 : 0.987030 : P=0.344250 : Visits=89 : Children=23
CIRCLE ( 6, 4) : U : Q=0.987397 : 0.002034 : 0.010569 : P=0.481248 : Visits=45 : Children=30
CROSS  ( 7, 4) : U : Q=0.013005 : 0.002317 : 0.984679 : P=0.415656 : Visits=24 : Children=30
CIRCLE ( 5, 5) : U : Q=0.982194 : 0.001875 : 0.015931 : P=0.273499 : Visits=8 : Children=30
CROSS  ( 5, 2) : U : Q=0.022854 : 0.002671 : 0.974475 : P=0.551706 : Visits=5 : Children=5
CIRCLE ( 3, 2) : U : Q=0.990462 : 0.000793 : 0.008744 : P=0.439416 : Visits=2 : Children=30
CROSS  ( 6, 3) : U : Q=0.007497 : 0.000901 : 0.991602 : P=0.847131 : Visits=1 : Children=6
CIRCLE ( 4, 1) : U : Q=0.000000 : 0.000000 : 0.000000 : P=0.677441 : Visits=0 : Children=0
----EvaluationQueue----
avg batch size = 7.992598
network   = 2069.876161s : 67008 : 30.889986 ms
pack      = 0.406259s : 67008 : 6.062841 us
unpack    = 0.499997s : 67008 : 7.461749 us

----SearchStats----
nb_duplicate_nodes = 0
select     = 0.000000s : 5316 : 0.000000 us
expand     = 0.015622s : 5316 : 2.938657 us
vcf solver = 0.124990s : 5316 : 23.511992 us
backup     = 0.015625s : 5316 : 2.939240 us
evaluate   = 0.000000s : 352 : 0.000000 us
game rules = 0.000000s : 5316 : 0.000000 us

----TreeStats----
used nodes      = 126725
allocated nodes = 100000000
proven nodes    = 0 : 0 : 5 (win:draw:loss)
memory = 3MB
----CacheStats----
hit rate = 93.300000%
time_seek    = 0.000000s : 5316 : 0.000000 us
time_insert  = 0.000000s : 352 : 0.000000 us
time_cleanup = 0.000000s : 1 : 0.000000 us
entries = 4592 : 24717 : 29309 (stored:buffered:allocated)
memory = 34MB

Answered : MESSAGE depth 1-13 ev 2.4 n 5316 n/s 170006 tm 31 pv Xc4 Oc3 Xe2 Od3 Xf3 Og4 Xh4 Of5 Xf2 Od2 Xg3 Oe1
BEST
CIRCLE ( 6, 6) : U : Q=0.974506 : 0.000594 : 0.024900 : P=0.117358 : Visits=2176 : Children=30
CIRCLE ( 5, 6) : U : Q=0.978151 : 0.000672 : 0.021178 : P=0.050347 : Visits=1461 : Children=30
CIRCLE ( 6, 8) : U : Q=0.974836 : 0.000491 : 0.024673 : P=0.055604 : Visits=1141 : Children=30
CIRCLE ( 5, 5) : U : Q=0.973077 : 0.001300 : 0.025623 : P=0.063587 : Visits=1134 : Children=30
CIRCLE ( 4, 7) : U : Q=0.977274 : 0.000672 : 0.022053 : P=0.039118 : Visits=1074 : Children=30
CIRCLE ( 6, 7) : U : Q=0.973362 : 0.000595 : 0.026043 : P=0.059673 : Visits=1054 : Children=30
CIRCLE ( 7, 7) : U : Q=0.968670 : 0.000569 : 0.030761 : P=0.072834 : Visits=812 : Children=30
CIRCLE ( 6, 5) : U : Q=0.967803 : 0.000950 : 0.031247 : P=0.063789 : Visits=653 : Children=30
CIRCLE ( 4, 8) : U : Q=0.971655 : 0.000648 : 0.027697 : P=0.035882 : Visits=517 : Children=30
CIRCLE ( 4, 4) : U : Q=0.969346 : 0.003723 : 0.026932 : P=0.037428 : Visits=495 : Children=30
  X   _   _   _   _   _   _   _   _   _   _   _   _   _   _ 
  _   _   _   _   _   _   _   _   _   _   _   _   _   _   _ 
  _   _   _   X   _   _   _   _   _   _   _   _   _   _   _ 
  _   _   _   _   _    2   4  33  _   _   _   _   _   _   _ 
  _   _   _   _   35  24  29  76  36   5  _   _   _   _   _ 
  _   _   _   _   16  81 104  O   26  24   1  _   _   _   _ 
  _   _   _   _    8  46 155  75  81  11   2  _   _   _   _ 
  _   _   _   _   _   16  12  58  14   4  _   _   _   _   _ 
  _   _   _   _   _   _    4   2   2  _   _   _   _   _   _ 
  _   _   _   _   _   _   _   _   _   _   _   _   _   _   _ 
  _   _   _   _   _   _   _   _   _   _   _   _   _   _   _ 
  _   _   _   _   _   _   _   _   _   _   _   _   _   _   _ 
  _   _   _   _   _   _   _   _   _   _   _   _   _   _   _ 
  _   _   _   _   _   _   _   _   _   _   _   _   _   _   _ 
  _   _   _   _   _   _   _   _   _   _   _   _   _   _   _ 

CROSS  ( 0, 0) : U : Q=0.027665 : 0.000954 : 0.971380 : P=0.000000 : Visits=13996 : Children=30
CIRCLE ( 6, 6) : U : Q=0.974506 : 0.000594 : 0.024900 : P=0.117358 : Visits=2176 : Children=30
CROSS  ( 2, 4) : U : Q=0.033162 : 0.000650 : 0.966189 : P=0.240336 : Visits=765 : Children=30
CIRCLE ( 5, 6) : U : Q=0.961422 : 0.000452 : 0.038125 : P=0.334311 : Visits=234 : Children=30
CROSS  ( 2, 2) : U : Q=0.055223 : 0.000565 : 0.944212 : P=0.503807 : Visits=153 : Children=4
CIRCLE ( 2, 5) : U : Q=0.954208 : 0.000411 : 0.045380 : P=0.732751 : Visits=124 : Children=30
CROSS  ( 3, 3) : U : Q=0.057296 : 0.000428 : 0.942276 : P=0.594619 : Visits=90 : Children=30
CIRCLE ( 4, 6) : U : Q=0.962012 : 0.000432 : 0.037556 : P=0.254858 : Visits=28 : Children=8
CROSS  ( 3, 6) : U : Q=0.047439 : 0.000483 : 0.952077 : P=0.462441 : Visits=15 : Children=22
CIRCLE ( 4, 8) : U : Q=0.975263 : 0.000359 : 0.024378 : P=0.333503 : Visits=6 : Children=10
CROSS  ( 4, 4) : U : Q=0.024201 : 0.000199 : 0.975599 : P=0.326323 : Visits=2 : Children=1
CIRCLE ( 1, 1) : U : Q=0.991337 : 0.000129 : 0.008535 : P=1.000000 : Visits=1 : Children=8
CROSS  ( 7, 5) : U : Q=0.000000 : 0.000000 : 0.000000 : P=0.583598 : Visits=0 : Children=0
----EvaluationQueue----
avg batch size = 7.992610
network   = 2104.328270s : 68064 : 30.916906 ms
pack      = 0.437510s : 68064 : 6.427914 us
unpack    = 0.499997s : 68064 : 7.345982 us

----SearchStats----
nb_duplicate_nodes = 1
select     = 0.046878s : 13997 : 3.349136 us
expand     = 0.078123s : 13996 : 5.581833 us
vcf solver = 0.671877s : 13996 : 48.004923 us
backup     = 0.000000s : 13996 : 0.000000 us
evaluate   = 0.000000s : 8441 : 0.000000 us
game rules = 0.015626s : 13997 : 1.116362 us

----TreeStats----
used nodes      = 257461
allocated nodes = 100000000
proven nodes    = 0 : 0 : 29 (win:draw:loss)
memory = 7MB
----CacheStats----
hit rate = 39.600000%
time_seek    = 0.000000s : 13996 : 0.000000 us
time_insert  = 0.000000s : 8441 : 0.000000 us
time_cleanup = 0.000000s : 1 : 0.000000 us
entries = 9298 : 20011 : 29309 (stored:buffered:allocated)
memory = 37MB

Answered : MESSAGE depth 1-13 ev 97.1 n 13996 n/s 392 tm 35623 pv Og6 Xc4 Of6 Xc2 Oc5 Xd3 Oe6 Xd6 Oe8 Xe4 Ob1 Xh5
Answered : 6,6
Received : RESTART
