Compiled on May 17 2021 at 21:00:40
Launched in Engine\
Received : INFO max_memory 4294967296
Received : INFO timeout_match 900000
Received : INFO timeout_turn 900000
Received : INFO game_type 1
Received : INFO rule 1
Received : INFO time_left 900000
Received : BOARD
Received : 0,0,2
Received : 5,3,1
Received : 1,0,2
Received : DONE
BEST
CROSS  ( 5, 6) : U : Q=0.003735 : 0.000534 : 0.995731 : P=0.085023 : Visits=175 : Children=30
CROSS  ( 0, 3) : U : Q=0.016634 : 0.000917 : 0.982449 : P=0.032495 : Visits=126 : Children=30
CROSS  ( 0, 2) : U : Q=0.012588 : 0.000894 : 0.986517 : P=0.041046 : Visits=124 : Children=30
CROSS  ( 0, 4) : U : Q=0.013455 : 0.000927 : 0.985619 : P=0.033227 : Visits=106 : Children=30
CROSS  ( 3, 3) : U : Q=0.004529 : 0.000571 : 0.994900 : P=0.038847 : Visits=82 : Children=30
CROSS  ( 2, 3) : U : Q=0.003473 : 0.000451 : 0.996075 : P=0.039824 : Visits=81 : Children=30
CROSS  ( 1, 4) : U : Q=0.003430 : 0.000394 : 0.996176 : P=0.037137 : Visits=75 : Children=30
CROSS  ( 2, 5) : U : Q=0.003262 : 0.000444 : 0.996294 : P=0.036404 : Visits=73 : Children=30
CROSS  ( 6, 7) : U : Q=0.002472 : 0.000268 : 0.997259 : P=0.036404 : Visits=71 : Children=30
CROSS  ( 4, 4) : U : Q=0.003608 : 0.000538 : 0.995854 : P=0.034449 : Visits=70 : Children=30
  X   X   57  58  49  _   _   _   _   _   _   _   _   _   _ 
  _   _   27  29  34  27  _   _   _   _   _   _   _   _   _ 
  _   _   27  37  32  33  _   _   _   _   _   _   _   _   _ 
  _   _   26  37  O   25  _   _   _   _   _   _   _   _   _ 
  _   _   _   30  32  O   _   _   _   _   _   _   _   _   _ 
  _   _   _   27  27  _   80  _   _   _   _   _   _   _   _ 
  _   _   _   25  31  24  _   32  _   _   _   _   _   _   _ 
  _   _   _   26  26  24  24  _   _   _   _   _   _   _   _ 
  _   _   _   25  26  _   _   _   _   _   _   _   _   _   _ 
  _   _   _   _   _   25  _   _   _   _   _   _   _   _   _ 
  _   _   _   _   _   _   _   _   _   _   _   _   _   _   _ 
  _   _   _   _   _   _   _   _   _   _   _   _   _   _   _ 
  _   _   _   _   _   _   _   _   _   _   _   _   _   _   _ 
  _   _   _   _   _   _   _   _   _   _   _   _   _   _   _ 
  _   _   _   _   _   _   _   _   _   _   _   _   _   _   _ 

CIRCLE ( 0, 0) : U : Q=0.994233 : 0.000488 : 0.005278 : P=0.000000 : Visits=2162 : Children=30
CROSS  ( 5, 6) : U : Q=0.003735 : 0.000534 : 0.995731 : P=0.085023 : Visits=175 : Children=30
CIRCLE ( 4, 4) : U : Q=0.996365 : 0.000380 : 0.003255 : P=0.158158 : Visits=30 : Children=30
CROSS  ( 5, 4) : U : Q=0.003395 : 0.000426 : 0.996179 : P=0.443445 : Visits=19 : Children=30
CIRCLE ( 4, 3) : U : Q=0.997118 : 0.000327 : 0.002556 : P=0.419116 : Visits=8 : Children=4
CROSS  ( 4, 6) : U : Q=0.002918 : 0.000345 : 0.996737 : P=0.654152 : Visits=5 : Children=30
CIRCLE ( 5, 2) : U : Q=0.996731 : 0.000326 : 0.002943 : P=0.493524 : Visits=3 : Children=6
CROSS  ( 2, 5) : U : Q=0.002723 : 0.000236 : 0.997040 : P=0.850672 : Visits=2 : Children=25
CIRCLE ( 6, 2) : U : Q=0.996642 : 0.000231 : 0.003128 : P=0.379739 : Visits=1 : Children=30
CROSS  ( 4, 2) : U : Q=0.000000 : 0.000000 : 0.000000 : P=0.813377 : Visits=0 : Children=0
----EvaluationQueue----
avg batch size = 7.994578
network   = 35.514534s : 1291 : 27.509322 ms
pack      = 0.015625s : 1291 : 12.103206 us
unpack    = 0.000000s : 1291 : 0.000000 us

----SearchStats----
nb_duplicate_nodes = 0
select     = 0.000000s : 2162 : 0.000000 us
expand     = 0.015615s : 2162 : 7.222363 us
vcf solver = 0.046884s : 2162 : 21.685614 us
backup     = 0.000000s : 2162 : 0.000000 us
evaluate   = 0.000000s : 448 : 0.000000 us
game rules = 0.000000s : 2162 : 0.000000 us

----TreeStats----
used nodes      = 58760
allocated nodes = 100000000
proven nodes    = 0 : 0 : 0 (win:draw:loss)
memory = 1MB
----CacheStats----
hit rate = 79.200000%
time_seek    = 0.000000s : 2162 : 0.000000 us
time_insert  = 0.000000s : 448 : 0.000000 us
time_cleanup = 0.015624s : 1 : 15.624285 ms
entries = 2699 : 7174 : 9873 (stored:buffered:allocated)
memory = 33MB

Answered : MESSAGE depth 1-10 ev 0.5 n 2162 n/s 69146 tm 31 pv Xf6 Oe4 Xf4 Oe3 Xe6 Of2 Xc5 Og2 Xe2
BEST
CIRCLE ( 5, 5) : U : Q=0.995586 : 0.000468 : 0.003946 : P=0.135674 : Visits=1725 : Children=30
CIRCLE ( 4, 6) : U : Q=0.993461 : 0.000501 : 0.006039 : P=0.142155 : Visits=1542 : Children=30
CIRCLE ( 5, 6) : U : Q=0.993473 : 0.000507 : 0.006019 : P=0.087921 : Visits=977 : Children=30
CIRCLE ( 4, 5) : U : Q=0.995133 : 0.000501 : 0.004366 : P=0.074800 : Visits=963 : Children=30
CIRCLE ( 4, 4) : U : Q=0.993481 : 0.000490 : 0.006029 : P=0.081514 : Visits=907 : Children=30
CIRCLE ( 6, 6) : U : Q=0.992914 : 0.000633 : 0.006454 : P=0.067568 : Visits=727 : Children=30
CIRCLE ( 5, 7) : U : Q=0.994086 : 0.000597 : 0.005318 : P=0.060353 : Visits=711 : Children=30
CIRCLE ( 5, 4) : U : Q=0.994461 : 0.000523 : 0.005016 : P=0.044287 : Visits=536 : Children=30
CIRCLE ( 6, 5) : U : Q=0.993617 : 0.000698 : 0.005684 : P=0.043917 : Visits=501 : Children=30
CIRCLE ( 6, 4) : U : Q=0.993544 : 0.000602 : 0.005854 : P=0.043130 : Visits=485 : Children=30
  X   X   _   _   _   _   _   _   _   _   _   _   _   _   _ 
  _   _   _   _   _   _   _   _   _   _   _   _   _   _   _ 
  _   _   _   _   _    1   2  _   _   _   _   _   _   _   _ 
  _   _   _    4  17  O   31  27   5  _   _   _   _   _   _ 
  _   _   _    6  77  81 131  37  14  _   _   _   _   _   _ 
  _   _   _    8  45 146  83  60   6  _   _   _   _   _   _ 
  _   _    1   2  41  42  61  24  10  _   _   _   _   _   _ 
  _   _   _   _    4   5   7   6  _   _   _   _   _   _   _ 
  _   _   _   _   _   _   _   _   _   _   _   _   _   _   _ 
  _   _   _   _   _   _   _   _   _   _   _   _   _   _   _ 
  _   _   _   _   _   _   _   _   _   _   _   _   _   _   _ 
  _   _   _   _   _   _   _   _   _   _   _   _   _   _   _ 
  _   _   _   _   _   _   _   _   _   _   _   _   _   _   _ 
  _   _   _   _   _   _   _   _   _   _   _   _   _   _   _ 
  _   _   _   _   _   _   _   _   _   _   _   _   _   _   _ 

CROSS  ( 0, 0) : U : Q=0.005230 : 0.000545 : 0.994225 : P=0.000000 : Visits=11753 : Children=30
CIRCLE ( 5, 5) : U : Q=0.995586 : 0.000468 : 0.003946 : P=0.135674 : Visits=1725 : Children=30
CROSS  ( 4, 5) : U : Q=0.004787 : 0.000684 : 0.994529 : P=0.152917 : Visits=274 : Children=30
CIRCLE ( 4, 4) : U : Q=0.993618 : 0.000704 : 0.005678 : P=0.264349 : Visits=75 : Children=30
CROSS  ( 3, 4) : U : Q=0.008072 : 0.001037 : 0.990890 : P=0.306512 : Visits=27 : Children=30
CIRCLE ( 5, 3) : U : Q=0.993465 : 0.000809 : 0.005727 : P=0.294759 : Visits=9 : Children=6
CROSS  ( 2, 6) : U : Q=0.003812 : 0.000511 : 0.995677 : P=0.353700 : Visits=3 : Children=30
CIRCLE ( 2, 3) : U : Q=0.995811 : 0.000357 : 0.003833 : P=0.371794 : Visits=1 : Children=30
CROSS  ( 3, 3) : U : Q=0.000000 : 0.000000 : 0.000000 : P=0.443876 : Visits=0 : Children=0
----EvaluationQueue----
avg batch size = 7.994529
network   = 70.482221s : 2559 : 27.542876 ms
pack      = 0.031251s : 2559 : 12.212174 us
unpack    = 0.015625s : 2559 : 6.105808 us

----SearchStats----
nb_duplicate_nodes = 1
select     = 0.015625s : 11754 : 1.329355 us
expand     = 0.078124s : 11753 : 6.647138 us
vcf solver = 0.203170s : 11753 : 17.286655 us
backup     = 0.000000s : 11753 : 0.000000 us
evaluate   = 0.000000s : 10137 : 0.000000 us
game rules = 0.000000s : 11754 : 0.000000 us

----TreeStats----
used nodes      = 326567
allocated nodes = 100000000
proven nodes    = 0 : 0 : 0 (win:draw:loss)
memory = 9MB
----CacheStats----
hit rate = 13.700000%
time_seek    = 0.000000s : 11753 : 0.000000 us
time_insert  = 0.000000s : 10137 : 0.000000 us
time_cleanup = 0.015625s : 1 : 15.624523 ms
entries = 10467 : 0 : 10467 (stored:buffered:allocated)
memory = 37MB

Answered : MESSAGE depth 1-9 ev 99.4 n 11753 n/s 330 tm 35608 pv Of5 Xe5 Oe4 Xd4 Of3 Xc6 Oc3 Xd3
Answered : 5,5
Received : RESTART
