Compiled on May 17 2021 at 21:00:40
Launched in Engine\
Received : INFO max_memory 5368709120
Received : INFO timeout_match 900000
Received : INFO timeout_turn 900000
Received : INFO game_type 1
Received : INFO rule 1
Received : INFO time_left 900000
Received : BOARD
Received : 0,0,2
Received : 8,4,1
Received : 3,0,2
Received : DONE
BEST
CROSS  ( 4, 4) : U : Q=0.013684 : 0.000745 : 0.985571 : P=0.097550 : Visits=336 : Children=30
CROSS  ( 6, 5) : U : Q=0.005711 : 0.000463 : 0.993826 : P=0.070824 : Visits=168 : Children=30
CROSS  ( 3, 4) : U : Q=0.010417 : 0.000599 : 0.988984 : P=0.045212 : Visits=132 : Children=30
CROSS  ( 3, 2) : U : Q=0.008325 : 0.000440 : 0.991235 : P=0.045212 : Visits=120 : Children=30
CROSS  ( 2, 3) : U : Q=0.006782 : 0.000476 : 0.992742 : P=0.047216 : Visits=117 : Children=30
CROSS  ( 2, 4) : U : Q=0.010259 : 0.000484 : 0.989256 : P=0.036526 : Visits=105 : Children=30
CROSS  ( 1, 3) : U : Q=0.008694 : 0.000714 : 0.990592 : P=0.036526 : Visits=99 : Children=30
CROSS  ( 1, 5) : U : Q=0.007944 : 0.000691 : 0.991365 : P=0.035635 : Visits=93 : Children=30
CROSS  ( 3, 3) : U : Q=0.007479 : 0.000306 : 0.992215 : P=0.033185 : Visits=85 : Children=30
CROSS  ( 1, 6) : U : Q=0.006712 : 0.000671 : 0.992617 : P=0.032294 : Visits=80 : Children=30
  X   _   _   _   _   _   _   _   _   _   _   _   _   _   _ 
  _   28  26  39  X   36  31  _   _   _   _   _   _   _   _ 
  _   _   _   46  41  _   _   20  _   _   _   _   _   _   _ 
  _   _   47  33  52  31  24  25  25  _   _   _   _   _   _ 
  _   _   _   26 133  24  21  O   23  _   _   _   _   _   _ 
  _   _   _   _   26  21  O   _   _   _   _   _   _   _   _ 
  _   _   _   19  21  66  _   _   _   _   _   _   _   _   _ 
  _   _   _   _   20  20  20  _   _   _   _   _   _   _   _ 
  _   _   _   _   _   _   _   20  _   _   _   _   _   _   _ 
  _   _   _   _   _   _   21  _   _   _   _   _   _   _   _ 
  _   _   _   _   _   _   _   _   _   _   _   _   _   _   _ 
  _   _   _   _   _   _   _   _   _   _   _   _   _   _   _ 
  _   _   _   _   _   _   _   _   _   _   _   _   _   _   _ 
  _   _   _   _   _   _   _   _   _   _   _   _   _   _   _ 
  _   _   _   _   _   _   _   _   _   _   _   _   _   _   _ 

CIRCLE ( 0, 0) : U : Q=0.992311 : 0.000498 : 0.007192 : P=0.000000 : Visits=2521 : Children=30
CROSS  ( 4, 4) : U : Q=0.013684 : 0.000745 : 0.985571 : P=0.097550 : Visits=336 : Children=30
CIRCLE ( 5, 7) : U : Q=0.991322 : 0.000230 : 0.008448 : P=0.210128 : Visits=79 : Children=30
CROSS  ( 3, 4) : U : Q=0.004665 : 0.000195 : 0.995141 : P=0.290451 : Visits=25 : Children=3
CIRCLE ( 2, 4) : U : Q=0.995958 : 0.000184 : 0.003858 : P=0.553378 : Visits=13 : Children=30
CROSS  ( 3, 5) : U : Q=0.002772 : 0.000137 : 0.997091 : P=0.309315 : Visits=5 : Children=19
CIRCLE ( 3, 7) : U : Q=0.998468 : 0.000083 : 0.001449 : P=0.459138 : Visits=3 : Children=4
CROSS  ( 2, 7) : U : Q=0.001109 : 0.000076 : 0.998815 : P=0.697585 : Visits=1 : Children=26
CIRCLE ( 5, 5) : U : Q=0.000000 : 0.000000 : 0.000000 : P=0.301644 : Visits=0 : Children=0
----EvaluationQueue----
avg batch size = 7.991897
network   = 367.114243s : 12094 : 30.355072 ms
pack      = 0.015624s : 12094 : 1.291904 us
unpack    = 0.124996s : 12094 : 10.335408 us

----SearchStats----
nb_duplicate_nodes = 1
select     = 0.000000s : 2522 : 0.000000 us
expand     = 0.015622s : 2521 : 6.196613 us
vcf solver = 0.046874s : 2521 : 18.593245 us
backup     = 0.000000s : 2521 : 0.000000 us
evaluate   = 0.000000s : 385 : 0.000000 us
game rules = 0.000000s : 2522 : 0.000000 us

----TreeStats----
used nodes      = 57008
allocated nodes = 100000000
proven nodes    = 0 : 0 : 13 (win:draw:loss)
memory = 1MB
----CacheStats----
hit rate = 84.700000%
time_seek    = 0.000000s : 2521 : 0.000000 us
time_insert  = 0.000000s : 385 : 0.000000 us
time_cleanup = 0.000000s : 1 : 0.000000 us
entries = 3309 : 7231 : 10540 (stored:buffered:allocated)
memory = 33MB

Answered : MESSAGE depth 1-9 ev 0.7 n 2521 n/s 80653 tm 31 pv Xe4 Of7 Xd4 Oc4 Xd5 Od7 Xc7 Of5
BEST
CIRCLE ( 7, 7) : U : Q=0.995865 : 0.000289 : 0.003846 : P=0.041890 : Visits=978 : Children=30
CIRCLE ( 6, 7) : U : Q=0.994175 : 0.000408 : 0.005417 : P=0.050800 : Visits=907 : Children=30
CIRCLE ( 6, 6) : U : Q=0.994469 : 0.000467 : 0.005065 : P=0.043446 : Visits=848 : Children=30
CIRCLE ( 4, 6) : U : Q=0.984510 : 0.000645 : 0.014845 : P=0.073585 : Visits=594 : Children=30
CIRCLE ( 5, 9) : U : Q=0.986853 : 0.000570 : 0.012577 : P=0.057078 : Visits=528 : Children=30
CIRCLE ( 6, 8) : U : Q=0.982619 : 0.000482 : 0.016898 : P=0.071386 : Visits=505 : Children=30
CIRCLE ( 5, 7) : U : Q=0.984238 : 0.000485 : 0.015277 : P=0.061327 : Visits=484 : Children=30
CIRCLE ( 3, 8) : U : Q=0.992357 : 0.000516 : 0.007126 : P=0.030327 : Visits=463 : Children=30
CIRCLE ( 3, 9) : U : Q=0.992068 : 0.000474 : 0.007458 : P=0.029089 : Visits=429 : Children=30
CIRCLE ( 5, 6) : U : Q=0.985986 : 0.000474 : 0.013539 : P=0.048727 : Visits=423 : Children=30
  X   _   _   X   _   _   _   _   _   _   _   _   _   _   _ 
  _   _   _   _   _   _   _   _   _   _   _   _   _   _   _ 
  _   _   _   _   _   _   _   _    8  _   _   _   _   _   _ 
  _   _   _   _   _   _    7  30  43  40  _   _   _   _   _ 
  _   _   _   _   _   36  55  28  O   28  23  _   _   _   _ 
  _   _   _   _   _   30  39  45  29  49   8  _   _   _   _ 
  _   _   _   _    9  20  79  85  47  24  20  _   _   _   _ 
  _   _   _   _   _   24  14  91  31  15  _   _   _   _   _ 
  _   _   _   _   _   _   _   15  12  _   _   _   _   _   _ 
  _   _   _   _   _   _   _   _   _   _   _   _   _   _   _ 
  _   _   _   _   _   _   _   _   _   _   _   _   _   _   _ 
  _   _   _   _   _   _   _   _   _   _   _   _   _   _   _ 
  _   _   _   _   _   _   _   _   _   _   _   _   _   _   _ 
  _   _   _   _   _   _   _   _   _   _   _   _   _   _   _ 
  _   _   _   _   _   _   _   _   _   _   _   _   _   _   _ 

CROSS  ( 0, 0) : U : Q=0.010841 : 0.000520 : 0.988639 : P=0.000000 : Visits=10663 : Children=30
CIRCLE ( 7, 7) : U : Q=0.995865 : 0.000289 : 0.003846 : P=0.041890 : Visits=978 : Children=30
CROSS  ( 3, 3) : U : Q=0.003782 : 0.000196 : 0.996022 : P=0.290882 : Visits=287 : Children=30
CIRCLE ( 6, 8) : U : Q=0.997519 : 0.000100 : 0.002382 : P=0.207252 : Visits=63 : Children=30
CROSS  ( 2, 3) : U : Q=0.002838 : 0.000093 : 0.997069 : P=0.089339 : Visits=7 : Children=30
CIRCLE ( 5, 9) : U : Q=0.996218 : 0.000091 : 0.003690 : P=0.340205 : Visits=3 : Children=6
CROSS  ( 4, 3) : U : Q=0.008193 : 0.000185 : 0.991621 : P=0.171838 : Visits=1 : Children=1
CIRCLE ( 1, 3) : U : Q=0.000000 : 0.000000 : 0.000000 : P=1.000000 : Visits=0 : Children=0
----EvaluationQueue----
avg batch size = 7.992108
network   = 401.910063s : 13305 : 30.207446 ms
pack      = 0.015624s : 13305 : 1.174317 us
unpack    = 0.156246s : 13305 : 11.743419 us

----SearchStats----
nb_duplicate_nodes = 1
select     = 0.031249s : 10664 : 2.930353 us
expand     = 0.078132s : 10663 : 7.327386 us
vcf solver = 0.296902s : 10663 : 27.844128 us
backup     = 0.000000s : 10663 : 0.000000 us
evaluate   = 0.000000s : 9681 : 0.000000 us
game rules = 0.000000s : 10664 : 0.000000 us

----TreeStats----
used nodes      = 292827
allocated nodes = 100000000
proven nodes    = 0 : 0 : 1 (win:draw:loss)
memory = 8MB
----CacheStats----
hit rate = 9.200000%
time_seek    = 0.031249s : 10663 : 2.930561 us
time_insert  = 0.015627s : 9681 : 1.614232 us
time_cleanup = 0.000000s : 1 : 0.000000 us
entries = 9681 : 859 : 10540 (stored:buffered:allocated)
memory = 37MB

Answered : MESSAGE depth 1-8 ev 98.8 n 10663 n/s 299 tm 35623 pv Oh7 Xd3 Og8 Xc3 Of9 Xe3 Ob3
Answered : 7,7
Received : RESTART
