Compiled on May 17 2021 at 21:00:40
Launched in Engine\
Received : INFO max_memory 5368709120
Received : INFO timeout_match 900000
Received : INFO timeout_turn 900000
Received : INFO game_type 1
Received : INFO rule 1
Received : INFO time_left 900000
Received : BOARD
Received : 0,0,2
Received : 4,6,1
Received : 0,2,2
Received : DONE
BEST
CROSS  ( 5, 4) : U : Q=0.003675 : 0.000541 : 0.995784 : P=0.085253 : Visits=147 : Children=30
CROSS  ( 4, 3) : U : Q=0.003256 : 0.000377 : 0.996367 : P=0.045595 : Visits=77 : Children=30
CROSS  ( 4, 1) : U : Q=0.006078 : 0.000631 : 0.993291 : P=0.037758 : Visits=71 : Children=30
CROSS  ( 4, 2) : U : Q=0.003524 : 0.000484 : 0.995993 : P=0.041795 : Visits=71 : Children=30
CROSS  ( 2, 3) : U : Q=0.004098 : 0.000392 : 0.995510 : P=0.038233 : Visits=67 : Children=30
CROSS  ( 7, 4) : U : Q=0.004097 : 0.000480 : 0.995423 : P=0.036571 : Visits=64 : Children=30
CROSS  ( 4, 5) : U : Q=0.002860 : 0.000387 : 0.996753 : P=0.037996 : Visits=63 : Children=30
CROSS  ( 0, 1) : U : Q=0.003867 : 0.000369 : 0.995764 : P=0.035858 : Visits=62 : Children=30
CROSS  ( 5, 2) : U : Q=0.002877 : 0.000393 : 0.996730 : P=0.035146 : Visits=59 : Children=30
CROSS  ( 3, 2) : U : Q=0.003359 : 0.000429 : 0.996212 : P=0.034434 : Visits=58 : Children=30
  X   35  31  30  29  _   _   _   _   _   _   _   _   _   _ 
  _   X   29  29  30  _   _   _   _   _   _   _   _   _   _ 
  _   28  30  38  29  27  _   _   _   _   _   _   _   _   _ 
  _   25  33  32  30  _   _   _   _   _   _   _   _   _   _ 
  25  40  40  44  O   36  _   _   _   _   _   _   _   _   _ 
  _   23  33  24  84  _   _   _   _   _   _   _   _   _   _ 
  _   _   27  31  O   28  _   _   _   _   _   _   _   _   _ 
  _   _   27  _   36  _   _   _   _   _   _   _   _   _   _ 
  _   _   _   _   _   _   _   _   _   _   _   _   _   _   _ 
  _   _   _   _   _   _   _   _   _   _   _   _   _   _   _ 
  _   _   _   _   _   _   _   _   _   _   _   _   _   _   _ 
  _   _   _   _   _   _   _   _   _   _   _   _   _   _   _ 
  _   _   _   _   _   _   _   _   _   _   _   _   _   _   _ 
  _   _   _   _   _   _   _   _   _   _   _   _   _   _   _ 
  _   _   _   _   _   _   _   _   _   _   _   _   _   _   _ 

CIRCLE ( 0, 0) : U : Q=0.995510 : 0.000468 : 0.004021 : P=0.000000 : Visits=1737 : Children=30
CROSS  ( 5, 4) : U : Q=0.003675 : 0.000541 : 0.995784 : P=0.085253 : Visits=147 : Children=30
CIRCLE ( 5, 3) : U : Q=0.996447 : 0.000440 : 0.003113 : P=0.220125 : Visits=35 : Children=30
CROSS  ( 6, 2) : U : Q=0.004146 : 0.000651 : 0.995203 : P=0.251950 : Visits=12 : Children=30
CIRCLE ( 5, 5) : U : Q=0.996576 : 0.000400 : 0.003024 : P=0.137181 : Visits=2 : Children=30
CROSS  ( 4, 2) : U : Q=0.001907 : 0.000405 : 0.997688 : P=0.237523 : Visits=1 : Children=30
CIRCLE ( 6, 6) : U : Q=0.000000 : 0.000000 : 0.000000 : P=0.409061 : Visits=0 : Children=0
----EvaluationQueue----
avg batch size = 7.992326
network   = 2893.175046s : 92000 : 31.447555 ms
pack      = 0.703133s : 92000 : 7.642751 us
unpack    = 0.593748s : 92000 : 6.453778 us

----SearchStats----
nb_duplicate_nodes = 0
select     = 0.000000s : 1737 : 0.000000 us
expand     = 0.015625s : 1737 : 8.995120 us
vcf solver = 0.031253s : 1737 : 17.992299 us
backup     = 0.000000s : 1737 : 0.000000 us
evaluate   = 0.000000s : 352 : 0.000000 us
game rules = 0.000000s : 1737 : 0.000000 us

----TreeStats----
used nodes      = 46164
allocated nodes = 100000000
proven nodes    = 0 : 0 : 6 (win:draw:loss)
memory = 1MB
----CacheStats----
hit rate = 79.700000%
time_seek    = 0.015614s : 1737 : 8.988943 us
time_insert  = 0.000000s : 352 : 0.000000 us
time_cleanup = 0.000000s : 1 : 0.000000 us
entries = 2404 : 26905 : 29309 (stored:buffered:allocated)
memory = 33MB

Answered : MESSAGE depth 1-7 ev 0.4 n 1737 n/s 111029 tm 15 pv Xf4 Of3 Xg2 Of5 Xe2 Og6
BEST
CIRCLE ( 6, 6) : U : Q=0.991406 : 0.000468 : 0.008126 : P=0.063001 : Visits=509 : Children=30
CIRCLE ( 4, 4) : U : Q=0.994941 : 0.000504 : 0.004556 : P=0.045701 : Visits=490 : Children=30
CIRCLE ( 8, 4) : U : Q=0.992882 : 0.000477 : 0.006640 : P=0.054381 : Visits=490 : Children=30
CIRCLE ( 5, 6) : U : Q=0.994518 : 0.000456 : 0.005027 : P=0.045713 : Visits=471 : Children=30
CIRCLE ( 6, 7) : U : Q=0.994828 : 0.000539 : 0.004633 : P=0.043651 : Visits=464 : Children=30
CIRCLE ( 7, 6) : U : Q=0.995161 : 0.000429 : 0.004409 : P=0.042101 : Visits=459 : Children=30
CIRCLE ( 5, 5) : U : Q=0.993151 : 0.000504 : 0.006345 : P=0.048246 : Visits=444 : Children=30
CIRCLE ( 7, 4) : U : Q=0.992994 : 0.000563 : 0.006442 : P=0.048565 : Visits=443 : Children=30
CIRCLE ( 6, 5) : U : Q=0.994163 : 0.000515 : 0.005322 : P=0.038776 : Visits=388 : Children=30
CIRCLE ( 7, 5) : U : Q=0.986801 : 0.000576 : 0.012623 : P=0.058588 : Visits=360 : Children=30
  X   _   _   _   _   _   _   _   _   _   _   _   _   _   _ 
  _   _   _   _   _   _   _   _   _   _   _   _   _   _   _ 
  X   _   _   _   _   _   _   _   _   _   _   _   _   _   _ 
  _   _   _   _   _   _   _   _   _   _   _   _   _   _   _ 
  _   _   _    8  56  28  29  12  _   _   _   _   _   _   _ 
  _   _   _   17  21  50  53  39  _   _   _   _   _   _   _ 
  _   _   20  31  O   44  58  53  _   _   _   _   _   _   _ 
  _   _   _   40  50  41  52  39  _   _   _   _   _   _   _ 
  _   _   _   15  56  26  27  28  10  _   _   _   _   _   _ 
  _   _   _   _   29  17  15  22  _   _   _   _   _   _   _ 
  _   _   _   _   _   _   _   _   _   _   _   _   _   _   _ 
  _   _   _   _   _   _   _   _   _   _   _   _   _   _   _ 
  _   _   _   _   _   _   _   _   _   _   _   _   _   _   _ 
  _   _   _   _   _   _   _   _   _   _   _   _   _   _   _ 
  _   _   _   _   _   _   _   _   _   _   _   _   _   _   _ 

CROSS  ( 0, 0) : U : Q=0.007230 : 0.000530 : 0.992240 : P=0.000000 : Visits=8743 : Children=30
CIRCLE ( 6, 6) : U : Q=0.991406 : 0.000468 : 0.008126 : P=0.063001 : Visits=509 : Children=30
CROSS  ( 1, 0) : U : Q=0.040350 : 0.000582 : 0.959068 : P=0.035024 : Visits=47 : Children=30
CIRCLE ( 3, 0) : U : Q=0.997989 : 0.000372 : 0.001639 : P=0.260662 : Visits=19 : Children=30
CROSS  ( 6, 7) : U : Q=0.002225 : 0.000508 : 0.997267 : P=0.031791 : Visits=1 : Children=30
CIRCLE ( 5, 5) : U : Q=0.000000 : 0.000000 : 0.000000 : P=0.197733 : Visits=0 : Children=0
----EvaluationQueue----
avg batch size = 7.992333
network   = 2928.080280s : 93001 : 31.484396 ms
pack      = 0.734386s : 93001 : 7.896541 us
unpack    = 0.609372s : 93001 : 6.552321 us

----SearchStats----
nb_duplicate_nodes = 1
select     = 0.062500s : 8744 : 7.147704 us
expand     = 0.046879s : 8743 : 5.361868 us
vcf solver = 0.187501s : 8743 : 21.445864 us
backup     = 0.000000s : 8743 : 0.000000 us
evaluate   = 0.000000s : 8001 : 0.000000 us
game rules = 0.000000s : 8744 : 0.000000 us

----TreeStats----
used nodes      = 247106
allocated nodes = 100000000
proven nodes    = 0 : 0 : 5 (win:draw:loss)
memory = 7MB
----CacheStats----
hit rate = 8.400000%
time_seek    = 0.000000s : 8743 : 0.000000 us
time_insert  = 0.000000s : 8001 : 0.000000 us
time_cleanup = 0.015613s : 1 : 15.612841 ms
entries = 8009 : 21300 : 29309 (stored:buffered:allocated)
memory = 36MB

Answered : MESSAGE depth 1-6 ev 99.2 n 8743 n/s 245 tm 35623 pv Og6 Xb0 Od0 Xg7 Of5
Answered : 4,4
Received : RESTART
