Compiled on May 17 2021 at 21:00:40
Launched in Engine\
Received : INFO max_memory 7516192768
Received : INFO timeout_match 900000
Received : INFO timeout_turn 900000
Received : INFO game_type 1
Received : INFO rule 1
Received : INFO time_left 900000
Received : BOARD
Received : 0,0,2
Received : 6,4,1
Received : 0,1,2
Received : DONE
BEST
CROSS  ( 0, 1) : U : Q=0.027265 : 0.001002 : 0.971733 : P=0.034473 : Visits=106 : Children=30
CROSS  ( 0, 2) : U : Q=0.010263 : 0.000565 : 0.989171 : P=0.052557 : Visits=73 : Children=30
CROSS  ( 3, 6) : U : Q=0.004631 : 0.000625 : 0.994744 : P=0.052840 : Visits=63 : Children=30
CROSS  ( 2, 7) : U : Q=0.005307 : 0.000487 : 0.994206 : P=0.037581 : Visits=45 : Children=30
CROSS  ( 6, 6) : U : Q=0.004521 : 0.000505 : 0.994973 : P=0.037864 : Visits=45 : Children=30
CROSS  ( 0, 5) : U : Q=0.011951 : 0.000649 : 0.987400 : P=0.029669 : Visits=44 : Children=30
CROSS  ( 0, 4) : U : Q=0.009646 : 0.000786 : 0.989568 : P=0.032212 : Visits=44 : Children=30
CROSS  ( 2, 5) : U : Q=0.003780 : 0.000438 : 0.995782 : P=0.037581 : Visits=44 : Children=30
CROSS  ( 3, 4) : U : Q=0.004039 : 0.000382 : 0.995580 : P=0.036734 : Visits=43 : Children=30
CROSS  ( 2, 6) : U : Q=0.004055 : 0.000464 : 0.995481 : P=0.036168 : Visits=42 : Children=30
  X   83  57  X   34  34  _   _   _   _   _   _   _   _   _ 
  32  27  _   29  29  _   26  _   _   _   _   _   _   _   _ 
  28  _   29  29  32  34  32  35  25  _   _   _   _   _   _ 
  _   _   27  26  33  29  49  _   25  _   _   _   _   _   _ 
  _   _   _   _   30  27  O   29  _   _   _   _   _   _   _ 
  _   _   _   _   29  _   O   _   _   _   _   _   _   _   _ 
  _   _   _   _   _   _   35  _   _   _   _   _   _   _   _ 
  _   _   _   _   _   _   27  26  _   _   _   _   _   _   _ 
  _   _   _   _   _   _   _   _   _   _   _   _   _   _   _ 
  _   _   _   _   _   _   _   _   _   _   _   _   _   _   _ 
  _   _   _   _   _   _   _   _   _   _   _   _   _   _   _ 
  _   _   _   _   _   _   _   _   _   _   _   _   _   _   _ 
  _   _   _   _   _   _   _   _   _   _   _   _   _   _   _ 
  _   _   _   _   _   _   _   _   _   _   _   _   _   _   _ 
  _   _   _   _   _   _   _   _   _   _   _   _   _   _   _ 

CIRCLE ( 0, 0) : U : Q=0.992224 : 0.000532 : 0.007243 : P=0.000000 : Visits=1275 : Children=30
CROSS  ( 0, 1) : U : Q=0.027265 : 0.001002 : 0.971733 : P=0.034473 : Visits=106 : Children=30
CIRCLE ( 4, 5) : U : Q=0.994814 : 0.000310 : 0.004876 : P=0.134423 : Visits=19 : Children=30
CROSS  ( 0, 4) : U : Q=0.003669 : 0.000312 : 0.996019 : P=0.358949 : Visits=10 : Children=1
CIRCLE ( 0, 2) : U : Q=0.997647 : 0.000190 : 0.002163 : P=1.000000 : Visits=9 : Children=30
CROSS  ( 0, 5) : U : Q=0.002984 : 0.000134 : 0.996882 : P=0.037284 : Visits=1 : Children=30
CIRCLE ( 4, 7) : U : Q=0.000000 : 0.000000 : 0.000000 : P=0.128558 : Visits=0 : Children=0
----EvaluationQueue----
avg batch size = 7.993912
network   = 253.258206s : 9198 : 27.534051 ms
pack      = 0.046868s : 9198 : 5.095439 us
unpack    = 0.093749s : 9198 : 10.192355 us

----SearchStats----
nb_duplicate_nodes = 0
select     = 0.000000s : 1275 : 0.000000 us
expand     = 0.000000s : 1275 : 0.000000 us
vcf solver = 0.015621s : 1275 : 12.252097 us
backup     = 0.000000s : 1275 : 0.000000 us
evaluate   = 0.000000s : 456 : 0.000000 us
game rules = 0.000000s : 1275 : 0.000000 us

----TreeStats----
used nodes      = 34885
allocated nodes = 100000000
proven nodes    = 0 : 0 : 0 (win:draw:loss)
memory = 1MB
----CacheStats----
hit rate = 64.200000%
time_seek    = 0.000000s : 1275 : 0.000000 us
time_insert  = 0.000000s : 456 : 0.000000 us
time_cleanup = 0.015624s : 1 : 15.624285 ms
entries = 1717 : 8718 : 10435 (stored:buffered:allocated)
memory = 32MB

Answered : MESSAGE depth 1-7 ev 0.7 n 1275 n/s 81478 tm 15 pv Xa1 Oe5 Xa4 Oa2 Xa5 Oe7
BEST
CIRCLE ( 5, 7) : U : Q=0.994961 : 0.000390 : 0.004648 : P=0.108806 : Visits=1355 : Children=30
CIRCLE ( 6, 6) : U : Q=0.995317 : 0.000385 : 0.004298 : P=0.093715 : Visits=1235 : Children=30
CIRCLE ( 6, 5) : U : Q=0.993981 : 0.000504 : 0.005515 : P=0.073567 : Visits=865 : Children=30
CIRCLE ( 7, 5) : U : Q=0.993551 : 0.000545 : 0.005904 : P=0.066206 : Visits=751 : Children=30
CIRCLE ( 5, 5) : U : Q=0.992392 : 0.000466 : 0.007142 : P=0.072611 : Visits=748 : Children=30
CIRCLE ( 6, 7) : U : Q=0.994162 : 0.000380 : 0.005458 : P=0.059942 : Visits=712 : Children=30
CIRCLE ( 4, 8) : U : Q=0.994224 : 0.000384 : 0.005392 : P=0.046389 : Visits=554 : Children=30
CIRCLE ( 7, 7) : U : Q=0.994998 : 0.000488 : 0.004514 : P=0.041328 : Visits=533 : Children=30
CIRCLE ( 4, 4) : U : Q=0.994257 : 0.000484 : 0.005259 : P=0.041070 : Visits=495 : Children=30
CIRCLE ( 4, 7) : U : Q=0.993346 : 0.000494 : 0.006159 : P=0.042000 : Visits=467 : Children=30
  X   _   _   _   _   _   _   _   _   _   _   _   _   _   _ 
  X   _   _   _   _   _   _   _   _   _   _   _   _   _   _ 
  _   _   _   _   _   _    5  _   _   _   _   _   _   _   _ 
  _   _   _   _    4  17  21  14   5  _   _   _   _   _   _ 
  _   _   _   _   43  28  O   40  48   9  _   _   _   _   _ 
  _   _   _   _   22  64  33 117  39  13  _   _   _   _   _ 
  _   _   _   _   20  75 107  61  25   4  _   _   _   _   _ 
  _   _   _    4   7  65  28  46  12   7  _   _   _   _   _ 
  _   _   _   _   _   _   _   _   _   _   _   _   _   _   _ 
  _   _   _   _   _   _   _   _   _   _   _   _   _   _   _ 
  _   _   _   _   _   _   _   _   _   _   _   _   _   _   _ 
  _   _   _   _   _   _   _   _   _   _   _   _   _   _   _ 
  _   _   _   _   _   _   _   _   _   _   _   _   _   _   _ 
  _   _   _   _   _   _   _   _   _   _   _   _   _   _   _ 
  _   _   _   _   _   _   _   _   _   _   _   _   _   _   _ 

CROSS  ( 0, 0) : U : Q=0.005797 : 0.000466 : 0.993737 : P=0.000000 : Visits=11511 : Children=30
CIRCLE ( 5, 7) : U : Q=0.994961 : 0.000390 : 0.004648 : P=0.108806 : Visits=1355 : Children=30
CROSS  ( 4, 0) : U : Q=0.008602 : 0.000609 : 0.990789 : P=0.044322 : Visits=69 : Children=30
CIRCLE ( 3, 0) : U : Q=0.997485 : 0.000412 : 0.002103 : P=0.128980 : Visits=11 : Children=30
CROSS  ( 2, 3) : U : Q=0.002137 : 0.000313 : 0.997550 : P=0.033528 : Visits=1 : Children=30
CIRCLE ( 5, 5) : U : Q=0.000000 : 0.000000 : 0.000000 : P=0.160377 : Visits=0 : Children=0
----EvaluationQueue----
avg batch size = 7.993983
network   = 288.225940s : 10470 : 27.528743 ms
pack      = 0.046868s : 10470 : 4.476394 us
unpack    = 0.093749s : 10470 : 8.954086 us

----SearchStats----
nb_duplicate_nodes = 1
select     = 0.015625s : 11512 : 1.357238 us
expand     = 0.046867s : 11511 : 4.071467 us
vcf solver = 0.125000s : 11511 : 10.859137 us
backup     = 0.000000s : 11511 : 0.000000 us
evaluate   = 0.000000s : 10169 : 0.000000 us
game rules = 0.000000s : 11512 : 0.000000 us

----TreeStats----
used nodes      = 325454
allocated nodes = 100000000
proven nodes    = 0 : 0 : 0 (win:draw:loss)
memory = 9MB
----CacheStats----
hit rate = 11.600000%
time_seek    = 0.000000s : 11511 : 0.000000 us
time_insert  = 0.031254s : 10169 : 3.073464 us
time_cleanup = 0.000000s : 1 : 0.000000 us
entries = 10215 : 220 : 10435 (stored:buffered:allocated)
memory = 37MB

Answered : MESSAGE depth 1-6 ev 99.3 n 11511 n/s 323 tm 35608 pv Of7 Xe0 Od0 Xc3 Of5
Answered : 7,5
Received : RESTART
