Compiled on May 17 2021 at 21:00:40
Launched in Engine\
Received : INFO max_memory 5368709120
Received : INFO timeout_match 900000
Received : INFO timeout_turn 900000
Received : INFO game_type 1
Received : INFO rule 1
Received : INFO time_left 900000
Received : BOARD
Received : 0,0,2
Received : 8,5,1
Received : 5,1,2
Received : DONE
BEST
CROSS  ( 4, 4) : U : Q=0.021938 : 0.000254 : 0.977808 : P=0.342874 : Visits=637 : Children=30
CROSS  ( 3, 4) : U : Q=0.023672 : 0.000295 : 0.976033 : P=0.124109 : Visits=247 : Children=30
CROSS  ( 3, 3) : U : Q=0.007560 : 0.000110 : 0.992330 : P=0.103919 : Visits=125 : Children=30
CROSS  ( 3, 2) : U : Q=0.008904 : 0.000211 : 0.990885 : P=0.054869 : Visits=68 : Children=30
CROSS  ( 2, 4) : U : Q=0.013392 : 0.000391 : 0.986217 : P=0.039549 : Visits=55 : Children=30
CROSS  ( 1, 3) : U : Q=0.017893 : 0.000652 : 0.981454 : P=0.033610 : Visits=54 : Children=30
CROSS  ( 1, 5) : U : Q=0.011859 : 0.000392 : 0.987749 : P=0.035867 : Visits=48 : Children=30
CROSS  ( 2, 3) : U : Q=0.011376 : 0.000273 : 0.988350 : P=0.026603 : Visits=35 : Children=30
CROSS  ( 4, 2) : U : Q=0.007666 : 0.000170 : 0.992164 : P=0.029691 : Visits=35 : Children=30
CROSS  ( 4, 1) : U : Q=0.013002 : 0.000418 : 0.986580 : P=0.019952 : Visits=28 : Children=30
  X   _   _   _   _   _   _   _   _   _   _   _   _   _   _ 
  _    7   7  34  X   31  13   7  _   _   _   _   _   _   _ 
  _   _    7  22  35   7   5  _   _   _   _   _   _   _   _ 
  _   _   44  80 159   7   6  _   _   _   _   _   _   _   _ 
  _   18  22   7 412   5   5   6  _   _   _   _   _   _   _ 
  _   _    6   5   4  _   _   _   O   _   _   _   _   _   _ 
  _   _   _   _   _   _   _   _   _   O   _   _   _   _   _ 
  _   _   _   _   _   _   _   _   _   _    6  _   _   _   _ 
  _   _   _   _   _   _   _   _    5   5   6  _   _   _   _ 
  _   _   _   _   _   _   _   _   _   _   _   _   _   _   _ 
  _   _   _   _   _   _   _   _   _   _   _   _   _   _   _ 
  _   _   _   _   _   _   _   _   _   _   _   _   _   _   _ 
  _   _   _   _   _   _   _   _   _   _   _   _   _   _   _ 
  _   _   _   _   _   _   _   _   _   _   _   _   _   _   _ 
  _   _   _   _   _   _   _   _   _   _   _   _   _   _   _ 

CIRCLE ( 0, 0) : U : Q=0.982848 : 0.000277 : 0.016874 : P=0.000000 : Visits=1545 : Children=30
CROSS  ( 4, 4) : U : Q=0.021938 : 0.000254 : 0.977808 : P=0.342874 : Visits=637 : Children=30
CIRCLE ( 6, 8) : U : Q=0.979113 : 0.000211 : 0.020676 : P=0.206294 : Visits=130 : Children=30
CROSS  ( 3, 4) : U : Q=0.024776 : 0.000242 : 0.974982 : P=0.362515 : Visits=52 : Children=3
CIRCLE ( 2, 4) : U : Q=0.975869 : 0.000238 : 0.023893 : P=0.724463 : Visits=38 : Children=30
CROSS  ( 3, 3) : U : Q=0.041054 : 0.000360 : 0.958586 : P=0.403183 : Visits=20 : Children=30
CIRCLE ( 7, 8) : U : Q=0.987835 : 0.000114 : 0.012050 : P=0.421298 : Visits=11 : Children=6
CROSS  ( 4, 8) : U : Q=0.011150 : 0.000099 : 0.988752 : P=0.392422 : Visits=4 : Children=30
CIRCLE ( 8, 7) : U : Q=0.997031 : 0.000025 : 0.002944 : P=0.196162 : Visits=1 : Children=8
CROSS  ( 5,10) : U : Q=0.000000 : 0.000000 : 0.000000 : P=0.376369 : Visits=0 : Children=0
----EvaluationQueue----
avg batch size = 7.992598
network   = 2286.494755s : 73628 : 31.054691 ms
pack      = 0.500006s : 73628 : 6.790979 us
unpack    = 0.515621s : 73628 : 7.003058 us

----SearchStats----
nb_duplicate_nodes = 0
select     = 0.000000s : 1545 : 0.000000 us
expand     = 0.000000s : 1545 : 0.000000 us
vcf solver = 0.109375s : 1545 : 70.792880 us
backup     = 0.000000s : 1545 : 0.000000 us
evaluate   = 0.000000s : 288 : 0.000000 us
game rules = 0.000000s : 1545 : 0.000000 us

----TreeStats----
used nodes      = 28532
allocated nodes = 100000000
proven nodes    = 0 : 0 : 9 (win:draw:loss)
memory = 0MB
----CacheStats----
hit rate = 81.300000%
time_seek    = 0.000000s : 1545 : 0.000000 us
time_insert  = 0.000000s : 288 : 0.000000 us
time_cleanup = 0.171843s : 1 : 171.843290 ms
entries = 1332 : 27977 : 29309 (stored:buffered:allocated)
memory = 32MB

Answered : MESSAGE depth 1-10 ev 1.7 n 1545 n/s 98884 tm 15 pv Xe4 Og8 Xd4 Oc4 Xd3 Oh8 Xe8 Oi7 Xf10
BEST
CIRCLE ( 6, 7) : U : Q=0.986837 : 0.000387 : 0.012776 : P=0.092199 : Visits=1004 : Children=30
CIRCLE ( 6, 6) : U : Q=0.990204 : 0.000333 : 0.009463 : P=0.047577 : Visits=739 : Children=30
CIRCLE ( 6, 9) : U : Q=0.986704 : 0.000287 : 0.013008 : P=0.059573 : Visits=650 : Children=30
CIRCLE ( 4, 8) : U : Q=0.987908 : 0.000485 : 0.011608 : P=0.052386 : Visits=644 : Children=30
CIRCLE ( 6, 8) : U : Q=0.988219 : 0.000425 : 0.011357 : P=0.050250 : Visits=625 : Children=30
CIRCLE ( 4, 9) : U : Q=0.988198 : 0.000365 : 0.011437 : P=0.047568 : Visits=598 : Children=30
CIRCLE ( 4, 7) : U : Q=0.982372 : 0.000569 : 0.017060 : P=0.057470 : Visits=459 : Children=30
CIRCLE ( 5, 7) : U : Q=0.981886 : 0.000524 : 0.017590 : P=0.056951 : Visits=435 : Children=30
CIRCLE ( 5, 6) : U : Q=0.979315 : 0.000776 : 0.019910 : P=0.065461 : Visits=432 : Children=30
CIRCLE ( 7, 8) : U : Q=0.983712 : 0.000344 : 0.015945 : P=0.043595 : Visits=376 : Children=30
  X   _   _   _   _   _   _   _   _   _   _   _   _   _   _ 
  _   _   _   _   _   X   _   _   _   _   _   _   _   _   _ 
  _   _   _   _   _   _   _   _   _   _   _   _   _   _   _ 
  _   _   _   _   _    6   8   6  26  _   _   _   _   _   _ 
  _   _   _   _   15  21  26  49  69  64   7  _   _   _   _ 
  _   _   _   _   _   30  46  47  O   25  28  _   _   _   _ 
  _   _   _   _   _   18  80 108  67  70  19  _   _   _   _ 
  _   _   _   _   _    9  18  24  40  23   8  _   _   _   _ 
  _   _   _   _   _   _   _   20   8  _   _   _   _   _   _ 
  _   _   _   _   _   _   _   _   _   _   _   _   _   _   _ 
  _   _   _   _   _   _   _   _   _   _   _   _   _   _   _ 
  _   _   _   _   _   _   _   _   _   _   _   _   _   _   _ 
  _   _   _   _   _   _   _   _   _   _   _   _   _   _   _ 
  _   _   _   _   _   _   _   _   _   _   _   _   _   _   _ 
  _   _   _   _   _   _   _   _   _   _   _   _   _   _   _ 

CROSS  ( 0, 0) : U : Q=0.014861 : 0.000604 : 0.984535 : P=0.000000 : Visits=9213 : Children=30
CIRCLE ( 6, 7) : U : Q=0.986837 : 0.000387 : 0.012776 : P=0.092199 : Visits=1004 : Children=30
CROSS  ( 3, 3) : U : Q=0.020109 : 0.000397 : 0.979494 : P=0.312691 : Visits=391 : Children=30
CIRCLE ( 6, 8) : U : Q=0.986951 : 0.000141 : 0.012908 : P=0.201684 : Visits=92 : Children=30
CROSS  ( 2, 4) : U : Q=0.010485 : 0.000134 : 0.989381 : P=0.423521 : Visits=45 : Children=3
CIRCLE ( 4, 2) : U : Q=0.989375 : 0.000126 : 0.010500 : P=0.970765 : Visits=43 : Children=30
CROSS  ( 4, 4) : U : Q=0.017305 : 0.000128 : 0.982567 : P=0.250199 : Visits=15 : Children=24
CIRCLE ( 6, 6) : U : Q=0.986344 : 0.000130 : 0.013525 : P=0.275259 : Visits=5 : Children=6
CROSS  ( 2, 2) : U : Q=0.027722 : 0.000197 : 0.972080 : P=0.373469 : Visits=2 : Children=1
CIRCLE ( 1, 1) : U : Q=0.995933 : 0.000089 : 0.003978 : P=1.000000 : Visits=1 : Children=4
CROSS  ( 6, 9) : U : Q=0.000000 : 0.000000 : 0.000000 : P=0.568248 : Visits=0 : Children=0
----EvaluationQueue----
avg batch size = 7.992585
network   = 2314.884475s : 74442 : 31.096484 ms
pack      = 0.515629s : 74442 : 6.926591 us
unpack    = 0.515621s : 74442 : 6.926482 us

----SearchStats----
nb_duplicate_nodes = 1
select     = 0.046873s : 9214 : 5.087108 us
expand     = 0.062494s : 9213 : 6.783219 us
vcf solver = 0.828171s : 9213 : 89.891620 us
backup     = 0.015623s : 9213 : 1.695766 us
evaluate   = 0.015625s : 6505 : 2.401925 us
game rules = 0.000000s : 9214 : 0.000000 us

----TreeStats----
used nodes      = 187656
allocated nodes = 100000000
proven nodes    = 0 : 0 : 7 (win:draw:loss)
memory = 5MB
----CacheStats----
hit rate = 29.300000%
time_seek    = 0.000000s : 9213 : 0.000000 us
time_insert  = 0.000000s : 6505 : 0.000000 us
time_cleanup = 0.093715s : 1 : 93.714952 ms
entries = 6583 : 22726 : 29309 (stored:buffered:allocated)
memory = 35MB

Answered : MESSAGE depth 1-11 ev 98.4 n 9213 n/s 258 tm 35624 pv Og7 Xd3 Og8 Xc4 Oe2 Xe4 Og6 Xc2 Ob1 Xg9
Answered : 7,6
Received : RESTART
Answered : OK
