Compiled on May 17 2021 at 21:00:40
Launched in Engine\
Received : INFO max_memory 7516192768
Received : INFO timeout_match 900000
Received : INFO timeout_turn 900000
Received : INFO game_type 1
Received : INFO rule 1
Received : INFO time_left 900000
Received : BOARD
Received : 0,0,2
Received : 5,4,1
Received : 1,1,2
Received : DONE
BEST
CROSS  ( 3, 0) : U : Q=0.024869 : 0.000843 : 0.974288 : P=0.031538 : Visits=126 : Children=30
CROSS  ( 4, 4) : U : Q=0.004376 : 0.000478 : 0.995146 : P=0.061122 : Visits=92 : Children=30
CROSS  ( 4, 0) : U : Q=0.013752 : 0.000781 : 0.985466 : P=0.037399 : Visits=79 : Children=30
CROSS  ( 4, 6) : U : Q=0.003407 : 0.000445 : 0.996147 : P=0.050237 : Visits=73 : Children=30
CROSS  ( 4, 8) : U : Q=0.004167 : 0.000466 : 0.995367 : P=0.042702 : Visits=63 : Children=30
CROSS  ( 3, 5) : U : Q=0.003846 : 0.000437 : 0.995717 : P=0.039352 : Visits=58 : Children=30
CROSS  ( 2, 8) : U : Q=0.004057 : 0.000389 : 0.995554 : P=0.036841 : Visits=54 : Children=30
CROSS  ( 2, 6) : U : Q=0.003950 : 0.000476 : 0.995574 : P=0.036841 : Visits=54 : Children=30
CROSS  ( 3, 3) : U : Q=0.006932 : 0.000573 : 0.992495 : P=0.032096 : Visits=52 : Children=30
CROSS  ( 3, 4) : U : Q=0.003894 : 0.000415 : 0.995691 : P=0.034887 : Visits=51 : Children=30
  X   _   _   _   _   _   _   _   _   _   _   _   _   _   _ 
  X   _   _   _   _   _   25  _   _   _   _   _   _   _   _ 
  _   _   26  _   28  31  34  26  34  27  _   _   _   _   _ 
  79  _   28  32  32  36  28  28  26  _   _   _   _   _   _ 
  50  _   _   27  58  O   46  O   39  _   _   _   _   _   _ 
  _   _   _   25  31  29  _   27  _   _   _   _   _   _   _ 
  _   _   _   _   26  29  27  27  25  _   _   _   _   _   _ 
  _   _   _   _   _   _   _   _   _   _   _   _   _   _   _ 
  _   _   _   _   _   _   _   _   _   _   _   _   _   _   _ 
  _   _   _   _   _   _   _   _   _   _   _   _   _   _   _ 
  _   _   _   _   _   _   _   _   _   _   _   _   _   _   _ 
  _   _   _   _   _   _   _   _   _   _   _   _   _   _   _ 
  _   _   _   _   _   _   _   _   _   _   _   _   _   _   _ 
  _   _   _   _   _   _   _   _   _   _   _   _   _   _   _ 
  _   _   _   _   _   _   _   _   _   _   _   _   _   _   _ 

CIRCLE ( 0, 0) : U : Q=0.993292 : 0.000484 : 0.006224 : P=0.000000 : Visits=1581 : Children=30
CROSS  ( 3, 0) : U : Q=0.024869 : 0.000843 : 0.974288 : P=0.031538 : Visits=126 : Children=30
CIRCLE ( 5, 6) : U : Q=0.992547 : 0.000385 : 0.007068 : P=0.118857 : Visits=18 : Children=30
CROSS  ( 2, 0) : U : Q=0.008060 : 0.000410 : 0.991531 : P=0.383235 : Visits=10 : Children=1
CIRCLE ( 4, 0) : U : Q=0.996122 : 0.000240 : 0.003638 : P=1.000000 : Visits=9 : Children=30
CROSS  ( 3, 3) : U : Q=0.003014 : 0.000226 : 0.996759 : P=0.037288 : Visits=1 : Children=30
CIRCLE ( 4, 6) : U : Q=0.000000 : 0.000000 : 0.000000 : P=0.197090 : Visits=0 : Children=0
----EvaluationQueue----
avg batch size = 7.994772
network   = 72.076011s : 2678 : 26.914119 ms
pack      = 0.000000s : 2678 : 0.000000 us
unpack    = 0.031254s : 2678 : 11.670670 us

----SearchStats----
nb_duplicate_nodes = 0
select     = 0.000000s : 1581 : 0.000000 us
expand     = 0.000000s : 1581 : 0.000000 us
vcf solver = 0.031237s : 1581 : 19.757978 us
backup     = 0.000000s : 1581 : 0.000000 us
evaluate   = 0.000000s : 464 : 0.000000 us
game rules = 0.000000s : 1581 : 0.000000 us

----TreeStats----
used nodes      = 43232
allocated nodes = 100000000
proven nodes    = 0 : 0 : 0 (win:draw:loss)
memory = 1MB
----CacheStats----
hit rate = 70.600000%
time_seek    = 0.000000s : 1581 : 0.000000 us
time_insert  = 0.000000s : 464 : 0.000000 us
time_cleanup = 0.000000s : 1 : 0.000000 us
entries = 1788 : 8647 : 10435 (stored:buffered:allocated)
memory = 32MB

Answered : MESSAGE depth 1-7 ev 0.6 n 1581 n/s 101045 tm 15 pv Xd0 Of6 Xc0 Oe0 Xd3 Oe6
BEST
CIRCLE ( 4, 4) : U : Q=0.995375 : 0.000462 : 0.004162 : P=0.110001 : Visits=1469 : Children=30
CIRCLE ( 5, 6) : U : Q=0.993942 : 0.000582 : 0.005476 : P=0.085661 : Visits=1062 : Children=30
CIRCLE ( 5, 4) : U : Q=0.994492 : 0.000484 : 0.005024 : P=0.069015 : Visits=904 : Children=30
CIRCLE ( 6, 5) : U : Q=0.993204 : 0.000653 : 0.006142 : P=0.064038 : Visits=750 : Children=30
CIRCLE ( 7, 6) : U : Q=0.992811 : 0.000843 : 0.006346 : P=0.064686 : Visits=741 : Children=30
CIRCLE ( 5, 7) : U : Q=0.994075 : 0.000621 : 0.005305 : P=0.050852 : Visits=644 : Children=30
CIRCLE ( 6, 6) : U : Q=0.991059 : 0.000746 : 0.008195 : P=0.050106 : Visits=513 : Children=30
CIRCLE ( 7, 5) : U : Q=0.994282 : 0.000636 : 0.005081 : P=0.038460 : Visits=497 : Children=30
CIRCLE ( 3, 6) : U : Q=0.993440 : 0.000629 : 0.005932 : P=0.039998 : Visits=478 : Children=30
CIRCLE ( 6, 4) : U : Q=0.994564 : 0.000563 : 0.004874 : P=0.034316 : Visits=454 : Children=30
  X   _   _   _   _   _   _   _   _   _   _   _   _   _   _ 
  _   X   _   _   _   _   _   _   _   _   _   _   _   _   _ 
  _   _   _   _   _    6  _   _   _   _   _   _   _   _   _ 
  _   _   _   _   28  34  42   8   2  _   _   _   _   _   _ 
  _   _   _   14 129  O   17  28   8  _   _   _   _   _   _ 
  _   _   _    8  79  29  93  56  27  _   _   _   _   _   _ 
  _   _   _   10  39  65  45  26   8  _   _   _   _   _   _ 
  _   _   _   _   34  43  65  22  12  _   _   _   _   _   _ 
  _   _   _   _   _   _    5   4  _   _   _   _   _   _   _ 
  _   _   _   _   _   _   _   _   _   _   _   _   _   _   _ 
  _   _   _   _   _   _   _   _   _   _   _   _   _   _   _ 
  _   _   _   _   _   _   _   _   _   _   _   _   _   _   _ 
  _   _   _   _   _   _   _   _   _   _   _   _   _   _   _ 
  _   _   _   _   _   _   _   _   _   _   _   _   _   _   _ 
  _   _   _   _   _   _   _   _   _   _   _   _   _   _   _ 

CROSS  ( 0, 0) : U : Q=0.006373 : 0.000736 : 0.992889 : P=0.000000 : Visits=11381 : Children=30
CIRCLE ( 4, 4) : U : Q=0.995375 : 0.000462 : 0.004162 : P=0.110001 : Visits=1469 : Children=30
CROSS  ( 4, 6) : U : Q=0.003864 : 0.000546 : 0.995590 : P=0.131742 : Visits=193 : Children=30
CIRCLE ( 5, 4) : U : Q=0.996622 : 0.000345 : 0.003033 : P=0.232217 : Visits=48 : Children=30
CROSS  ( 3, 6) : U : Q=0.003676 : 0.000259 : 0.996065 : P=0.111950 : Visits=6 : Children=30
CIRCLE ( 3, 4) : U : Q=0.997355 : 0.000250 : 0.002395 : P=0.252327 : Visits=2 : Children=4
CROSS  ( 6, 4) : U : Q=0.000867 : 0.000084 : 0.999049 : P=0.661926 : Visits=1 : Children=17
CIRCLE ( 5, 6) : U : Q=0.000000 : 0.000000 : 0.000000 : P=0.875392 : Visits=0 : Children=0
----EvaluationQueue----
avg batch size = 7.994673
network   = 107.153097s : 3942 : 27.182419 ms
pack      = 0.000000s : 3942 : 0.000000 us
unpack    = 0.046879s : 3942 : 11.892140 us

----SearchStats----
nb_duplicate_nodes = 1
select     = 0.000000s : 11382 : 0.000000 us
expand     = 0.000000s : 11381 : 0.000000 us
vcf solver = 0.156268s : 11381 : 13.730614 us
backup     = 0.000000s : 11381 : 0.000000 us
evaluate   = 0.000000s : 10105 : 0.000000 us
game rules = 0.015625s : 11382 : 1.372761 us

----TreeStats----
used nodes      = 309554
allocated nodes = 100000000
proven nodes    = 0 : 0 : 0 (win:draw:loss)
memory = 9MB
----CacheStats----
hit rate = 11.200000%
time_seek    = 0.000000s : 11381 : 0.000000 us
time_insert  = 0.000000s : 10105 : 0.000000 us
time_cleanup = 0.015624s : 1 : 15.623808 ms
entries = 10111 : 324 : 10435 (stored:buffered:allocated)
memory = 37MB

Answered : MESSAGE depth 1-8 ev 99.3 n 11381 n/s 319 tm 35623 pv Oe4 Xe6 Of4 Xd6 Od4 Xg4 Of6
Answered : 4,4
Received : RESTART
