Compiled on May 17 2021 at 21:00:40
Launched in Engine\
Received : INFO max_memory 5368709120
Received : INFO timeout_match 900000
Received : INFO timeout_turn 900000
Received : INFO game_type 1
Received : INFO rule 1
Received : INFO time_left 900000
Received : BOARD
Received : 0,0,2
Received : 5,5,1
Received : 2,2,2
Received : DONE
BEST
CROSS  ( 4, 5) : U : Q=0.006959 : 0.000600 : 0.992441 : P=0.048021 : Visits=59 : Children=30
CROSS  ( 5, 4) : U : Q=0.005176 : 0.000657 : 0.994167 : P=0.049469 : Visits=57 : Children=30
CROSS  ( 4, 1) : U : Q=0.006477 : 0.000640 : 0.992883 : P=0.044160 : Visits=53 : Children=30
CROSS  ( 6, 5) : U : Q=0.003519 : 0.000494 : 0.995987 : P=0.047780 : Visits=53 : Children=30
CROSS  ( 4, 4) : U : Q=0.006072 : 0.000618 : 0.993310 : P=0.043436 : Visits=52 : Children=30
CROSS  ( 2, 3) : U : Q=0.007164 : 0.000706 : 0.992130 : P=0.040782 : Visits=50 : Children=30
CROSS  ( 4, 3) : U : Q=0.004891 : 0.000431 : 0.994678 : P=0.043919 : Visits=50 : Children=30
CROSS  ( 2, 4) : U : Q=0.007458 : 0.000678 : 0.991863 : P=0.036921 : Visits=46 : Children=30
CROSS  ( 3, 4) : U : Q=0.004364 : 0.000355 : 0.995281 : P=0.038127 : Visits=43 : Children=30
CROSS  ( 3, 1) : U : Q=0.007562 : 0.000819 : 0.991619 : P=0.033301 : Visits=41 : Children=30
  X   _   _   _   _   _   _   _   _   _   _   _   _   _   _ 
  _   _   _   _   _   _   _   _   _   _   _   _   _   _   _ 
  _   X   26  43  39  _   _   _   _   _   _   _   _   _   _ 
  _   35  25  35  37  30  30  26  27  _   _   _   _   _   _ 
  _   46  28  43  45  51  29  29  _   25  _   _   _   _   _ 
  _   26  _   27  49  O   33  30  26  _   _   _   _   _   _ 
  _   _   _   24  _   46  _   26  _   _   _   _   _   _   _ 
  _   _   _   _   _   O   25  _   _   _   _   _   _   _   _ 
  _   _   _   _   _   _   _   27  _   _   _   _   _   _   _ 
  _   _   _   _   _   _   _   _   _   _   _   _   _   _   _ 
  _   _   _   _   _   _   _   _   _   _   _   _   _   _   _ 
  _   _   _   _   _   _   _   _   _   _   _   _   _   _   _ 
  _   _   _   _   _   _   _   _   _   _   _   _   _   _   _ 
  _   _   _   _   _   _   _   _   _   _   _   _   _   _   _ 
  _   _   _   _   _   _   _   _   _   _   _   _   _   _   _ 

CIRCLE ( 0, 0) : U : Q=0.994426 : 0.000481 : 0.005092 : P=0.000000 : Visits=1153 : Children=30
CROSS  ( 4, 5) : U : Q=0.006959 : 0.000600 : 0.992441 : P=0.048021 : Visits=59 : Children=30
CIRCLE ( 6, 4) : U : Q=0.992370 : 0.000334 : 0.007296 : P=0.229344 : Visits=16 : Children=30
CROSS  ( 4, 3) : U : Q=0.014112 : 0.000502 : 0.985386 : P=0.239672 : Visits=5 : Children=30
CIRCLE ( 5, 4) : U : Q=0.989789 : 0.000401 : 0.009810 : P=0.299727 : Visits=2 : Children=30
CROSS  ( 4, 4) : U : Q=0.004922 : 0.000395 : 0.994683 : P=0.721945 : Visits=1 : Children=4
CIRCLE ( 4, 6) : U : Q=0.000000 : 0.000000 : 0.000000 : P=0.857231 : Visits=0 : Children=0
----EvaluationQueue----
avg batch size = 7.993591
network   = 1269.134259s : 41504 : 30.578601 ms
pack      = 0.250003s : 41504 : 6.023596 us
unpack    = 0.343740s : 41504 : 8.282087 us

----SearchStats----
nb_duplicate_nodes = 0
select     = 0.000000s : 1153 : 0.000000 us
expand     = 0.000000s : 1153 : 0.000000 us
vcf solver = 0.015613s : 1153 : 13.541059 us
backup     = 0.000000s : 1153 : 0.000000 us
evaluate   = 0.000000s : 360 : 0.000000 us
game rules = 0.000000s : 1153 : 0.000000 us

----TreeStats----
used nodes      = 29628
allocated nodes = 100000000
proven nodes    = 0 : 0 : 5 (win:draw:loss)
memory = 0MB
----CacheStats----
hit rate = 68.700000%
time_seek    = 0.000000s : 1153 : 0.000000 us
time_insert  = 0.000000s : 360 : 0.000000 us
time_cleanup = 0.000000s : 1 : 0.000000 us
entries = 1345 : 27964 : 29309 (stored:buffered:allocated)
memory = 32MB

Answered : MESSAGE depth 1-7 ev 0.5 n 1153 n/s 36897 tm 31 pv Xe5 Og4 Xe3 Of4 Xe4 Oe6
BEST
CIRCLE ( 4, 4) : U : Q=0.993700 : 0.000673 : 0.005629 : P=0.075312 : Visits=4043 : Children=30
CIRCLE ( 6, 4) : U : Q=0.985971 : 0.001161 : 0.012867 : P=0.063372 : Visits=938 : Children=30
CIRCLE ( 4, 6) : U : Q=0.983865 : 0.001368 : 0.014767 : P=0.062819 : Visits=755 : Children=30
CIRCLE ( 5, 4) : U : Q=0.987579 : 0.001658 : 0.010763 : P=0.026901 : Visits=517 : Children=30
CIRCLE ( 6, 6) : U : Q=0.976266 : 0.001283 : 0.022452 : P=0.069929 : Visits=494 : Children=30
CIRCLE ( 4, 5) : U : Q=0.980378 : 0.002318 : 0.017305 : P=0.051995 : Visits=486 : Children=30
CIRCLE ( 6, 5) : U : Q=0.980709 : 0.001315 : 0.017976 : P=0.045926 : Visits=433 : Children=30
CIRCLE ( 5, 6) : U : Q=0.984656 : 0.001281 : 0.014062 : P=0.032261 : Visits=420 : Children=30
CIRCLE ( 7, 6) : U : Q=0.966001 : 0.002559 : 0.031440 : P=0.058205 : Visits=267 : Children=30
CIRCLE ( 6, 7) : U : Q=0.965551 : 0.001980 : 0.032469 : P=0.059956 : Visits=267 : Children=30
  X   _   _   _   _   _   _   _   _   _   _   _   _   _   _ 
  _   _   _   _   _   _   _   _   _   _   _   _   _   _   _ 
  _   _   X   _   _   _   _   _   _   _   _   _   _   _   _ 
  _   _   _   _    4  21   4   5  _   _   _   _   _   _   _ 
  _   _   _   _  388  46  72  11   2  _   _   _   _   _   _ 
  _   _   _   15  49  O   40  24   5  _   _   _   _   _   _ 
  _   _   _   _   90  41  47  25   6  _   _   _   _   _   _ 
  _   _   _    4  11  24  25   4   2  _   _   _   _   _   _ 
  _   _   _   _    5   7   6   3  _   _   _   _   _   _   _ 
  _   _   _   _   _   _   _   _   _   _   _   _   _   _   _ 
  _   _   _   _   _   _   _   _   _   _   _   _   _   _   _ 
  _   _   _   _   _   _   _   _   _   _   _   _   _   _   _ 
  _   _   _   _   _   _   _   _   _   _   _   _   _   _   _ 
  _   _   _   _   _   _   _   _   _   _   _   _   _   _   _ 
  _   _   _   _   _   _   _   _   _   _   _   _   _   _   _ 

CROSS  ( 0, 0) : U : Q=0.016020 : 0.001435 : 0.982545 : P=0.000000 : Visits=10416 : Children=30
CIRCLE ( 4, 4) : U : Q=0.993700 : 0.000673 : 0.005629 : P=0.075312 : Visits=4043 : Children=30
CROSS  ( 3, 2) : U : Q=0.009168 : 0.000855 : 0.989976 : P=0.055670 : Visits=277 : Children=30
CIRCLE ( 4, 2) : U : Q=0.989258 : 0.000889 : 0.009853 : P=0.165218 : Visits=47 : Children=30
CROSS  ( 2, 3) : U : Q=0.017624 : 0.001175 : 0.981201 : P=0.294765 : Visits=18 : Children=30
CIRCLE ( 5, 3) : U : Q=0.975655 : 0.001188 : 0.023157 : P=0.293524 : Visits=6 : Children=30
CROSS  ( 2, 4) : U : Q=0.021711 : 0.000885 : 0.977404 : P=0.570022 : Visits=4 : Children=4
CIRCLE ( 2, 1) : U : Q=0.993410 : 0.000654 : 0.005936 : P=0.558165 : Visits=2 : Children=30
CROSS  ( 3, 5) : U : Q=0.002883 : 0.000611 : 0.996506 : P=0.474627 : Visits=1 : Children=30
CIRCLE ( 6, 4) : U : Q=0.000000 : 0.000000 : 0.000000 : P=0.244868 : Visits=0 : Children=0
----EvaluationQueue----
avg batch size = 7.993593
network   = 1303.930079s : 42611 : 30.600786 ms
pack      = 0.250003s : 42611 : 5.867108 us
unpack    = 0.343740s : 42611 : 8.066925 us

----SearchStats----
nb_duplicate_nodes = 1
select     = 0.062498s : 10417 : 5.999648 us
expand     = 0.046873s : 10416 : 4.500128 us
vcf solver = 0.375038s : 10416 : 36.005921 us
backup     = 0.000000s : 10416 : 0.000000 us
evaluate   = 0.000000s : 8849 : 0.000000 us
game rules = 0.000000s : 10417 : 0.000000 us

----TreeStats----
used nodes      = 245033
allocated nodes = 100000000
proven nodes    = 0 : 0 : 5 (win:draw:loss)
memory = 7MB
----CacheStats----
hit rate = 15.000000%
time_seek    = 0.000000s : 10416 : 0.000000 us
time_insert  = 0.015624s : 8849 : 1.765602 us
time_cleanup = 0.000000s : 1 : 0.000000 us
entries = 8902 : 20407 : 29309 (stored:buffered:allocated)
memory = 36MB

Answered : MESSAGE depth 1-10 ev 98.3 n 10416 n/s 292 tm 35608 pv Oe4 Xd2 Oe2 Xc3 Of3 Xc4 Oc1 Xd5 Og4
Answered : 4,4
Received : RESTART
