Compiled on May 17 2021 at 21:00:40
Launched in Engine\
Answered : MESSAGE Detected following devices
Answered : MESSAGE CPU : GenuineIntel : 8 x AVX with 6091MB of memory
Answered : OK
Received : INFO max_memory 5368709120
Received : INFO timeout_match 900000
Received : INFO timeout_turn 900000
Received : INFO game_type 1
Received : INFO rule 1
Received : INFO time_left 900000
Received : BOARD
Received : 0,0,2
Received : 6,4,1
Received : 1,1,2
Received : DONE
Initialized in 0.046866 seconds
BEST
CIRCLE ( 4, 4) : U : Q=0.995579 : 0.000481 : 0.003940 : P=0.104623 : Visits=1658 : Children=30
CIRCLE ( 5, 7) : U : Q=0.992809 : 0.000476 : 0.006715 : P=0.088518 : Visits=1111 : Children=30
CIRCLE ( 6, 6) : U : Q=0.993443 : 0.000525 : 0.006032 : P=0.064181 : Visits=862 : Children=30
CIRCLE ( 6, 7) : U : Q=0.989975 : 0.000720 : 0.009305 : P=0.077075 : Visits=772 : Children=30
CIRCLE ( 6, 5) : U : Q=0.994499 : 0.000559 : 0.004942 : P=0.038933 : Visits=586 : Children=30
CIRCLE ( 5, 5) : U : Q=0.993974 : 0.000503 : 0.005523 : P=0.040717 : Visits=580 : Children=30
CIRCLE ( 4, 8) : U : Q=0.992603 : 0.000537 : 0.006860 : P=0.044433 : Visits=550 : Children=30
CIRCLE ( 5, 6) : U : Q=0.993658 : 0.000504 : 0.005837 : P=0.036633 : Visits=502 : Children=30
CIRCLE ( 5, 8) : U : Q=0.988761 : 0.000775 : 0.010464 : P=0.048953 : Visits=450 : Children=30
CIRCLE ( 4, 7) : U : Q=0.991713 : 0.000566 : 0.007721 : P=0.037515 : Visits=429 : Children=30
  X   _   _   _   _   _   _   _   _   _   _   _   _   _   _ 
  _   X   _   _   _   _   _   _   _   _   _   _   _   _   _ 
  _   _   _   _   _   _   _   _   _   _   _   _   _   _   _ 
  _   _   _   _   _   32  22  22   5   5  _   _   _   _   _ 
  _   _   _   _  147  22  O   38  48  12  _   _   _   _   _ 
  _   _   _    9  24  51  44  98  39  13  _   _   _   _   _ 
  _   _   _   _   29  51  76  68  21   4  _   _   _   _   _ 
  _   _   _   _    7  25  24  36   4   7  _   _   _   _   _ 
  _   _   _   _   _   _   _    2  _   _   _   _   _   _   _ 
  _   _   _   _   _   _   _   _   _   _   _   _   _   _   _ 
  _   _   _   _   _   _   _   _   _   _   _   _   _   _   _ 
  _   _   _   _   _   _   _   _   _   _   _   _   _   _   _ 
  _   _   _   _   _   _   _   _   _   _   _   _   _   _   _ 
  _   _   _   _   _   _   _   _   _   _   _   _   _   _   _ 
  _   _   _   _   _   _   _   _   _   _   _   _   _   _   _ 

CROSS  ( 0, 0) : U : Q=0.007817 : 0.000697 : 0.991486 : P=0.000000 : Visits=11279 : Children=30
CIRCLE ( 4, 4) : U : Q=0.995579 : 0.000481 : 0.003940 : P=0.104623 : Visits=1658 : Children=30
CROSS  ( 4, 5) : U : Q=0.003749 : 0.000580 : 0.995671 : P=0.085054 : Visits=141 : Children=30
CIRCLE ( 3, 5) : U : Q=0.996092 : 0.000485 : 0.003422 : P=0.207728 : Visits=31 : Children=30
CROSS  ( 2, 6) : U : Q=0.004154 : 0.000615 : 0.995231 : P=0.208388 : Visits=9 : Children=30
CIRCLE ( 5, 7) : U : Q=0.994011 : 0.000708 : 0.005281 : P=0.243261 : Visits=3 : Children=4
CROSS  ( 2, 4) : U : Q=0.006015 : 0.000671 : 0.993314 : P=0.901444 : Visits=2 : Children=30
CIRCLE ( 5, 5) : U : Q=0.990158 : 0.000813 : 0.009029 : P=0.246186 : Visits=1 : Children=30
CROSS  ( 2, 3) : U : Q=0.000000 : 0.000000 : 0.000000 : P=0.375165 : Visits=0 : Children=0
----EvaluationQueue----
avg batch size = 7.994341
network   = 33.998976s : 1237 : 27.485025 ms
pack      = 0.015624s : 1237 : 12.630788 us
unpack    = 0.031246s : 1237 : 25.259456 us

----SearchStats----
nb_duplicate_nodes = 1
select     = 0.000000s : 11280 : 0.000000 us
expand     = 0.812490s : 11279 : 72.035619 us
vcf solver = 0.609368s : 11279 : 54.026741 us
backup     = 0.015624s : 11279 : 1.385254 us
evaluate   = 0.000000s : 9889 : 0.000000 us
game rules = 0.000000s : 11280 : 0.000000 us

----TreeStats----
used nodes      = 300854
allocated nodes = 100000000
proven nodes    = 0 : 0 : 0 (win:draw:loss)
memory = 9MB
----CacheStats----
hit rate = 12.300000%
time_seek    = 0.015624s : 11279 : 1.385233 us
time_insert  = 0.046877s : 9889 : 4.740308 us
time_cleanup = 0.000000s : 1 : 0.000000 us
entries = 9889 : 0 : 9889 (stored:buffered:allocated)
memory = 37MB

Answered : MESSAGE depth 1-9 ev 99.1 n 11279 n/s 316 tm 35623 pv Oe4 Xe5 Od5 Xc6 Of7 Xc4 Of5 Xc3
Answered : 4,4
Received : RESTART
