Compiled on May 17 2021 at 21:00:40
Launched in Engine\
Received : INFO max_memory 5368709120
Received : INFO timeout_match 900000
Received : INFO timeout_turn 900000
Received : INFO game_type 1
Received : INFO rule 1
Received : INFO time_left 900000
Received : BOARD
Received : 0,0,2
Received : 6,4,1
Received : 3,1,2
Received : DONE
BEST
CROSS  ( 3, 4) : U : Q=0.008290 : 0.000532 : 0.991177 : P=0.046924 : Visits=89 : Children=30
CROSS  ( 3, 3) : U : Q=0.006326 : 0.000419 : 0.993255 : P=0.044317 : Visits=78 : Children=30
CROSS  ( 2, 2) : U : Q=0.006059 : 0.000561 : 0.993380 : P=0.044317 : Visits=78 : Children=30
CROSS  ( 3, 2) : U : Q=0.007118 : 0.000591 : 0.992291 : P=0.038582 : Visits=71 : Children=30
CROSS  ( 4, 2) : U : Q=0.006814 : 0.000549 : 0.992637 : P=0.039625 : Visits=71 : Children=30
CROSS  ( 5, 6) : U : Q=0.004157 : 0.000578 : 0.995265 : P=0.043014 : Visits=71 : Children=30
CROSS  ( 4, 4) : U : Q=0.004564 : 0.000369 : 0.995067 : P=0.040928 : Visits=68 : Children=30
CROSS  ( 1, 4) : U : Q=0.008341 : 0.000734 : 0.990926 : P=0.034672 : Visits=66 : Children=30
CROSS  ( 4, 5) : U : Q=0.005310 : 0.000539 : 0.994151 : P=0.038582 : Visits=66 : Children=30
CROSS  ( 3, 6) : U : Q=0.006546 : 0.000561 : 0.992894 : P=0.035193 : Visits=63 : Children=30
  X   _   _   _   _   _   _   _   _   _   _   _   _   _   _ 
  _   _   X   28  38  29  _   _   _   _   _   _   _   _   _ 
  _   _   46  29  31  29  _   _   _   _   _   _   _   _   _ 
  _   _   41  46  52  _   37  _   _   _   _   _   _   _   _ 
  _   _   41  31  40  38  O   29  _   _   _   _   _   _   _ 
  _   _   25  29  27  _   41  _   _   _   _   _   _   _   _ 
  _   _   _   28  30  25  O   31  24  _   _   _   _   _   _ 
  _   _   _   _   _   _   33  _   25  _   _   _   _   _   _ 
  _   _   _   25  _   27  27  _   _   _   _   _   _   _   _ 
  _   _   _   _   _   _   _   _   _   _   _   _   _   _   _ 
  _   _   _   _   _   _   _   _   _   _   _   _   _   _   _ 
  _   _   _   _   _   _   _   _   _   _   _   _   _   _   _ 
  _   _   _   _   _   _   _   _   _   _   _   _   _   _   _ 
  _   _   _   _   _   _   _   _   _   _   _   _   _   _   _ 
  _   _   _   _   _   _   _   _   _   _   _   _   _   _   _ 

CIRCLE ( 0, 0) : U : Q=0.994469 : 0.000442 : 0.005090 : P=0.000000 : Visits=1694 : Children=30
CROSS  ( 3, 4) : U : Q=0.008290 : 0.000532 : 0.991177 : P=0.046924 : Visits=89 : Children=30
CIRCLE ( 4, 5) : U : Q=0.983910 : 0.000932 : 0.015158 : P=0.255272 : Visits=23 : Children=30
CROSS  ( 4, 4) : U : Q=0.015605 : 0.000952 : 0.983442 : P=0.828526 : Visits=22 : Children=29
CIRCLE ( 3, 6) : U : Q=0.984740 : 0.000782 : 0.014478 : P=0.408868 : Visits=10 : Children=3
CROSS  ( 5, 6) : U : Q=0.016882 : 0.000841 : 0.982277 : P=0.860582 : Visits=8 : Children=30
CIRCLE ( 5, 4) : U : Q=0.993034 : 0.000400 : 0.006566 : P=0.379163 : Visits=4 : Children=4
CROSS  ( 6, 3) : U : Q=0.007230 : 0.000374 : 0.992395 : P=0.850692 : Visits=3 : Children=30
CIRCLE ( 4, 7) : U : Q=0.994221 : 0.000392 : 0.005387 : P=0.162998 : Visits=1 : Children=30
CROSS  ( 1, 4) : U : Q=0.000000 : 0.000000 : 0.000000 : P=0.433240 : Visits=0 : Children=0
----EvaluationQueue----
avg batch size = 7.992096
network   = 71.966625s : 2657 : 27.085670 ms
pack      = 0.015624s : 2657 : 5.880423 us
unpack    = 0.046872s : 2657 : 17.640911 us

----SearchStats----
nb_duplicate_nodes = 1
select     = 0.015618s : 1695 : 9.213929 us
expand     = 0.000000s : 1694 : 0.000000 us
vcf solver = 0.015627s : 1694 : 9.225138 us
backup     = 0.000000s : 1694 : 0.000000 us
evaluate   = 0.000000s : 433 : 0.000000 us
game rules = 0.000000s : 1695 : 0.000000 us

----TreeStats----
used nodes      = 42970
allocated nodes = 100000000
proven nodes    = 0 : 0 : 0 (win:draw:loss)
memory = 1MB
----CacheStats----
hit rate = 74.400000%
time_seek    = 0.000000s : 1694 : 0.000000 us
time_insert  = 0.000000s : 433 : 0.000000 us
time_cleanup = 0.015631s : 1 : 15.630960 ms
entries = 2073 : 8467 : 10540 (stored:buffered:allocated)
memory = 33MB

Answered : MESSAGE depth 1-10 ev 0.5 n 1694 n/s 54119 tm 31 pv Xd4 Oe5 Xe4 Od6 Xf6 Of4 Xg3 Oe7 Xb4
BEST
CIRCLE ( 4, 4) : U : Q=0.992946 : 0.000921 : 0.006133 : P=0.069248 : Visits=1034 : Children=30
CIRCLE ( 5, 7) : U : Q=0.993778 : 0.000446 : 0.005776 : P=0.058654 : Visits=936 : Children=30
CIRCLE ( 6, 6) : U : Q=0.993127 : 0.000530 : 0.006343 : P=0.058309 : Visits=870 : Children=30
CIRCLE ( 5, 6) : U : Q=0.993989 : 0.000478 : 0.005533 : P=0.052365 : Visits=859 : Children=30
CIRCLE ( 5, 4) : U : Q=0.994832 : 0.000592 : 0.004576 : P=0.045157 : Visits=830 : Children=30
CIRCLE ( 5, 5) : U : Q=0.994625 : 0.000499 : 0.004875 : P=0.041451 : Visits=735 : Children=30
CIRCLE ( 6, 5) : U : Q=0.994149 : 0.000528 : 0.005322 : P=0.043311 : Visits=727 : Children=30
CIRCLE ( 6, 4) : U : Q=0.993959 : 0.000744 : 0.005297 : P=0.041676 : Visits=692 : Children=30
CIRCLE ( 4, 8) : U : Q=0.990808 : 0.000555 : 0.008638 : P=0.051158 : Visits=613 : Children=30
CIRCLE ( 3, 7) : U : Q=0.993929 : 0.000542 : 0.005529 : P=0.031051 : Visits=507 : Children=30
  X   _   _   _   _   _   _   _   _   _   _   _   _   _   _ 
  _   _   _   X   _   _   _   _   _   _   _   _   _   _   _ 
  _   _   _   _   _   _   _   _   _   _   _   _   _   _   _ 
  _   _   _   _   12  21  35  40  13  _   _   _   _   _   _ 
  _   _   _   _   83  40  O   34  49  14  _   _   _   _   _ 
  _   _   _   _   66  59  68  75  29  14  _   _   _   _   _ 
  _   _   _   _   55  58  69  29  15   5  _   _   _   _   _ 
  _   _   _   _   15  37  29  10   4   6  _   _   _   _   _ 
  _   _   _   _   _   _   _    2   1  _   _   _   _   _   _ 
  _   _   _   _   _   _   _   _   _   _   _   _   _   _   _ 
  _   _   _   _   _   _   _   _   _   _   _   _   _   _   _ 
  _   _   _   _   _   _   _   _   _   _   _   _   _   _   _ 
  _   _   _   _   _   _   _   _   _   _   _   _   _   _   _ 
  _   _   _   _   _   _   _   _   _   _   _   _   _   _   _ 
  _   _   _   _   _   _   _   _   _   _   _   _   _   _   _ 

CROSS  ( 0, 0) : U : Q=0.008129 : 0.000691 : 0.991181 : P=0.000000 : Visits=12454 : Children=30
CIRCLE ( 4, 4) : U : Q=0.992946 : 0.000921 : 0.006133 : P=0.069248 : Visits=1034 : Children=30
CROSS  ( 4, 3) : U : Q=0.007689 : 0.001182 : 0.991129 : P=0.423291 : Visits=465 : Children=30
CIRCLE ( 5, 3) : U : Q=0.993609 : 0.000855 : 0.005536 : P=0.253330 : Visits=125 : Children=30
CROSS  ( 3, 5) : U : Q=0.007212 : 0.001088 : 0.991700 : P=0.423142 : Visits=58 : Children=30
CIRCLE ( 5, 5) : U : Q=0.993843 : 0.000510 : 0.005647 : P=0.305017 : Visits=20 : Children=30
CROSS  ( 3, 3) : U : Q=0.010399 : 0.000697 : 0.988903 : P=0.204146 : Visits=5 : Children=26
CIRCLE ( 6, 4) : U : Q=0.985045 : 0.000931 : 0.014024 : P=0.632896 : Visits=3 : Children=6
CROSS  ( 2, 3) : U : Q=0.036380 : 0.002285 : 0.961335 : P=0.195918 : Visits=1 : Children=1
CIRCLE ( 0, 3) : U : Q=0.000000 : 0.000000 : 0.000000 : P=1.000000 : Visits=0 : Children=0
----EvaluationQueue----
avg batch size = 7.992899
network   = 106.512502s : 3943 : 27.013062 ms
pack      = 0.015624s : 3943 : 3.962537 us
unpack    = 0.046872s : 3943 : 11.887370 us

----SearchStats----
nb_duplicate_nodes = 1
select     = 0.093749s : 12455 : 7.527021 us
expand     = 0.078123s : 12454 : 6.272932 us
vcf solver = 0.187496s : 12454 : 15.055059 us
backup     = 0.000000s : 12454 : 0.000000 us
evaluate   = 0.000000s : 10281 : 0.000000 us
game rules = 0.000000s : 12455 : 0.000000 us

----TreeStats----
used nodes      = 311208
allocated nodes = 100000000
proven nodes    = 0 : 0 : 0 (win:draw:loss)
memory = 9MB
----CacheStats----
hit rate = 17.400000%
time_seek    = 0.000000s : 12454 : 0.000000 us
time_insert  = 0.000000s : 10281 : 0.000000 us
time_cleanup = 0.000000s : 1 : 0.000000 us
entries = 10364 : 176 : 10540 (stored:buffered:allocated)
memory = 37MB

Answered : MESSAGE depth 1-10 ev 99.1 n 12454 n/s 349 tm 35612 pv Oe4 Xe3 Of3 Xd5 Of5 Xd3 Og4 Xc3 Oa3
Answered : 4,4
Received : RESTART
