Compiled on May 17 2021 at 21:00:40
Launched in Engine\
Received : INFO max_memory 5368709120
Received : INFO timeout_match 900000
Received : INFO timeout_turn 900000
Received : INFO game_type 1
Received : INFO rule 1
Received : INFO time_left 900000
Received : BOARD
Received : 0,0,2
Received : 4,5,1
Received : 0,1,2
Received : DONE
BEST
CROSS  ( 0, 2) : U : Q=0.022300 : 0.000822 : 0.976878 : P=0.029560 : Visits=64 : Children=30
CROSS  ( 7, 6) : U : Q=0.003475 : 0.000386 : 0.996139 : P=0.049956 : Visits=54 : Children=30
CROSS  ( 0, 4) : U : Q=0.013175 : 0.000868 : 0.985958 : P=0.031924 : Visits=47 : Children=30
CROSS  ( 3, 4) : U : Q=0.003966 : 0.000465 : 0.995569 : P=0.041383 : Visits=46 : Children=30
CROSS  ( 3, 3) : U : Q=0.005551 : 0.000526 : 0.993923 : P=0.037836 : Visits=44 : Children=30
CROSS  ( 3, 5) : U : Q=0.004949 : 0.000406 : 0.994644 : P=0.038427 : Visits=43 : Children=30
CROSS  ( 8, 7) : U : Q=0.003286 : 0.000323 : 0.996392 : P=0.038723 : Visits=42 : Children=30
CROSS  ( 1, 9) : U : Q=0.005243 : 0.000353 : 0.994403 : P=0.035767 : Visits=41 : Children=30
CROSS  ( 4, 3) : U : Q=0.003363 : 0.000385 : 0.996251 : P=0.036654 : Visits=40 : Children=30
CROSS  ( 4, 4) : U : Q=0.004259 : 0.000466 : 0.995275 : P=0.034880 : Visits=39 : Children=30
  X   X   55  _   40  _   _   _   _   _   _   _   _   _   _ 
  _   _   _   _   _   30  _   _   _   35  _   _   _   _   _ 
  _   28  _   26  32  31  32  28  30  _   _   _   _   _   _ 
  _   _   30  38  39  37  29  31  _   _   _   _   _   _   _ 
  _   28  27  34  33  32  _   _   _   _   _   _   _   _   _ 
  _   _   _   _   O   _   29  30  _   _   _   _   _   _   _ 
  _   _   _   _   _   O   28  32  _   _   _   _   _   _   _ 
  _   _   _   _   _   _   46  32  _   _   _   _   _   _   _ 
  _   _   _   _   _   _   28  36  _   _   _   _   _   _   _ 
  _   _   _   _   _   _   _   _   _   _   _   _   _   _   _ 
  _   _   _   _   _   _   _   _   _   _   _   _   _   _   _ 
  _   _   _   _   _   _   _   _   _   _   _   _   _   _   _ 
  _   _   _   _   _   _   _   _   _   _   _   _   _   _   _ 
  _   _   _   _   _   _   _   _   _   _   _   _   _   _   _ 
  _   _   _   _   _   _   _   _   _   _   _   _   _   _   _ 

CIRCLE ( 0, 0) : U : Q=0.993756 : 0.000458 : 0.005786 : P=0.000000 : Visits=1156 : Children=30
CROSS  ( 0, 2) : U : Q=0.022300 : 0.000822 : 0.976878 : P=0.029560 : Visits=64 : Children=30
CIRCLE ( 0, 3) : U : Q=0.997889 : 0.000375 : 0.001736 : P=0.195755 : Visits=18 : Children=30
CROSS  ( 8, 6) : U : Q=0.001904 : 0.000395 : 0.997701 : P=0.041128 : Visits=1 : Children=30
CIRCLE ( 4, 5) : U : Q=0.000000 : 0.000000 : 0.000000 : P=0.132029 : Visits=0 : Children=0
----EvaluationQueue----
avg batch size = 7.992773
network   = 765.180372s : 25182 : 30.386005 ms
pack      = 0.125001s : 25182 : 4.963891 us
unpack    = 0.218745s : 25182 : 8.686562 us

----SearchStats----
nb_duplicate_nodes = 0
select     = 0.000000s : 1156 : 0.000000 us
expand     = 0.000000s : 1156 : 0.000000 us
vcf solver = 0.031241s : 1156 : 27.025447 us
backup     = 0.000000s : 1156 : 0.000000 us
evaluate   = 0.000000s : 352 : 0.000000 us
game rules = 0.000000s : 1156 : 0.000000 us

----TreeStats----
used nodes      = 31949
allocated nodes = 100000000
proven nodes    = 0 : 0 : 0 (win:draw:loss)
memory = 0MB
----CacheStats----
hit rate = 69.500000%
time_seek    = 0.000000s : 1156 : 0.000000 us
time_insert  = 0.000000s : 352 : 0.000000 us
time_cleanup = 0.000000s : 1 : 0.000000 us
entries = 1779 : 8761 : 10540 (stored:buffered:allocated)
memory = 32MB

Answered : MESSAGE depth 1-5 ev 0.6 n 1156 n/s 73861 tm 15 pv Xa2 Oa3 Xi6 Oe5
BEST
CIRCLE ( 6, 5) : U : Q=0.993736 : 0.000475 : 0.005789 : P=0.101722 : Visits=1096 : Children=30
CIRCLE ( 7, 4) : U : Q=0.992215 : 0.000509 : 0.007276 : P=0.089632 : Visits=858 : Children=30
CIRCLE ( 6, 6) : U : Q=0.993777 : 0.000469 : 0.005754 : P=0.060554 : Visits=656 : Children=30
CIRCLE ( 4, 5) : U : Q=0.994766 : 0.000482 : 0.004752 : P=0.051599 : Visits=610 : Children=30
CIRCLE ( 5, 6) : U : Q=0.987905 : 0.000554 : 0.011540 : P=0.077964 : Visits=564 : Children=30
CIRCLE ( 6, 3) : U : Q=0.993326 : 0.000547 : 0.006127 : P=0.051748 : Visits=556 : Children=30
CIRCLE ( 5, 5) : U : Q=0.993980 : 0.000515 : 0.005505 : P=0.049839 : Visits=550 : Children=30
CIRCLE ( 7, 5) : U : Q=0.991519 : 0.000493 : 0.007988 : P=0.052932 : Visits=484 : Children=30
CIRCLE ( 7, 6) : U : Q=0.990282 : 0.000648 : 0.009071 : P=0.057332 : Visits=481 : Children=30
CIRCLE ( 6, 7) : U : Q=0.995807 : 0.000458 : 0.003735 : P=0.035258 : Visits=461 : Children=30
  X   _   _   _   _   _   _   _   _   _   _   _   _   _   _ 
  X   _   _   _   _   _   _   _   _   _   _   _   _   _   _ 
  _   _   _   _   _   _   _    9  _   _   _   _   _   _   _ 
  _   _   _   _    7   9   9  _   _   _   _   _   _   _   _ 
  _   _   _   17  30  58  38  24  _   _   _   _   _   _   _ 
  _   _   _   28  O   52  54  41   9  _   _   _   _   _   _ 
  _   _   _   53  41 105  62  44  10  _   _   _   _   _   _ 
  _   _   _   14  82  46  46  21  10  _   _   _   _   _   _ 
  _   _   _   _   22  20  11  12  _   _   _   _   _   _   _ 
  _   _   _   _   _   _   _   _   _   _   _   _   _   _   _ 
  _   _   _   _   _   _   _   _   _   _   _   _   _   _   _ 
  _   _   _   _   _   _   _   _   _   _   _   _   _   _   _ 
  _   _   _   _   _   _   _   _   _   _   _   _   _   _   _ 
  _   _   _   _   _   _   _   _   _   _   _   _   _   _   _ 
  _   _   _   _   _   _   _   _   _   _   _   _   _   _   _ 

CROSS  ( 0, 0) : U : Q=0.006209 : 0.000528 : 0.993263 : P=0.000000 : Visits=10414 : Children=30
CIRCLE ( 6, 5) : U : Q=0.993736 : 0.000475 : 0.005789 : P=0.101722 : Visits=1096 : Children=30
CROSS  ( 2, 0) : U : Q=0.017318 : 0.000722 : 0.981960 : P=0.045233 : Visits=73 : Children=30
CIRCLE ( 3, 0) : U : Q=0.997917 : 0.000342 : 0.001741 : P=0.300972 : Visits=28 : Children=30
CROSS  ( 5, 6) : U : Q=0.002261 : 0.000489 : 0.997249 : P=0.032665 : Visits=1 : Children=30
CIRCLE ( 4, 5) : U : Q=0.000000 : 0.000000 : 0.000000 : P=0.122310 : Visits=0 : Children=0
----EvaluationQueue----
avg batch size = 7.992822
network   = 800.007460s : 26329 : 30.385030 ms
pack      = 0.125001s : 26329 : 4.747644 us
unpack    = 0.218745s : 26329 : 8.308139 us

----SearchStats----
nb_duplicate_nodes = 1
select     = 0.046882s : 10415 : 4.501407 us
expand     = 0.078133s : 10414 : 7.502722 us
vcf solver = 0.250004s : 10414 : 24.006489 us
backup     = 0.015625s : 10414 : 1.500430 us
evaluate   = 0.000000s : 9169 : 0.000000 us
game rules = 0.000000s : 10415 : 0.000000 us

----TreeStats----
used nodes      = 292759
allocated nodes = 100000000
proven nodes    = 0 : 0 : 0 (win:draw:loss)
memory = 8MB
----CacheStats----
hit rate = 11.900000%
time_seek    = 0.000000s : 10414 : 0.000000 us
time_insert  = 0.015625s : 9169 : 1.704164 us
time_cleanup = 0.000000s : 1 : 0.000000 us
entries = 9176 : 1364 : 10540 (stored:buffered:allocated)
memory = 37MB

Answered : MESSAGE depth 1-6 ev 99.3 n 10414 n/s 292 tm 35608 pv Og5 Xc0 Od0 Xf6 Oe5
Answered : 5,6
Received : RESTART
