Compiled on May 17 2021 at 21:00:40
Launched in Engine\
Received : INFO max_memory 5368709120
Received : INFO timeout_match 900000
Received : INFO timeout_turn 900000
Received : INFO game_type 1
Received : INFO rule 1
Received : INFO time_left 900000
Received : BOARD
Received : 0,0,2
Received : 6,5,1
Received : 2,0,2
Received : DONE
BEST
CROSS  ( 4, 7) : U : Q=0.003476 : 0.000396 : 0.996128 : P=0.062121 : Visits=66 : Children=30
CROSS  ( 0, 4) : U : Q=0.009596 : 0.000645 : 0.989759 : P=0.050000 : Visits=64 : Children=30
CROSS  ( 4, 5) : U : Q=0.003908 : 0.000422 : 0.995670 : P=0.040909 : Visits=44 : Children=30
CROSS  ( 4, 4) : U : Q=0.003709 : 0.000370 : 0.995921 : P=0.038485 : Visits=41 : Children=30
CROSS  ( 4, 8) : U : Q=0.003996 : 0.000311 : 0.995693 : P=0.036970 : Visits=40 : Children=30
CROSS  ( 6, 8) : U : Q=0.004634 : 0.000402 : 0.994965 : P=0.035758 : Visits=39 : Children=30
CROSS  ( 7, 4) : U : Q=0.003370 : 0.000378 : 0.996252 : P=0.036667 : Visits=39 : Children=30
CROSS  ( 5, 8) : U : Q=0.005250 : 0.000423 : 0.994328 : P=0.033333 : Visits=37 : Children=30
CROSS  ( 0, 3) : U : Q=0.002079 : 0.000442 : 0.997479 : P=0.036364 : Visits=37 : Children=30
CROSS  ( 9, 8) : U : Q=0.007338 : 0.000295 : 0.992367 : P=0.030303 : Visits=36 : Children=30
  X   X   _   33  57  _   _   _   _   _   _   _   _   _   _ 
  _   _   30  _   _   _   _   _   _   _   _   _   _   _   _ 
  _   _   _   29  _   _   _   _   _   _   _   _   _   _   _ 
  _   _   _   _   _   _   _   _   _   _   _   _   _   _   _ 
  _   _   _   28  37  39  28  59  36  _   _   _   _   _   _ 
  _   _   _   _   27  _   O   30  33  29  _   _   _   _   _ 
  _   _   _   _   _   O   30  29  35  28  _   _   _   _   _ 
  _   _   _   _   35  _   27  _   29  31  29  _   _   _   _ 
  _   _   _   _   32  _   29  _   30  _   _   _   _   _   _ 
  _   _   _   _   28  _   _   30  32  32  _   _   _   _   _ 
  _   _   _   _   _   _   _   _   _   _   _   _   _   _   _ 
  _   _   _   _   _   _   _   _   _   _   _   _   _   _   _ 
  _   _   _   _   _   _   _   _   _   _   _   _   _   _   _ 
  _   _   _   _   _   _   _   _   _   _   _   _   _   _   _ 
  _   _   _   _   _   _   _   _   _   _   _   _   _   _   _ 

CIRCLE ( 0, 0) : U : Q=0.994453 : 0.000392 : 0.005155 : P=0.000000 : Visits=1109 : Children=30
CROSS  ( 4, 7) : U : Q=0.003476 : 0.000396 : 0.996128 : P=0.062121 : Visits=66 : Children=30
CIRCLE ( 4, 5) : U : Q=0.996049 : 0.000329 : 0.003621 : P=0.122137 : Visits=9 : Children=30
CROSS  ( 6, 7) : U : Q=0.003943 : 0.000298 : 0.995759 : P=0.411181 : Visits=6 : Children=30
CIRCLE ( 5, 5) : U : Q=0.997039 : 0.000331 : 0.002630 : P=0.356438 : Visits=3 : Children=4
CROSS  ( 7, 5) : U : Q=0.001832 : 0.000283 : 0.997885 : P=0.546417 : Visits=1 : Children=30
CIRCLE ( 5, 7) : U : Q=0.000000 : 0.000000 : 0.000000 : P=0.439285 : Visits=0 : Children=0
----EvaluationQueue----
avg batch size = 7.993316
network   = 1341.803982s : 43835 : 30.610334 ms
pack      = 0.250003s : 43835 : 5.703281 us
unpack    = 0.359364s : 43835 : 8.198102 us

----SearchStats----
nb_duplicate_nodes = 1
select     = 0.015616s : 1110 : 14.068844 us
expand     = 0.000000s : 1109 : 0.000000 us
vcf solver = 0.015625s : 1109 : 14.088840 us
backup     = 0.000000s : 1109 : 0.000000 us
evaluate   = 0.000000s : 369 : 0.000000 us
game rules = 0.000000s : 1110 : 0.000000 us

----TreeStats----
used nodes      = 31282
allocated nodes = 100000000
proven nodes    = 0 : 0 : 5 (win:draw:loss)
memory = 0MB
----CacheStats----
hit rate = 66.700000%
time_seek    = 0.000000s : 1109 : 0.000000 us
time_insert  = 0.000000s : 369 : 0.000000 us
time_cleanup = 0.000000s : 1 : 0.000000 us
entries = 1674 : 27635 : 29309 (stored:buffered:allocated)
memory = 32MB

Answered : MESSAGE depth 1-7 ev 0.5 n 1109 n/s 35457 tm 31 pv Xe7 Oe5 Xg7 Of5 Xh5 Of7
BEST
CIRCLE ( 6, 5) : U : Q=0.993907 : 0.000444 : 0.005649 : P=0.084767 : Visits=1080 : Children=30
CIRCLE ( 6, 7) : U : Q=0.990691 : 0.000471 : 0.008838 : P=0.101659 : Visits=1028 : Children=30
CIRCLE ( 7, 7) : U : Q=0.993522 : 0.000468 : 0.006010 : P=0.055544 : Visits=744 : Children=30
CIRCLE ( 7, 6) : U : Q=0.986161 : 0.000503 : 0.013337 : P=0.083169 : Visits=663 : Children=30
CIRCLE ( 7, 5) : U : Q=0.987870 : 0.000493 : 0.011636 : P=0.071760 : Visits=601 : Children=30
CIRCLE ( 5, 8) : U : Q=0.991720 : 0.000502 : 0.007778 : P=0.050773 : Visits=583 : Children=30
CIRCLE ( 4, 5) : U : Q=0.990293 : 0.000532 : 0.009175 : P=0.049319 : Visits=494 : Children=30
CIRCLE ( 5, 5) : U : Q=0.993991 : 0.000532 : 0.005477 : P=0.033316 : Visits=475 : Children=30
CIRCLE ( 6, 6) : U : Q=0.985972 : 0.000585 : 0.013444 : P=0.047779 : Visits=356 : Children=30
CIRCLE ( 8, 6) : U : Q=0.993542 : 0.000578 : 0.005880 : P=0.025831 : Visits=351 : Children=30
  X   _   X   _   _   _   _   _   _   _   _   _   _   _   _ 
  _   _   _   _   _   _   _   _   _   _   _   _   _   _   _ 
  _   _   _   _   _   _   _   _   _   _   _   _   _   _   _ 
  _   _   _   _   _   _   20  _    9  _   _   _   _   _   _ 
  _   _   _   _   10  49  27  32  10   7  _   _   _   _   _ 
  _   _   _   _   20  47  O   25  58  14  _   _   _   _   _ 
  _   _   _   _   15 107  35 102  33  17  _   _   _   _   _ 
  _   _   _   _   19  60  66  74  27   7  _   _   _   _   _ 
  _   _   _   _   _   28  35  16  12   7  _   _   _   _   _ 
  _   _   _   _   _   _   _   _   _   _   _   _   _   _   _ 
  _   _   _   _   _   _   _   _   _   _   _   _   _   _   _ 
  _   _   _   _   _   _   _   _   _   _   _   _   _   _   _ 
  _   _   _   _   _   _   _   _   _   _   _   _   _   _   _ 
  _   _   _   _   _   _   _   _   _   _   _   _   _   _   _ 
  _   _   _   _   _   _   _   _   _   _   _   _   _   _   _ 

CROSS  ( 0, 0) : U : Q=0.009260 : 0.000512 : 0.990228 : P=0.000000 : Visits=10010 : Children=30
CIRCLE ( 6, 5) : U : Q=0.993907 : 0.000444 : 0.005649 : P=0.084767 : Visits=1080 : Children=30
CROSS  ( 0, 1) : U : Q=0.014187 : 0.000577 : 0.985236 : P=0.061068 : Visits=86 : Children=30
CIRCLE ( 0, 3) : U : Q=0.997479 : 0.000428 : 0.002093 : P=0.312576 : Visits=34 : Children=30
CROSS  ( 7, 4) : U : Q=0.003258 : 0.000353 : 0.996389 : P=0.056707 : Visits=2 : Children=30
CIRCLE ( 4, 5) : U : Q=0.995209 : 0.000243 : 0.004548 : P=0.135996 : Visits=1 : Children=30
CROSS  ( 7, 5) : U : Q=0.000000 : 0.000000 : 0.000000 : P=0.056799 : Visits=0 : Children=0
----EvaluationQueue----
avg batch size = 7.993326
network   = 1376.584202s : 44948 : 30.626150 ms
pack      = 0.250003s : 44948 : 5.562057 us
unpack    = 0.359364s : 44948 : 7.995101 us

----SearchStats----
nb_duplicate_nodes = 1
select     = 0.000000s : 10011 : 0.000000 us
expand     = 0.093749s : 10010 : 9.365563 us
vcf solver = 0.250026s : 10010 : 24.977574 us
backup     = 0.015624s : 10010 : 1.560796 us
evaluate   = 0.000000s : 8897 : 0.000000 us
game rules = 0.000000s : 10011 : 0.000000 us

----TreeStats----
used nodes      = 281860
allocated nodes = 100000000
proven nodes    = 0 : 0 : 5 (win:draw:loss)
memory = 8MB
----CacheStats----
hit rate = 11.100000%
time_seek    = 0.000000s : 10010 : 0.000000 us
time_insert  = 0.015625s : 8897 : 1.756264 us
time_cleanup = 0.015616s : 1 : 15.615940 ms
entries = 9005 : 20304 : 29309 (stored:buffered:allocated)
memory = 36MB

Answered : MESSAGE depth 1-7 ev 99.0 n 10010 n/s 281 tm 35608 pv Og5 Xa1 Oa3 Xh4 Oe5 Xh5
Answered : 5,6
Received : RESTART
