Compiled on May 17 2021 at 21:00:40
Launched in Engine\
Received : INFO max_memory 5368709120
Received : INFO timeout_match 900000
Received : INFO timeout_turn 900000
Received : INFO game_type 1
Received : INFO rule 1
Received : INFO time_left 900000
Received : BOARD
Received : 0,0,2
Received : 5,6,1
Received : 0,3,2
Received : DONE
BEST
CROSS  ( 4, 2) : U : Q=0.013890 : 0.001488 : 0.984623 : P=0.067411 : Visits=508 : Children=30
CROSS  ( 4, 3) : U : Q=0.010784 : 0.001187 : 0.988029 : P=0.085174 : Visits=501 : Children=30
CROSS  ( 2, 4) : U : Q=0.012719 : 0.001442 : 0.985839 : P=0.048736 : Visits=333 : Children=30
CROSS  ( 6, 4) : U : Q=0.005203 : 0.000900 : 0.993897 : P=0.069460 : Visits=296 : Children=30
CROSS  ( 2, 3) : U : Q=0.011783 : 0.001482 : 0.986735 : P=0.043954 : Visits=280 : Children=30
CROSS  ( 3, 3) : U : Q=0.013039 : 0.001278 : 0.985683 : P=0.037577 : Visits=261 : Children=30
CROSS  ( 4, 5) : U : Q=0.005320 : 0.000775 : 0.993905 : P=0.059440 : Visits=254 : Children=30
CROSS  ( 2, 5) : U : Q=0.014342 : 0.001448 : 0.984210 : P=0.029606 : Visits=232 : Children=30
CROSS  ( 3, 2) : U : Q=0.010100 : 0.001073 : 0.988827 : P=0.041448 : Visits=232 : Children=30
CROSS  ( 3, 4) : U : Q=0.007193 : 0.001009 : 0.991799 : P=0.043043 : Visits=203 : Children=30
  X   _   _   _   _   _   _   _   _   _   _   _   _   _   _ 
  _   14  _   _   _   _   _   _   _   _   _   _   _   _   _ 
  _   _   X   55  66  46  _   _   _   _   _   _   _   _   _ 
  _   _   46  52  40  27  _   _   _   _   _   _   _   _   _ 
  _   _  101  99  O   50  17  17  _   _   _   _   _   _   _ 
  _   _   27  31  33  _   16  15  _   _   _   _   _   _   _ 
  _   _   17  18  59  O   17  16  _   _   _   _   _   _   _ 
  _   _   _   _   _   16  15  16  15  14  15  _   _   _   _ 
  _   _   _   _   _   _   _   _   _   _   _   _   _   _   _ 
  _   _   _   _   _   _   _   _   15  _   _   _   _   _   _ 
  _   _   _   _   _   _   _   _   _   _   _   _   _   _   _ 
  _   _   _   _   _   _   _   _   _   _   _   _   _   _   _ 
  _   _   _   _   _   _   _   _   _   _   _   _   _   _   _ 
  _   _   _   _   _   _   _   _   _   _   _   _   _   _   _ 
  _   _   _   _   _   _   _   _   _   _   _   _   _   _   _ 

CIRCLE ( 0, 0) : U : Q=0.990711 : 0.000994 : 0.008296 : P=0.000000 : Visits=5014 : Children=30
CROSS  ( 4, 2) : U : Q=0.013890 : 0.001488 : 0.984623 : P=0.067411 : Visits=508 : Children=30
CIRCLE ( 5, 2) : U : Q=0.976962 : 0.002154 : 0.020883 : P=0.187768 : Visits=85 : Children=30
CROSS  ( 2, 4) : U : Q=0.023520 : 0.002375 : 0.974105 : P=0.736643 : Visits=74 : Children=30
CIRCLE ( 3, 3) : U : Q=0.989394 : 0.001417 : 0.009189 : P=0.253542 : Visits=22 : Children=30
CROSS  ( 2, 3) : U : Q=0.013134 : 0.001711 : 0.985155 : P=0.336880 : Visits=11 : Children=4
CIRCLE ( 2, 5) : U : Q=0.984765 : 0.001441 : 0.013795 : P=0.884866 : Visits=9 : Children=30
CROSS  ( 3, 2) : U : Q=0.015255 : 0.001141 : 0.983604 : P=0.562477 : Visits=6 : Children=30
CIRCLE ( 3, 4) : U : Q=0.993122 : 0.000988 : 0.005890 : P=0.139529 : Visits=1 : Children=7
CROSS  ( 4, 3) : U : Q=0.000000 : 0.000000 : 0.000000 : P=0.772162 : Visits=0 : Children=0
----EvaluationQueue----
avg batch size = 7.992416
network   = 3330.193626s : 105093 : 31.688063 ms
pack      = 0.781255s : 105093 : 7.433944 us
unpack    = 0.687498s : 105093 : 6.541807 us

----SearchStats----
nb_duplicate_nodes = 0
select     = 0.015625s : 5014 : 3.116370 us
expand     = 0.031249s : 5014 : 6.232264 us
vcf solver = 0.093739s : 5014 : 18.695459 us
backup     = 0.000000s : 5014 : 0.000000 us
evaluate   = 0.000000s : 336 : 0.000000 us
game rules = 0.000000s : 5014 : 0.000000 us

----TreeStats----
used nodes      = 123383
allocated nodes = 100000000
proven nodes    = 0 : 0 : 6 (win:draw:loss)
memory = 3MB
----CacheStats----
hit rate = 93.200000%
time_seek    = 0.000000s : 5014 : 0.000000 us
time_insert  = 0.000000s : 336 : 0.000000 us
time_cleanup = 0.015631s : 1 : 15.630722 ms
entries = 4768 : 24541 : 29309 (stored:buffered:allocated)
memory = 34MB

Answered : MESSAGE depth 1-10 ev 0.8 n 5014 n/s 319613 tm 15 pv Xe2 Of2 Xc4 Od3 Xc3 Oc5 Xd2 Od4 Xe3
