Compiled on May 17 2021 at 21:00:40
Launched in Engine\
Received : INFO max_memory 5368709120
Received : INFO timeout_match 900000
Received : INFO timeout_turn 900000
Received : INFO game_type 1
Received : INFO rule 1
Received : INFO time_left 900000
Received : BOARD
Received : 0,0,2
Received : 3,5,1
Received : 0,1,2
Received : DONE
BEST
CROSS  ( 3, 3) : U : Q=0.017023 : 0.000246 : 0.982731 : P=0.362340 : Visits=1389 : Children=30
CROSS  ( 3, 5) : U : Q=0.012356 : 0.000343 : 0.987301 : P=0.109062 : Visits=334 : Children=30
CROSS  ( 2, 4) : U : Q=0.019971 : 0.000404 : 0.979625 : P=0.059934 : Visits=274 : Children=30
CROSS  ( 4, 2) : U : Q=0.014944 : 0.000269 : 0.984787 : P=0.050281 : Visits=174 : Children=30
CROSS  ( 1, 3) : U : Q=0.018603 : 0.000634 : 0.980763 : P=0.029391 : Visits=124 : Children=30
CROSS  ( 1, 4) : U : Q=0.017185 : 0.000614 : 0.982201 : P=0.030543 : Visits=119 : Children=30
CROSS  ( 4, 4) : U : Q=0.011147 : 0.000166 : 0.988687 : P=0.037747 : Visits=109 : Children=30
CROSS  ( 4, 7) : U : Q=0.005658 : 0.000326 : 0.994016 : P=0.034865 : Visits=83 : Children=30
CROSS  ( 4, 5) : U : Q=0.008492 : 0.000319 : 0.991188 : P=0.018297 : Visits=48 : Children=30
CROSS  ( 2, 5) : U : Q=0.008783 : 0.000397 : 0.990820 : P=0.017433 : Visits=46 : Children=30
  X   _   _   _   _   _   _   _   _   _   _   _   _   _   _ 
  _   _   _   37  36  X   12   8  _   _   _    8  _   _   _ 
  _   _   _   _   83  14  _    8   8   7  _    9  _   _   _ 
  _   _   _  422   8 101  10   9  10   7  _   _   _   _   _ 
  _   _   52   9  33  14   7  25  O   12  O    8  _   _   _ 
  _   _   _   _   _   _   _   _    7  _   _   _   _    7  _ 
  _   _   _   _   _   _   _   _   _   _    7   7  _   _   _ 
  _   _   _   _   _   _   _   _   _   _   _   _   _   _   _ 
  _   _   _   _   _   _   _   _   _   _   _   _   _   _   _ 
  _   _   _   _   _   _   _   _   _   _   _   _   _   _   _ 
  _   _   _   _   _   _   _   _   _   _   _   _   _   _   _ 
  _   _   _   _   _   _   _   _   _   _   _   _   _   _   _ 
  _   _   _   _   _   _   _   _   _   _   _   _   _   _   _ 
  _   _   _   _   _   _   _   _   _   _   _   _   _   _   _ 
  _   _   _   _   _   _   _   _   _   _   _   _   _   _   _ 

CIRCLE ( 0, 0) : U : Q=0.985691 : 0.000324 : 0.013986 : P=0.000000 : Visits=3286 : Children=30
CROSS  ( 3, 3) : U : Q=0.017023 : 0.000246 : 0.982731 : P=0.362340 : Visits=1389 : Children=30
CIRCLE ( 5, 9) : U : Q=0.988028 : 0.000132 : 0.011839 : P=0.215576 : Visits=341 : Children=30
CROSS  ( 2, 4) : U : Q=0.012993 : 0.000144 : 0.986863 : P=0.746790 : Visits=261 : Children=3
CIRCLE ( 4, 2) : U : Q=0.989421 : 0.000121 : 0.010458 : P=0.853020 : Visits=229 : Children=30
CROSS  ( 4, 4) : U : Q=0.011665 : 0.000120 : 0.988215 : P=0.663874 : Visits=163 : Children=30
CIRCLE ( 4, 9) : U : Q=0.992749 : 0.000087 : 0.007163 : P=0.378963 : Visits=66 : Children=6
CROSS  ( 4, 7) : U : Q=0.006547 : 0.000077 : 0.993376 : P=0.389942 : Visits=26 : Children=30
CIRCLE ( 3, 9) : U : Q=0.996350 : 0.000042 : 0.003607 : P=0.266355 : Visits=8 : Children=8
CROSS  ( 2, 2) : U : Q=0.004621 : 0.000039 : 0.995341 : P=0.416882 : Visits=3 : Children=1
CIRCLE ( 1, 1) : U : Q=0.997605 : 0.000042 : 0.002353 : P=1.000000 : Visits=2 : Children=8
CROSS  ( 6, 9) : U : Q=0.002420 : 0.000055 : 0.997524 : P=0.418725 : Visits=1 : Children=30
CIRCLE ( 3,11) : U : Q=0.000000 : 0.000000 : 0.000000 : P=0.253269 : Visits=0 : Children=0
----EvaluationQueue----
avg batch size = 7.992572
network   = 655.433581s : 21674 : 30.240545 ms
pack      = 0.109375s : 21674 : 5.046391 us
unpack    = 0.187495s : 21674 : 8.650687 us

----SearchStats----
nb_duplicate_nodes = 0
select     = 0.015625s : 3286 : 4.754876 us
expand     = 0.000000s : 3286 : 0.000000 us
vcf solver = 0.171872s : 3286 : 52.304219 us
backup     = 0.000000s : 3286 : 0.000000 us
evaluate   = 0.000000s : 368 : 0.000000 us
game rules = 0.000000s : 3286 : 0.000000 us

----TreeStats----
used nodes      = 60507
allocated nodes = 100000000
proven nodes    = 0 : 0 : 5 (win:draw:loss)
memory = 1MB
----CacheStats----
hit rate = 88.800000%
time_seek    = 0.000000s : 3286 : 0.000000 us
time_insert  = 0.000000s : 368 : 0.000000 us
time_cleanup = 0.015627s : 1 : 15.627384 ms
entries = 2929 : 7611 : 10540 (stored:buffered:allocated)
memory = 33MB

Answered : MESSAGE depth 1-13 ev 1.4 n 3286 n/s 209970 tm 15 pv Xd3 Of9 Xc4 Oe2 Xe4 Oe9 Xe7 Od9 Xc2 Ob1 Xg9 Od11
BEST
CIRCLE ( 6, 4) : U : Q=0.993014 : 0.000512 : 0.006473 : P=0.162988 : Visits=1437 : Children=30
CIRCLE ( 5, 5) : U : Q=0.995426 : 0.000501 : 0.004073 : P=0.089997 : Visits=986 : Children=30
CIRCLE ( 6, 5) : U : Q=0.995999 : 0.000432 : 0.003569 : P=0.074227 : Visits=855 : Children=30
CIRCLE ( 4, 4) : U : Q=0.993202 : 0.000537 : 0.006262 : P=0.091684 : Visits=840 : Children=30
CIRCLE ( 7, 4) : U : Q=0.994878 : 0.000477 : 0.004645 : P=0.061402 : Visits=643 : Children=30
CIRCLE ( 6, 6) : U : Q=0.991336 : 0.000683 : 0.007981 : P=0.077072 : Visits=622 : Children=30
CIRCLE ( 7, 5) : U : Q=0.994213 : 0.000608 : 0.005179 : P=0.055504 : Visits=555 : Children=30
CIRCLE ( 5, 4) : U : Q=0.992486 : 0.000556 : 0.006959 : P=0.046609 : Visits=407 : Children=30
CIRCLE ( 7, 3) : U : Q=0.992028 : 0.000594 : 0.007379 : P=0.043044 : Visits=364 : Children=30
CIRCLE ( 5, 6) : U : Q=0.994567 : 0.000651 : 0.004781 : P=0.032787 : Visits=336 : Children=30
  X   _   _   _   _   _   _   _   _   _   _   _   _   _   _ 
  X   _   _   _   _   _   _   _   _   _   _   _   _   _   _ 
  _   _   _   _   _   _   _   _   _   _   _   _   _   _   _ 
  _   _   _    2   3  16   3  _   _   _   _   _   _   _   _ 
  _   _   _    9  87  19  23   3  _   _   _   _   _   _   _ 
  _   _   _   O   42 102  34   4  _   _   _   _   _   _   _ 
  _   _    3  28 149  88  64   8  _   _   _   _   _   _   _ 
  _   _   _   37  66  57  23  11  _   _   _   _   _   _   _ 
  _   _   _   13  30  17  32   6  _   _   _   _   _   _   _ 
  _   _   _   _   _    3  _   _   _   _   _   _   _   _   _ 
  _   _   _   _   _   _   _   _   _   _   _   _   _   _   _ 
  _   _   _   _   _   _   _   _   _   _   _   _   _   _   _ 
  _   _   _   _   _   _   _   _   _   _   _   _   _   _   _ 
  _   _   _   _   _   _   _   _   _   _   _   _   _   _   _ 
  _   _   _   _   _   _   _   _   _   _   _   _   _   _   _ 

CROSS  ( 0, 0) : U : Q=0.005574 : 0.000564 : 0.993862 : P=0.000000 : Visits=9610 : Children=30
CIRCLE ( 6, 4) : U : Q=0.993014 : 0.000512 : 0.006473 : P=0.162988 : Visits=1437 : Children=30
CROSS  ( 7, 5) : U : Q=0.003856 : 0.000446 : 0.995697 : P=0.109360 : Visits=146 : Children=30
CIRCLE ( 6, 3) : U : Q=0.996122 : 0.000307 : 0.003571 : P=0.155775 : Visits=25 : Children=30
CROSS  ( 7, 3) : U : Q=0.003921 : 0.000321 : 0.995757 : P=0.259799 : Visits=9 : Children=30
CIRCLE ( 6, 2) : U : Q=0.996161 : 0.000398 : 0.003442 : P=0.373022 : Visits=3 : Children=4
CROSS  ( 6, 5) : U : Q=0.002671 : 0.000264 : 0.997065 : P=0.910247 : Visits=2 : Children=30
CIRCLE ( 4, 4) : U : Q=0.997105 : 0.000185 : 0.002709 : P=0.647637 : Visits=1 : Children=6
CROSS  ( 7, 1) : U : Q=0.000000 : 0.000000 : 0.000000 : P=0.544222 : Visits=0 : Children=0
----EvaluationQueue----
avg batch size = 7.992614
network   = 690.432551s : 22745 : 30.355355 ms
pack      = 0.109375s : 22745 : 4.808770 us
unpack    = 0.203120s : 22745 : 8.930293 us

----SearchStats----
nb_duplicate_nodes = 1
select     = 0.000000s : 9611 : 0.000000 us
expand     = 0.031249s : 9610 : 3.251722 us
vcf solver = 0.187527s : 9610 : 19.513705 us
backup     = 0.000000s : 9610 : 0.000000 us
evaluate   = 0.000000s : 8561 : 0.000000 us
game rules = 0.015625s : 9611 : 1.625741 us

----TreeStats----
used nodes      = 268948
allocated nodes = 100000000
proven nodes    = 0 : 0 : 0 (win:draw:loss)
memory = 8MB
----CacheStats----
hit rate = 10.900000%
time_seek    = 0.015625s : 9610 : 1.625935 us
time_insert  = 0.031249s : 8561 : 3.650135 us
time_cleanup = 0.000000s : 1 : 0.000000 us
entries = 8561 : 1979 : 10540 (stored:buffered:allocated)
memory = 36MB

Answered : MESSAGE depth 1-9 ev 99.4 n 9610 n/s 269 tm 35623 pv Og4 Xh5 Og3 Xh3 Og2 Xg5 Oe4 Xh1
Answered : 4,6
Received : RESTART
