Compiled on May 17 2021 at 21:00:40
Launched in Engine\
Received : INFO max_memory 5368709120
Received : INFO timeout_match 900000
Received : INFO timeout_turn 900000
Received : INFO game_type 1
Received : INFO rule 1
Received : INFO time_left 900000
Received : BOARD
Received : 0,0,2
Received : 5,5,1
Received : 1,2,2
Received : DONE
BEST
CROSS  ( 5, 4) : U : Q=0.004639 : 0.000522 : 0.994839 : P=0.051325 : Visits=55 : Children=30
CROSS  ( 4, 4) : U : Q=0.003907 : 0.000497 : 0.995596 : P=0.045121 : Visits=47 : Children=30
CROSS  ( 5, 3) : U : Q=0.005027 : 0.000440 : 0.994534 : P=0.042301 : Visits=45 : Children=30
CROSS  ( 3, 4) : U : Q=0.003779 : 0.000303 : 0.995918 : P=0.043147 : Visits=45 : Children=30
CROSS  ( 4, 3) : U : Q=0.004355 : 0.000359 : 0.995286 : P=0.041173 : Visits=43 : Children=30
CROSS  ( 5, 6) : U : Q=0.003474 : 0.000520 : 0.996006 : P=0.039199 : Visits=40 : Children=30
CROSS  ( 4, 5) : U : Q=0.004262 : 0.000508 : 0.995230 : P=0.036943 : Visits=39 : Children=30
CROSS  ( 6, 3) : U : Q=0.004121 : 0.000333 : 0.995545 : P=0.036943 : Visits=39 : Children=30
CROSS  ( 6, 4) : U : Q=0.005759 : 0.000512 : 0.993729 : P=0.034405 : Visits=38 : Children=30
CROSS  (10, 1) : U : Q=0.005854 : 0.000373 : 0.993772 : P=0.032431 : Visits=35 : Children=30
  X   _   _   _   _   _   _   _   _   _   _   _   _   _   _ 
  _   _   _   _   _   _   _   _   _   _   _   _   _   _   _ 
  X   _   _   28  29  _   27  _   _   _   _   _   _   _   _ 
  _   _   _   32  42  _   28  _   _   _   _   _   _   _   _ 
  _   _   27  40  44  36  27  _   _   _   _   _   _   _   _ 
  _   _   29  42  52  O   37  O   _   _   _   _   _   _   _ 
  _   _   29  36  36  31  _   _   _   _   _   _   _   _   _ 
  _   _   31  33  32  30  29  _   _   _   _   _   _   _   _ 
  _   _   28  30  28  29  _   _   _   _   _   _   _   _   _ 
  _   32  _   _   _   _   _   _   _   _   _   _   _   _   _ 
  _   33  _   _   _   _   _   _   _   _   _   _   _   _   _ 
  _   _   _   _   _   _   _   _   _   _   _   _   _   _   _ 
  _   _   _   _   _   _   _   _   _   _   _   _   _   _   _ 
  _   _   _   _   _   _   _   _   _   _   _   _   _   _   _ 
  _   _   _   _   _   _   _   _   _   _   _   _   _   _   _ 

CIRCLE ( 0, 0) : U : Q=0.995038 : 0.000412 : 0.004549 : P=0.000000 : Visits=1056 : Children=30
CROSS  ( 5, 4) : U : Q=0.004639 : 0.000522 : 0.994839 : P=0.051325 : Visits=55 : Children=30
CIRCLE ( 4, 6) : U : Q=0.995815 : 0.000323 : 0.003862 : P=0.182409 : Visits=12 : Children=30
CROSS  ( 6, 4) : U : Q=0.004813 : 0.000273 : 0.994914 : P=0.279428 : Visits=6 : Children=30
CIRCLE ( 3, 5) : U : Q=0.993631 : 0.000354 : 0.006015 : P=0.380394 : Visits=3 : Children=4
CROSS  ( 2, 4) : U : Q=0.006373 : 0.000355 : 0.993272 : P=0.912897 : Visits=2 : Children=30
CIRCLE ( 4, 4) : U : Q=0.988464 : 0.000516 : 0.011020 : P=0.662352 : Visits=1 : Children=30
CROSS  ( 4, 5) : U : Q=0.000000 : 0.000000 : 0.000000 : P=0.219600 : Visits=0 : Children=0
----EvaluationQueue----
avg batch size = 7.993595
network   = 1232.650937s : 40439 : 30.481736 ms
pack      = 0.250003s : 40439 : 6.182233 us
unpack    = 0.328115s : 40439 : 8.113831 us

----SearchStats----
nb_duplicate_nodes = 0
select     = 0.000000s : 1056 : 0.000000 us
expand     = 0.000000s : 1056 : 0.000000 us
vcf solver = 0.015625s : 1056 : 14.796402 us
backup     = 0.000000s : 1056 : 0.000000 us
evaluate   = 0.000000s : 352 : 0.000000 us
game rules = 0.000000s : 1056 : 0.000000 us

----TreeStats----
used nodes      = 30050
allocated nodes = 100000000
proven nodes    = 0 : 0 : 5 (win:draw:loss)
memory = 0MB
----CacheStats----
hit rate = 66.600000%
time_seek    = 0.000000s : 1056 : 0.000000 us
time_insert  = 0.000000s : 352 : 0.000000 us
time_cleanup = 0.015626s : 1 : 15.626431 ms
entries = 1322 : 27987 : 29309 (stored:buffered:allocated)
memory = 32MB

Answered : MESSAGE depth 1-8 ev 0.4 n 1056 n/s 67569 tm 15 pv Xf4 Oe6 Xg4 Od5 Xc4 Oe4 Xe5
BEST
CIRCLE ( 7, 5) : U : Q=0.994181 : 0.000491 : 0.005328 : P=0.070468 : Visits=737 : Children=30
CIRCLE ( 5, 7) : U : Q=0.991557 : 0.000703 : 0.007740 : P=0.080928 : Visits=702 : Children=30
CIRCLE ( 4, 4) : U : Q=0.995088 : 0.000518 : 0.004394 : P=0.057217 : Visits=650 : Children=30
CIRCLE ( 6, 6) : U : Q=0.993735 : 0.000482 : 0.005783 : P=0.064425 : Visits=649 : Children=30
CIRCLE ( 5, 4) : U : Q=0.994487 : 0.000585 : 0.004929 : P=0.052951 : Visits=571 : Children=30
CIRCLE ( 4, 6) : U : Q=0.994261 : 0.000534 : 0.005205 : P=0.053616 : Visits=567 : Children=30
CIRCLE ( 7, 6) : U : Q=0.993654 : 0.000568 : 0.005779 : P=0.055927 : Visits=562 : Children=30
CIRCLE ( 5, 6) : U : Q=0.993559 : 0.000591 : 0.005850 : P=0.053318 : Visits=532 : Children=30
CIRCLE ( 6, 7) : U : Q=0.993920 : 0.000555 : 0.005525 : P=0.051727 : Visits=531 : Children=30
CIRCLE ( 6, 4) : U : Q=0.994480 : 0.000520 : 0.005000 : P=0.048322 : Visits=520 : Children=30
  X   _   _   _   _   _   _   _   _   _   _   _   _   _   _ 
  _   _   _   _   _   _   _   _   _   _   _   _   _   _   _ 
  _   X   _   _   _   _   _   _   _   _   _   _   _   _   _ 
  _   _   _   _   11  24  10  _   _   _   _   _   _   _   _ 
  _   _   _   10  67  35  59  35   8  _   _   _   _   _   _ 
  _   _   _   20  59  O   55  73  11  _   _   _   _   _   _ 
  _   _   _   14  54  45  67  55  10  _   _   _   _   _   _ 
  _   _   _    9  35  76  58  11  _   _   _   _   _   _   _ 
  _   _   _   _   13  30  21   9  _   _   _   _   _   _   _ 
  _   _   _   _   _   _    3  _   _   _   _   _   _   _   _ 
  _   _   _   _   _   _   _   _   _   _   _   _   _   _   _ 
  _   _   _   _   _   _   _   _   _   _   _   _   _   _   _ 
  _   _   _   _   _   _   _   _   _   _   _   _   _   _   _ 
  _   _   _   _   _   _   _   _   _   _   _   _   _   _   _ 
  _   _   _   _   _   _   _   _   _   _   _   _   _   _   _ 

CROSS  ( 0, 0) : U : Q=0.006327 : 0.000623 : 0.993050 : P=0.000000 : Visits=9593 : Children=30
CIRCLE ( 7, 5) : U : Q=0.994181 : 0.000491 : 0.005328 : P=0.070468 : Visits=737 : Children=30
CROSS  ( 4, 5) : U : Q=0.005528 : 0.000529 : 0.993943 : P=0.047894 : Visits=36 : Children=30
CIRCLE ( 6, 4) : U : Q=0.994927 : 0.000305 : 0.004768 : P=0.229168 : Visits=11 : Children=30
CROSS  ( 4, 3) : U : Q=0.006840 : 0.000352 : 0.992808 : P=0.239298 : Visits=4 : Children=30
CIRCLE ( 5, 4) : U : Q=0.989789 : 0.000401 : 0.009810 : P=0.299423 : Visits=2 : Children=30
CROSS  ( 4, 4) : U : Q=0.004922 : 0.000395 : 0.994683 : P=0.720834 : Visits=1 : Children=4
CIRCLE ( 4, 6) : U : Q=0.000000 : 0.000000 : 0.000000 : P=0.857133 : Visits=0 : Children=0
----EvaluationQueue----
avg batch size = 7.993584
network   = 1267.556179s : 41459 : 30.573728 ms
pack      = 0.250003s : 41459 : 6.030134 us
unpack    = 0.343740s : 41459 : 8.291077 us

----SearchStats----
nb_duplicate_nodes = 1
select     = 0.031249s : 9594 : 3.257145 us
expand     = 0.109372s : 9593 : 11.401195 us
vcf solver = 0.203119s : 9593 : 21.173623 us
backup     = 0.000000s : 9593 : 0.000000 us
evaluate   = 0.000000s : 8153 : 0.000000 us
game rules = 0.015625s : 9594 : 1.628572 us

----TreeStats----
used nodes      = 250317
allocated nodes = 100000000
proven nodes    = 0 : 0 : 5 (win:draw:loss)
memory = 7MB
----CacheStats----
hit rate = 15.000000%
time_seek    = 0.000000s : 9593 : 0.000000 us
time_insert  = 0.000000s : 8153 : 0.000000 us
time_cleanup = 0.015626s : 1 : 15.626431 ms
entries = 8155 : 21154 : 29309 (stored:buffered:allocated)
memory = 36MB

Answered : MESSAGE depth 1-8 ev 99.3 n 9593 n/s 269 tm 35608 pv Oh5 Xe5 Og4 Xe3 Of4 Xe4 Oe6
Answered : 5,7
Received : RESTART
