Compiled on May 17 2021 at 21:00:40
Launched in Engine\
Received : INFO max_memory 5368709120
Received : INFO timeout_match 900000
Received : INFO timeout_turn 900000
Received : INFO game_type 1
Received : INFO rule 1
Received : INFO time_left 900000
Received : BOARD
Received : 0,0,2
Received : 4,5,1
Received : 0,2,2
Received : DONE
BEST
CROSS  ( 6, 4) : U : Q=0.003724 : 0.000550 : 0.995726 : P=0.081809 : Visits=155 : Children=30
CROSS  ( 3, 4) : U : Q=0.004208 : 0.000598 : 0.995194 : P=0.051251 : Visits=99 : Children=30
CROSS  ( 3, 3) : U : Q=0.003383 : 0.000417 : 0.996199 : P=0.040664 : Visits=76 : Children=30
CROSS  ( 3, 2) : U : Q=0.004098 : 0.000432 : 0.995469 : P=0.037536 : Visits=72 : Children=30
CROSS  ( 4, 3) : U : Q=0.003787 : 0.000547 : 0.995666 : P=0.036092 : Visits=69 : Children=30
CROSS  ( 2, 5) : U : Q=0.003809 : 0.000462 : 0.995728 : P=0.036333 : Visits=69 : Children=30
CROSS  ( 1, 2) : U : Q=0.006048 : 0.000698 : 0.993254 : P=0.032483 : Visits=67 : Children=30
CROSS  ( 1, 4) : U : Q=0.006289 : 0.000659 : 0.993052 : P=0.031521 : Visits=66 : Children=30
CROSS  ( 2, 4) : U : Q=0.002836 : 0.000379 : 0.996785 : P=0.036092 : Visits=66 : Children=30
CROSS  ( 1, 3) : U : Q=0.005413 : 0.000629 : 0.993958 : P=0.032483 : Visits=65 : Children=30
  X   31  _   _   _   _   _   _   _   _   _   _   _   _   _ 
  26  X   35  33  34  30  25  _   _   _   _   _   _   _   _ 
  _   28  _   31  34  36  _   _   _   _   _   _   _   _   _ 
  _   _   37  39  51  30  _   _   _   _   _   _   _   _   _ 
  _   28  30  36  O   29  _   _   _   _   _   _   _   _   _ 
  _   _   29  28  O   _   _   _   _   _   _   _   _   _   _ 
  _   _   _   _   80  _   _   _   _   _   _   _   _   _   _ 
  _   _   _   26  30  31  26  _   _   _   _   _   _   _   _ 
  _   _   _   _   27  26  _   _   _   _   _   _   _   _   _ 
  _   _   _   32  _   28  _   _   _   _   _   _   _   _   _ 
  _   _   _   _   _   _   _   _   _   _   _   _   _   _   _ 
  _   _   _   _   _   _   _   _   _   _   _   _   _   _   _ 
  _   _   _   _   _   _   _   _   _   _   _   _   _   _   _ 
  _   _   _   _   _   _   _   _   _   _   _   _   _   _   _ 
  _   _   _   _   _   _   _   _   _   _   _   _   _   _   _ 

CIRCLE ( 0, 0) : U : Q=0.995416 : 0.000475 : 0.004109 : P=0.000000 : Visits=1915 : Children=30
CROSS  ( 6, 4) : U : Q=0.003724 : 0.000550 : 0.995726 : P=0.081809 : Visits=155 : Children=30
CIRCLE ( 4, 5) : U : Q=0.996919 : 0.000368 : 0.002713 : P=0.259823 : Visits=45 : Children=30
CROSS  ( 6, 3) : U : Q=0.003154 : 0.000319 : 0.996526 : P=0.176652 : Visits=8 : Children=30
CIRCLE ( 4, 3) : U : Q=0.997972 : 0.000224 : 0.001804 : P=0.261609 : Visits=3 : Children=4
CROSS  ( 4, 2) : U : Q=0.001591 : 0.000245 : 0.998164 : P=0.448677 : Visits=1 : Children=20
CIRCLE ( 6, 5) : U : Q=0.000000 : 0.000000 : 0.000000 : P=0.941398 : Visits=0 : Children=0
----EvaluationQueue----
avg batch size = 7.993673
network   = 940.612609s : 30977 : 30.364871 ms
pack      = 0.156251s : 30977 : 5.044096 us
unpack    = 0.281241s : 30977 : 9.079024 us

----SearchStats----
nb_duplicate_nodes = 0
select     = 0.015620s : 1915 : 8.156779 us
expand     = 0.000000s : 1915 : 0.000000 us
vcf solver = 0.062513s : 1915 : 32.644048 us
backup     = 0.000000s : 1915 : 0.000000 us
evaluate   = 0.000000s : 352 : 0.000000 us
game rules = 0.000000s : 1915 : 0.000000 us

----TreeStats----
used nodes      = 50702
allocated nodes = 100000000
proven nodes    = 0 : 0 : 6 (win:draw:loss)
memory = 1MB
----CacheStats----
hit rate = 81.600000%
time_seek    = 0.000000s : 1915 : 0.000000 us
time_insert  = 0.015628s : 352 : 44.398010 us
time_cleanup = 0.015625s : 1 : 15.624762 ms
entries = 2797 : 26512 : 29309 (stored:buffered:allocated)
memory = 33MB

Answered : MESSAGE depth 1-7 ev 0.4 n 1915 n/s 122548 tm 15 pv Xg4 Oe5 Xg3 Oe3 Xe2 Og5
BEST
CIRCLE ( 6, 6) : U : Q=0.995351 : 0.000483 : 0.004166 : P=0.061780 : Visits=962 : Children=30
CIRCLE ( 7, 4) : U : Q=0.993942 : 0.000508 : 0.005549 : P=0.056192 : Visits=780 : Children=30
CIRCLE ( 6, 5) : U : Q=0.983521 : 0.000665 : 0.015814 : P=0.113135 : Visits=737 : Children=30
CIRCLE ( 6, 3) : U : Q=0.991612 : 0.000552 : 0.007836 : P=0.057867 : Visits=650 : Children=30
CIRCLE ( 7, 5) : U : Q=0.990700 : 0.000477 : 0.008824 : P=0.052828 : Visits=616 : Children=30
CIRCLE ( 4, 5) : U : Q=0.991361 : 0.000546 : 0.008093 : P=0.054857 : Visits=612 : Children=30
CIRCLE ( 7, 6) : U : Q=0.993535 : 0.000599 : 0.005866 : P=0.040969 : Visits=552 : Children=30
CIRCLE ( 4, 7) : U : Q=0.991816 : 0.000563 : 0.007621 : P=0.047643 : Visits=542 : Children=30
CIRCLE ( 6, 7) : U : Q=0.987158 : 0.000775 : 0.012067 : P=0.065939 : Visits=537 : Children=30
CIRCLE ( 5, 5) : U : Q=0.990774 : 0.000597 : 0.008630 : P=0.040844 : Visits=425 : Children=30
  X   _   _   _   _   _   _   _   _   _   _   _   _   _   _ 
  _   _   _   _   _   _   _   _   _   _   _   _   _   _   _ 
  X   _   _   _   _   _   _   _   _   _   _   _   _   _   _ 
  _   _   _   _   10   8  11   7  _   _   _   _   _   _   _ 
  _   _   _   20  37  60  18  53  _   _   _   _   _   _   _ 
  _   _   _   13  O   41  31  18  _   _   _   _   _   _   _ 
  _   _   _   64  19  72  94  52  10  _   _   _   _   _   _ 
  _   _   _   10  76  60  54  36   9  _   _   _   _   _   _ 
  _   _   _    7  20  31  17  26  _   _   _   _   _   _   _ 
  _   _   _   _   _   _   _   _   _   _   _   _   _   _   _ 
  _   _   _   _   _   _   _   _   _   _   _   _   _   _   _ 
  _   _   _   _   _   _   _   _   _   _   _   _   _   _   _ 
  _   _   _   _   _   _   _   _   _   _   _   _   _   _   _ 
  _   _   _   _   _   _   _   _   _   _   _   _   _   _   _ 
  _   _   _   _   _   _   _   _   _   _   _   _   _   _   _ 

CROSS  ( 0, 0) : U : Q=0.009150 : 0.000600 : 0.990251 : P=0.000000 : Visits=10150 : Children=30
CIRCLE ( 6, 6) : U : Q=0.995351 : 0.000483 : 0.004166 : P=0.061780 : Visits=962 : Children=30
CROSS  ( 1, 0) : U : Q=0.004259 : 0.000499 : 0.995241 : P=0.055535 : Visits=54 : Children=30
CIRCLE ( 3, 0) : U : Q=0.998103 : 0.000337 : 0.001561 : P=0.403584 : Visits=29 : Children=30
CROSS  ( 6, 4) : U : Q=0.001756 : 0.000491 : 0.997752 : P=0.042949 : Visits=1 : Children=30
CIRCLE ( 5, 5) : U : Q=0.000000 : 0.000000 : 0.000000 : P=0.153930 : Visits=0 : Children=0
----EvaluationQueue----
avg batch size = 7.993683
network   = 975.470968s : 32134 : 30.356351 ms
pack      = 0.171877s : 32134 : 5.348748 us
unpack    = 0.281241s : 32134 : 8.752130 us

----SearchStats----
nb_duplicate_nodes = 1
select     = 0.015625s : 10151 : 1.539210 us
expand     = 0.093741s : 10150 : 9.235608 us
vcf solver = 0.234392s : 10150 : 23.092801 us
backup     = 0.000000s : 10150 : 0.000000 us
evaluate   = 0.000000s : 9249 : 0.000000 us
game rules = 0.000000s : 10151 : 0.000000 us

----TreeStats----
used nodes      = 284518
allocated nodes = 100000000
proven nodes    = 0 : 0 : 5 (win:draw:loss)
memory = 8MB
----CacheStats----
hit rate = 8.800000%
time_seek    = 0.015625s : 10150 : 1.539409 us
time_insert  = 0.015620s : 9249 : 1.688856 us
time_cleanup = 0.000000s : 1 : 0.000000 us
entries = 9267 : 20042 : 29309 (stored:buffered:allocated)
memory = 37MB

Answered : MESSAGE depth 1-6 ev 99.0 n 10150 n/s 285 tm 35608 pv Og6 Xb0 Od0 Xg4 Of5
Answered : 6,6
Received : RESTART
