Compiled on May 17 2021 at 21:00:40
Launched in Engine\
Answered : MESSAGE Detected following devices
Answered : MESSAGE CPU : GenuineIntel : 8 x AVX with 6091MB of memory
Answered : OK
Received : INFO max_memory 7516192768
Received : INFO timeout_match 900000
Received : INFO timeout_turn 900000
Received : INFO game_type 1
Received : INFO rule 1
Received : INFO time_left 900000
Received : BOARD
Received : 0,0,2
Received : 5,4,1
Received : 0,1,2
Received : DONE
BEST
CROSS  ( 0, 3) : U : Q=0.031122 : 0.001108 : 0.967770 : P=0.029189 : Visits=270 : Children=30
CROSS  ( 0, 4) : U : Q=0.023642 : 0.000994 : 0.975364 : P=0.034141 : Visits=142 : Children=30
CROSS  ( 0, 1) : U : Q=0.021082 : 0.000794 : 0.978124 : P=0.027886 : Visits=96 : Children=30
CROSS  ( 6, 7) : U : Q=0.003586 : 0.000390 : 0.996024 : P=0.057858 : Visits=96 : Children=30
CROSS  ( 3, 4) : U : Q=0.004131 : 0.000454 : 0.995415 : P=0.048997 : Visits=83 : Children=30
CROSS  ( 4, 4) : U : Q=0.004506 : 0.000486 : 0.995008 : P=0.040657 : Visits=69 : Children=30
CROSS  ( 6, 8) : U : Q=0.003972 : 0.000386 : 0.995643 : P=0.041178 : Visits=69 : Children=30
CROSS  ( 5, 8) : U : Q=0.004274 : 0.000384 : 0.995342 : P=0.037529 : Visits=63 : Children=30
CROSS  ( 3, 5) : U : Q=0.006134 : 0.000711 : 0.993155 : P=0.033881 : Visits=61 : Children=30
CROSS  ( 7, 8) : U : Q=0.004278 : 0.000368 : 0.995353 : P=0.036226 : Visits=61 : Children=30
  X   46  X  131  69  _   _   _   _   _   _   _   _   _   _ 
  _   _   _   _   _   _   _   _   _   _   _   _   _   _   _ 
  _   _   _   _   29  24  _   _   _   _   _   _   _   _   _ 
  _   _   _   22  40  29  23  _   _   _   _   _   _   _   _ 
  _   _   _   _   33  O   27  24  25  _   _   _   _   _   _ 
  _   _   _   _   23  _   O   25  30  _   _   _   _   _   _ 
  _   _   _   _   22  _   27  46  33  25  _   _   _   _   _ 
  _   _   _   _   _   _   25  29  29  25  25  _   _   _   _ 
  _   _   _   _   _   _   _   22  25  _   _   _   _   _   _ 
  _   _   _   _   _   _   24  _   24  _   _   _   _   _   _ 
  _   _   _   _   _   _   _   _   _   _   _   _   _   _   _ 
  _   _   _   _   _   _   _   _   _   _   _   _   _   _   _ 
  _   _   _   _   _   _   _   _   _   _   _   _   _   _   _ 
  _   _   _   _   _   _   _   _   _   _   _   _   _   _   _ 
  _   _   _   _   _   _   _   _   _   _   _   _   _   _   _ 

CIRCLE ( 0, 0) : U : Q=0.989305 : 0.000566 : 0.010129 : P=0.000000 : Visits=2052 : Children=30
CROSS  ( 0, 3) : U : Q=0.031122 : 0.001108 : 0.967770 : P=0.029189 : Visits=270 : Children=30
CIRCLE ( 0, 4) : U : Q=0.994231 : 0.000560 : 0.005209 : P=0.357335 : Visits=123 : Children=30
CROSS  ( 6, 7) : U : Q=0.003509 : 0.000357 : 0.996135 : P=0.050101 : Visits=6 : Children=30
CIRCLE ( 5, 4) : U : Q=0.996943 : 0.000328 : 0.002729 : P=0.078391 : Visits=1 : Children=30
CROSS  ( 5, 7) : U : Q=0.000000 : 0.000000 : 0.000000 : P=0.179897 : Visits=0 : Children=0
----EvaluationQueue----
avg batch size = 7.994681
network   = 35.748963s : 1316 : 27.164866 ms
pack      = 0.000000s : 1316 : 0.000000 us
unpack    = 0.015625s : 1316 : 11.872919 us

----SearchStats----
nb_duplicate_nodes = 0
select     = 0.000000s : 2052 : 0.000000 us
expand     = 0.031254s : 2052 : 15.231136 us
vcf solver = 0.015620s : 2052 : 7.611850 us
backup     = 0.000000s : 2052 : 0.000000 us
evaluate   = 0.000000s : 592 : 0.000000 us
game rules = 0.000000s : 2052 : 0.000000 us

----TreeStats----
used nodes      = 55485
allocated nodes = 100000000
proven nodes    = 0 : 0 : 0 (win:draw:loss)
memory = 1MB
----CacheStats----
hit rate = 71.100000%
time_seek    = 0.000000s : 2052 : 0.000000 us
time_insert  = 0.000000s : 592 : 0.000000 us
time_cleanup = 0.015624s : 1 : 15.624285 ms
entries = 2660 : 7269 : 9929 (stored:buffered:allocated)
memory = 33MB

Answered : MESSAGE depth 1-6 ev 1.0 n 2052 n/s 65620 tm 31 pv Xa3 Oa4 Xg7 Of4 Xf7
BEST
CIRCLE ( 4, 7) : U : Q=0.992792 : 0.000491 : 0.006717 : P=0.087126 : Visits=1056 : Children=30
CIRCLE ( 5, 6) : U : Q=0.990527 : 0.000556 : 0.008917 : P=0.093740 : Visits=970 : Children=30
CIRCLE ( 6, 5) : U : Q=0.990688 : 0.000562 : 0.008750 : P=0.078529 : Visits=804 : Children=30
CIRCLE ( 5, 7) : U : Q=0.994170 : 0.000451 : 0.005379 : P=0.053686 : Visits=740 : Children=30
CIRCLE ( 6, 6) : U : Q=0.991511 : 0.000502 : 0.007988 : P=0.063825 : Visits=704 : Children=30
CIRCLE ( 6, 7) : U : Q=0.991935 : 0.000612 : 0.007453 : P=0.056722 : Visits=650 : Children=30
CIRCLE ( 3, 6) : U : Q=0.993720 : 0.000499 : 0.005780 : P=0.048566 : Visits=642 : Children=30
CIRCLE ( 5, 5) : U : Q=0.992740 : 0.000586 : 0.006673 : P=0.049826 : Visits=604 : Children=30
CIRCLE ( 5, 4) : U : Q=0.992348 : 0.000548 : 0.007103 : P=0.051334 : Visits=600 : Children=30
CIRCLE ( 4, 6) : U : Q=0.990047 : 0.000588 : 0.009365 : P=0.052519 : Visits=515 : Children=30
  X   _   _   _   _   _   _   _   _   _   _   _   _   _   _ 
  X   _   _   _   _   _   _   _   _   _   _   _   _   _   _ 
  _   _   _   _   _   _   _   _   _   _   _   _   _   _   _ 
  _   _   _   _   15  22  53  15  _   _   _   _   _   _   _ 
  _   _   _   11  35  O   43  88  22  _   _   _   _   _   _ 
  _   _   _   11  50  50  81  61  14  _   _   _   _   _   _ 
  _   _   _    9  34  67  58  54  12  _   _   _   _   _   _ 
  _   _   10  _   28  41  38  23  12  _   _   _   _   _   _ 
  _   _   _   _   _    6  11  11  _   _   _   _   _   _   _ 
  _   _   _   _   _   _   _   _   _   _   _   _   _   _   _ 
  _   _   _   _   _   _   _   _   _   _   _   _   _   _   _ 
  _   _   _   _   _   _   _   _   _   _   _   _   _   _   _ 
  _   _   _   _   _   _   _   _   _   _   _   _   _   _   _ 
  _   _   _   _   _   _   _   _   _   _   _   _   _   _   _ 
  _   _   _   _   _   _   _   _   _   _   _   _   _   _   _ 

CROSS  ( 0, 0) : U : Q=0.006920 : 0.000562 : 0.992519 : P=0.000000 : Visits=11962 : Children=30
CIRCLE ( 4, 7) : U : Q=0.992792 : 0.000491 : 0.006717 : P=0.087126 : Visits=1056 : Children=30
CROSS  ( 3, 0) : U : Q=0.028920 : 0.000905 : 0.970175 : P=0.031615 : Visits=84 : Children=30
CIRCLE ( 2, 0) : U : Q=0.997252 : 0.000413 : 0.002336 : P=0.103255 : Visits=12 : Children=30
CROSS  ( 4, 4) : U : Q=0.003399 : 0.000439 : 0.996162 : P=0.119247 : Visits=2 : Children=30
CIRCLE ( 5, 6) : U : Q=0.995384 : 0.000394 : 0.004223 : P=0.161483 : Visits=1 : Children=30
CROSS  ( 3, 4) : U : Q=0.000000 : 0.000000 : 0.000000 : P=0.352976 : Visits=0 : Children=0
----EvaluationQueue----
avg batch size = 7.994656
network   = 70.529176s : 2620 : 26.919533 ms
pack      = 0.000000s : 2620 : 0.000000 us
unpack    = 0.031254s : 2620 : 11.929028 us

----SearchStats----
nb_duplicate_nodes = 1
select     = 0.031248s : 11963 : 2.612082 us
expand     = 0.078130s : 11962 : 6.531537 us
vcf solver = 0.281257s : 11962 : 23.512552 us
backup     = 0.000000s : 11962 : 0.000000 us
evaluate   = 0.000000s : 10425 : 0.000000 us
game rules = 0.000000s : 11963 : 0.000000 us

----TreeStats----
used nodes      = 332312
allocated nodes = 100000000
proven nodes    = 0 : 0 : 0 (win:draw:loss)
memory = 10MB
----CacheStats----
hit rate = 12.800000%
time_seek    = 0.000000s : 11962 : 0.000000 us
time_insert  = 0.000000s : 10425 : 0.000000 us
time_cleanup = 0.015629s : 1 : 15.628815 ms
entries = 10435 : 0 : 10435 (stored:buffered:allocated)
memory = 37MB

Answered : MESSAGE depth 1-7 ev 99.2 n 11962 n/s 335 tm 35608 pv Oe7 Xd0 Oc0 Xe4 Of6 Xd4
Answered : 7,4
Received : RESTART
