Compiled on May 17 2021 at 21:00:40
Launched in Engine\
Received : INFO max_memory 5368709120
Received : INFO timeout_match 900000
Received : INFO timeout_turn 900000
Received : INFO game_type 1
Received : INFO rule 1
Received : INFO time_left 900000
Received : BOARD
Received : 0,0,2
Received : 7,5,1
Received : 1,2,2
Received : DONE
BEST
CROSS  ( 1, 0) : U : Q=0.014045 : 0.000618 : 0.985337 : P=0.061354 : Visits=142 : Children=30
CROSS  ( 6, 7) : U : Q=0.003630 : 0.000414 : 0.995956 : P=0.049389 : Visits=77 : Children=30
CROSS  ( 8, 7) : U : Q=0.004993 : 0.000468 : 0.994539 : P=0.039460 : Visits=64 : Children=30
CROSS  ( 4, 4) : U : Q=0.004516 : 0.000246 : 0.995239 : P=0.040224 : Visits=64 : Children=30
CROSS  ( 4, 5) : U : Q=0.003761 : 0.000257 : 0.995982 : P=0.039460 : Visits=61 : Children=30
CROSS  ( 5, 6) : U : Q=0.003787 : 0.000382 : 0.995830 : P=0.038187 : Visits=59 : Children=30
CROSS  ( 5, 8) : U : Q=0.003693 : 0.000365 : 0.995941 : P=0.037424 : Visits=58 : Children=30
CROSS  ( 4, 7) : U : Q=0.005168 : 0.000512 : 0.994320 : P=0.034623 : Visits=56 : Children=30
CROSS  ( 3, 0) : U : Q=0.007070 : 0.000426 : 0.992504 : P=0.031568 : Visits=55 : Children=30
CROSS  ( 5, 5) : U : Q=0.004299 : 0.000356 : 0.995344 : P=0.034878 : Visits=55 : Children=30
  X   _   _   _   _   _   _   _   _   _   _   _   _   _   _ 
  86  _   _   _   _   _   _   _   _   _   _   _   _   _   _ 
  X   _   _   _   _   _   _   _   _   _   _   _   _   _   _ 
  33  _   26  _   _   29  31  _   27  _   26  _   _   _   _ 
  _   _   30  _   38  37  26  34  30  31  _   _   _   27  _ 
  _   _   _   _   _   33  35  O   35  31  27  _   _   _   _ 
  _   _   _   _   27  _   _   46  27  30  _   29  27  _   _ 
  _   _   _   _   _   _   30  O   32  _   _   _   _   _   _ 
  _   _   _   _   _   _   _   38  _   26  _   _   _   _   _ 
  _   _   _   _   _   _   _   _   _   _   _   _   _   _   _ 
  _   _   _   _   _   _   _   _   _   _   _   _   _   _   _ 
  _   _   _   _   _   _   _   _   _   _   _   _   _   _   _ 
  _   _   _   _   _   _   _   _   _   _   _   _   _   _   _ 
  _   _   _   _   _   _   _   _   _   _   _   _   _   _   _ 
  _   _   _   _   _   _   _   _   _   _   _   _   _   _   _ 

CIRCLE ( 0, 0) : U : Q=0.994096 : 0.000391 : 0.005514 : P=0.000000 : Visits=1644 : Children=30
CROSS  ( 1, 0) : U : Q=0.014045 : 0.000618 : 0.985337 : P=0.061354 : Visits=142 : Children=30
CIRCLE ( 3, 0) : U : Q=0.997605 : 0.000303 : 0.002092 : P=0.224155 : Visits=38 : Children=30
CROSS  ( 4, 5) : U : Q=0.003816 : 0.000326 : 0.995858 : P=0.037211 : Visits=2 : Children=30
CIRCLE ( 6, 8) : U : Q=0.993372 : 0.000366 : 0.006262 : P=0.228183 : Visits=1 : Children=30
CROSS  ( 4, 6) : U : Q=0.000000 : 0.000000 : 0.000000 : P=0.064008 : Visits=0 : Children=0
----EvaluationQueue----
avg batch size = 7.992559
network   = 1997.362732s : 64774 : 30.835871 ms
pack      = 0.406259s : 64774 : 6.271943 us
unpack    = 0.468747s : 64774 : 7.236648 us

----SearchStats----
nb_duplicate_nodes = 0
select     = 0.000000s : 1644 : 0.000000 us
expand     = 0.031247s : 1644 : 19.006485 us
vcf solver = 0.000000s : 1644 : 0.000000 us
backup     = 0.000000s : 1644 : 0.000000 us
evaluate   = 0.000000s : 352 : 0.000000 us
game rules = 0.000000s : 1644 : 0.000000 us

----TreeStats----
used nodes      = 46354
allocated nodes = 100000000
proven nodes    = 0 : 0 : 5 (win:draw:loss)
memory = 1MB
----CacheStats----
hit rate = 78.500000%
time_seek    = 0.000000s : 1644 : 0.000000 us
time_insert  = 0.000000s : 352 : 0.000000 us
time_cleanup = 0.015618s : 1 : 15.618086 ms
entries = 1940 : 27369 : 29309 (stored:buffered:allocated)
memory = 33MB

Answered : MESSAGE depth 1-6 ev 0.5 n 1644 n/s 105058 tm 15 pv Xb0 Od0 Xe5 Og8 Xe6
BEST
CIRCLE ( 6, 5) : U : Q=0.994898 : 0.000415 : 0.004687 : P=0.054685 : Visits=828 : Children=30
CIRCLE ( 6, 4) : U : Q=0.993688 : 0.000657 : 0.005655 : P=0.051455 : Visits=690 : Children=30
CIRCLE ( 6, 6) : U : Q=0.992535 : 0.000402 : 0.007062 : P=0.057359 : Visits=679 : Children=30
CIRCLE ( 4, 6) : U : Q=0.992834 : 0.000489 : 0.006678 : P=0.047995 : Visits=591 : Children=30
CIRCLE ( 4, 5) : U : Q=0.994340 : 0.000574 : 0.005085 : P=0.041029 : Visits=588 : Children=30
CIRCLE ( 5, 4) : U : Q=0.994465 : 0.000641 : 0.004894 : P=0.036023 : Visits=528 : Children=30
CIRCLE ( 4, 4) : U : Q=0.990831 : 0.001018 : 0.008152 : P=0.048880 : Visits=513 : Children=30
CIRCLE ( 5, 5) : U : Q=0.990975 : 0.000696 : 0.008330 : P=0.047818 : Visits=503 : Children=30
CIRCLE ( 6, 8) : U : Q=0.990328 : 0.000452 : 0.009220 : P=0.048133 : Visits=478 : Children=30
CIRCLE ( 7, 7) : U : Q=0.989713 : 0.000486 : 0.009801 : P=0.046322 : Visits=437 : Children=30
  X   _   _   _   _   _   _   _   _   _   _   _   _   _   _ 
  _   _   _   _   _   _   _   _   _   _   _   _   _   _   _ 
  _   X   _   _   _   _   _   _   _   _   _   _   _   _   _ 
  _   _   _   _   _   11  _   31  _   _   _   _   _   _   _ 
  _   _   _   _   48  55  55  34  38  14  _   _   _   _   _ 
  _   _   _   _   49  47  29  O   30  25  10  _   _   _   _ 
  _   _   _   _   64  77  63  36  44  23   7  _   _   _   _ 
  _   _   _   _   _   35  34  40  19  15  _   _   _   _   _ 
  _   _   _   _   _    7  18  17  12  _   _   _   _   _   _ 
  _   _   _   _   _   _   _   _   _   _   _   _   _   _   _ 
  _   _   _   _   _   _   _   _   _   _   _   _   _   _   _ 
  _   _   _   _   _   _   _   _   _   _   _   _   _   _   _ 
  _   _   _   _   _   _   _   _   _   _   _   _   _   _   _ 
  _   _   _   _   _   _   _   _   _   _   _   _   _   _   _ 
  _   _   _   _   _   _   _   _   _   _   _   _   _   _   _ 

CROSS  ( 0, 0) : U : Q=0.008222 : 0.000563 : 0.991215 : P=0.000000 : Visits=10674 : Children=30
CIRCLE ( 6, 5) : U : Q=0.994898 : 0.000415 : 0.004687 : P=0.054685 : Visits=828 : Children=30
CROSS  ( 2, 4) : U : Q=0.008730 : 0.000676 : 0.990594 : P=0.069256 : Visits=64 : Children=30
CIRCLE ( 6, 6) : U : Q=0.995422 : 0.000270 : 0.004308 : P=0.157837 : Visits=12 : Children=30
CROSS  ( 2, 3) : U : Q=0.003723 : 0.000219 : 0.996058 : P=0.419330 : Visits=6 : Children=3
CIRCLE ( 2, 2) : U : Q=0.997655 : 0.000123 : 0.002222 : P=0.669366 : Visits=4 : Children=30
CROSS  ( 4, 1) : U : Q=0.002121 : 0.000112 : 0.997767 : P=0.086229 : Visits=1 : Children=30
CIRCLE ( 7, 5) : U : Q=0.000000 : 0.000000 : 0.000000 : P=0.591733 : Visits=0 : Children=0
----EvaluationQueue----
avg batch size = 7.992577
network   = 2032.205459s : 65880 : 30.847077 ms
pack      = 0.406259s : 65880 : 6.166649 us
unpack    = 0.484371s : 65880 : 7.352329 us

----SearchStats----
nb_duplicate_nodes = 1
select     = 0.062498s : 10675 : 5.854645 us
expand     = 0.124999s : 10674 : 11.710632 us
vcf solver = 0.218756s : 10674 : 20.494281 us
backup     = 0.000000s : 10674 : 0.000000 us
evaluate   = 0.000000s : 8841 : 0.000000 us
game rules = 0.000000s : 10675 : 0.000000 us

----TreeStats----
used nodes      = 266684
allocated nodes = 100000000
proven nodes    = 0 : 0 : 5 (win:draw:loss)
memory = 8MB
----CacheStats----
hit rate = 17.100000%
time_seek    = 0.000000s : 10674 : 0.000000 us
time_insert  = 0.000000s : 8841 : 0.000000 us
time_cleanup = 0.015625s : 1 : 15.625238 ms
entries = 8853 : 20456 : 29309 (stored:buffered:allocated)
memory = 36MB

Answered : MESSAGE depth 1-8 ev 99.1 n 10674 n/s 299 tm 35608 pv Og5 Xc4 Og6 Xc3 Oc2 Xe1 Oh5
Answered : 5,6
Received : RESTART
