Compiled on May 17 2021 at 21:00:40
Launched in Engine\
Received : INFO max_memory 5368709120
Received : INFO timeout_match 900000
Received : INFO timeout_turn 900000
Received : INFO game_type 1
Received : INFO rule 1
Received : INFO time_left 900000
Received : BOARD
Received : 0,0,2
Received : 4,6,1
Received : 1,2,2
Received : DONE
BEST
CROSS  ( 5, 4) : U : Q=0.003819 : 0.000563 : 0.995618 : P=0.137964 : Visits=127 : Children=30
CROSS  ( 3, 4) : U : Q=0.004261 : 0.000558 : 0.995181 : P=0.052581 : Visits=49 : Children=30
CROSS  ( 4, 3) : U : Q=0.003218 : 0.000409 : 0.996372 : P=0.040762 : Visits=37 : Children=30
CROSS  ( 4, 0) : U : Q=0.007015 : 0.000524 : 0.992460 : P=0.036179 : Visits=36 : Children=30
CROSS  ( 1, 0) : U : Q=0.011323 : 0.000993 : 0.987684 : P=0.027014 : Visits=31 : Children=30
CROSS  ( 4, 2) : U : Q=0.004084 : 0.000560 : 0.995356 : P=0.034250 : Visits=31 : Children=30
CROSS  ( 7, 4) : U : Q=0.003388 : 0.000437 : 0.996175 : P=0.034973 : Visits=31 : Children=30
CROSS  ( 4, 5) : U : Q=0.003561 : 0.000500 : 0.995939 : P=0.033767 : Visits=30 : Children=30
CROSS  ( 3, 2) : U : Q=0.005657 : 0.000674 : 0.993668 : P=0.028461 : Visits=27 : Children=30
CROSS  ( 6, 5) : U : Q=0.003216 : 0.000399 : 0.996385 : P=0.029667 : Visits=27 : Children=30
  X   _   _   _   _   _   _   _   _   _   _   _   _   _   _ 
  33  _   _   _   _   _   _   _   _   _   _   _   _   _   _ 
  X   _   26  _   _   _   _   _   _   _   _   _   _   _   _ 
  27  27  29  25  53  28  26  _   _   _   _   _   _   _   _ 
  39  25  33  40  O   32  27  27  _   _   _   _   _   _   _ 
  _   _   27  _  138  _   26  _   _   _   _   _   _   _   _ 
  _   _   _   28  O   29  28  27  _   27  _   _   _   _   _ 
  _   _   _   _   33  _   27  _   _   _   _   _   _   _   _ 
  _   _   _   _   25  28  25  26  _   _   _   _   _   _   _ 
  _   _   _   _   _   _   _   _   _   _   _   _   _   _   _ 
  _   _   _   _   _   _   _   _   _   _   _   _   _   _   _ 
  _   _   _   _   _   _   _   _   _   _   _   _   _   _   _ 
  _   _   _   _   _   _   _   _   _   _   _   _   _   _   _ 
  _   _   _   _   _   _   _   _   _   _   _   _   _   _   _ 
  _   _   _   _   _   _   _   _   _   _   _   _   _   _   _ 

CIRCLE ( 0, 0) : U : Q=0.995233 : 0.000475 : 0.004292 : P=0.000000 : Visits=919 : Children=30
CROSS  ( 5, 4) : U : Q=0.003819 : 0.000563 : 0.995618 : P=0.137964 : Visits=127 : Children=30
CIRCLE ( 5, 5) : U : Q=0.995460 : 0.000417 : 0.004123 : P=0.177610 : Visits=24 : Children=30
CROSS  ( 6, 6) : U : Q=0.004322 : 0.000459 : 0.995219 : P=0.341417 : Visits=12 : Children=30
CIRCLE ( 4, 6) : U : Q=0.997825 : 0.000253 : 0.001922 : P=0.369467 : Visits=5 : Children=4
CROSS  ( 3, 7) : U : Q=0.001873 : 0.000259 : 0.997868 : P=0.782807 : Visits=3 : Children=30
CIRCLE ( 4, 5) : U : Q=0.997761 : 0.000276 : 0.001963 : P=0.523958 : Visits=2 : Children=6
CROSS  ( 4, 3) : U : Q=0.001416 : 0.000221 : 0.998363 : P=0.892579 : Visits=1 : Children=30
CIRCLE ( 6, 5) : U : Q=0.000000 : 0.000000 : 0.000000 : P=0.561832 : Visits=0 : Children=0
----EvaluationQueue----
avg batch size = 7.992337
network   = 2929.611485s : 93049 : 31.484610 ms
pack      = 0.734386s : 93049 : 7.892467 us
unpack    = 0.624996s : 93049 : 6.716853 us

----SearchStats----
nb_duplicate_nodes = 0
select     = 0.000000s : 919 : 0.000000 us
expand     = 0.000000s : 919 : 0.000000 us
vcf solver = 0.031256s : 919 : 34.010579 us
backup     = 0.000000s : 919 : 0.000000 us
evaluate   = 0.000000s : 384 : 0.000000 us
game rules = 0.000000s : 919 : 0.000000 us

----TreeStats----
used nodes      = 26077
allocated nodes = 100000000
proven nodes    = 0 : 0 : 5 (win:draw:loss)
memory = 0MB
----CacheStats----
hit rate = 58.200000%
time_seek    = 0.000000s : 919 : 0.000000 us
time_insert  = 0.000000s : 384 : 0.000000 us
time_cleanup = 0.000000s : 1 : 0.000000 us
entries = 1158 : 28151 : 29309 (stored:buffered:allocated)
memory = 32MB

Answered : MESSAGE depth 1-9 ev 0.4 n 919 n/s 29386 tm 31 pv Xf4 Of5 Xg6 Oe6 Xd7 Oe5 Xe3 Og5
BEST
CIRCLE ( 7, 5) : U : Q=0.993760 : 0.000472 : 0.005768 : P=0.091490 : Visits=1018 : Children=30
CIRCLE ( 6, 6) : U : Q=0.994731 : 0.000445 : 0.004823 : P=0.072790 : Visits=885 : Children=30
CIRCLE ( 5, 5) : U : Q=0.994854 : 0.000458 : 0.004689 : P=0.065144 : Visits=802 : Children=30
CIRCLE ( 4, 4) : U : Q=0.993793 : 0.000755 : 0.005452 : P=0.066642 : Visits=754 : Children=30
CIRCLE ( 7, 6) : U : Q=0.993518 : 0.000513 : 0.005969 : P=0.063062 : Visits=688 : Children=30
CIRCLE ( 5, 6) : U : Q=0.994598 : 0.000520 : 0.004881 : P=0.040264 : Visits=487 : Children=30
CIRCLE ( 5, 4) : U : Q=0.991739 : 0.000766 : 0.007495 : P=0.050979 : Visits=486 : Children=30
CIRCLE ( 8, 5) : U : Q=0.993507 : 0.000527 : 0.005967 : P=0.044506 : Visits=485 : Children=30
CIRCLE ( 7, 4) : U : Q=0.992584 : 0.000563 : 0.006853 : P=0.044064 : Visits=446 : Children=30
CIRCLE ( 8, 4) : U : Q=0.992034 : 0.000595 : 0.007371 : P=0.040992 : Visits=397 : Children=30
  X   _   _   _   _   _   _   _   _   _   _   _   _   _   _ 
  _   _   _   _   _   _   _   _   _   _   _   _   _   _   _ 
  _   X   _   _   _   _   _   _   _   _   _   _   _   _   _ 
  _   _   _   _   _    8  _   _   _   _   _   _   _   _   _ 
  _   _   _   _   74  30  19   5  _   _   _   _   _   _   _ 
  _   _   _   37  47  78  47  28  _   _   _   _   _   _   _ 
  _   _   _   26  O   30  87  25  _   _   _   _   _   _   _ 
  _   _   _   23  43 100  67  33   1  _   _   _   _   _   _ 
  _   _   _    7  39  47  24   9  _   _   _   _   _   _   _ 
  _   _   _    6  13  16   8   6  _   _   _   _   _   _   _ 
  _   _   _   _   _   _   _   _   _   _   _   _   _   _   _ 
  _   _   _   _   _   _   _   _   _   _   _   _   _   _   _ 
  _   _   _   _   _   _   _   _   _   _   _   _   _   _   _ 
  _   _   _   _   _   _   _   _   _   _   _   _   _   _   _ 
  _   _   _   _   _   _   _   _   _   _   _   _   _   _   _ 

CROSS  ( 0, 0) : U : Q=0.006794 : 0.000624 : 0.992581 : P=0.000000 : Visits=10157 : Children=30
CIRCLE ( 7, 5) : U : Q=0.993760 : 0.000472 : 0.005768 : P=0.091490 : Visits=1018 : Children=30
CROSS  ( 2, 4) : U : Q=0.009170 : 0.000552 : 0.990278 : P=0.054638 : Visits=62 : Children=30
CIRCLE ( 5, 5) : U : Q=0.994709 : 0.000354 : 0.004937 : P=0.164329 : Visits=12 : Children=30
CROSS  ( 2, 3) : U : Q=0.006591 : 0.000385 : 0.993024 : P=0.439326 : Visits=6 : Children=3
CIRCLE ( 2, 2) : U : Q=0.997058 : 0.000234 : 0.002708 : P=0.825906 : Visits=4 : Children=30
CROSS  ( 3, 3) : U : Q=0.002277 : 0.000192 : 0.997531 : P=0.304238 : Visits=1 : Children=30
CIRCLE ( 6, 5) : U : Q=0.000000 : 0.000000 : 0.000000 : P=0.427540 : Visits=0 : Children=0
----EvaluationQueue----
avg batch size = 7.992352
network   = 2964.641716s : 94138 : 31.492508 ms
pack      = 0.750012s : 94138 : 7.967151 us
unpack    = 0.624996s : 94138 : 6.639151 us

----SearchStats----
nb_duplicate_nodes = 1
select     = 0.015621s : 10158 : 1.537797 us
expand     = 0.062506s : 10157 : 6.153979 us
vcf solver = 0.140635s : 10157 : 13.846141 us
backup     = 0.015624s : 10157 : 1.538278 us
evaluate   = 0.000000s : 8705 : 0.000000 us
game rules = 0.000000s : 10158 : 0.000000 us

----TreeStats----
used nodes      = 262413
allocated nodes = 100000000
proven nodes    = 0 : 0 : 5 (win:draw:loss)
memory = 8MB
----CacheStats----
hit rate = 14.200000%
time_seek    = 0.000000s : 10157 : 0.000000 us
time_insert  = 0.015624s : 8705 : 1.794808 us
time_cleanup = 0.015625s : 1 : 15.625477 ms
entries = 8717 : 20592 : 29309 (stored:buffered:allocated)
memory = 36MB

Answered : MESSAGE depth 1-8 ev 99.2 n 10157 n/s 285 tm 35608 pv Oh5 Xc4 Of5 Xc3 Oc2 Xd3 Og5
Answered : 5,7
Received : RESTART
