Compiled on May 17 2021 at 21:00:40
Launched in Engine\
Answered : MESSAGE Detected following devices
Answered : MESSAGE CPU : GenuineIntel : 8 x AVX with 6091MB of memory
Answered : OK
Received : INFO max_memory 4294967296
Received : INFO timeout_match 900000
Received : INFO timeout_turn 900000
Received : INFO game_type 1
Received : INFO rule 1
Received : INFO time_left 900000
Received : BOARD
Received : 0,0,2
Received : 4,3,1
Received : 1,0,2
Received : DONE
Initialized in 0.031269 seconds
BEST
CIRCLE ( 4, 5) : U : Q=0.994107 : 0.000502 : 0.005391 : P=0.137371 : Visits=1608 : Children=30
CIRCLE ( 5, 4) : U : Q=0.993809 : 0.000534 : 0.005658 : P=0.114696 : Visits=1337 : Children=30
CIRCLE ( 5, 5) : U : Q=0.993215 : 0.000594 : 0.006192 : P=0.090295 : Visits=1027 : Children=30
CIRCLE ( 4, 4) : U : Q=0.993897 : 0.000609 : 0.005494 : P=0.080473 : Visits=973 : Children=30
CIRCLE ( 5, 6) : U : Q=0.993375 : 0.000645 : 0.005979 : P=0.082826 : Visits=958 : Children=30
CIRCLE ( 4, 6) : U : Q=0.991161 : 0.000608 : 0.008231 : P=0.066904 : Visits=649 : Children=30
CIRCLE ( 4, 3) : U : Q=0.993760 : 0.000529 : 0.005711 : P=0.053311 : Visits=634 : Children=30
CIRCLE ( 6, 5) : U : Q=0.990745 : 0.000687 : 0.008568 : P=0.065944 : Visits=625 : Children=30
CIRCLE ( 3, 5) : U : Q=0.993983 : 0.000618 : 0.005399 : P=0.043929 : Visits=535 : Children=30
CIRCLE ( 3, 6) : U : Q=0.992750 : 0.000622 : 0.006628 : P=0.042872 : Visits=514 : Children=30
  X   X   _   _   _   _   _   _   _   _   _   _   _   _   _ 
  _   _   _   _   _   _   _   _   _   _   _   _   _   _   _ 
  _   _   _   _    1   4  _   _   _   _   _   _   _   _   _ 
  _   _   _   14  O   45  44   9  _   _   _   _   _   _   _ 
  _   _    2  54  83 137  55  21  _   _   _   _   _   _   _ 
  _   _    2  21 114  87  82  12   3  _   _   _   _   _   _ 
  _   _    2  19  41  53  38  18  _   _   _   _   _   _   _ 
  _   _    2  _    5   5  10   2  _   _   _   _   _   _   _ 
  _   _   _   _   _   _   _   _   _   _   _   _   _   _   _ 
  _   _   _   _   _   _   _   _   _   _   _   _   _   _   _ 
  _   _   _   _   _   _   _   _   _   _   _   _   _   _   _ 
  _   _   _   _   _   _   _   _   _   _   _   _   _   _   _ 
  _   _   _   _   _   _   _   _   _   _   _   _   _   _   _ 
  _   _   _   _   _   _   _   _   _   _   _   _   _   _   _ 
  _   _   _   _   _   _   _   _   _   _   _   _   _   _   _ 

CROSS  ( 0, 0) : U : Q=0.005830 : 0.000601 : 0.993568 : P=0.000000 : Visits=11679 : Children=30
CIRCLE ( 4, 5) : U : Q=0.994107 : 0.000502 : 0.005391 : P=0.137371 : Visits=1608 : Children=30
CROSS  ( 5, 6) : U : Q=0.003672 : 0.000539 : 0.995789 : P=0.084694 : Visits=130 : Children=30
CIRCLE ( 4, 4) : U : Q=0.996535 : 0.000370 : 0.003095 : P=0.158015 : Visits=22 : Children=30
CROSS  ( 5, 4) : U : Q=0.003076 : 0.000389 : 0.996534 : P=0.442611 : Visits=14 : Children=30
CIRCLE ( 4, 3) : U : Q=0.997273 : 0.000351 : 0.002377 : P=0.418699 : Visits=6 : Children=4
CROSS  ( 4, 6) : U : Q=0.002802 : 0.000405 : 0.996793 : P=0.654137 : Visits=3 : Children=30
CIRCLE ( 5, 2) : U : Q=0.996776 : 0.000374 : 0.002851 : P=0.493077 : Visits=2 : Children=6
CROSS  ( 2, 5) : U : Q=0.002319 : 0.000242 : 0.997438 : P=0.850586 : Visits=1 : Children=26
CIRCLE ( 6, 2) : U : Q=0.000000 : 0.000000 : 0.000000 : P=0.379417 : Visits=0 : Children=0
----EvaluationQueue----
avg batch size = 7.994332
network   = 33.983332s : 1235 : 27.516868 ms
pack      = 0.015625s : 1235 : 12.652015 us
unpack    = 0.000000s : 1235 : 0.000000 us

----SearchStats----
nb_duplicate_nodes = 1
select     = 0.015632s : 11680 : 1.338369 us
expand     = 0.828101s : 11679 : 70.905142 us
vcf solver = 0.671899s : 11679 : 57.530552 us
backup     = 0.000000s : 11679 : 0.000000 us
evaluate   = 0.000000s : 9873 : 0.000000 us
game rules = 0.000000s : 11680 : 0.000000 us

----TreeStats----
used nodes      = 322540
allocated nodes = 100000000
proven nodes    = 0 : 0 : 0 (win:draw:loss)
memory = 9MB
----CacheStats----
hit rate = 15.400000%
time_seek    = 0.000000s : 11679 : 0.000000 us
time_insert  = 0.015625s : 9873 : 1.582551 us
time_cleanup = 0.000000s : 1 : 0.000000 us
entries = 9873 : 0 : 9873 (stored:buffered:allocated)
memory = 37MB

Answered : MESSAGE depth 1-10 ev 99.3 n 11679 n/s 327 tm 35608 pv Oe5 Xf6 Oe4 Xf4 Oe3 Xe6 Of2 Xc5 Og2
Answered : 5,4
Received : RESTART
