Compiled on May 17 2021 at 21:00:40
Launched in Engine\
Received : INFO max_memory 2147483648
Received : INFO timeout_match 900000
Received : INFO timeout_turn 900000
Received : INFO game_type 1
Received : INFO rule 1
Received : INFO time_left 900000
Received : BOARD
Received : 0,0,2
Received : 4,4,1
Received : 0,1,2
Received : DONE
BEST
CROSS  ( 0, 2) : U : Q=0.019630 : 0.000899 : 0.979471 : P=0.045733 : Visits=191 : Children=30
CROSS  ( 0, 3) : U : Q=0.013812 : 0.000847 : 0.985342 : P=0.042156 : Visits=123 : Children=30
CROSS  ( 0, 4) : U : Q=0.012888 : 0.000901 : 0.986212 : P=0.039090 : Visits=107 : Children=30
CROSS  ( 6, 6) : U : Q=0.003361 : 0.000395 : 0.996244 : P=0.046755 : Visits=88 : Children=30
CROSS  ( 3, 4) : U : Q=0.004043 : 0.000494 : 0.995462 : P=0.040112 : Visits=77 : Children=30
CROSS  ( 4, 5) : U : Q=0.005884 : 0.000560 : 0.993556 : P=0.036280 : Visits=74 : Children=30
CROSS  ( 4, 2) : U : Q=0.003307 : 0.000361 : 0.996332 : P=0.039601 : Visits=74 : Children=30
CROSS  ( 3, 3) : U : Q=0.003677 : 0.000410 : 0.995913 : P=0.035514 : Visits=67 : Children=30
CROSS  ( 7, 7) : U : Q=0.003044 : 0.000303 : 0.996653 : P=0.036280 : Visits=67 : Children=30
CROSS  ( 2, 2) : U : Q=0.002889 : 0.000376 : 0.996735 : P=0.035003 : Visits=64 : Children=30
  X   X   92  59  51  _   _   _   _   _   _   _   _   _   _ 
  29  _   _   24  _   _   _   _   _   _   _   _   _   _   _ 
  _   _   30  27  30  26  25  _   _   _   _   _   _   _   _ 
  _   30  26  32  37  30  27  _   _   27  _   _   _   _   _ 
  _   27  35  29  O   35  28  29  25  26  _   _   _   _   _ 
  _   26  _   _   _   O   _   _   25  _   _   _   _   _   _ 
  _   _   _   _   _   _   42  25  _   _   _   _   _   _   _ 
  _   _   _   _   _   _   _   32  _   _   _   _   _   _   _ 
  _   _   _   _   _   _   _   _   _   _   _   _   _   _   _ 
  _   _   _   _   _   _   _   _   _   _   _   _   _   _   _ 
  _   _   _   _   _   _   _   _   _   _   _   _   _   _   _ 
  _   _   _   _   _   _   _   _   _   _   _   _   _   _   _ 
  _   _   _   _   _   _   _   _   _   _   _   _   _   _   _ 
  _   _   _   _   _   _   _   _   _   _   _   _   _   _   _ 
  _   _   _   _   _   _   _   _   _   _   _   _   _   _   _ 

CIRCLE ( 0, 0) : U : Q=0.993260 : 0.000483 : 0.006257 : P=0.000000 : Visits=2074 : Children=30
CROSS  ( 0, 2) : U : Q=0.019630 : 0.000899 : 0.979471 : P=0.045733 : Visits=191 : Children=30
CIRCLE ( 4, 6) : U : Q=0.995765 : 0.000398 : 0.003837 : P=0.095566 : Visits=22 : Children=30
CROSS  ( 0, 4) : U : Q=0.004699 : 0.000467 : 0.994834 : P=0.348432 : Visits=11 : Children=1
CIRCLE ( 0, 3) : U : Q=0.997859 : 0.000199 : 0.001942 : P=1.000000 : Visits=10 : Children=30
CROSS  ( 2, 3) : U : Q=0.001881 : 0.000264 : 0.997855 : P=0.041602 : Visits=1 : Children=30
CIRCLE ( 4, 5) : U : Q=0.000000 : 0.000000 : 0.000000 : P=0.171147 : Visits=0 : Children=0
----EvaluationQueue----
avg batch size = 7.992540
network   = 71.935380s : 2681 : 26.831548 ms
pack      = 0.000000s : 2681 : 0.000000 us
unpack    = 0.000000s : 2681 : 0.000000 us

----SearchStats----
nb_duplicate_nodes = 1
select     = 0.000000s : 2075 : 0.000000 us
expand     = 0.015624s : 2074 : 7.533291 us
vcf solver = 0.125003s : 2074 : 60.271274 us
backup     = 0.000000s : 2074 : 0.000000 us
evaluate   = 0.000000s : 442 : 0.000000 us
game rules = 0.000000s : 2075 : 0.000000 us

----TreeStats----
used nodes      = 56892
allocated nodes = 100000000
proven nodes    = 0 : 0 : 0 (win:draw:loss)
memory = 1MB
----CacheStats----
hit rate = 78.600000%
time_seek    = 0.015624s : 2074 : 7.533176 us
time_insert  = 0.000000s : 442 : 0.000000 us
time_cleanup = 0.000000s : 1 : 0.000000 us
entries = 2758 : 7603 : 10361 (stored:buffered:allocated)
memory = 33MB

Answered : MESSAGE depth 1-7 ev 0.6 n 2074 n/s 132521 tm 15 pv Xa2 Oe6 Xa4 Oa3 Xc3 Oe5
BEST
CIRCLE ( 6, 4) : U : Q=0.995043 : 0.000493 : 0.004464 : P=0.099226 : Visits=1303 : Children=30
CIRCLE ( 4, 6) : U : Q=0.992503 : 0.000512 : 0.006986 : P=0.107516 : Visits=1133 : Children=30
CIRCLE ( 5, 5) : U : Q=0.992495 : 0.000512 : 0.006994 : P=0.098616 : Visits=1043 : Children=30
CIRCLE ( 6, 6) : U : Q=0.994453 : 0.000517 : 0.005030 : P=0.060700 : Visits=756 : Children=30
CIRCLE ( 5, 6) : U : Q=0.993542 : 0.000508 : 0.005950 : P=0.061524 : Visits=707 : Children=30
CIRCLE ( 5, 4) : U : Q=0.992969 : 0.000593 : 0.006439 : P=0.060666 : Visits=667 : Children=30
CIRCLE ( 6, 5) : U : Q=0.994049 : 0.000499 : 0.005452 : P=0.051932 : Visits=655 : Children=30
CIRCLE ( 3, 5) : U : Q=0.992672 : 0.000539 : 0.006789 : P=0.055938 : Visits=637 : Children=30
CIRCLE ( 4, 5) : U : Q=0.992495 : 0.000548 : 0.006957 : P=0.058089 : Visits=620 : Children=30
CIRCLE ( 5, 3) : U : Q=0.995027 : 0.000429 : 0.004544 : P=0.035752 : Visits=468 : Children=30
  X   _   _   _   _   _   _   _   _   _   _   _   _   _   _ 
  X   _   _   _   _   _   _   _   _   _   _   _   _   _   _ 
  _   _   _   _    6  _    5  _   _   _   _   _   _   _   _ 
  _   _   _    9  26  53  17   8  _   _   _   _   _   _   _ 
  _   _    8  21  O   52  95  22  _   _   _   _   _   _   _ 
  _   _   _   39  56  88  59  33  _   _   _   _   _   _   _ 
  _   _    6  11 110  55  63  15  _   _   _   _   _   _   _ 
  _   _   _   11  31  31  21  18  _   _   _   _   _   _   _ 
  _   _   _   _   _    6  10  _   _   _   _   _   _   _   _ 
  _   _   _   _   _   _   _   _   _   _   _   _   _   _   _ 
  _   _   _   _   _   _   _   _   _   _   _   _   _   _   _ 
  _   _   _   _   _   _   _   _   _   _   _   _   _   _   _ 
  _   _   _   _   _   _   _   _   _   _   _   _   _   _   _ 
  _   _   _   _   _   _   _   _   _   _   _   _   _   _   _ 
  _   _   _   _   _   _   _   _   _   _   _   _   _   _   _ 

CROSS  ( 0, 0) : U : Q=0.005690 : 0.000531 : 0.993781 : P=0.000000 : Visits=11816 : Children=30
CIRCLE ( 6, 4) : U : Q=0.995043 : 0.000493 : 0.004464 : P=0.099226 : Visits=1303 : Children=30
CROSS  ( 5, 4) : U : Q=0.004585 : 0.000663 : 0.994752 : P=0.104624 : Visits=138 : Children=30
CIRCLE ( 5, 3) : U : Q=0.993443 : 0.000749 : 0.005808 : P=0.239568 : Visits=35 : Children=30
CROSS  ( 4, 3) : U : Q=0.008474 : 0.001064 : 0.990462 : P=0.337162 : Visits=16 : Children=30
CIRCLE ( 6, 2) : U : Q=0.985991 : 0.001537 : 0.012472 : P=0.214029 : Visits=4 : Children=6
CROSS  ( 3, 2) : U : Q=0.036920 : 0.004438 : 0.958641 : P=0.402330 : Visits=1 : Children=1
CIRCLE ( 2, 1) : U : Q=0.000000 : 0.000000 : 0.000000 : P=1.000000 : Visits=0 : Children=0
----EvaluationQueue----
avg batch size = 7.993199
network   = 106.778080s : 3970 : 26.896242 ms
pack      = 0.015625s : 3970 : 3.935708 us
unpack    = 0.000000s : 3970 : 0.000000 us

----SearchStats----
nb_duplicate_nodes = 1
select     = 0.046872s : 11817 : 3.966501 us
expand     = 0.062497s : 11816 : 5.289216 us
vcf solver = 0.218791s : 11816 : 18.516463 us
backup     = 0.000000s : 11816 : 0.000000 us
evaluate   = 0.000000s : 10305 : 0.000000 us
game rules = 0.000000s : 11817 : 0.000000 us

----TreeStats----
used nodes      = 328689
allocated nodes = 100000000
proven nodes    = 0 : 0 : 0 (win:draw:loss)
memory = 10MB
----CacheStats----
hit rate = 12.700000%
time_seek    = 0.000000s : 11816 : 0.000000 us
time_insert  = 0.000000s : 10305 : 0.000000 us
time_cleanup = 0.000000s : 1 : 0.000000 us
entries = 10379 : 0 : 10379 (stored:buffered:allocated)
memory = 37MB

Answered : MESSAGE depth 1-8 ev 99.4 n 11816 n/s 331 tm 35608 pv Og4 Xf4 Of3 Xe3 Og2 Xd2 Oc1
Answered : 4,6
Received : RESTART
