Compiled on May 17 2021 at 21:00:40
Launched in Engine\
Received : INFO max_memory 7516192768
Received : INFO timeout_match 900000
Received : INFO timeout_turn 900000
Received : INFO game_type 1
Received : INFO rule 1
Received : INFO time_left 900000
Received : BOARD
Received : 0,0,2
Received : 6,4,1
Received : 1,0,2
Received : DONE
BEST
CROSS  ( 4, 4) : U : Q=0.003990 : 0.000516 : 0.995494 : P=0.055936 : Visits=82 : Children=30
CROSS  ( 5, 5) : U : Q=0.003378 : 0.000521 : 0.996100 : P=0.052372 : Visits=75 : Children=30
CROSS  ( 3, 3) : U : Q=0.003818 : 0.000406 : 0.995776 : P=0.043049 : Visits=63 : Children=30
CROSS  ( 1, 4) : U : Q=0.008942 : 0.000973 : 0.990085 : P=0.034823 : Visits=61 : Children=30
CROSS  ( 3, 5) : U : Q=0.004383 : 0.000542 : 0.995075 : P=0.040307 : Visits=60 : Children=30
CROSS  ( 4, 2) : U : Q=0.005180 : 0.000540 : 0.994280 : P=0.038388 : Visits=59 : Children=30
CROSS  ( 7, 5) : U : Q=0.004200 : 0.000565 : 0.995236 : P=0.038936 : Visits=58 : Children=30
CROSS  ( 1, 3) : U : Q=0.008532 : 0.000961 : 0.990507 : P=0.032355 : Visits=56 : Children=30
CROSS  ( 2, 4) : U : Q=0.003279 : 0.000362 : 0.996359 : P=0.039485 : Visits=56 : Children=30
CROSS  ( 4, 6) : U : Q=0.003287 : 0.000367 : 0.996346 : P=0.035646 : Visits=51 : Children=30
  X   _   _   _   _   _   _   _   _   _   _   _   _   _   _ 
  _   _   X   37  41  _   _   _   _   _   _   _   _   _   _ 
  _   _   26  _   37  27  _   _   _   _   _   _   _   _   _ 
  _   _   30  42  33  40  _   _   _   _   _   _   _   _   _ 
  _   _   39  32  55  O   34  28  26  _   _   _   _   _   _ 
  _   _   _   33  _   50  _   29  _   _   _   _   _   _   _ 
  _   _   _   _   29  O   31  28  27  _   _   _   _   _   _ 
  _   _   27  27  27  39  _   28  _   _   _   _   _   _   _ 
  _   _   _   _   30  26  _   _   _   _   _   _   _   _   _ 
  _   _   _   _   _   _   _   _   27  _   _   _   _   _   _ 
  _   _   _   _   _   _   _   _   _   _   _   _   _   _   _ 
  _   _   _   _   _   _   _   _   _   _   _   _   _   _   _ 
  _   _   _   _   _   _   _   _   _   _   _   _   _   _   _ 
  _   _   _   _   _   _   _   _   _   _   _   _   _   _   _ 
  _   _   _   _   _   _   _   _   _   _   _   _   _   _   _ 

CIRCLE ( 0, 0) : U : Q=0.995258 : 0.000482 : 0.004260 : P=0.000000 : Visits=1478 : Children=30
CROSS  ( 4, 4) : U : Q=0.003990 : 0.000516 : 0.995494 : P=0.055936 : Visits=82 : Children=30
CIRCLE ( 5, 6) : U : Q=0.996430 : 0.000289 : 0.003281 : P=0.234695 : Visits=22 : Children=30
CROSS  ( 3, 5) : U : Q=0.006032 : 0.000444 : 0.993523 : P=0.144266 : Visits=4 : Children=30
CIRCLE ( 6, 7) : U : Q=0.995395 : 0.000369 : 0.004235 : P=0.187779 : Visits=1 : Children=4
CROSS  ( 3, 4) : U : Q=0.000000 : 0.000000 : 0.000000 : P=0.940266 : Visits=0 : Children=0
----EvaluationQueue----
avg batch size = 7.993370
network   = 144.823870s : 5279 : 27.433959 ms
pack      = 0.031245s : 5279 : 5.918688 us
unpack    = 0.062501s : 5279 : 11.839634 us

----SearchStats----
nb_duplicate_nodes = 0
select     = 0.000000s : 1478 : 0.000000 us
expand     = 0.015625s : 1478 : 10.571719 us
vcf solver = 0.031240s : 1478 : 21.136985 us
backup     = 0.000000s : 1478 : 0.000000 us
evaluate   = 0.000000s : 456 : 0.000000 us
game rules = 0.000000s : 1478 : 0.000000 us

----TreeStats----
used nodes      = 39483
allocated nodes = 100000000
proven nodes    = 0 : 0 : 0 (win:draw:loss)
memory = 1MB
----CacheStats----
hit rate = 69.100000%
time_seek    = 0.000000s : 1478 : 0.000000 us
time_insert  = 0.000000s : 456 : 0.000000 us
time_cleanup = 0.000000s : 1 : 0.000000 us
entries = 1815 : 8620 : 10435 (stored:buffered:allocated)
memory = 33MB

Answered : MESSAGE depth 1-6 ev 0.4 n 1478 n/s 47208 tm 31 pv Xe4 Of6 Xd5 Og7 Xd4
BEST
CIRCLE ( 6, 6) : U : Q=0.991268 : 0.000476 : 0.008256 : P=0.096652 : Visits=967 : Children=30
CIRCLE ( 7, 5) : U : Q=0.995182 : 0.000484 : 0.004334 : P=0.064882 : Visits=909 : Children=30
CIRCLE ( 6, 5) : U : Q=0.993301 : 0.000512 : 0.006187 : P=0.074835 : Visits=876 : Children=30
CIRCLE ( 6, 7) : U : Q=0.995110 : 0.000446 : 0.004444 : P=0.059964 : Visits=835 : Children=30
CIRCLE ( 5, 7) : U : Q=0.984589 : 0.000648 : 0.014764 : P=0.112243 : Visits=745 : Children=30
CIRCLE ( 5, 5) : U : Q=0.990590 : 0.000568 : 0.008842 : P=0.076274 : Visits=722 : Children=30
CIRCLE ( 4, 8) : U : Q=0.994601 : 0.000449 : 0.004950 : P=0.043312 : Visits=571 : Children=30
CIRCLE ( 7, 7) : U : Q=0.995246 : 0.000473 : 0.004281 : P=0.037923 : Visits=534 : Children=30
CIRCLE ( 5, 6) : U : Q=0.993532 : 0.000529 : 0.005939 : P=0.044655 : Visits=534 : Children=30
CIRCLE ( 4, 4) : U : Q=0.993981 : 0.000505 : 0.005514 : P=0.040977 : Visits=510 : Children=30
  X   X   _   _   _   _   _   _   _   _   _   _   _   _   _ 
  _   _   _   _   _   _   _   _   _   _   _   _   _   _   _ 
  _   _   _   _   _   _    7  _   _   _   _   _   _   _   _ 
  _   _   _   _   _   22  24  19   7  _   _   _   _   _   _ 
  _   _   _    4  45  39  O   36  50   9  _   _   _   _   _ 
  _   _   _   _   22  63  47  65  41  13  _   _   _   _   _ 
  _   _   _   _   16  77  85  73  17   4  _   _   _   _   _ 
  _   _   _   _    8  80  43  47  12   7  _   _   _   _   _ 
  _   _   _   _   _   _    4  _   _   _   _   _   _   _   _ 
  _   _   _   _   _   _   _   _   _   _   _   _   _   _   _ 
  _   _   _   _   _   _   _   _   _   _   _   _   _   _   _ 
  _   _   _   _   _   _   _   _   _   _   _   _   _   _   _ 
  _   _   _   _   _   _   _   _   _   _   _   _   _   _   _ 
  _   _   _   _   _   _   _   _   _   _   _   _   _   _   _ 
  _   _   _   _   _   _   _   _   _   _   _   _   _   _   _ 

CROSS  ( 0, 0) : U : Q=0.006571 : 0.000511 : 0.992919 : P=0.000000 : Visits=11329 : Children=30
CIRCLE ( 6, 6) : U : Q=0.991268 : 0.000476 : 0.008256 : P=0.096652 : Visits=967 : Children=30
CROSS  ( 0, 2) : U : Q=0.027311 : 0.000819 : 0.971871 : P=0.069677 : Visits=134 : Children=30
CIRCLE ( 0, 3) : U : Q=0.997245 : 0.000310 : 0.002445 : P=0.260662 : Visits=47 : Children=30
CROSS  ( 5, 6) : U : Q=0.002997 : 0.000487 : 0.996516 : P=0.047270 : Visits=3 : Children=30
CIRCLE ( 5, 7) : U : Q=0.996133 : 0.000409 : 0.003458 : P=0.182473 : Visits=1 : Children=30
CROSS  ( 6, 8) : U : Q=0.000000 : 0.000000 : 0.000000 : P=0.110569 : Visits=0 : Children=0
----EvaluationQueue----
avg batch size = 7.993575
network   = 179.869715s : 6537 : 27.515636 ms
pack      = 0.031245s : 6537 : 4.779678 us
unpack    = 0.078124s : 6537 : 11.951091 us

----SearchStats----
nb_duplicate_nodes = 1
select     = 0.031247s : 11330 : 2.757870 us
expand     = 0.062497s : 11329 : 5.516521 us
vcf solver = 0.109383s : 11329 : 9.655100 us
backup     = 0.000000s : 11329 : 0.000000 us
evaluate   = 0.000000s : 10057 : 0.000000 us
game rules = 0.000000s : 11330 : 0.000000 us

----TreeStats----
used nodes      = 318113
allocated nodes = 100000000
proven nodes    = 0 : 0 : 0 (win:draw:loss)
memory = 9MB
----CacheStats----
hit rate = 11.200000%
time_seek    = 0.015625s : 11329 : 1.379183 us
time_insert  = 0.031254s : 10057 : 3.107691 us
time_cleanup = 0.015633s : 1 : 15.633345 ms
entries = 10057 : 378 : 10435 (stored:buffered:allocated)
memory = 37MB

Answered : MESSAGE depth 1-7 ev 99.3 n 11329 n/s 318 tm 35623 pv Og6 Xa2 Oa3 Xf6 Of7 Xg8
Answered : 6,6
Received : RESTART
