Compiled on May 17 2021 at 21:00:40
Launched in Engine\
Received : INFO max_memory 5368709120
Received : INFO timeout_match 900000
Received : INFO timeout_turn 900000
Received : INFO game_type 1
Received : INFO rule 1
Received : INFO time_left 900000
Received : BOARD
Received : 0,0,2
Received : 7,5,1
Received : 2,0,2
Received : DONE
BEST
CROSS  ( 2, 4) : U : Q=0.020243 : 0.000808 : 0.978949 : P=0.188762 : Visits=686 : Children=30
CROSS  ( 3, 3) : U : Q=0.018918 : 0.000703 : 0.980379 : P=0.156952 : Visits=530 : Children=30
CROSS  ( 4, 3) : U : Q=0.016781 : 0.000811 : 0.982407 : P=0.068000 : Visits=207 : Children=30
CROSS  ( 2, 5) : U : Q=0.012715 : 0.000761 : 0.986524 : P=0.057524 : Visits=147 : Children=30
CROSS  ( 2, 2) : U : Q=0.017170 : 0.000870 : 0.981960 : P=0.029524 : Visits=92 : Children=30
CROSS  ( 4, 7) : U : Q=0.005343 : 0.000450 : 0.994207 : P=0.045333 : Visits=89 : Children=30
CROSS  ( 3, 2) : U : Q=0.005915 : 0.000415 : 0.993670 : P=0.036762 : Visits=73 : Children=30
CROSS  ( 4, 4) : U : Q=0.010030 : 0.000519 : 0.989451 : P=0.025524 : Visits=59 : Children=30
CROSS  ( 3, 4) : U : Q=0.006449 : 0.000325 : 0.993226 : P=0.022095 : Visits=44 : Children=30
CROSS  ( 1, 4) : U : Q=0.008047 : 0.000461 : 0.991492 : P=0.020190 : Visits=43 : Children=30
  X   _   _   _   _   _   _   _   _   _   _   _   _   _   _ 
  _   _   _   _   16  _   _   _   _   _   _   _   _   _   _ 
  _   12  34  X  259  55  13  _   10  _   _   _   _   _   _ 
  _   _   27 200  16  15  12  12  12  _   10  _   _   _   _ 
  _   13  15  78  22  12  11  33  11  10  _   _   _   _   _ 
  _   _   _   13  _   _   O   12  15  _   _   _   _   _   _ 
  _   _   _   _   11  O   _   _   11  _   _   _   _   _   _ 
  _   _   _   _   16  _   _   _   _   _   _   _   _   _   _ 
  _   _   _   _   _   _   _   _   _   _   _   _   _   _   _ 
  _   _   _   _   _   _   _   _   _   _   _   _   _   _   _ 
  _   _   _   _   _   _   _   _   _   _   _   _   _   _   _ 
  _   _   _   _   _   _   _   _   _   _   _   _   _   _   _ 
  _   _   _   _   _   _   _   _   _   _   _   _   _   _   _ 
  _   _   _   _   _   _   _   _   _   _   _   _   _   _   _ 
  _   _   _   _   _   _   _   _   _   _   _   _   _   _   _ 

CIRCLE ( 0, 0) : U : Q=0.985548 : 0.000641 : 0.013812 : P=0.000000 : Visits=2647 : Children=30
CROSS  ( 2, 4) : U : Q=0.020243 : 0.000808 : 0.978949 : P=0.188762 : Visits=686 : Children=30
CIRCLE ( 6, 6) : U : Q=0.978619 : 0.000437 : 0.020944 : P=0.210802 : Visits=145 : Children=30
CROSS  ( 2, 2) : U : Q=0.029091 : 0.000470 : 0.970440 : P=0.454277 : Visits=78 : Children=4
CIRCLE ( 2, 5) : U : Q=0.973755 : 0.000413 : 0.025832 : P=0.852070 : Visits=67 : Children=30
CROSS  ( 3, 3) : U : Q=0.032979 : 0.000442 : 0.966579 : P=0.556386 : Visits=43 : Children=18
CIRCLE ( 4, 7) : U : Q=0.988606 : 0.000208 : 0.011185 : P=0.445176 : Visits=24 : Children=8
CROSS  ( 4, 4) : U : Q=0.015646 : 0.000318 : 0.984036 : P=0.204791 : Visits=5 : Children=1
CIRCLE ( 1, 1) : U : Q=0.987306 : 0.000337 : 0.012357 : P=1.000000 : Visits=4 : Children=6
CROSS  ( 2, 1) : U : Q=0.044204 : 0.001096 : 0.954700 : P=0.226735 : Visits=1 : Children=1
CIRCLE ( 2, 0) : U : Q=0.000000 : 0.000000 : 0.000000 : P=1.000000 : Visits=0 : Children=0
----EvaluationQueue----
avg batch size = 7.992943
network   = 1705.933894s : 55406 : 30.789696 ms
pack      = 0.359380s : 55406 : 6.486297 us
unpack    = 0.406239s : 55406 : 7.332045 us

----SearchStats----
nb_duplicate_nodes = 1
select     = 0.031249s : 2648 : 11.800909 us
expand     = 0.000000s : 2647 : 0.000000 us
vcf solver = 0.093741s : 2647 : 35.414211 us
backup     = 0.000000s : 2647 : 0.000000 us
evaluate   = 0.000000s : 353 : 0.000000 us
game rules = 0.000000s : 2648 : 0.000000 us

----TreeStats----
used nodes      = 52342
allocated nodes = 100000000
proven nodes    = 0 : 0 : 22 (win:draw:loss)
memory = 1MB
----CacheStats----
hit rate = 86.600000%
time_seek    = 0.015620s : 2647 : 5.901108 us
time_insert  = 0.000000s : 353 : 0.000000 us
time_cleanup = 0.015619s : 1 : 15.619040 ms
entries = 3530 : 25779 : 29309 (stored:buffered:allocated)
memory = 33MB

Answered : MESSAGE depth 1-11 ev 1.4 n 2647 n/s 84700 tm 31 pv Xc4 Og6 Xc2 Oc5 Xd3 Oe7 Xe4 Ob1 Xc1 Oc0
BEST
CIRCLE ( 6, 8) : U : Q=0.993401 : 0.000406 : 0.006193 : P=0.056739 : Visits=713 : Children=30
CIRCLE ( 5, 5) : U : Q=0.993062 : 0.000474 : 0.006464 : P=0.054479 : Visits=665 : Children=30
CIRCLE ( 5, 9) : U : Q=0.994613 : 0.000386 : 0.005002 : P=0.044117 : Visits=628 : Children=30
CIRCLE ( 6, 6) : U : Q=0.991185 : 0.000448 : 0.008367 : P=0.055125 : Visits=571 : Children=30
CIRCLE ( 7, 6) : U : Q=0.992559 : 0.000402 : 0.007039 : P=0.046006 : Visits=535 : Children=30
CIRCLE ( 7, 5) : U : Q=0.992158 : 0.000568 : 0.007274 : P=0.042874 : Visits=484 : Children=30
CIRCLE ( 4, 6) : U : Q=0.990342 : 0.000499 : 0.009160 : P=0.048377 : Visits=471 : Children=30
CIRCLE ( 6, 7) : U : Q=0.990373 : 0.000505 : 0.009122 : P=0.044748 : Visits=441 : Children=30
CIRCLE ( 5, 8) : U : Q=0.992703 : 0.000508 : 0.006789 : P=0.036950 : Visits=437 : Children=30
CIRCLE ( 6, 9) : U : Q=0.994033 : 0.000372 : 0.005595 : P=0.032572 : Visits=435 : Children=30
  X   _   X   _   _   _   _   _   _   _   _   _   _   _   _ 
  _   _   _   _   _   _   _   _   _   _   _   _   _   _   _ 
  _   _   _   _   _   _   _   _   _   _   _   _   _   _   _ 
  _   _   _   _   _   16  _   24  11  _   _   _   _   _   _ 
  _   _   _   _   18  36  43  22  33  23  _   _   _   _   _ 
  _   _   _   _   20  62  30  O   40  58  _   _   _   _   _ 
  _   _   _   _   28  21  53  41  66  40  19  _   _   _   _ 
  _   _   _   _   15  45  49  29  27  21  _   _   _   _   _ 
  _   _   _   _   _   _   26  33  36  _   _   _   _   _   _ 
  _   _   _   _   _   _   _   _   _   _   _   _   _   _   _ 
  _   _   _   _   _   _   _   _   _   _   _   _   _   _   _ 
  _   _   _   _   _   _   _   _   _   _   _   _   _   _   _ 
  _   _   _   _   _   _   _   _   _   _   _   _   _   _   _ 
  _   _   _   _   _   _   _   _   _   _   _   _   _   _   _ 
  _   _   _   _   _   _   _   _   _   _   _   _   _   _   _ 

CROSS  ( 0, 0) : U : Q=0.008169 : 0.000467 : 0.991364 : P=0.000000 : Visits=10716 : Children=30
CIRCLE ( 6, 8) : U : Q=0.993401 : 0.000406 : 0.006193 : P=0.056739 : Visits=713 : Children=30
CROSS  ( 0, 3) : U : Q=0.010400 : 0.000444 : 0.989156 : P=0.041216 : Visits=33 : Children=30
CIRCLE ( 0, 4) : U : Q=0.997452 : 0.000380 : 0.002169 : P=0.457263 : Visits=20 : Children=30
CROSS  ( 4, 6) : U : Q=0.003162 : 0.000405 : 0.996433 : P=0.086288 : Visits=2 : Children=30
CIRCLE ( 5, 8) : U : Q=0.995123 : 0.000371 : 0.004506 : P=0.152362 : Visits=1 : Children=30
CROSS  ( 5, 6) : U : Q=0.000000 : 0.000000 : 0.000000 : P=0.282882 : Visits=0 : Children=0
----EvaluationQueue----
avg batch size = 7.992971
network   = 1740.729709s : 56624 : 30.741906 ms
pack      = 0.359380s : 56624 : 6.346775 us
unpack    = 0.421869s : 56624 : 7.450353 us

----SearchStats----
nb_duplicate_nodes = 1
select     = 0.031249s : 10717 : 2.915861 us
expand     = 0.093751s : 10716 : 8.748689 us
vcf solver = 0.296914s : 10716 : 27.707550 us
backup     = 0.031249s : 10716 : 2.916089 us
evaluate   = 0.000000s : 9737 : 0.000000 us
game rules = 0.000000s : 10717 : 0.000000 us

----TreeStats----
used nodes      = 303520
allocated nodes = 100000000
proven nodes    = 0 : 0 : 5 (win:draw:loss)
memory = 9MB
----CacheStats----
hit rate = 9.100000%
time_seek    = 0.000000s : 10716 : 0.000000 us
time_insert  = 0.000000s : 9737 : 0.000000 us
time_cleanup = 0.000000s : 1 : 0.000000 us
entries = 9737 : 19572 : 29309 (stored:buffered:allocated)
memory = 37MB

Answered : MESSAGE depth 1-7 ev 99.1 n 10716 n/s 300 tm 35608 pv Og8 Xa3 Oa4 Xe6 Of8 Xf6
Answered : 8,6
Received : RESTART
