Compiled on May 17 2021 at 21:00:40
Launched in Engine\
Received : INFO max_memory 5368709120
Received : INFO timeout_match 900000
Received : INFO timeout_turn 900000
Received : INFO game_type 1
Received : INFO rule 1
Received : INFO time_left 900000
Received : BOARD
Received : 0,0,2
Received : 9,5,1
Received : 4,1,2
Received : DONE
BEST
CROSS  ( 4, 3) : U : Q=0.015339 : 0.000295 : 0.984365 : P=0.294189 : Visits=959 : Children=30
CROSS  ( 3, 4) : U : Q=0.012172 : 0.000299 : 0.987530 : P=0.166413 : Visits=471 : Children=30
CROSS  ( 2, 4) : U : Q=0.028296 : 0.000507 : 0.971198 : P=0.043048 : Visits=254 : Children=30
CROSS  ( 4, 5) : U : Q=0.013090 : 0.000442 : 0.986468 : P=0.059933 : Visits=177 : Children=28
CROSS  ( 2, 6) : U : Q=0.012798 : 0.000604 : 0.986598 : P=0.042592 : Visits=124 : Children=30
CROSS  ( 2, 3) : U : Q=0.022097 : 0.000580 : 0.977323 : P=0.023578 : Visits=115 : Children=30
CROSS  ( 5, 2) : U : Q=0.007994 : 0.000374 : 0.991632 : P=0.043505 : Visits=105 : Children=30
CROSS  ( 3, 5) : U : Q=0.011977 : 0.000450 : 0.987573 : P=0.029206 : Visits=82 : Children=30
CROSS  ( 2, 7) : U : Q=0.010588 : 0.000678 : 0.988734 : P=0.021296 : Visits=57 : Children=30
CROSS  ( 2, 2) : U : Q=0.013162 : 0.000598 : 0.986241 : P=0.015820 : Visits=47 : Children=30
  X   _   _   _   _   _   _   _   _   _   _   _   _   _   _ 
  _   _   _   _   _   _   10  _   _   _   _   _   _   _   _ 
  _   _   15  38  85  X   41  19   9  _   _   _   _   _   _ 
  _   _   _    9 157  27  10   8  _   _   _   _   _   _   _ 
  _   _    9 321  14  59   9   7   9  11  _   _   _   _   _ 
  _   _   35   7   9  12  _   _   O   _    7  _   _   _   _ 
  _   11  _   _   _   _   _   O   _   _   _   _   _   _   _ 
  _   _   _   _   _   _   15  _   _   _   _   _   _   _   _ 
  _   _   _   _   _    7  _    9  _   _   _   _   _   _   _ 
  _   _   _   _   _   _   _    8  _   _   _   _   _   _   _ 
  _   _   _   _   _   _   _   _   _   _   _   _   _   _   _ 
  _   _   _   _   _   _   _   _   _   _   _   _   _   _   _ 
  _   _   _   _   _   _   _   _   _   _   _   _   _   _   _ 
  _   _   _   _   _   _   _   _   _   _   _   _   _   _   _ 
  _   _   _   _   _   _   _   _   _   _   _   _   _   _   _ 

CIRCLE ( 0, 0) : U : Q=0.985819 : 0.000364 : 0.013819 : P=0.000000 : Visits=2988 : Children=30
CROSS  ( 4, 3) : U : Q=0.015339 : 0.000295 : 0.984365 : P=0.294189 : Visits=959 : Children=30
CIRCLE ( 5, 7) : U : Q=0.983131 : 0.000225 : 0.016644 : P=0.308533 : Visits=289 : Children=30
CROSS  ( 3, 4) : U : Q=0.016998 : 0.000225 : 0.982777 : P=0.921073 : Visits=280 : Children=4
CIRCLE ( 1, 6) : U : Q=0.986639 : 0.000142 : 0.013220 : P=0.628854 : Visits=185 : Children=30
CROSS  ( 5, 2) : U : Q=0.020223 : 0.000150 : 0.979627 : P=0.200649 : Visits=42 : Children=1
CIRCLE ( 6, 1) : U : Q=0.980177 : 0.000130 : 0.019693 : P=1.000000 : Visits=41 : Children=30
CROSS  ( 5, 4) : U : Q=0.039535 : 0.000203 : 0.960262 : P=0.321782 : Visits=19 : Children=16
CIRCLE ( 4, 7) : U : Q=0.977579 : 0.000146 : 0.022275 : P=0.406024 : Visits=8 : Children=4
CROSS  ( 3, 7) : U : Q=0.028878 : 0.000182 : 0.970940 : P=0.750706 : Visits=6 : Children=18
CIRCLE ( 7, 6) : U : Q=0.997976 : 0.000035 : 0.001988 : P=0.520178 : Visits=4 : Children=6
CROSS  ( 4, 9) : U : Q=0.001457 : 0.000035 : 0.998508 : P=0.500876 : Visits=2 : Children=30
CIRCLE ( 7, 8) : U : Q=0.997711 : 0.000045 : 0.002244 : P=0.343331 : Visits=1 : Children=30
CROSS  ( 7, 7) : U : Q=0.000000 : 0.000000 : 0.000000 : P=0.334447 : Visits=0 : Children=0
----EvaluationQueue----
avg batch size = 7.992566
network   = 2458.958233s : 78961 : 31.141427 ms
pack      = 0.625002s : 78961 : 7.915327 us
unpack    = 0.546870s : 78961 : 6.925827 us

----SearchStats----
nb_duplicate_nodes = 0
select     = 0.000000s : 2988 : 0.000000 us
expand     = 0.000000s : 2988 : 0.000000 us
vcf solver = 0.078116s : 2988 : 26.143140 us
backup     = 0.000000s : 2988 : 0.000000 us
evaluate   = 0.000000s : 344 : 0.000000 us
game rules = 0.000000s : 2988 : 0.000000 us

----TreeStats----
used nodes      = 53614
allocated nodes = 100000000
proven nodes    = 0 : 0 : 7 (win:draw:loss)
memory = 1MB
----CacheStats----
hit rate = 88.400000%
time_seek    = 0.000000s : 2988 : 0.000000 us
time_insert  = 0.000000s : 344 : 0.000000 us
time_cleanup = 0.000000s : 1 : 0.000000 us
entries = 2871 : 26438 : 29309 (stored:buffered:allocated)
memory = 33MB

Answered : MESSAGE depth 1-14 ev 1.3 n 2988 n/s 95098 tm 31 pv Xe3 Of7 Xd4 Ob6 Xf2 Og1 Xf4 Oe7 Xd7 Oh6 Xe9 Oh8 Xh7
BEST
CIRCLE ( 6, 8) : U : Q=0.983908 : 0.000304 : 0.015788 : P=0.114472 : Visits=2133 : Children=30
CIRCLE ( 4, 8) : U : Q=0.983964 : 0.000311 : 0.015725 : P=0.053839 : Visits=1045 : Children=30
CIRCLE ( 7, 9) : U : Q=0.983425 : 0.000316 : 0.016258 : P=0.056581 : Visits=1014 : Children=30
CIRCLE ( 5, 7) : U : Q=0.980650 : 0.000513 : 0.018837 : P=0.067627 : Visits=902 : Children=30
CIRCLE ( 6, 9) : U : Q=0.985971 : 0.000312 : 0.013716 : P=0.031760 : Visits=850 : Children=30
CIRCLE ( 7, 8) : U : Q=0.979575 : 0.000252 : 0.020172 : P=0.062242 : Visits=741 : Children=30
CIRCLE ( 5, 8) : U : Q=0.983317 : 0.000352 : 0.016330 : P=0.038668 : Visits=687 : Children=30
CIRCLE ( 7, 7) : U : Q=0.979512 : 0.000487 : 0.020001 : P=0.053069 : Visits=661 : Children=30
CIRCLE ( 6,10) : U : Q=0.978433 : 0.000251 : 0.021316 : P=0.057379 : Visits=626 : Children=30
CIRCLE ( 6, 7) : U : Q=0.977234 : 0.000409 : 0.022358 : P=0.059786 : Visits=602 : Children=30
  X   _   _   _   _   _   _   _   _   _   _   _   _   _   _ 
  _   _   _   _   X   _   _   _   _   _   _   _   _   _   _ 
  _   _   _   _   _   _   _   _   _   _   _   _   _   _   _ 
  _   _   _   _   _   _   _    7  _   13  _   _   _   _   _ 
  _   _   _   _    5  _   14  35  81  38  19  _   _   _   _ 
  _   _   _   _   _    2  18  70  53  O   24   9  _   _   _ 
  _   _   _   _   _   _   31  47 166  66  48  _   _   _   _ 
  _   _   _   _   _   _    5  51  57  79  15   2  _   _   _ 
  _   _   _   _   _   _    5   2  18   3  _   _   _   _   _ 
  _   _   _   _   _   _   _   _   _   _   _   _   _   _   _ 
  _   _   _   _   _   _   _   _   _   _   _   _   _   _   _ 
  _   _   _   _   _   _   _   _   _   _   _   _   _   _   _ 
  _   _   _   _   _   _   _   _   _   _   _   _   _   _   _ 
  _   _   _   _   _   _   _   _   _   _   _   _   _   _   _ 
  _   _   _   _   _   _   _   _   _   _   _   _   _   _   _ 

CROSS  ( 0, 0) : U : Q=0.019419 : 0.000464 : 0.980115 : P=0.000000 : Visits=12779 : Children=30
CIRCLE ( 6, 8) : U : Q=0.983908 : 0.000304 : 0.015788 : P=0.114472 : Visits=2133 : Children=30
CROSS  ( 4, 4) : U : Q=0.019191 : 0.000233 : 0.980577 : P=0.398522 : Visits=967 : Children=30
CIRCLE ( 5, 8) : U : Q=0.988336 : 0.000125 : 0.011539 : P=0.205562 : Visits=240 : Children=30
CROSS  ( 2, 4) : U : Q=0.012147 : 0.000121 : 0.987732 : P=0.458454 : Visits=117 : Children=3
CIRCLE ( 3, 4) : U : Q=0.989582 : 0.000099 : 0.010319 : P=0.945441 : Visits=112 : Children=30
CROSS  ( 3, 3) : U : Q=0.010271 : 0.000094 : 0.989635 : P=0.568098 : Visits=71 : Children=19
CIRCLE ( 4, 8) : U : Q=0.994000 : 0.000075 : 0.005925 : P=0.499139 : Visits=39 : Children=6
CROSS  ( 2, 2) : U : Q=0.006103 : 0.000077 : 0.993820 : P=0.346784 : Visits=14 : Children=1
CIRCLE ( 1, 1) : U : Q=0.995068 : 0.000079 : 0.004853 : P=1.000000 : Visits=13 : Children=6
CROSS  ( 3, 8) : U : Q=0.004294 : 0.000054 : 0.995652 : P=0.391055 : Visits=5 : Children=24
CIRCLE ( 5, 7) : U : Q=0.996164 : 0.000051 : 0.003785 : P=0.385486 : Visits=2 : Children=7
CROSS  ( 5, 6) : U : Q=0.002535 : 0.000039 : 0.997425 : P=0.479277 : Visits=1 : Children=30
CIRCLE ( 6, 6) : U : Q=0.000000 : 0.000000 : 0.000000 : P=0.286064 : Visits=0 : Children=0
----EvaluationQueue----
avg batch size = 7.992571
network   = 2493.191578s : 79958 : 31.181265 ms
pack      = 0.625002s : 79958 : 7.816631 us
unpack    = 0.546870s : 79958 : 6.839469 us

----SearchStats----
nb_duplicate_nodes = 1
select     = 0.031253s : 12780 : 2.445469 us
expand     = 0.031250s : 12779 : 2.445381 us
vcf solver = 0.421900s : 12779 : 33.015068 us
backup     = 0.015624s : 12779 : 1.222597 us
evaluate   = 0.000000s : 7969 : 0.000000 us
game rules = 0.000000s : 12780 : 0.000000 us

----TreeStats----
used nodes      = 246115
allocated nodes = 100000000
proven nodes    = 0 : 0 : 8 (win:draw:loss)
memory = 7MB
----CacheStats----
hit rate = 37.600000%
time_seek    = 0.031249s : 12779 : 2.445362 us
time_insert  = 0.000000s : 7969 : 0.000000 us
time_cleanup = 0.000000s : 1 : 0.000000 us
entries = 7969 : 21340 : 29309 (stored:buffered:allocated)
memory = 36MB

Answered : MESSAGE depth 1-14 ev 98.0 n 12779 n/s 358 tm 35627 pv Og8 Xe4 Of8 Xc4 Od4 Xd3 Oe8 Xc2 Ob1 Xd8 Of7 Xf6 Og6
Answered : 8,6
Received : RESTART
