Compiled on May 17 2021 at 21:00:40
Launched in Engine\
Received : INFO max_memory 5368709120
Received : INFO timeout_match 900000
Received : INFO timeout_turn 900000
Received : INFO game_type 1
Received : INFO rule 1
Received : INFO time_left 900000
Received : BOARD
Received : 0,0,2
Received : 8,5,1
Received : 4,1,2
Received : DONE
BEST
CROSS  ( 3, 3) : U : Q=0.012610 : 0.000288 : 0.987102 : P=0.247260 : Visits=485 : Children=30
CROSS  ( 4, 3) : U : Q=0.011741 : 0.000325 : 0.987934 : P=0.112205 : Visits=213 : Children=30
CROSS  ( 1, 4) : U : Q=0.014902 : 0.000588 : 0.984510 : P=0.095486 : Visits=205 : Children=30
CROSS  ( 1, 5) : U : Q=0.013366 : 0.000671 : 0.985962 : P=0.039569 : Visits=80 : Children=30
CROSS  ( 4, 4) : U : Q=0.008853 : 0.000210 : 0.990937 : P=0.028237 : Visits=48 : Children=30
CROSS  ( 2, 3) : U : Q=0.011678 : 0.000391 : 0.987931 : P=0.021921 : Visits=42 : Children=30
CROSS  ( 1, 2) : U : Q=0.013257 : 0.000721 : 0.986022 : P=0.020249 : Visits=41 : Children=30
CROSS  ( 4, 6) : U : Q=0.005818 : 0.000335 : 0.993848 : P=0.025450 : Visits=39 : Children=30
CROSS  ( 3, 4) : U : Q=0.007091 : 0.000170 : 0.992739 : P=0.022107 : Visits=36 : Children=30
CROSS  ( 3, 5) : U : Q=0.010580 : 0.000354 : 0.989066 : P=0.019506 : Visits=35 : Children=30
  X   _   _   _   _   _   _   _   _   _   _   _   _   _   _ 
  _   _   22  X  113  44  _   _   _   _   _   _   _   _   _ 
  _   _   16  23  18  _   _   _   _   16  _   _   _   _   _ 
  _   _   _  269  20  19  16  _   15  15  13  18  _   _   _ 
  _   _   16 118  26  _   21  16  13  15  17  16  _   _   _ 
  _   _   _   _   _   _   _   _   O   15  14  16  16  _   _ 
  _   _   _   _   _   _   _   O   _   _   _   15  15  _   _ 
  _   _   _   _   _   _   _   _   _   _   _   _   _   _   _ 
  _   _   _   _   _   _   _   _   _   _   _   _   _   _   _ 
  _   _   _   _   _   _   _   _   _   _   _   _   _   _   _ 
  _   _   _   _   _   _   _   _   _   _   _   _   _   _   _ 
  _   _   _   _   _   _   _   _   _   _   _   _   _   _   _ 
  _   _   _   _   _   _   _   _   _   _   _   _   _   _   _ 
  _   _   _   _   _   _   _   _   _   _   _   _   _   _   _ 
  _   _   _   _   _   _   _   _   _   _   _   _   _   _   _ 

CIRCLE ( 0, 0) : U : Q=0.989342 : 0.000364 : 0.010293 : P=0.000000 : Visits=1800 : Children=30
CROSS  ( 3, 3) : U : Q=0.012610 : 0.000288 : 0.987102 : P=0.247260 : Visits=485 : Children=30
CIRCLE ( 5, 7) : U : Q=0.992037 : 0.000142 : 0.007821 : P=0.294066 : Visits=155 : Children=30
CROSS  ( 4, 3) : U : Q=0.009713 : 0.000159 : 0.990128 : P=0.552141 : Visits=96 : Children=3
CIRCLE ( 2, 3) : U : Q=0.991926 : 0.000132 : 0.007942 : P=0.867956 : Visits=84 : Children=30
CROSS  ( 4, 4) : U : Q=0.015358 : 0.000196 : 0.984445 : P=0.333235 : Visits=33 : Children=30
CIRCLE ( 7, 6) : U : Q=0.990851 : 0.000130 : 0.009019 : P=0.244737 : Visits=9 : Children=6
CROSS  ( 4, 9) : U : Q=0.003536 : 0.000075 : 0.996389 : P=0.327026 : Visits=3 : Children=16
CIRCLE ( 7, 7) : U : Q=0.996577 : 0.000065 : 0.003358 : P=0.352836 : Visits=1 : Children=8
CROSS  ( 4, 7) : U : Q=0.000000 : 0.000000 : 0.000000 : P=0.612683 : Visits=0 : Children=0
----EvaluationQueue----
avg batch size = 7.992602
network   = 2250.792682s : 72722 : 30.950643 ms
pack      = 0.500006s : 72722 : 6.875584 us
unpack    = 0.515621s : 72722 : 7.090305 us

----SearchStats----
nb_duplicate_nodes = 0
select     = 0.000000s : 1800 : 0.000000 us
expand     = 0.000000s : 1800 : 0.000000 us
vcf solver = 0.093745s : 1800 : 52.080287 us
backup     = 0.000000s : 1800 : 0.000000 us
evaluate   = 0.000000s : 272 : 0.000000 us
game rules = 0.000000s : 1800 : 0.000000 us

----TreeStats----
used nodes      = 38227
allocated nodes = 100000000
proven nodes    = 0 : 0 : 14 (win:draw:loss)
memory = 1MB
----CacheStats----
hit rate = 84.800000%
time_seek    = 0.000000s : 1800 : 0.000000 us
time_insert  = 0.000000s : 272 : 0.000000 us
time_cleanup = 0.015621s : 1 : 15.620947 ms
entries = 2196 : 27113 : 29309 (stored:buffered:allocated)
memory = 33MB

Answered : MESSAGE depth 1-10 ev 1.0 n 1800 n/s 28802 tm 62 pv Xd3 Of7 Xe3 Oc3 Xe4 Oh6 Xe9 Oh7 Xe7
BEST
CIRCLE ( 6, 9) : U : Q=0.982142 : 0.000290 : 0.017568 : P=0.100328 : Visits=1012 : Children=30
CIRCLE ( 6, 7) : U : Q=0.983079 : 0.000437 : 0.016484 : P=0.090190 : Visits=981 : Children=30
CIRCLE ( 4, 7) : U : Q=0.988779 : 0.000481 : 0.010739 : P=0.041851 : Visits=897 : Children=30
CIRCLE ( 7, 8) : U : Q=0.981946 : 0.000351 : 0.017703 : P=0.077820 : Visits=769 : Children=30
CIRCLE ( 5, 7) : U : Q=0.986012 : 0.000555 : 0.013433 : P=0.048699 : Visits=722 : Children=30
CIRCLE ( 5, 6) : U : Q=0.982147 : 0.000626 : 0.017228 : P=0.068671 : Visits=699 : Children=30
CIRCLE ( 4, 9) : U : Q=0.988084 : 0.000352 : 0.011565 : P=0.027647 : Visits=531 : Children=30
CIRCLE ( 4, 8) : U : Q=0.986632 : 0.000370 : 0.012998 : P=0.032860 : Visits=512 : Children=30
CIRCLE ( 6, 8) : U : Q=0.981052 : 0.000484 : 0.018464 : P=0.046634 : Visits=464 : Children=30
CIRCLE ( 6, 6) : U : Q=0.980788 : 0.000479 : 0.018733 : P=0.049053 : Visits=442 : Children=30
  X   _   _   _   _   _   _   _   _   _   _   _   _   _   _ 
  _   _   _   _   X   _   _   _   _   _   _   _   _   _   _ 
  _   _   _   _   _   _   _   _   _   _   _   _   _   _   _ 
  _   _   _   _   _   _    6   5  13  _   _   _   _   _   _ 
  _   _   _   _    6   9  37  84  48  50   3  _   _   _   _ 
  _   _   _   _   _   19  66  68  O   32  30  _   _   _   _ 
  _   _   _   _   _    9  41  92  43  95  11  _   _   _   _ 
  _   _   _   _   _   _   25  37  72  39  10  _   _   _   _ 
  _   _   _   _   _   _    3  12  12   7  _   _   _   _   _ 
  _   _   _   _   _   _   _   _   _   _   _   _   _   _   _ 
  _   _   _   _   _   _   _   _   _   _   _   _   _   _   _ 
  _   _   _   _   _   _   _   _   _   _   _   _   _   _   _ 
  _   _   _   _   _   _   _   _   _   _   _   _   _   _   _ 
  _   _   _   _   _   _   _   _   _   _   _   _   _   _   _ 
  _   _   _   _   _   _   _   _   _   _   _   _   _   _   _ 

CROSS  ( 0, 0) : U : Q=0.016944 : 0.000541 : 0.982516 : P=0.000000 : Visits=10581 : Children=30
CIRCLE ( 6, 9) : U : Q=0.982142 : 0.000290 : 0.017568 : P=0.100328 : Visits=1012 : Children=30
CROSS  ( 4, 4) : U : Q=0.024190 : 0.000293 : 0.975517 : P=0.342396 : Visits=423 : Children=30
CIRCLE ( 6, 8) : U : Q=0.980775 : 0.000210 : 0.019014 : P=0.206092 : Visits=94 : Children=30
CROSS  ( 3, 4) : U : Q=0.023495 : 0.000254 : 0.976250 : P=0.362163 : Visits=37 : Children=3
CIRCLE ( 2, 4) : U : Q=0.977263 : 0.000239 : 0.022498 : P=0.724423 : Visits=27 : Children=30
CROSS  ( 3, 3) : U : Q=0.036998 : 0.000344 : 0.962658 : P=0.402588 : Visits=15 : Children=30
CIRCLE ( 7, 8) : U : Q=0.988174 : 0.000123 : 0.011702 : P=0.421039 : Visits=8 : Children=6
CROSS  ( 4, 8) : U : Q=0.003618 : 0.000058 : 0.996324 : P=0.392422 : Visits=3 : Children=30
CIRCLE ( 8, 7) : U : Q=0.997031 : 0.000025 : 0.002944 : P=0.196162 : Visits=1 : Children=8
CROSS  ( 5,10) : U : Q=0.000000 : 0.000000 : 0.000000 : P=0.376243 : Visits=0 : Children=0
----EvaluationQueue----
avg batch size = 7.992594
network   = 2285.291669s : 73592 : 31.053534 ms
pack      = 0.500006s : 73592 : 6.794301 us
unpack    = 0.515621s : 73592 : 7.006484 us

----SearchStats----
nb_duplicate_nodes = 1
select     = 0.046871s : 10582 : 4.429331 us
expand     = 0.093740s : 10581 : 8.859252 us
vcf solver = 0.296894s : 10581 : 28.059170 us
backup     = 0.000000s : 10581 : 0.000000 us
evaluate   = 0.000000s : 6953 : 0.000000 us
game rules = 0.000000s : 10582 : 0.000000 us

----TreeStats----
used nodes      = 219181
allocated nodes = 100000000
proven nodes    = 0 : 0 : 8 (win:draw:loss)
memory = 6MB
----CacheStats----
hit rate = 34.200000%
time_seek    = 0.015626s : 10581 : 1.476816 us
time_insert  = 0.000000s : 6953 : 0.000000 us
time_cleanup = 0.015625s : 1 : 15.625238 ms
entries = 7245 : 22064 : 29309 (stored:buffered:allocated)
memory = 35MB

Answered : MESSAGE depth 1-11 ev 98.2 n 10581 n/s 296 tm 35717 pv Og9 Xe4 Og8 Xd4 Oc4 Xd3 Oh8 Xe8 Oi7 Xf10
Answered : 9,6
Received : RESTART
