Compiled on May 17 2021 at 21:00:40
Launched in Engine\
Received : INFO max_memory 5368709120
Received : INFO timeout_match 900000
Received : INFO timeout_turn 900000
Received : INFO game_type 1
Received : INFO rule 1
Received : INFO time_left 900000
Received : BOARD
Received : 0,0,2
Received : 8,5,1
Received : 3,0,2
Received : DONE
BEST
CROSS  ( 3, 3) : U : Q=0.032820 : 0.000431 : 0.966749 : P=0.388520 : Visits=1555 : Children=30
CROSS  ( 4, 4) : U : Q=0.024798 : 0.000471 : 0.974732 : P=0.389564 : Visits=1097 : Children=30
CROSS  ( 4, 2) : U : Q=0.049127 : 0.000771 : 0.950102 : P=0.021537 : Visits=568 : Children=30
CROSS  ( 2, 5) : U : Q=0.022264 : 0.000834 : 0.976902 : P=0.032258 : Visits=83 : Children=30
CROSS  ( 3, 4) : U : Q=0.018699 : 0.000610 : 0.980692 : P=0.020114 : Visits=46 : Children=30
CROSS  ( 2, 3) : U : Q=0.020845 : 0.000689 : 0.978466 : P=0.015750 : Visits=39 : Children=30
CROSS  ( 2, 2) : U : Q=0.023015 : 0.001149 : 0.975836 : P=0.012334 : Visits=32 : Children=30
CROSS  ( 5, 1) : U : Q=0.012352 : 0.000474 : 0.987174 : P=0.011385 : Visits=21 : Children=30
CROSS  ( 2, 6) : U : Q=0.013904 : 0.000878 : 0.985218 : P=0.008349 : Visits=17 : Children=30
CROSS  ( 1, 5) : U : Q=0.006534 : 0.000336 : 0.993129 : P=0.006641 : Visits=11 : Children=30
  X   _   _   _   _   _   _   _   _   _   _   _   _   _   _ 
  _   _   _   _    1   3  _   _   _   _   _   _   _   _   _ 
  _   _    8  10  X   22   4  _   _   _   _   _   _   _   _ 
  _   _   _  430  12   2   1   1  _   _   _   _   _   _   _ 
  _   _  157   1 303   2   1   2  _   _   _   _   _   _   _ 
  _    5  _   _    2   1  _   O   _   _   _   _   _   _   _ 
  _   _   _   _   _   _   _   O    1   1   1  _   _   _   _ 
  _   _   _   _   _   _   _    2  _    1   1  _   _   _   _ 
  _   _   _   _   _   _    1   1   1   1  _   _   _   _   _ 
  _   _   _   _   _   _   _   _   _   _   _   _   _   _   _ 
  _   _   _   _   _   _   _   _   _   _   _   _   _   _   _ 
  _   _   _   _   _   _   _   _   _   _   _   _   _   _   _ 
  _   _   _   _   _   _   _   _   _   _   _   _   _   _   _ 
  _   _   _   _   _   _   _   _   _   _   _   _   _   _   _ 
  _   _   _   _   _   _   _   _   _   _   _   _   _   _   _ 

CIRCLE ( 0, 0) : U : Q=0.968556 : 0.000516 : 0.030930 : P=0.000000 : Visits=3612 : Children=30
CROSS  ( 3, 3) : U : Q=0.032820 : 0.000431 : 0.966749 : P=0.388520 : Visits=1555 : Children=30
CIRCLE ( 6, 6) : U : Q=0.980730 : 0.000221 : 0.019049 : P=0.338544 : Visits=855 : Children=30
CROSS  ( 4, 2) : U : Q=0.021688 : 0.000240 : 0.978072 : P=0.737903 : Visits=684 : Children=4
CIRCLE ( 1, 5) : U : Q=0.983194 : 0.000208 : 0.016598 : P=0.510698 : Visits=388 : Children=30
CROSS  ( 4, 4) : U : Q=0.016932 : 0.000207 : 0.982861 : P=0.577752 : Visits=234 : Children=14
CIRCLE ( 4, 8) : U : Q=0.992789 : 0.000129 : 0.007082 : P=0.311756 : Visits=84 : Children=8
CROSS  ( 7, 5) : U : Q=0.006203 : 0.000082 : 0.993716 : P=0.329514 : Visits=28 : Children=12
CIRCLE ( 3, 7) : U : Q=0.998385 : 0.000040 : 0.001575 : P=0.707793 : Visits=21 : Children=12
CROSS  ( 2, 2) : U : Q=0.001006 : 0.000030 : 0.998964 : P=0.498355 : Visits=12 : Children=1
CIRCLE ( 1, 1) : U : Q=0.999247 : 0.000025 : 0.000728 : P=1.000000 : Visits=11 : Children=10
CROSS  ( 5, 1) : U : Q=0.000765 : 0.000013 : 0.999222 : P=0.433151 : Visits=5 : Children=1
CIRCLE ( 6, 0) : U : Q=0.999556 : 0.000008 : 0.000435 : P=1.000000 : Visits=4 : Children=8
CROSS  ( 7, 7) : U : Q=0.000000 : 0.000000 : 0.000000 : P=0.147838 : Visits=0 : Children=0
----EvaluationQueue----
avg batch size = 7.992545
network   = 2141.530299s : 69347 : 30.881369 ms
pack      = 0.453134s : 69347 : 6.534303 us
unpack    = 0.499997s : 69347 : 7.210073 us

----SearchStats----
nb_duplicate_nodes = 1
select     = 0.000000s : 3613 : 0.000000 us
expand     = 0.015626s : 3612 : 4.326122 us
vcf solver = 0.218724s : 3612 : 60.554953 us
backup     = 0.000000s : 3612 : 0.000000 us
evaluate   = 0.000000s : 321 : 0.000000 us
game rules = 0.000000s : 3613 : 0.000000 us

----TreeStats----
used nodes      = 50775
allocated nodes = 100000000
proven nodes    = 0 : 0 : 63 (win:draw:loss)
memory = 1MB
----CacheStats----
hit rate = 91.100000%
time_seek    = 0.000000s : 3612 : 0.000000 us
time_insert  = 0.015633s : 321 : 48.699780 us
time_cleanup = 0.000000s : 1 : 0.000000 us
entries = 3685 : 25624 : 29309 (stored:buffered:allocated)
memory = 34MB

Answered : MESSAGE depth 1-14 ev 3.1 n 3612 n/s 114978 tm 31 pv Xd3 Og6 Xe2 Ob5 Xe4 Oe8 Xh5 Od7 Xc2 Ob1 Xf1 Og0 Xh7
BEST
CIRCLE ( 6, 9) : U : Q=0.993743 : 0.000413 : 0.005843 : P=0.064094 : Visits=862 : Children=30
CIRCLE ( 8, 7) : U : Q=0.995792 : 0.000247 : 0.003961 : P=0.039267 : Visits=675 : Children=30
CIRCLE ( 6, 7) : U : Q=0.991055 : 0.000410 : 0.008535 : P=0.057019 : Visits=598 : Children=30
CIRCLE ( 7, 7) : U : Q=0.991066 : 0.000389 : 0.008544 : P=0.050556 : Visits=557 : Children=30
CIRCLE ( 5, 7) : U : Q=0.990800 : 0.000576 : 0.008624 : P=0.039369 : Visits=405 : Children=30
CIRCLE ( 6, 6) : U : Q=0.990311 : 0.000443 : 0.009246 : P=0.039829 : Visits=392 : Children=30
CIRCLE ( 4, 7) : U : Q=0.988614 : 0.000565 : 0.010821 : P=0.039501 : Visits=344 : Children=30
CIRCLE ( 6, 5) : U : Q=0.987508 : 0.000562 : 0.011930 : P=0.040868 : Visits=344 : Children=30
CIRCLE ( 8, 8) : U : Q=0.991958 : 0.000475 : 0.007568 : P=0.030200 : Visits=342 : Children=30
CIRCLE ( 4, 8) : U : Q=0.989145 : 0.000529 : 0.010326 : P=0.035399 : Visits=327 : Children=30
  X   _   _   X   _   _   _   _   _   _   _   _   _   _   _ 
  _   _   _   _   _   _   _   _   _   _   _   _   _   _   _ 
  _   _   _   _   _   _   _   _   _   _   _   _   _   _   _ 
  _   _   _   _   _   _   12  _   28  _   _   _   _   _   _ 
  _   _   _   _   _   15  24  35  33  31  21  _   _   _   _ 
  _   _   _   _   _   20  27  41  O   32  33  _   _   _   _ 
  _   _   _   _   _   35  40  61  26  88  15  _   _   _   _ 
  _   _   _   _   _   32  29  56  30  23  27  _   _   _   _ 
  _   _   _   _   _   21  24  68  34  28  _   _   _   _   _ 
  _   _   _   _   _   _   _   _   _   _   _   _   _   _   _ 
  _   _   _   _   _   _   _   _   _   _   _   _   _   _   _ 
  _   _   _   _   _   _   _   _   _   _   _   _   _   _   _ 
  _   _   _   _   _   _   _   _   _   _   _   _   _   _   _ 
  _   _   _   _   _   _   _   _   _   _   _   _   _   _   _ 
  _   _   _   _   _   _   _   _   _   _   _   _   _   _   _ 

CROSS  ( 0, 0) : U : Q=0.009488 : 0.000471 : 0.990040 : P=0.000000 : Visits=9789 : Children=30
CIRCLE ( 6, 9) : U : Q=0.993743 : 0.000413 : 0.005843 : P=0.064094 : Visits=862 : Children=30
CROSS  ( 4, 7) : U : Q=0.003808 : 0.000334 : 0.995858 : P=0.059377 : Visits=49 : Children=30
CIRCLE ( 5, 9) : U : Q=0.995796 : 0.000261 : 0.003943 : P=0.182256 : Visits=11 : Children=30
CROSS  ( 5, 7) : U : Q=0.004846 : 0.000252 : 0.994902 : P=0.271035 : Visits=5 : Children=30
CIRCLE ( 4, 9) : U : Q=0.995897 : 0.000231 : 0.003872 : P=0.263567 : Visits=2 : Children=4
CROSS  ( 3, 9) : U : Q=0.002662 : 0.000132 : 0.997206 : P=0.598773 : Visits=1 : Children=14
CIRCLE ( 6, 7) : U : Q=0.000000 : 0.000000 : 0.000000 : P=0.952868 : Visits=0 : Children=0
----EvaluationQueue----
avg batch size = 7.992563
network   = 2176.544903s : 70461 : 30.890065 ms
pack      = 0.468759s : 70461 : 6.652742 us
unpack    = 0.515621s : 70461 : 7.317824 us

----SearchStats----
nb_duplicate_nodes = 1
select     = 0.000000s : 9790 : 0.000000 us
expand     = 0.000000s : 9789 : 0.000000 us
vcf solver = 0.234386s : 9789 : 23.943860 us
backup     = 0.000000s : 9789 : 0.000000 us
evaluate   = 0.000000s : 8905 : 0.000000 us
game rules = 0.000000s : 9790 : 0.000000 us

----TreeStats----
used nodes      = 272747
allocated nodes = 100000000
proven nodes    = 0 : 0 : 5 (win:draw:loss)
memory = 8MB
----CacheStats----
hit rate = 9.000000%
time_seek    = 0.000000s : 9789 : 0.000000 us
time_insert  = 0.031250s : 8905 : 3.509291 us
time_cleanup = 0.015626s : 1 : 15.625954 ms
entries = 8905 : 20404 : 29309 (stored:buffered:allocated)
memory = 36MB

Answered : MESSAGE depth 1-8 ev 99.0 n 9789 n/s 274 tm 35624 pv Og9 Xe7 Of9 Xf7 Oe9 Xd9 Og7
Answered : 9,6
Received : RESTART
