Compiled on May 17 2021 at 21:00:40
Launched in Engine\
Answered : MESSAGE Detected following devices
Answered : MESSAGE CPU : GenuineIntel : 8 x AVX with 6091MB of memory
Answered : OK
Received : INFO max_memory 2147483648
Received : INFO timeout_match 900000
Received : INFO timeout_turn 900000
Received : INFO game_type 1
Received : INFO rule 1
Received : INFO time_left 900000
Received : BOARD
Received : 0,0,2
Received : 4,4,1
Received : 1,1,2
Received : DONE
Initialized in 0.031240 seconds
BEST
CIRCLE ( 5, 5) : U : Q=0.995671 : 0.000413 : 0.003916 : P=0.077842 : Visits=912 : Children=30
CIRCLE ( 6, 4) : U : Q=0.995726 : 0.000431 : 0.003842 : P=0.074392 : Visits=876 : Children=30
CIRCLE ( 4, 6) : U : Q=0.995431 : 0.000475 : 0.004094 : P=0.068792 : Visits=791 : Children=30
CIRCLE ( 7, 5) : U : Q=0.995897 : 0.000491 : 0.003612 : P=0.061048 : Visits=732 : Children=30
CIRCLE ( 4, 5) : U : Q=0.994595 : 0.000529 : 0.004876 : P=0.065411 : Visits=703 : Children=30
CIRCLE ( 6, 5) : U : Q=0.995898 : 0.000449 : 0.003653 : P=0.054585 : Visits=653 : Children=30
CIRCLE ( 5, 4) : U : Q=0.994631 : 0.000567 : 0.004801 : P=0.059329 : Visits=641 : Children=30
CIRCLE ( 3, 4) : U : Q=0.994878 : 0.000621 : 0.004501 : P=0.057328 : Visits=633 : Children=30
CIRCLE ( 7, 4) : U : Q=0.995084 : 0.000601 : 0.004315 : P=0.052990 : Visits=595 : Children=30
CIRCLE ( 5, 6) : U : Q=0.996224 : 0.000397 : 0.003379 : P=0.043878 : Visits=540 : Children=30
  X   _   _   _   _   _   _   _   _   _   _   _   _   _   _ 
  _   X   _   _   _   _   _   _   _   _   _   _   _   _   _ 
  _   _   _   _    6   5  _   _   _   _   _   _   _   _   _ 
  _   _   _   _   55  44  12  10  _   _   _   _   _   _   _ 
  _   _    6  27  O   61  69  30  _   _   _   _   _   _   _ 
  _   _   _   34  55  79  47  31   5  _   _   _   _   _   _ 
  _   _   _   21  76  57  29  18   9  _   _   _   _   _   _ 
  _   _   _    9  51  63  26  35   5  _   _   _   _   _   _ 
  _   _   _   _   _   _   10  _   _   _   _   _   _   _   _ 
  _   _   _   _   _   _   _   _   _   _   _   _   _   _   _ 
  _   _   _   _   _   _   _   _   _   _   _   _   _   _   _ 
  _   _   _   _   _   _   _   _   _   _   _   _   _   _   _ 
  _   _   _   _   _   _   _   _   _   _   _   _   _   _   _ 
  _   _   _   _   _   _   _   _   _   _   _   _   _   _   _ 
  _   _   _   _   _   _   _   _   _   _   _   _   _   _   _ 

CROSS  ( 0, 0) : U : Q=0.004121 : 0.000516 : 0.995361 : P=0.000000 : Visits=11452 : Children=30
CIRCLE ( 5, 5) : U : Q=0.995671 : 0.000413 : 0.003916 : P=0.077842 : Visits=912 : Children=30
CROSS  ( 6, 6) : U : Q=0.003690 : 0.000403 : 0.995908 : P=0.055815 : Visits=51 : Children=30
CIRCLE ( 4, 5) : U : Q=0.995078 : 0.000335 : 0.004587 : P=0.161644 : Visits=10 : Children=30
CROSS  ( 6, 5) : U : Q=0.006823 : 0.000294 : 0.992883 : P=0.238836 : Visits=4 : Children=30
CIRCLE ( 4, 6) : U : Q=0.996504 : 0.000347 : 0.003149 : P=0.281532 : Visits=1 : Children=4
CROSS  ( 4, 7) : U : Q=0.000000 : 0.000000 : 0.000000 : P=0.618182 : Visits=0 : Children=0
----EvaluationQueue----
avg batch size = 7.994304
network   = 34.092745s : 1229 : 27.740232 ms
pack      = 0.000000s : 1229 : 0.000000 us
unpack    = 0.015625s : 1229 : 12.713200 us

----SearchStats----
nb_duplicate_nodes = 1
select     = 0.031248s : 11453 : 2.728355 us
expand     = 0.890606s : 11452 : 77.768572 us
vcf solver = 0.546862s : 11452 : 47.752543 us
backup     = 0.000000s : 11452 : 0.000000 us
evaluate   = 0.000000s : 9825 : 0.000000 us
game rules = 0.000000s : 11453 : 0.000000 us

----TreeStats----
used nodes      = 317246
allocated nodes = 100000000
proven nodes    = 0 : 0 : 0 (win:draw:loss)
memory = 9MB
----CacheStats----
hit rate = 14.200000%
time_seek    = 0.000000s : 11452 : 0.000000 us
time_insert  = 0.015623s : 9825 : 1.590137 us
time_cleanup = 0.000000s : 1 : 0.000000 us
entries = 9825 : 0 : 9825 (stored:buffered:allocated)
memory = 37MB

Answered : MESSAGE depth 1-7 ev 99.5 n 11452 n/s 321 tm 35623 pv Of5 Xg6 Oe5 Xg5 Oe6 Xe7
Answered : 5,5
Received : RESTART
