Compiled on May 17 2021 at 21:00:40
Launched in Engine\
Received : INFO max_memory 5368709120
Received : INFO timeout_match 900000
Received : INFO timeout_turn 900000
Received : INFO game_type 1
Received : INFO rule 1
Received : INFO time_left 900000
Received : BOARD
Received : 0,0,2
Received : 4,5,1
Received : 1,2,2
Received : DONE
BEST
CROSS  ( 1, 0) : U : Q=0.016833 : 0.000837 : 0.982329 : P=0.055499 : Visits=114 : Children=30
CROSS  ( 3, 0) : U : Q=0.024502 : 0.000854 : 0.974644 : P=0.028768 : Visits=89 : Children=30
CROSS  ( 4, 4) : U : Q=0.004317 : 0.000586 : 0.995097 : P=0.051171 : Visits=67 : Children=30
CROSS  ( 5, 3) : U : Q=0.006031 : 0.000794 : 0.993175 : P=0.044807 : Visits=61 : Children=30
CROSS  ( 6, 4) : U : Q=0.005837 : 0.000746 : 0.993417 : P=0.039969 : Visits=54 : Children=30
CROSS  ( 4, 6) : U : Q=0.003792 : 0.000452 : 0.995756 : P=0.036660 : Visits=47 : Children=30
CROSS  ( 4, 2) : U : Q=0.003630 : 0.000381 : 0.995989 : P=0.037169 : Visits=47 : Children=30
CROSS  ( 5, 6) : U : Q=0.003715 : 0.000548 : 0.995737 : P=0.034369 : Visits=44 : Children=30
CROSS  ( 3, 2) : U : Q=0.003473 : 0.000389 : 0.996138 : P=0.034878 : Visits=44 : Children=30
CROSS  ( 3, 3) : U : Q=0.004129 : 0.000464 : 0.995407 : P=0.033350 : Visits=43 : Children=30
  X   26  _   _   _   _   _   _   _   _   _   _   _   _   _ 
  82  25  _   _   _   _   _   _   _   _   _   _   _   _   _ 
  X   _   _   _   _   _   _   _   _   _   _   _   _   _   _ 
  64  _   32  31  28  29  29  27  _   _   _   _   _   _   _ 
  24  _   34  29  48  29  34  26  _   25  _   _   _   _   _ 
  _   _   31  44  O   31  32  29  _   _   _   _   _   _   _ 
  _   _   29  25  39  _   O   25  _   _   _   _   _   _   _ 
  _   25  _   _   _   _   24  _   _   _   _   _   _   _   _ 
  _   _   _   _   _   _   _   28  _   _   _   _   _   _   _ 
  _   _   _   _   _   _   _   _   _   _   _   _   _   _   _ 
  _   _   _   _   _   _   _   _   _   _   _   _   _   _   _ 
  _   _   _   _   _   _   _   _   _   _   _   _   _   _   _ 
  _   _   _   _   _   _   _   _   _   _   _   _   _   _   _ 
  _   _   _   _   _   _   _   _   _   _   _   _   _   _   _ 
  _   _   _   _   _   _   _   _   _   _   _   _   _   _   _ 

CIRCLE ( 0, 0) : U : Q=0.993125 : 0.000531 : 0.006345 : P=0.000000 : Visits=1375 : Children=30
CROSS  ( 1, 0) : U : Q=0.016833 : 0.000837 : 0.982329 : P=0.055499 : Visits=114 : Children=30
CIRCLE ( 3, 0) : U : Q=0.997001 : 0.000345 : 0.002653 : P=0.404122 : Visits=55 : Children=30
CROSS  ( 4, 4) : U : Q=0.003042 : 0.000468 : 0.996490 : P=0.046386 : Visits=3 : Children=30
CIRCLE ( 6, 3) : U : Q=0.996668 : 0.000269 : 0.003064 : P=0.127202 : Visits=1 : Children=30
CROSS  ( 4, 5) : U : Q=0.000000 : 0.000000 : 0.000000 : P=0.732994 : Visits=0 : Children=0
----EvaluationQueue----
avg batch size = 7.993692
network   = 977.033415s : 32182 : 30.359624 ms
pack      = 0.171877s : 32182 : 5.340770 us
unpack    = 0.281241s : 32182 : 8.739076 us

----SearchStats----
nb_duplicate_nodes = 0
select     = 0.000000s : 1375 : 0.000000 us
expand     = 0.000000s : 1375 : 0.000000 us
vcf solver = 0.031248s : 1375 : 22.725712 us
backup     = 0.000000s : 1375 : 0.000000 us
evaluate   = 0.000000s : 384 : 0.000000 us
game rules = 0.000000s : 1375 : 0.000000 us

----TreeStats----
used nodes      = 39325
allocated nodes = 100000000
proven nodes    = 0 : 0 : 5 (win:draw:loss)
memory = 1MB
----CacheStats----
hit rate = 72.000000%
time_seek    = 0.000000s : 1375 : 0.000000 us
time_insert  = 0.000000s : 384 : 0.000000 us
time_cleanup = 0.015626s : 1 : 15.625954 ms
entries = 1467 : 27842 : 29309 (stored:buffered:allocated)
memory = 32MB

Answered : MESSAGE depth 1-6 ev 0.6 n 1375 n/s 29332 tm 46 pv Xb0 Od0 Xe4 Og3 Xe5
BEST
CIRCLE ( 6, 5) : U : Q=0.994967 : 0.000455 : 0.004579 : P=0.085701 : Visits=996 : Children=30
CIRCLE ( 5, 6) : U : Q=0.994915 : 0.000511 : 0.004574 : P=0.074934 : Visits=869 : Children=30
CIRCLE ( 7, 4) : U : Q=0.991807 : 0.000598 : 0.007596 : P=0.083071 : Visits=755 : Children=30
CIRCLE ( 6, 6) : U : Q=0.995218 : 0.000520 : 0.004263 : P=0.062006 : Visits=739 : Children=30
CIRCLE ( 7, 5) : U : Q=0.995209 : 0.000492 : 0.004299 : P=0.054905 : Visits=653 : Children=30
CIRCLE ( 4, 5) : U : Q=0.995010 : 0.000530 : 0.004460 : P=0.052997 : Visits=620 : Children=30
CIRCLE ( 4, 4) : U : Q=0.994420 : 0.000613 : 0.004967 : P=0.054292 : Visits=605 : Children=30
CIRCLE ( 7, 6) : U : Q=0.993610 : 0.000600 : 0.005790 : P=0.054743 : Visits=570 : Children=30
CIRCLE ( 5, 5) : U : Q=0.994189 : 0.000615 : 0.005196 : P=0.049953 : Visits=546 : Children=30
CIRCLE ( 6, 3) : U : Q=0.994694 : 0.000541 : 0.004766 : P=0.047263 : Visits=538 : Children=30
  X   _   _   _   _   _   _   _   _   _   _   _   _   _   _ 
  _   _   _   _   _   _   _   _   _   _   _   _   _   _   _ 
  _   X   _   _   _   _   _    5  _   _   _   _   _   _   _ 
  _   _   _   _    7  16   8  _   _   _   _   _   _   _   _ 
  _   _   _   11  56  58  43  25  _   _   _   _   _   _   _ 
  _   _   _   34  O   51  81  36   6  _   _   _   _   _   _ 
  _   _   _   50  44  93  69  37   5  _   _   _   _   _   _ 
  _   _   _   12  70  61  53  13   4  _   _   _   _   _   _ 
  _   _   _   _    7  19   6   6  _   _   _   _   _   _   _ 
  _   _   _   _   _   _   _   _   _   _   _   _   _   _   _ 
  _   _   _   _   _   _   _   _   _   _   _   _   _   _   _ 
  _   _   _   _   _   _   _   _   _   _   _   _   _   _   _ 
  _   _   _   _   _   _   _   _   _   _   _   _   _   _   _ 
  _   _   _   _   _   _   _   _   _   _   _   _   _   _   _ 
  _   _   _   _   _   _   _   _   _   _   _   _   _   _   _ 

CROSS  ( 0, 0) : U : Q=0.005505 : 0.000618 : 0.993878 : P=0.000000 : Visits=10654 : Children=30
CIRCLE ( 6, 5) : U : Q=0.994967 : 0.000455 : 0.004579 : P=0.085701 : Visits=996 : Children=30
CROSS  ( 7, 6) : U : Q=0.003592 : 0.000400 : 0.996008 : P=0.048110 : Visits=47 : Children=30
CIRCLE ( 5, 5) : U : Q=0.996666 : 0.000332 : 0.003002 : P=0.147119 : Visits=8 : Children=30
CROSS  ( 5, 6) : U : Q=0.003989 : 0.000384 : 0.995628 : P=0.227956 : Visits=3 : Children=30
CIRCLE ( 4, 5) : U : Q=0.996870 : 0.000279 : 0.002851 : P=0.421996 : Visits=1 : Children=4
CROSS  ( 7, 5) : U : Q=0.000000 : 0.000000 : 0.000000 : P=0.651385 : Visits=0 : Children=0
----EvaluationQueue----
avg batch size = 7.993697
network   = 1011.907399s : 33315 : 30.373928 ms
pack      = 0.187502s : 33315 : 5.628153 us
unpack    = 0.281241s : 33315 : 8.441871 us

----SearchStats----
nb_duplicate_nodes = 1
select     = 0.046877s : 10655 : 4.399544 us
expand     = 0.046874s : 10654 : 4.399666 us
vcf solver = 0.249997s : 10654 : 23.465074 us
backup     = 0.000000s : 10654 : 0.000000 us
evaluate   = 0.000000s : 9057 : 0.000000 us
game rules = 0.000000s : 10655 : 0.000000 us

----TreeStats----
used nodes      = 286519
allocated nodes = 100000000
proven nodes    = 0 : 0 : 6 (win:draw:loss)
memory = 8MB
----CacheStats----
hit rate = 14.900000%
time_seek    = 0.015625s : 10654 : 1.466585 us
time_insert  = 0.015622s : 9057 : 1.724895 us
time_cleanup = 0.000000s : 1 : 0.000000 us
entries = 9058 : 20251 : 29309 (stored:buffered:allocated)
memory = 36MB

Answered : MESSAGE depth 1-7 ev 99.4 n 10654 n/s 299 tm 35608 pv Og5 Xh6 Of5 Xf6 Oe5 Xh5
Answered : 5,6
Received : RESTART
