Compiled on May 17 2021 at 21:00:40
Launched in Engine\
Received : INFO max_memory 5368709120
Received : INFO timeout_match 900000
Received : INFO timeout_turn 900000
Received : INFO game_type 1
Received : INFO rule 1
Received : INFO time_left 900000
Received : BOARD
Received : 0,0,2
Received : 5,6,1
Received : 1,1,2
Received : DONE
BEST
CROSS  ( 4, 0) : U : Q=0.009728 : 0.000637 : 0.989636 : P=0.040560 : Visits=53 : Children=30
CROSS  ( 4, 4) : U : Q=0.003551 : 0.000284 : 0.996165 : P=0.047986 : Visits=53 : Children=30
CROSS  ( 8, 7) : U : Q=0.003427 : 0.000409 : 0.996165 : P=0.045130 : Visits=49 : Children=30
CROSS  ( 5, 4) : U : Q=0.003882 : 0.000430 : 0.995688 : P=0.039132 : Visits=43 : Children=30
CROSS  ( 6, 4) : U : Q=0.003172 : 0.000382 : 0.996446 : P=0.038846 : Visits=42 : Children=30
CROSS  ( 6, 7) : U : Q=0.004176 : 0.000379 : 0.995445 : P=0.036561 : Visits=41 : Children=30
CROSS  ( 6, 8) : U : Q=0.005171 : 0.000450 : 0.994379 : P=0.035418 : Visits=40 : Children=30
CROSS  ( 8, 5) : U : Q=0.004131 : 0.000575 : 0.995294 : P=0.035133 : Visits=39 : Children=30
CROSS  ( 5, 5) : U : Q=0.004492 : 0.000512 : 0.994996 : P=0.034276 : Visits=38 : Children=30
CROSS  ( 8, 8) : U : Q=0.004367 : 0.000396 : 0.995237 : P=0.033705 : Visits=38 : Children=30
  X   _   _   _   _   _   _   _   _   _   _   _   _   _   _ 
  X   _   _   _   _   _   _   _   _   _   _   _   _   _   _ 
  _   _   _   _   _   _   _   _   _   _   _   _   _   _   _ 
  _   _   _   _   _   _   _   _   _   _   _   _   _   _   _ 
  47  _   _   27  47  29  30  _   _   _   _   _   _   _   _ 
  _   _   _   _   38  34  29  31  28  _   _   _   _   _   _ 
  _   _   _   _   37  O   33  36  35  28  _   _   _   _   _ 
  _   _   _   _   28  32  30  33  31  _   _   _   _   _   _ 
  _   _   _   _   30  35  O   44  34  _   _   _   _   _   _ 
  _   _   _   _   _   _   33  32  29  27  _   _   _   _   _ 
  _   _   _   _   _   _   _   28  _   29  _   _   _   _   _ 
  _   _   _   _   _   _   _   _   _   _   _   _   _   _   _ 
  _   _   _   _   _   _   _   _   _   _   _   _   _   _   _ 
  _   _   _   _   _   _   _   _   _   _   _   _   _   _   _ 
  _   _   _   _   _   _   _   _   _   _   _   _   _   _   _ 

CIRCLE ( 0, 0) : U : Q=0.995288 : 0.000408 : 0.004304 : P=0.000000 : Visits=1114 : Children=30
CROSS  ( 4, 0) : U : Q=0.009728 : 0.000637 : 0.989636 : P=0.040560 : Visits=53 : Children=30
CIRCLE ( 3, 0) : U : Q=0.997588 : 0.000397 : 0.002014 : P=0.165534 : Visits=12 : Children=30
CROSS  ( 5, 5) : U : Q=0.002226 : 0.000446 : 0.997328 : P=0.039308 : Visits=1 : Children=30
CIRCLE ( 6, 4) : U : Q=0.000000 : 0.000000 : 0.000000 : P=0.171777 : Visits=0 : Children=0
----EvaluationQueue----
avg batch size = 7.992409
network   = 3148.386404s : 99460 : 31.654800 ms
pack      = 0.781255s : 99460 : 7.854972 us
unpack    = 0.640622s : 99460 : 6.441003 us

----SearchStats----
nb_duplicate_nodes = 0
select     = 0.000000s : 1114 : 0.000000 us
expand     = 0.000000s : 1114 : 0.000000 us
vcf solver = 0.015618s : 1114 : 14.019826 us
backup     = 0.015625s : 1114 : 14.025604 us
evaluate   = 0.000000s : 440 : 0.000000 us
game rules = 0.000000s : 1114 : 0.000000 us

----TreeStats----
used nodes      = 32320
allocated nodes = 100000000
proven nodes    = 0 : 0 : 5 (win:draw:loss)
memory = 0MB
----CacheStats----
hit rate = 60.500000%
time_seek    = 0.000000s : 1114 : 0.000000 us
time_insert  = 0.000000s : 440 : 0.000000 us
time_cleanup = 0.015625s : 1 : 15.625000 ms
entries = 1154 : 28155 : 29309 (stored:buffered:allocated)
memory = 32MB

Answered : MESSAGE depth 1-5 ev 0.4 n 1114 n/s 35622 tm 31 pv Xe0 Od0 Xf5 Og4
BEST
CIRCLE ( 4, 4) : U : Q=0.995949 : 0.000465 : 0.003586 : P=0.054761 : Visits=974 : Children=30
CIRCLE ( 5, 6) : U : Q=0.993513 : 0.000496 : 0.005990 : P=0.067252 : Visits=904 : Children=30
CIRCLE ( 5, 4) : U : Q=0.993419 : 0.000571 : 0.006010 : P=0.055600 : Visits=743 : Children=30
CIRCLE ( 6, 7) : U : Q=0.991736 : 0.000551 : 0.007712 : P=0.054631 : Visits=623 : Children=30
CIRCLE ( 7, 4) : U : Q=0.993119 : 0.000496 : 0.006385 : P=0.047853 : Visits=618 : Children=30
CIRCLE ( 4, 6) : U : Q=0.995012 : 0.000511 : 0.004478 : P=0.038534 : Visits=612 : Children=30
CIRCLE ( 4, 5) : U : Q=0.993324 : 0.000645 : 0.006030 : P=0.044168 : Visits=587 : Children=30
CIRCLE ( 7, 6) : U : Q=0.990374 : 0.000652 : 0.008974 : P=0.053145 : Visits=545 : Children=30
CIRCLE ( 5, 7) : U : Q=0.992294 : 0.000580 : 0.007125 : P=0.044952 : Visits=541 : Children=30
CIRCLE ( 6, 4) : U : Q=0.993389 : 0.000541 : 0.006071 : P=0.040392 : Visits=538 : Children=30
  X   _   _   _   _   _   _   _   _   _   _   _   _   _   _ 
  _   X   _   _   _   _   _   _   _   _   _   _   _   _   _ 
  _   _   _   _   _   _   _   _   _   _   _   _   _   _   _ 
  _   _   _   _   _   _   _   _   _   _   _   _   _   _   _ 
  _   _   _   17  87  52  54  19  _   _   _   _   _   _   _ 
  _   _   _   _   66  26  80  48  10  _   _   _   _   _   _ 
  _   _   _   44  48  O   32  55  17  _   _   _   _   _   _ 
  _   _   _   11  55  46  48  27  10  _   _   _   _   _   _ 
  _   _   _   _   20  43  21  13   6  _   _   _   _   _   _ 
  _   _   _   _    8  11   8   5  _   _   _   _   _   _   _ 
  _   _   _   _   _   _   _   _   _   _   _   _   _   _   _ 
  _   _   _   _   _   _   _   _   _   _   _   _   _   _   _ 
  _   _   _   _   _   _   _   _   _   _   _   _   _   _   _ 
  _   _   _   _   _   _   _   _   _   _   _   _   _   _   _ 
  _   _   _   _   _   _   _   _   _   _   _   _   _   _   _ 

CROSS  ( 0, 0) : U : Q=0.007909 : 0.000673 : 0.991418 : P=0.000000 : Visits=11181 : Children=30
CIRCLE ( 4, 4) : U : Q=0.995949 : 0.000465 : 0.003586 : P=0.054761 : Visits=974 : Children=30
CROSS  ( 3, 4) : U : Q=0.003486 : 0.000516 : 0.995998 : P=0.044447 : Visits=43 : Children=30
CIRCLE ( 4, 5) : U : Q=0.995722 : 0.000579 : 0.003698 : P=0.203351 : Visits=11 : Children=30
CROSS  ( 4, 3) : U : Q=0.004336 : 0.000574 : 0.995090 : P=0.392425 : Visits=5 : Children=30
CIRCLE ( 5, 5) : U : Q=0.994394 : 0.000536 : 0.005070 : P=0.286124 : Visits=3 : Children=4
CROSS  ( 3, 5) : U : Q=0.004484 : 0.000389 : 0.995127 : P=0.857524 : Visits=2 : Children=30
CIRCLE ( 3, 6) : U : Q=0.993144 : 0.000440 : 0.006416 : P=0.388412 : Visits=1 : Children=30
CROSS  ( 3, 3) : U : Q=0.000000 : 0.000000 : 0.000000 : P=0.475537 : Visits=0 : Children=0
----EvaluationQueue----
avg batch size = 7.992431
network   = 3183.354138s : 100675 : 31.620106 ms
pack      = 0.781255s : 100675 : 7.760174 us
unpack    = 0.640622s : 100675 : 6.363269 us

----SearchStats----
nb_duplicate_nodes = 1
select     = 0.015625s : 11182 : 1.397335 us
expand     = 0.046873s : 11181 : 4.192209 us
vcf solver = 0.250000s : 11181 : 22.359317 us
backup     = 0.015625s : 11181 : 1.397460 us
evaluate   = 0.000000s : 9713 : 0.000000 us
game rules = 0.000000s : 11182 : 0.000000 us

----TreeStats----
used nodes      = 293371
allocated nodes = 100000000
proven nodes    = 0 : 0 : 5 (win:draw:loss)
memory = 8MB
----CacheStats----
hit rate = 13.100000%
time_seek    = 0.000000s : 11181 : 0.000000 us
time_insert  = 0.000000s : 9713 : 0.000000 us
time_cleanup = 0.015628s : 1 : 15.628338 ms
entries = 9714 : 19595 : 29309 (stored:buffered:allocated)
memory = 37MB

Answered : MESSAGE depth 1-9 ev 99.1 n 11181 n/s 313 tm 35623 pv Oe4 Xd4 Oe5 Xe3 Of5 Xd5 Od6 Xd3
Answered : 4,4
Received : RESTART
