Compiled on May 17 2021 at 21:00:40
Launched in Engine\
Received : INFO max_memory 5368709120
Received : INFO timeout_match 900000
Received : INFO timeout_turn 900000
Received : INFO game_type 1
Received : INFO rule 1
Received : INFO time_left 900000
Received : BOARD
Received : 0,0,2
Received : 8,5,1
Received : 3,1,2
Received : DONE
BEST
CROSS  ( 4, 4) : U : Q=0.010442 : 0.000549 : 0.989009 : P=0.305775 : Visits=520 : Children=30
CROSS  ( 3, 3) : U : Q=0.018086 : 0.000808 : 0.981107 : P=0.078718 : Visits=181 : Children=30
CROSS  ( 4, 1) : U : Q=0.007334 : 0.000659 : 0.992007 : P=0.049248 : Visits=76 : Children=30
CROSS  ( 2, 4) : U : Q=0.005997 : 0.000462 : 0.993540 : P=0.030854 : Visits=45 : Children=30
CROSS  ( 4, 2) : U : Q=0.007126 : 0.000348 : 0.992526 : P=0.026899 : Visits=40 : Children=30
CROSS  ( 5, 5) : U : Q=0.003452 : 0.000348 : 0.996199 : P=0.029074 : Visits=39 : Children=30
CROSS  ( 4, 3) : U : Q=0.008280 : 0.000339 : 0.991381 : P=0.023734 : Visits=37 : Children=30
CROSS  ( 6, 0) : U : Q=0.004708 : 0.000382 : 0.994911 : P=0.026305 : Visits=37 : Children=30
CROSS  ( 3, 5) : U : Q=0.005640 : 0.000317 : 0.994043 : P=0.024723 : Visits=36 : Children=30
CROSS  ( 2, 3) : U : Q=0.006237 : 0.000388 : 0.993375 : P=0.024130 : Visits=35 : Children=30
  X   _   _   _   _   _   _   _   _   _   _   _   _   _   _ 
  _   X   _   _   19  15  _   _   _   _   _   _   _   _   _ 
  _   _   _   22  28  15  _   _   _   _   _   _   _   _   _ 
  _   19  19 114  20  22  _   _   _   _   _   _   _   _   _ 
  _   47  25  23 328  19  15  15  _   _   _   _   _   _   _ 
  _   15  15  20  19  24  O   18  O   _   _   _   _   _   _ 
  23  _   _   _   15  _   14  _   _   _   _   _   _   _   _ 
  _   _   _   _   _   15  14  14  _   _   _   _   _   _   _ 
  _   _   _   _   _   _   15  _   _   _   _   _   _   _   _ 
  _   _   _   _   _   _   _   _   _   _   _   _   _   _   _ 
  _   _   _   _   _   _   _   _   _   _   _   _   _   _   _ 
  _   _   _   _   _   _   _   _   _   _   _   _   _   _   _ 
  _   _   _   _   _   _   _   _   _   _   _   _   _   _   _ 
  _   _   _   _   _   _   _   _   _   _   _   _   _   _   _ 
  _   _   _   _   _   _   _   _   _   _   _   _   _   _   _ 

CIRCLE ( 0, 0) : U : Q=0.990845 : 0.000503 : 0.008652 : P=0.000000 : Visits=1585 : Children=30
CROSS  ( 4, 4) : U : Q=0.010442 : 0.000549 : 0.989009 : P=0.305775 : Visits=520 : Children=30
CIRCLE ( 4, 7) : U : Q=0.992273 : 0.000260 : 0.007467 : P=0.214322 : Visits=122 : Children=30
CROSS  ( 3, 3) : U : Q=0.004807 : 0.000251 : 0.994942 : P=0.330037 : Visits=41 : Children=1
CIRCLE ( 2, 2) : U : Q=0.995703 : 0.000146 : 0.004151 : P=1.000000 : Visits=40 : Children=30
CROSS  ( 3, 4) : U : Q=0.004902 : 0.000154 : 0.994944 : P=0.304063 : Visits=15 : Children=19
CIRCLE ( 3, 8) : U : Q=0.998224 : 0.000045 : 0.001731 : P=0.377647 : Visits=6 : Children=4
CROSS  ( 6, 5) : U : Q=0.001243 : 0.000031 : 0.998726 : P=0.605377 : Visits=3 : Children=17
CIRCLE ( 4, 8) : U : Q=0.998820 : 0.000024 : 0.001155 : P=0.556507 : Visits=2 : Children=6
CROSS  ( 6, 8) : U : Q=0.000836 : 0.000023 : 0.999141 : P=0.562110 : Visits=1 : Children=30
CIRCLE ( 4, 9) : U : Q=0.000000 : 0.000000 : 0.000000 : P=0.343712 : Visits=0 : Children=0
----EvaluationQueue----
avg batch size = 7.992586
network   = 2214.403134s : 71620 : 30.918782 ms
pack      = 0.484383s : 71620 : 6.763241 us
unpack    = 0.515621s : 71620 : 7.199402 us

----SearchStats----
nb_duplicate_nodes = 0
select     = 0.000000s : 1585 : 0.000000 us
expand     = 0.031249s : 1585 : 19.715336 us
vcf solver = 0.031246s : 1585 : 19.713531 us
backup     = 0.000000s : 1585 : 0.000000 us
evaluate   = 0.000000s : 424 : 0.000000 us
game rules = 0.000000s : 1585 : 0.000000 us

----TreeStats----
used nodes      = 36884
allocated nodes = 100000000
proven nodes    = 0 : 0 : 5 (win:draw:loss)
memory = 1MB
----CacheStats----
hit rate = 73.200000%
time_seek    = 0.000000s : 1585 : 0.000000 us
time_insert  = 0.000000s : 424 : 0.000000 us
time_cleanup = 0.000000s : 1 : 0.000000 us
entries = 1800 : 27509 : 29309 (stored:buffered:allocated)
memory = 32MB

Answered : MESSAGE depth 1-11 ev 0.8 n 1585 n/s 101233 tm 15 pv Xe4 Oe7 Xd3 Oc2 Xd4 Od8 Xg5 Oe8 Xg8 Oe9
BEST
CIRCLE ( 6, 7) : U : Q=0.989185 : 0.000369 : 0.010446 : P=0.092015 : Visits=1348 : Children=30
CIRCLE ( 4, 6) : U : Q=0.989142 : 0.000537 : 0.010321 : P=0.074634 : Visits=1072 : Children=30
CIRCLE ( 7, 8) : U : Q=0.986224 : 0.000301 : 0.013474 : P=0.090677 : Visits=1031 : Children=30
CIRCLE ( 6, 9) : U : Q=0.989081 : 0.000297 : 0.010622 : P=0.068174 : Visits=989 : Children=30
CIRCLE ( 6, 8) : U : Q=0.988549 : 0.000375 : 0.011076 : P=0.059542 : Visits=828 : Children=30
CIRCLE ( 5, 6) : U : Q=0.987172 : 0.000516 : 0.012312 : P=0.056568 : Visits=691 : Children=30
CIRCLE ( 6, 6) : U : Q=0.987077 : 0.000423 : 0.012500 : P=0.052706 : Visits=634 : Children=30
CIRCLE ( 4, 7) : U : Q=0.987233 : 0.000425 : 0.012342 : P=0.045048 : Visits=552 : Children=30
CIRCLE ( 5, 7) : U : Q=0.989567 : 0.000480 : 0.009952 : P=0.035229 : Visits=547 : Children=30
CIRCLE ( 4, 9) : U : Q=0.988824 : 0.000344 : 0.010831 : P=0.033026 : Visits=470 : Children=30
  X   _   _   _   _   _   _   _   _   _   _   _   _   _   _ 
  _   _   _   X   _   _   _   _   _   _   _   _   _   _   _ 
  _   _   _   _   _   _   _   _   _   _   _   _   _   _   _ 
  _   _   _   _   _   _    7  10  18  _   _   _   _   _   _ 
  _   _   _   _    3  12  88  45  38  39   4  _   _   _   _ 
  _   _   _   _   _   14  57  45  O   34  29  _   _   _   _ 
  _   _   _   _   _   11  52 111  68  82  15  _   _   _   _ 
  _   _   _   _   _    4  22  38  85  23  15  _   _   _   _ 
  _   _   _   _   _   _   _    6   5   6  _   _   _   _   _ 
  _   _   _   _   _   _   _   _   _   _   _   _   _   _   _ 
  _   _   _   _   _   _   _   _   _   _   _   _   _   _   _ 
  _   _   _   _   _   _   _   _   _   _   _   _   _   _   _ 
  _   _   _   _   _   _   _   _   _   _   _   _   _   _   _ 
  _   _   _   _   _   _   _   _   _   _   _   _   _   _   _ 
  _   _   _   _   _   _   _   _   _   _   _   _   _   _   _ 

CROSS  ( 0, 0) : U : Q=0.012632 : 0.000458 : 0.986911 : P=0.000000 : Visits=12052 : Children=30
CIRCLE ( 6, 7) : U : Q=0.989185 : 0.000369 : 0.010446 : P=0.092015 : Visits=1348 : Children=30
CROSS  ( 3, 3) : U : Q=0.011728 : 0.000275 : 0.987997 : P=0.246647 : Visits=349 : Children=30
CIRCLE ( 5, 7) : U : Q=0.993071 : 0.000143 : 0.006786 : P=0.293826 : Visits=115 : Children=30
CROSS  ( 4, 3) : U : Q=0.008177 : 0.000162 : 0.991661 : P=0.551483 : Visits=73 : Children=3
CIRCLE ( 2, 3) : U : Q=0.992995 : 0.000134 : 0.006871 : P=0.867911 : Visits=64 : Children=30
CROSS  ( 4, 4) : U : Q=0.011928 : 0.000195 : 0.987877 : P=0.332533 : Visits=27 : Children=30
CIRCLE ( 7, 6) : U : Q=0.989586 : 0.000134 : 0.010280 : P=0.244480 : Visits=7 : Children=6
CROSS  ( 2, 2) : U : Q=0.026990 : 0.000290 : 0.972719 : P=0.236242 : Visits=2 : Children=1
CIRCLE ( 1, 1) : U : Q=0.995016 : 0.000128 : 0.004856 : P=1.000000 : Visits=1 : Children=6
CROSS  ( 4, 9) : U : Q=0.000000 : 0.000000 : 0.000000 : P=0.477933 : Visits=0 : Children=0
----EvaluationQueue----
avg batch size = 7.992599
network   = 2249.277099s : 72688 : 30.944270 ms
pack      = 0.500006s : 72688 : 6.878800 us
unpack    = 0.515621s : 72688 : 7.093622 us

----SearchStats----
nb_duplicate_nodes = 1
select     = 0.062495s : 12053 : 5.184976 us
expand     = 0.031248s : 12052 : 2.592733 us
vcf solver = 0.312528s : 12052 : 25.931601 us
backup     = 0.000000s : 12052 : 0.000000 us
evaluate   = 0.000000s : 8537 : 0.000000 us
game rules = 0.000000s : 12053 : 0.000000 us

----TreeStats----
used nodes      = 254333
allocated nodes = 100000000
proven nodes    = 0 : 0 : 12 (win:draw:loss)
memory = 7MB
----CacheStats----
hit rate = 29.100000%
time_seek    = 0.000000s : 12052 : 0.000000 us
time_insert  = 0.000000s : 8537 : 0.000000 us
time_cleanup = 0.015629s : 1 : 15.629053 ms
entries = 8563 : 20746 : 29309 (stored:buffered:allocated)
memory = 36MB

Answered : MESSAGE depth 1-11 ev 98.7 n 12052 n/s 338 tm 35623 pv Og7 Xd3 Of7 Xe3 Oc3 Xe4 Oh6 Xc2 Ob1 Xe9
Answered : 7,6
Received : RESTART
