Compiled on May 17 2021 at 21:00:40
Launched in Engine\
Received : INFO max_memory 5368709120
Received : INFO timeout_match 900000
Received : INFO timeout_turn 900000
Received : INFO game_type 1
Received : INFO rule 1
Received : INFO time_left 900000
Received : BOARD
Received : 0,0,2
Received : 9,5,1
Received : 5,1,2
Received : DONE
BEST
CROSS  ( 4, 4) : U : Q=0.019415 : 0.000219 : 0.980368 : P=0.399117 : Visits=1283 : Children=30
CROSS  ( 1, 3) : U : Q=0.017815 : 0.000469 : 0.981716 : P=0.097604 : Visits=292 : Children=30
CROSS  ( 3, 4) : U : Q=0.015604 : 0.000252 : 0.984144 : P=0.082850 : Visits=225 : Children=30
CROSS  ( 1, 5) : U : Q=0.013434 : 0.000434 : 0.986131 : P=0.076797 : Visits=191 : Children=30
CROSS  ( 1, 6) : U : Q=0.012271 : 0.000522 : 0.987206 : P=0.050063 : Visits=119 : Children=30
CROSS  ( 2, 4) : U : Q=0.017165 : 0.000267 : 0.982568 : P=0.027617 : Visits=80 : Children=30
CROSS  ( 1, 2) : U : Q=0.014816 : 0.000487 : 0.984698 : P=0.017024 : Visits=44 : Children=30
CROSS  ( 3, 2) : U : Q=0.007609 : 0.000232 : 0.992159 : P=0.018789 : Visits=38 : Children=30
CROSS  ( 2, 3) : U : Q=0.010916 : 0.000261 : 0.988823 : P=0.016141 : Visits=36 : Children=30
CROSS  ( 3, 3) : U : Q=0.012664 : 0.000170 : 0.987166 : P=0.014502 : Visits=35 : Children=30
  X   _   _   _   _   _   _   _   _   _   _   _   _   _   _ 
  _   12  16 106  X   69  43   7  _   _   _   _   _   _   _ 
  _   _   _   13  29   6   5  _   _   _   _   _   _   _   _ 
  _   _   13  12  82   7   5  _   _   _   _   _   _   _   _ 
  _   _   10   8 470   6   5   5  _   _    7  _   _   _   _ 
  _   _   _    6  _   _   _   _   _   O   _   _   _   _   _ 
  _   _   _   _   _   _   _   _   O   _   _   _   _   _   _ 
  _   _   _   _   _   _    6   9   5  _   _   _   _   _   _ 
  _   _   _   _   _   _    5   5   5  _   _   _   _   _   _ 
  _   _   _   _   _   _    5  _   _   _   _   _   _   _   _ 
  _   _   _   _   _   _   _   _   _   _   _   _   _   _   _ 
  _   _   _   _   _   _   _   _   _   _   _   _   _   _   _ 
  _   _   _   _   _   _   _   _   _   _   _   _   _   _   _ 
  _   _   _   _   _   _   _   _   _   _   _   _   _   _   _ 
  _   _   _   _   _   _   _   _   _   _   _   _   _   _   _ 

CIRCLE ( 0, 0) : U : Q=0.983802 : 0.000289 : 0.015909 : P=0.000000 : Visits=2730 : Children=30
CROSS  ( 4, 4) : U : Q=0.019415 : 0.000219 : 0.980368 : P=0.399117 : Visits=1283 : Children=30
CIRCLE ( 5, 8) : U : Q=0.988798 : 0.000122 : 0.011080 : P=0.205712 : Visits=319 : Children=30
CROSS  ( 2, 4) : U : Q=0.011374 : 0.000116 : 0.988510 : P=0.458872 : Visits=154 : Children=3
CIRCLE ( 3, 4) : U : Q=0.990076 : 0.000098 : 0.009826 : P=0.945471 : Visits=148 : Children=30
CROSS  ( 3, 3) : U : Q=0.010123 : 0.000098 : 0.989779 : P=0.568982 : Visits=93 : Children=17
CIRCLE ( 4, 8) : U : Q=0.994001 : 0.000073 : 0.005926 : P=0.499474 : Visits=50 : Children=6
CROSS  ( 2, 2) : U : Q=0.005299 : 0.000068 : 0.994633 : P=0.346784 : Visits=18 : Children=1
CIRCLE ( 1, 1) : U : Q=0.995636 : 0.000069 : 0.004296 : P=1.000000 : Visits=17 : Children=6
CROSS  ( 3, 8) : U : Q=0.003691 : 0.000048 : 0.996262 : P=0.391055 : Visits=7 : Children=24
CIRCLE ( 5, 7) : U : Q=0.997192 : 0.000039 : 0.002769 : P=0.385486 : Visits=3 : Children=7
CROSS  ( 5, 6) : U : Q=0.002535 : 0.000039 : 0.997425 : P=0.479277 : Visits=1 : Children=30
CIRCLE ( 6, 6) : U : Q=0.000000 : 0.000000 : 0.000000 : P=0.286064 : Visits=0 : Children=0
----EvaluationQueue----
avg batch size = 7.992575
network   = 2494.644664s : 79999 : 31.183448 ms
pack      = 0.625002s : 79999 : 7.812624 us
unpack    = 0.546870s : 79999 : 6.835963 us

----SearchStats----
nb_duplicate_nodes = 0
select     = 0.000000s : 2730 : 0.000000 us
expand     = 0.015625s : 2730 : 5.723531 us
vcf solver = 0.124999s : 2730 : 45.787284 us
backup     = 0.000000s : 2730 : 0.000000 us
evaluate   = 0.000000s : 328 : 0.000000 us
game rules = 0.000000s : 2730 : 0.000000 us

----TreeStats----
used nodes      = 48700
allocated nodes = 100000000
proven nodes    = 0 : 0 : 11 (win:draw:loss)
memory = 1MB
----CacheStats----
hit rate = 87.900000%
time_seek    = 0.000000s : 2730 : 0.000000 us
time_insert  = 0.000000s : 328 : 0.000000 us
time_cleanup = 0.000000s : 1 : 0.000000 us
entries = 2557 : 26752 : 29309 (stored:buffered:allocated)
memory = 33MB

Answered : MESSAGE depth 1-13 ev 1.6 n 2730 n/s 87382 tm 31 pv Xe4 Of8 Xc4 Od4 Xd3 Oe8 Xc2 Ob1 Xd8 Of7 Xf6 Og6
BEST
CIRCLE ( 6, 8) : U : Q=0.988246 : 0.000245 : 0.011510 : P=0.051458 : Visits=1279 : Children=30
CIRCLE ( 4,10) : U : Q=0.988688 : 0.000306 : 0.011006 : P=0.041830 : Visits=1090 : Children=30
CIRCLE ( 6, 9) : U : Q=0.987146 : 0.000337 : 0.012517 : P=0.044822 : Visits=925 : Children=30
CIRCLE ( 6, 6) : U : Q=0.982793 : 0.000542 : 0.016665 : P=0.066994 : Visits=851 : Children=30
CIRCLE ( 6,10) : U : Q=0.984960 : 0.000232 : 0.014808 : P=0.050592 : Visits=790 : Children=30
CIRCLE ( 5, 7) : U : Q=0.983211 : 0.000573 : 0.016217 : P=0.054754 : Visits=723 : Children=30
CIRCLE ( 7, 9) : U : Q=0.983006 : 0.000293 : 0.016701 : P=0.049944 : Visits=641 : Children=30
CIRCLE ( 4, 8) : U : Q=0.979461 : 0.000411 : 0.020128 : P=0.062850 : Visits=611 : Children=30
CIRCLE ( 7, 8) : U : Q=0.982439 : 0.000316 : 0.017245 : P=0.042218 : Visits=517 : Children=30
CIRCLE ( 5, 8) : U : Q=0.985746 : 0.000367 : 0.013887 : P=0.028750 : Visits=496 : Children=30
  X   _   _   _   _   _   _   _   _   _   _   _   _   _   _ 
  _   _   _   _   _   X   _   _   _   _   _   _   _   _   _ 
  _   _   _   _   _   _   _   _   _   _   _   _   _   _   _ 
  _   _   _   _   _   _    1   6  14  25  _   _   _   _   _ 
  _   _   _   _   _   _   11  21  48  37  87  _   _   _   _ 
  _   _   _   _   _   _   14  57  39  O   32  15  _   _   _ 
  _   _   _   _   _   _   68  37 102  74  63  _   _   _   _ 
  _   _   _   _   _   _   10  33  41  51  31   6  _   _   _ 
  _   _   _   _   _   _   15  10  18  16   5  _   _   _   _ 
  _   _   _   _   _   _   _   _   _   _   _   _   _   _   _ 
  _   _   _   _   _   _   _   _   _   _   _   _   _   _   _ 
  _   _   _   _   _   _   _   _   _   _   _   _   _   _   _ 
  _   _   _   _   _   _   _   _   _   _   _   _   _   _   _ 
  _   _   _   _   _   _   _   _   _   _   _   _   _   _   _ 
  _   _   _   _   _   _   _   _   _   _   _   _   _   _   _ 

CROSS  ( 0, 0) : U : Q=0.016932 : 0.000427 : 0.982642 : P=0.000000 : Visits=12489 : Children=30
CIRCLE ( 6, 8) : U : Q=0.988246 : 0.000245 : 0.011510 : P=0.051458 : Visits=1279 : Children=30
CROSS  ( 3, 3) : U : Q=0.013413 : 0.000180 : 0.986407 : P=0.437585 : Visits=597 : Children=30
CIRCLE ( 5, 8) : U : Q=0.988311 : 0.000120 : 0.011570 : P=0.245763 : Visits=154 : Children=30
CROSS  ( 2, 4) : U : Q=0.012304 : 0.000130 : 0.987567 : P=0.685611 : Visits=118 : Children=3
CIRCLE ( 4, 2) : U : Q=0.988830 : 0.000110 : 0.011060 : P=0.928400 : Visits=110 : Children=30
CROSS  ( 4, 4) : U : Q=0.017535 : 0.000137 : 0.982328 : P=0.266779 : Visits=36 : Children=30
CIRCLE ( 4, 8) : U : Q=0.993880 : 0.000073 : 0.006047 : P=0.447265 : Visits=19 : Children=6
CROSS  ( 2, 2) : U : Q=0.006036 : 0.000069 : 0.993894 : P=0.351696 : Visits=7 : Children=1
CIRCLE ( 1, 1) : U : Q=0.995621 : 0.000066 : 0.004313 : P=1.000000 : Visits=6 : Children=6
CROSS  ( 3, 8) : U : Q=0.004443 : 0.000061 : 0.995495 : P=0.471132 : Visits=3 : Children=21
CIRCLE ( 7, 7) : U : Q=0.997320 : 0.000052 : 0.002627 : P=0.242332 : Visits=1 : Children=8
CROSS  ( 4,10) : U : Q=0.000000 : 0.000000 : 0.000000 : P=0.478864 : Visits=0 : Children=0
----EvaluationQueue----
avg batch size = 7.992581
network   = 2529.159237s : 81006 : 31.221875 ms
pack      = 0.625002s : 81006 : 7.715504 us
unpack    = 0.546870s : 81006 : 6.750984 us

----SearchStats----
nb_duplicate_nodes = 1
select     = 0.031243s : 12490 : 2.501467 us
expand     = 0.062500s : 12489 : 5.004385 us
vcf solver = 0.625045s : 12489 : 50.047628 us
backup     = 0.000000s : 12489 : 0.000000 us
evaluate   = 0.000000s : 8049 : 0.000000 us
game rules = 0.015625s : 12490 : 1.250963 us

----TreeStats----
used nodes      = 241160
allocated nodes = 100000000
proven nodes    = 0 : 0 : 5 (win:draw:loss)
memory = 7MB
----CacheStats----
hit rate = 35.500000%
time_seek    = 0.015625s : 12489 : 1.251139 us
time_insert  = 0.000000s : 8049 : 0.000000 us
time_cleanup = 0.015631s : 1 : 15.631199 ms
entries = 8358 : 20951 : 29309 (stored:buffered:allocated)
memory = 36MB

Answered : MESSAGE depth 1-13 ev 98.2 n 12489 n/s 350 tm 35608 pv Og8 Xd3 Of8 Xc4 Oe2 Xe4 Oe8 Xc2 Ob1 Xd8 Oh7 Xe10
Answered : 8,6
Received : RESTART
