Compiled on May 17 2021 at 21:00:40
Launched in Engine\
Received : INFO max_memory 5368709120
Received : INFO timeout_match 900000
Received : INFO timeout_turn 900000
Received : INFO game_type 1
Received : INFO rule 1
Received : INFO time_left 900000
Received : BOARD
Received : 0,0,2
Received : 7,5,1
Received : 3,1,2
Received : DONE
BEST
CROSS  ( 4, 4) : U : Q=0.005118 : 0.000519 : 0.994362 : P=0.055218 : Visits=66 : Children=30
CROSS  ( 3, 4) : U : Q=0.005352 : 0.000453 : 0.994194 : P=0.046764 : Visits=56 : Children=30
CROSS  ( 5, 4) : U : Q=0.005794 : 0.000516 : 0.993690 : P=0.045178 : Visits=55 : Children=30
CROSS  ( 4, 5) : U : Q=0.005706 : 0.000688 : 0.993605 : P=0.043857 : Visits=54 : Children=30
CROSS  ( 4, 2) : U : Q=0.006836 : 0.000771 : 0.992393 : P=0.039894 : Visits=50 : Children=30
CROSS  ( 2, 4) : U : Q=0.003697 : 0.000322 : 0.995982 : P=0.042008 : Visits=48 : Children=30
CROSS  ( 2, 2) : U : Q=0.006654 : 0.000717 : 0.992629 : P=0.037252 : Visits=47 : Children=30
CROSS  ( 2, 3) : U : Q=0.005110 : 0.000371 : 0.994519 : P=0.038309 : Visits=46 : Children=30
CROSS  ( 1, 4) : U : Q=0.007479 : 0.000751 : 0.991771 : P=0.034610 : Visits=45 : Children=30
CROSS  ( 3, 2) : U : Q=0.005783 : 0.000576 : 0.993641 : P=0.035667 : Visits=44 : Children=30
  X   23  25  _   _   24  _   _   _   _   _   _   _   _   _ 
  _   28  X   36  37  _   _   _   _   _   _   _   _   _   _ 
  _   _   39  38  40  31  _   _   _   _   _   _   _   _   _ 
  _   _   36  36  46  31  25  _   _   _   _   _   _   _   _ 
  _   _   41  35  55  45  _   24  _   _   _   _   _   _   _ 
  _   _   31  30  46  O   31  O   _   _   _   _   _   _   _ 
  _   _   _   27  25  28  _   22  _   _   _   _   _   _   _ 
  _   _   _   _   28  _   _   _   _   _   _   _   _   _   _ 
  _   _   _   _   23  _   _   _   _   _   _   _   _   _   _ 
  _   _   _   _   _   _   _   _   _   _   _   _   _   _   _ 
  _   _   _   _   _   _   _   _   _   _   _   _   _   _   _ 
  _   _   _   _   _   _   _   _   _   _   _   _   _   _   _ 
  _   _   _   _   _   _   _   _   _   _   _   _   _   _   _ 
  _   _   _   _   _   _   _   _   _   _   _   _   _   _   _ 
  _   _   _   _   _   _   _   _   _   _   _   _   _   _   _ 

CIRCLE ( 0, 0) : U : Q=0.994519 : 0.000482 : 0.004999 : P=0.000000 : Visits=1194 : Children=30
CROSS  ( 4, 4) : U : Q=0.005118 : 0.000519 : 0.994362 : P=0.055218 : Visits=66 : Children=30
CIRCLE ( 4, 6) : U : Q=0.996224 : 0.000292 : 0.003484 : P=0.175318 : Visits=13 : Children=30
CROSS  ( 1, 4) : U : Q=0.002799 : 0.000208 : 0.996993 : P=0.209869 : Visits=4 : Children=30
CIRCLE ( 3, 7) : U : Q=0.997743 : 0.000125 : 0.002132 : P=0.434479 : Visits=2 : Children=4
CROSS  ( 2, 8) : U : Q=0.001207 : 0.000117 : 0.998676 : P=0.520779 : Visits=1 : Children=30
CIRCLE ( 4, 7) : U : Q=0.000000 : 0.000000 : 0.000000 : P=0.332602 : Visits=0 : Children=0
----EvaluationQueue----
avg batch size = 7.992583
network   = 1887.912832s : 61211 : 30.842705 ms
pack      = 0.390633s : 61211 : 6.381747 us
unpack    = 0.437495s : 61211 : 7.147319 us

----SearchStats----
nb_duplicate_nodes = 1
select     = 0.000000s : 1195 : 0.000000 us
expand     = 0.015623s : 1194 : 13.084867 us
vcf solver = 0.015624s : 1194 : 13.085466 us
backup     = 0.000000s : 1194 : 0.000000 us
evaluate   = 0.000000s : 361 : 0.000000 us
game rules = 0.000000s : 1195 : 0.000000 us

----TreeStats----
used nodes      = 30288
allocated nodes = 100000000
proven nodes    = 0 : 0 : 5 (win:draw:loss)
memory = 0MB
----CacheStats----
hit rate = 69.700000%
time_seek    = 0.000000s : 1194 : 0.000000 us
time_insert  = 0.000000s : 361 : 0.000000 us
time_cleanup = 0.000000s : 1 : 0.000000 us
entries = 1531 : 27778 : 29309 (stored:buffered:allocated)
memory = 32MB

Answered : MESSAGE depth 1-7 ev 0.5 n 1194 n/s 76321 tm 15 pv Xe4 Oe6 Xb4 Od7 Xc8 Oe7
BEST
CIRCLE ( 4, 6) : U : Q=0.992902 : 0.000432 : 0.006666 : P=0.066655 : Visits=993 : Children=30
CIRCLE ( 5, 5) : U : Q=0.993277 : 0.000522 : 0.006201 : P=0.058680 : Visits=919 : Children=30
CIRCLE ( 6, 5) : U : Q=0.992116 : 0.000499 : 0.007386 : P=0.063558 : Visits=878 : Children=30
CIRCLE ( 6, 6) : U : Q=0.992122 : 0.000415 : 0.007464 : P=0.061750 : Visits=849 : Children=30
CIRCLE ( 6, 8) : U : Q=0.991984 : 0.000341 : 0.007675 : P=0.049224 : Visits=665 : Children=30
CIRCLE ( 4, 7) : U : Q=0.991049 : 0.000461 : 0.008490 : P=0.045667 : Visits=566 : Children=30
CIRCLE ( 4, 4) : U : Q=0.993352 : 0.000896 : 0.005752 : P=0.033203 : Visits=538 : Children=30
CIRCLE ( 7, 7) : U : Q=0.988297 : 0.000418 : 0.011284 : P=0.050892 : Visits=505 : Children=30
CIRCLE ( 6, 7) : U : Q=0.990582 : 0.000428 : 0.008989 : P=0.041744 : Visits=495 : Children=30
CIRCLE ( 4, 8) : U : Q=0.991821 : 0.000358 : 0.007821 : P=0.035967 : Visits=478 : Children=30
  X   _   _   _   _   _   _   _   _   _   _   _   _   _   _ 
  _   _   _   X   _   _   _   _   _   _   _   _   _   _   _ 
  _   _   _   _   _   _   _   _   _   _   _   _   _   _   _ 
  _   _   _   _   _   12  10  33  _   _   _   _   _   _   _ 
  _   _   _   _   47  37  87  49  42  15  _   _   _   _   _ 
  _   _   _   _   20  80  41  O   31  22   4  _   _   _   _ 
  _   _   _   _   33  77  74  43  58  17   4  _   _   _   _ 
  _   _   _   _   _   31  25  44  12  11  _   _   _   _   _ 
  _   _   _   _   _   _   10   7   8  _   _   _   _   _   _ 
  _   _   _   _   _   _   _   _   _   _   _   _   _   _   _ 
  _   _   _   _   _   _   _   _   _   _   _   _   _   _   _ 
  _   _   _   _   _   _   _   _   _   _   _   _   _   _   _ 
  _   _   _   _   _   _   _   _   _   _   _   _   _   _   _ 
  _   _   _   _   _   _   _   _   _   _   _   _   _   _   _ 
  _   _   _   _   _   _   _   _   _   _   _   _   _   _   _ 

CROSS  ( 0, 0) : U : Q=0.009425 : 0.000542 : 0.990033 : P=0.000000 : Visits=11381 : Children=30
CIRCLE ( 4, 6) : U : Q=0.992902 : 0.000432 : 0.006666 : P=0.066655 : Visits=993 : Children=30
CROSS  ( 3, 3) : U : Q=0.008694 : 0.000455 : 0.990851 : P=0.340864 : Visits=361 : Children=30
CIRCLE ( 5, 6) : U : Q=0.994693 : 0.000192 : 0.005115 : P=0.198591 : Visits=78 : Children=30
CROSS  ( 4, 3) : U : Q=0.006082 : 0.000211 : 0.993707 : P=0.566166 : Visits=52 : Children=3
CIRCLE ( 2, 3) : U : Q=0.995705 : 0.000145 : 0.004150 : P=0.625149 : Visits=32 : Children=30
CROSS  ( 3, 4) : U : Q=0.005481 : 0.000155 : 0.994365 : P=0.417539 : Visits=19 : Children=21
CIRCLE ( 3, 6) : U : Q=0.998420 : 0.000072 : 0.001508 : P=0.322368 : Visits=6 : Children=4
CROSS  ( 6, 6) : U : Q=0.001172 : 0.000058 : 0.998770 : P=0.597404 : Visits=3 : Children=16
CIRCLE ( 5, 5) : U : Q=0.998427 : 0.000070 : 0.001504 : P=0.520783 : Visits=2 : Children=6
CROSS  ( 5, 4) : U : Q=0.000617 : 0.000038 : 0.999345 : P=0.820364 : Visits=1 : Children=20
CIRCLE ( 3, 7) : U : Q=0.000000 : 0.000000 : 0.000000 : P=0.342067 : Visits=0 : Children=0
----EvaluationQueue----
avg batch size = 7.992601
network   = 1923.021172s : 62309 : 30.862655 ms
pack      = 0.390633s : 62309 : 6.269289 us
unpack    = 0.453122s : 62309 : 7.272174 us

----SearchStats----
nb_duplicate_nodes = 1
select     = 0.015624s : 11382 : 1.372698 us
expand     = 0.031250s : 11381 : 2.745783 us
vcf solver = 0.140635s : 11381 : 12.357042 us
backup     = 0.000000s : 11381 : 0.000000 us
evaluate   = 0.000000s : 8777 : 0.000000 us
game rules = 0.000000s : 11382 : 0.000000 us

----TreeStats----
used nodes      = 269637
allocated nodes = 100000000
proven nodes    = 0 : 0 : 5 (win:draw:loss)
memory = 8MB
----CacheStats----
hit rate = 22.800000%
time_seek    = 0.000000s : 11381 : 0.000000 us
time_insert  = 0.000000s : 8777 : 0.000000 us
time_cleanup = 0.015623s : 1 : 15.623331 ms
entries = 8846 : 20463 : 29309 (stored:buffered:allocated)
memory = 36MB

Answered : MESSAGE depth 1-12 ev 99.0 n 11381 n/s 319 tm 35608 pv Oe6 Xd3 Of6 Xe3 Oc3 Xd4 Od6 Xg6 Of5 Xf4 Od7
Answered : 6,4
Received : RESTART
