Compiled on May 17 2021 at 21:00:40
Launched in Engine\
Received : INFO max_memory 5368709120
Received : INFO timeout_match 900000
Received : INFO timeout_turn 900000
Received : INFO game_type 1
Received : INFO rule 1
Received : INFO time_left 900000
Received : BOARD
Received : 0,0,2
Received : 7,4,1
Received : 4,1,2
Received : DONE
BEST
CROSS  ( 3, 3) : U : Q=0.011315 : 0.000466 : 0.988219 : P=0.093070 : Visits=208 : Children=30
CROSS  ( 4, 3) : U : Q=0.008543 : 0.000593 : 0.990864 : P=0.082852 : Visits=167 : Children=30
CROSS  ( 1, 4) : U : Q=0.008638 : 0.000711 : 0.990651 : P=0.049756 : Visits=100 : Children=30
CROSS  ( 6, 5) : U : Q=0.004382 : 0.000386 : 0.995232 : P=0.049311 : Visits=85 : Children=30
CROSS  ( 1, 5) : U : Q=0.007652 : 0.000590 : 0.991758 : P=0.041759 : Visits=81 : Children=30
CROSS  ( 4, 4) : U : Q=0.005842 : 0.000369 : 0.993789 : P=0.039538 : Visits=71 : Children=30
CROSS  ( 4, 6) : U : Q=0.004158 : 0.000518 : 0.995324 : P=0.034873 : Visits=60 : Children=30
CROSS  ( 3, 5) : U : Q=0.003702 : 0.000259 : 0.996039 : P=0.034207 : Visits=58 : Children=30
CROSS  ( 3, 6) : U : Q=0.003996 : 0.000402 : 0.995602 : P=0.033541 : Visits=57 : Children=30
CROSS  ( 2, 3) : U : Q=0.006601 : 0.000490 : 0.992910 : P=0.028654 : Visits=53 : Children=30
  X   _   _   _   _   _   _   _   _   _   _   _   _   _   _ 
  _   _   23  X   54  44  25  _   20  _   _   _   _   _   _ 
  _   _   21  28  26  27  22  20  _   _   _   _   _   _   _ 
  _   _   21 113  27  31  31  26  23  23  _   _   _   _   _ 
  _   _   27  91  38  28  32  O   26  24  _   20  _   _   _ 
  _   _   _   _   24  23  O   _   _   _   _   _   _   _   _ 
  _   _   _   _   _   46  _   _   _   _   _   _   _   _   _ 
  _   _   _   _   _   _   _   _   _   _   _   _   _   _   _ 
  _   _   _   _   _   _   _   _   _   _   _   _   _   _   _ 
  _   _   _   _   _   _   _   _   _   _   _   _   _   _   _ 
  _   _   _   _   _   _   _   _   _   _   _   _   _   _   _ 
  _   _   _   _   _   _   _   _   _   _   _   _   _   _   _ 
  _   _   _   _   _   _   _   _   _   _   _   _   _   _   _ 
  _   _   _   _   _   _   _   _   _   _   _   _   _   _   _ 
  _   _   _   _   _   _   _   _   _   _   _   _   _   _   _ 

CIRCLE ( 0, 0) : U : Q=0.993357 : 0.000431 : 0.006213 : P=0.000000 : Visits=1835 : Children=30
CROSS  ( 3, 3) : U : Q=0.011315 : 0.000466 : 0.988219 : P=0.093070 : Visits=208 : Children=30
CIRCLE ( 5, 7) : U : Q=0.991835 : 0.000238 : 0.007927 : P=0.217132 : Visits=50 : Children=30
CROSS  ( 4, 3) : U : Q=0.010021 : 0.000285 : 0.989694 : P=0.580509 : Visits=36 : Children=3
CIRCLE ( 5, 3) : U : Q=0.990790 : 0.000301 : 0.008909 : P=0.529168 : Visits=19 : Children=30
CROSS  ( 2, 3) : U : Q=0.007900 : 0.000336 : 0.991764 : P=0.494065 : Visits=12 : Children=1
CIRCLE ( 0, 3) : U : Q=0.994892 : 0.000196 : 0.004912 : P=1.000000 : Visits=11 : Children=30
CROSS  ( 4, 4) : U : Q=0.005907 : 0.000216 : 0.993877 : P=0.544093 : Visits=7 : Children=20
CIRCLE ( 6, 7) : U : Q=0.994885 : 0.000163 : 0.004952 : P=0.274703 : Visits=2 : Children=8
CROSS  ( 7, 7) : U : Q=0.004289 : 0.000100 : 0.995612 : P=0.427388 : Visits=1 : Children=30
CIRCLE ( 6, 5) : U : Q=0.000000 : 0.000000 : 0.000000 : P=0.435241 : Visits=0 : Children=0
----EvaluationQueue----
avg batch size = 7.992308
network   = 330.646592s : 10921 : 30.276219 ms
pack      = 0.015624s : 10921 : 1.430664 us
unpack    = 0.109372s : 10921 : 10.014825 us

----SearchStats----
nb_duplicate_nodes = 0
select     = 0.000000s : 1835 : 0.000000 us
expand     = 0.015625s : 1835 : 8.515246 us
vcf solver = 0.031249s : 1835 : 17.029323 us
backup     = 0.000000s : 1835 : 0.000000 us
evaluate   = 0.000000s : 368 : 0.000000 us
game rules = 0.000000s : 1835 : 0.000000 us

----TreeStats----
used nodes      = 42835
allocated nodes = 100000000
proven nodes    = 0 : 0 : 1 (win:draw:loss)
memory = 1MB
----CacheStats----
hit rate = 79.900000%
time_seek    = 0.000000s : 1835 : 0.000000 us
time_insert  = 0.000000s : 368 : 0.000000 us
time_cleanup = 0.015621s : 1 : 15.620708 ms
entries = 2494 : 8046 : 10540 (stored:buffered:allocated)
memory = 33MB

Answered : MESSAGE depth 1-11 ev 0.6 n 1835 n/s 58679 tm 31 pv Xd3 Of7 Xe3 Of3 Xc3 Oa3 Xe4 Og7 Xh7 Og5
BEST
CIRCLE ( 5, 6) : U : Q=0.992415 : 0.000505 : 0.007080 : P=0.083294 : Visits=2014 : Children=30
CIRCLE ( 5, 8) : U : Q=0.988409 : 0.000443 : 0.011148 : P=0.100118 : Visits=1521 : Children=30
CIRCLE ( 6, 7) : U : Q=0.984842 : 0.000581 : 0.014577 : P=0.065223 : Visits=722 : Children=30
CIRCLE ( 6, 5) : U : Q=0.990431 : 0.000797 : 0.008773 : P=0.035538 : Visits=712 : Children=30
CIRCLE ( 5, 7) : U : Q=0.989794 : 0.000555 : 0.009652 : P=0.038789 : Visits=702 : Children=30
CIRCLE ( 4, 4) : U : Q=0.992596 : 0.001058 : 0.006346 : P=0.023423 : Visits=692 : Children=30
CIRCLE ( 4, 8) : U : Q=0.988039 : 0.000556 : 0.011405 : P=0.043432 : Visits=637 : Children=30
CIRCLE ( 6, 6) : U : Q=0.984463 : 0.000573 : 0.014964 : P=0.057718 : Visits=615 : Children=30
CIRCLE ( 5, 5) : U : Q=0.987577 : 0.001032 : 0.011391 : P=0.040212 : Visits=578 : Children=30
CIRCLE ( 4, 6) : U : Q=0.984869 : 0.000766 : 0.014365 : P=0.048731 : Visits=570 : Children=30
  X   _   _   _   _   _   _   _   _   _   _   _   _   _   _ 
  _   _   _   _   X   _   _   _   _   _   _   _   _   _   _ 
  _   _   _   _   _   _   _   _   _   _   _   _   _   _   _ 
  _   _   _   _   _    3  14  42  41   1  _   _   _   _   _ 
  _   _   _   _   56  11  46  O   52  36  _   _   _   _   _ 
  _   _   _   _   20  47 164  57 124  15   3  _   _   _   _ 
  _   _   _   _   _   58  50  59  29  18  _   _   _   _   _ 
  _   _   _   _   _    2  14  10  10   2   1  _   _   _   _ 
  _   _   _   _   _   _   _   _   _   _   _   _   _   _   _ 
  _   _   _   _   _   _   _   _   _   _   _   _   _   _   _ 
  _   _   _   _   _   _   _   _   _   _   _   _   _   _   _ 
  _   _   _   _   _   _   _   _   _   _   _   _   _   _   _ 
  _   _   _   _   _   _   _   _   _   _   _   _   _   _   _ 
  _   _   _   _   _   _   _   _   _   _   _   _   _   _   _ 
  _   _   _   _   _   _   _   _   _   _   _   _   _   _   _ 

CROSS  ( 0, 0) : U : Q=0.013172 : 0.000711 : 0.986118 : P=0.000000 : Visits=12231 : Children=30
CIRCLE ( 5, 6) : U : Q=0.992415 : 0.000505 : 0.007080 : P=0.083294 : Visits=2014 : Children=30
CROSS  ( 4, 4) : U : Q=0.013796 : 0.000769 : 0.985435 : P=0.097287 : Visits=262 : Children=30
CIRCLE ( 5, 7) : U : Q=0.991686 : 0.000234 : 0.008081 : P=0.209944 : Visits=63 : Children=30
CROSS  ( 3, 4) : U : Q=0.004851 : 0.000205 : 0.994944 : P=0.290110 : Visits=21 : Children=3
CIRCLE ( 2, 4) : U : Q=0.995967 : 0.000192 : 0.003841 : P=0.553378 : Visits=11 : Children=30
CROSS  ( 3, 5) : U : Q=0.002772 : 0.000137 : 0.997091 : P=0.309315 : Visits=5 : Children=19
CIRCLE ( 3, 7) : U : Q=0.998468 : 0.000083 : 0.001449 : P=0.459138 : Visits=3 : Children=4
CROSS  ( 2, 7) : U : Q=0.001109 : 0.000076 : 0.998815 : P=0.697585 : Visits=1 : Children=26
CIRCLE ( 5, 5) : U : Q=0.000000 : 0.000000 : 0.000000 : P=0.301644 : Visits=0 : Children=0
----EvaluationQueue----
avg batch size = 7.992445
network   = 365.583043s : 12045 : 30.351436 ms
pack      = 0.015624s : 12045 : 1.297159 us
unpack    = 0.124996s : 12045 : 10.377453 us

----SearchStats----
nb_duplicate_nodes = 1
select     = 0.031250s : 12232 : 2.554813 us
expand     = 0.015625s : 12231 : 1.277531 us
vcf solver = 0.281284s : 12231 : 22.997598 us
backup     = 0.015625s : 12231 : 1.277531 us
evaluate   = 0.000000s : 8985 : 0.000000 us
game rules = 0.000000s : 12232 : 0.000000 us

----TreeStats----
used nodes      = 267676
allocated nodes = 100000000
proven nodes    = 0 : 0 : 9 (win:draw:loss)
memory = 8MB
----CacheStats----
hit rate = 26.500000%
time_seek    = 0.000000s : 12231 : 0.000000 us
time_insert  = 0.000000s : 8985 : 0.000000 us
time_cleanup = 0.000000s : 1 : 0.000000 us
entries = 9212 : 1328 : 10540 (stored:buffered:allocated)
memory = 37MB

Answered : MESSAGE depth 1-10 ev 98.6 n 12231 n/s 343 tm 35608 pv Of6 Xe4 Of7 Xd4 Oc4 Xd5 Od7 Xc7 Of5
Answered : 6,5
Received : RESTART
