Compiled on May 17 2021 at 21:00:40
Launched in Engine\
Received : INFO max_memory 7516192768
Received : INFO timeout_match 900000
Received : INFO timeout_turn 900000
Received : INFO game_type 1
Received : INFO rule 1
Received : INFO time_left 900000
Received : BOARD
Received : 0,0,2
Received : 5,4,1
Received : 2,1,2
Received : DONE
BEST
CROSS  ( 4, 6) : U : Q=0.003918 : 0.000560 : 0.995522 : P=0.132057 : Visits=263 : Children=30
CROSS  ( 4, 3) : U : Q=0.004306 : 0.000598 : 0.995096 : P=0.096172 : Visits=195 : Children=30
CROSS  ( 3, 4) : U : Q=0.003729 : 0.000550 : 0.995721 : P=0.036124 : Visits=71 : Children=30
CROSS  ( 2, 4) : U : Q=0.003161 : 0.000397 : 0.996442 : P=0.032536 : Visits=63 : Children=30
CROSS  ( 3, 3) : U : Q=0.003402 : 0.000438 : 0.996161 : P=0.031579 : Visits=61 : Children=30
CROSS  ( 6, 6) : U : Q=0.003412 : 0.000361 : 0.996227 : P=0.031579 : Visits=61 : Children=30
CROSS  ( 3, 2) : U : Q=0.003115 : 0.000338 : 0.996547 : P=0.031818 : Visits=61 : Children=30
CROSS  ( 6, 7) : U : Q=0.004216 : 0.000401 : 0.995383 : P=0.029426 : Visits=59 : Children=30
CROSS  ( 5, 7) : U : Q=0.003594 : 0.000338 : 0.996068 : P=0.030144 : Visits=59 : Children=30
CROSS  ( 1, 2) : U : Q=0.005396 : 0.000626 : 0.993978 : P=0.027033 : Visits=57 : Children=30
  X   _   _   _   _   _   _   _   _   _   _   _   _   _   _ 
  _   X   28  _   24  _   _   _   _   _   _   _   _   _   _ 
  _   _   _   28  31  26  _   _   _   _   _   _   _   _   _ 
  _   _   30  30  35  25  _   _   _   _   _   _   _   _   _ 
  _   26  27  98  O   O  132  26  26  _   _   _   _   _   _ 
  _   _   27  23  28  _   24  29  _   _   _   _   _   _   _ 
  _   _   _   24  _   26  30  29  25  _   _   _   _   _   _ 
  _   _   _   _   25  _   _   25  25  27  26  _   _   _   _ 
  _   _   _   _   _   _   _   _   _   _   _   _   _   _   _ 
  _   _   _   _   _   _   _   _   _   _   _   _   _   _   _ 
  _   _   _   _   _   _   _   _   _   _   _   _   _   _   _ 
  _   _   _   _   _   _   _   _   _   _   _   _   _   _   _ 
  _   _   _   _   _   _   _   _   _   _   _   _   _   _   _ 
  _   _   _   _   _   _   _   _   _   _   _   _   _   _   _ 
  _   _   _   _   _   _   _   _   _   _   _   _   _   _   _ 

CIRCLE ( 0, 0) : U : Q=0.995524 : 0.000460 : 0.004015 : P=0.000000 : Visits=1986 : Children=30
CROSS  ( 4, 6) : U : Q=0.003918 : 0.000560 : 0.995522 : P=0.132057 : Visits=263 : Children=30
CIRCLE ( 5, 4) : U : Q=0.996407 : 0.000357 : 0.003237 : P=0.232422 : Visits=65 : Children=30
CROSS  ( 3, 5) : U : Q=0.003164 : 0.000477 : 0.996359 : P=0.122482 : Visits=10 : Children=30
CIRCLE ( 5, 7) : U : Q=0.997800 : 0.000332 : 0.001869 : P=0.361532 : Visits=5 : Children=30
CROSS  ( 3, 4) : U : Q=0.001478 : 0.000337 : 0.998186 : P=0.390431 : Visits=2 : Children=30
CIRCLE ( 3, 6) : U : Q=0.998303 : 0.000235 : 0.001462 : P=0.535851 : Visits=1 : Children=4
CROSS  ( 6, 3) : U : Q=0.000000 : 0.000000 : 0.000000 : P=0.690563 : Visits=0 : Children=0
----EvaluationQueue----
avg batch size = 7.992993
network   = 108.653049s : 3996 : 27.190453 ms
pack      = 0.000000s : 3996 : 0.000000 us
unpack    = 0.046879s : 3996 : 11.731435 us

----SearchStats----
nb_duplicate_nodes = 1
select     = 0.000000s : 1987 : 0.000000 us
expand     = 0.031253s : 1986 : 15.736827 us
vcf solver = 0.031253s : 1986 : 15.736707 us
backup     = 0.000000s : 1986 : 0.000000 us
evaluate   = 0.000000s : 425 : 0.000000 us
game rules = 0.000000s : 1987 : 0.000000 us

----TreeStats----
used nodes      = 53232
allocated nodes = 100000000
proven nodes    = 0 : 0 : 0 (win:draw:loss)
memory = 1MB
----CacheStats----
hit rate = 78.600000%
time_seek    = 0.000000s : 1986 : 0.000000 us
time_insert  = 0.000000s : 425 : 0.000000 us
time_cleanup = 0.015625s : 1 : 15.625000 ms
entries = 2944 : 7491 : 10435 (stored:buffered:allocated)
memory = 33MB

Answered : MESSAGE depth 1-8 ev 0.4 n 1986 n/s 63147 tm 31 pv Xe6 Of4 Xd5 Of7 Xd4 Od6 Xg3
BEST
CIRCLE ( 6, 5) : U : Q=0.995174 : 0.000495 : 0.004331 : P=0.070808 : Visits=925 : Children=30
CIRCLE ( 3, 5) : U : Q=0.994939 : 0.000610 : 0.004450 : P=0.059316 : Visits=762 : Children=30
CIRCLE ( 5, 6) : U : Q=0.994778 : 0.000488 : 0.004734 : P=0.059233 : Visits=745 : Children=30
CIRCLE ( 5, 4) : U : Q=0.995107 : 0.000512 : 0.004380 : P=0.051192 : Visits=665 : Children=30
CIRCLE ( 7, 5) : U : Q=0.994806 : 0.000631 : 0.004562 : P=0.050930 : Visits=647 : Children=30
CIRCLE ( 7, 6) : U : Q=0.992674 : 0.000774 : 0.006552 : P=0.058972 : Visits=629 : Children=30
CIRCLE ( 6, 6) : U : Q=0.995215 : 0.000518 : 0.004266 : P=0.046536 : Visits=611 : Children=30
CIRCLE ( 4, 7) : U : Q=0.992425 : 0.000632 : 0.006943 : P=0.057896 : Visits=600 : Children=30
CIRCLE ( 4, 6) : U : Q=0.992790 : 0.000641 : 0.006569 : P=0.055024 : Visits=587 : Children=30
CIRCLE ( 6, 4) : U : Q=0.995373 : 0.000533 : 0.004093 : P=0.043828 : Visits=585 : Children=30
  X   _   _   _   _   _   _   _   _   _   _   _   _   _   _ 
  _   _   X   _   _   _   _   _   _   _   _   _   _   _   _ 
  _   _   _   _   _   11  _   _   _   _   _   _   _   _   _ 
  _   _   _   _   16  66  42  12   5  _   _   _   _   _   _ 
  _   _   _   19  41  O   50  52  18  _   _   _   _   _   _ 
  _   _   _   21  57  46  64  45  27  _   _   _   _   _   _ 
  _   _   _    8  50  80  53  26  10   3  _   _   _   _   _ 
  _   _   _   _   25  56  54  11  14  _   _   _   _   _   _ 
  _   _   _   _   _   _   _    4  _   _   _   _   _   _   _ 
  _   _   _   _   _   _   _   _   _   _   _   _   _   _   _ 
  _   _   _   _   _   _   _   _   _   _   _   _   _   _   _ 
  _   _   _   _   _   _   _   _   _   _   _   _   _   _   _ 
  _   _   _   _   _   _   _   _   _   _   _   _   _   _   _ 
  _   _   _   _   _   _   _   _   _   _   _   _   _   _   _ 
  _   _   _   _   _   _   _   _   _   _   _   _   _   _   _ 

CROSS  ( 0, 0) : U : Q=0.005641 : 0.000639 : 0.993719 : P=0.000000 : Visits=11528 : Children=30
CIRCLE ( 6, 5) : U : Q=0.995174 : 0.000495 : 0.004331 : P=0.070808 : Visits=925 : Children=30
CROSS  ( 4, 4) : U : Q=0.003842 : 0.000521 : 0.995637 : P=0.055817 : Visits=51 : Children=30
CIRCLE ( 5, 6) : U : Q=0.995718 : 0.000338 : 0.003944 : P=0.234480 : Visits=14 : Children=30
CROSS  ( 3, 5) : U : Q=0.006394 : 0.000449 : 0.993157 : P=0.143972 : Visits=3 : Children=30
CIRCLE ( 6, 7) : U : Q=0.995395 : 0.000369 : 0.004235 : P=0.187663 : Visits=1 : Children=4
CROSS  ( 3, 4) : U : Q=0.000000 : 0.000000 : 0.000000 : P=0.940160 : Visits=0 : Children=0
----EvaluationQueue----
avg batch size = 7.993298
network   = 143.292663s : 5222 : 27.440188 ms
pack      = 0.031245s : 5222 : 5.983293 us
unpack    = 0.062501s : 5222 : 11.968868 us

----SearchStats----
nb_duplicate_nodes = 1
select     = 0.000000s : 11529 : 0.000000 us
expand     = 0.125002s : 11528 : 10.843309 us
vcf solver = 0.062511s : 11528 : 5.422554 us
backup     = 0.000000s : 11528 : 0.000000 us
evaluate   = 0.000000s : 9801 : 0.000000 us
game rules = 0.000000s : 11529 : 0.000000 us

----TreeStats----
used nodes      = 311470
allocated nodes = 100000000
proven nodes    = 0 : 0 : 0 (win:draw:loss)
memory = 9MB
----CacheStats----
hit rate = 14.900000%
time_seek    = 0.000000s : 11528 : 0.000000 us
time_insert  = 0.000000s : 9801 : 0.000000 us
time_cleanup = 0.000000s : 1 : 0.000000 us
entries = 9896 : 539 : 10435 (stored:buffered:allocated)
memory = 37MB

Answered : MESSAGE depth 1-7 ev 99.4 n 11528 n/s 323 tm 35624 pv Og5 Xe4 Of6 Xd5 Og7 Xd4
Answered : 5,6
Received : RESTART
