Compiled on May 17 2021 at 21:00:40
Launched in Engine\
Answered : MESSAGE Detected following devices
Answered : MESSAGE CPU : GenuineIntel : 8 x AVX with 6091MB of memory
Answered : OK
Received : INFO max_memory 7516192768
Received : INFO timeout_match 900000
Received : INFO timeout_turn 900000
Received : INFO game_type 1
Received : INFO rule 1
Received : INFO time_left 900000
Received : BOARD
Received : 0,0,2
Received : 5,4,1
Received : 2,0,2
Received : DONE
Initialized in 0.140598 seconds
BEST
CIRCLE ( 5, 6) : U : Q=0.992877 : 0.000481 : 0.006642 : P=0.126084 : Visits=1373 : Children=30
CIRCLE ( 6, 5) : U : Q=0.995297 : 0.000461 : 0.004242 : P=0.099895 : Visits=1310 : Children=30
CIRCLE ( 5, 7) : U : Q=0.992606 : 0.000530 : 0.006864 : P=0.076389 : Visits=842 : Children=30
CIRCLE ( 4, 7) : U : Q=0.994497 : 0.000464 : 0.005039 : P=0.062421 : Visits=815 : Children=30
CIRCLE ( 6, 7) : U : Q=0.993424 : 0.000609 : 0.005967 : P=0.045155 : Visits=536 : Children=30
CIRCLE ( 3, 6) : U : Q=0.994143 : 0.000486 : 0.005371 : P=0.040878 : Visits=516 : Children=30
CIRCLE ( 6, 6) : U : Q=0.987626 : 0.000562 : 0.011813 : P=0.064901 : Visits=505 : Children=30
CIRCLE ( 5, 4) : U : Q=0.988692 : 0.000629 : 0.010679 : P=0.058380 : Visits=488 : Children=30
CIRCLE ( 6, 4) : U : Q=0.995977 : 0.000428 : 0.003595 : P=0.031071 : Visits=474 : Children=30
CIRCLE ( 5, 5) : U : Q=0.983908 : 0.000671 : 0.015421 : P=0.060855 : Visits=430 : Children=30
  X   _   X   _   _   _   _   _   _   _   _   _   _   _   _ 
  _   _   _   _   _   _   _   _   _   _   _   _   _   _   _ 
  _   _   _   _   _    7   6   4  _   _   _   _   _   _   _ 
  _   _   _   _   19  24  46  26  15  _   _   _   _   _   _ 
  _   _   _   11  22  O   30  73  18  _   _   _   _   _   _ 
  _   _   _   _   43  38 123  75  33  _   _   _   _   _   _ 
  _   _   _   11  42 117  45  48  11   3  _   _   _   _   _ 
  _   _   _   _   19  24  31  10  10  _   _   _   _   _   _ 
  _   _   _   _   _   _   _   _   _   _   _   _   _   _   _ 
  _   _   _   _   _   _   _   _   _   _   _   _   _   _   _ 
  _   _   _   _   _   _   _   _   _   _   _   _   _   _   _ 
  _   _   _   _   _   _   _   _   _   _   _   _   _   _   _ 
  _   _   _   _   _   _   _   _   _   _   _   _   _   _   _ 
  _   _   _   _   _   _   _   _   _   _   _   _   _   _   _ 
  _   _   _   _   _   _   _   _   _   _   _   _   _   _   _ 

CROSS  ( 0, 0) : U : Q=0.006736 : 0.000540 : 0.992724 : P=0.000000 : Visits=11124 : Children=30
CIRCLE ( 5, 6) : U : Q=0.992877 : 0.000481 : 0.006642 : P=0.126084 : Visits=1373 : Children=30
CROSS  ( 0, 1) : U : Q=0.022146 : 0.000831 : 0.977022 : P=0.028025 : Visits=74 : Children=30
CIRCLE ( 0, 3) : U : Q=0.997906 : 0.000372 : 0.001722 : P=0.300972 : Visits=29 : Children=30
CROSS  ( 2, 2) : U : Q=0.002057 : 0.000385 : 0.997558 : P=0.026765 : Visits=1 : Children=30
CIRCLE ( 5, 4) : U : Q=0.000000 : 0.000000 : 0.000000 : P=0.100692 : Visits=0 : Children=0
----EvaluationQueue----
avg batch size = 7.994364
network   = 33.764650s : 1242 : 27.185709 ms
pack      = 0.000000s : 1242 : 0.000000 us
unpack    = 0.015625s : 1242 : 12.580323 us

----SearchStats----
nb_duplicate_nodes = 1
select     = 0.046874s : 11125 : 4.213419 us
expand     = 0.890603s : 11124 : 80.061362 us
vcf solver = 0.640610s : 11124 : 57.588053 us
backup     = 0.000000s : 11124 : 0.000000 us
evaluate   = 0.000000s : 9929 : 0.000000 us
game rules = 0.000000s : 11125 : 0.000000 us

----TreeStats----
used nodes      = 312995
allocated nodes = 100000000
proven nodes    = 0 : 0 : 0 (win:draw:loss)
memory = 9MB
----CacheStats----
hit rate = 10.700000%
time_seek    = 0.000000s : 11124 : 0.000000 us
time_insert  = 0.046877s : 9929 : 4.721187 us
time_cleanup = 0.000000s : 1 : 0.000000 us
entries = 9929 : 0 : 9929 (stored:buffered:allocated)
memory = 37MB

Answered : MESSAGE depth 1-6 ev 99.2 n 11124 n/s 312 tm 35608 pv Of6 Xa1 Oa3 Xc2 Of4
Answered : 6,5
Received : RESTART
