Compiled on May 17 2021 at 21:00:40
Launched in Engine\
Received : INFO max_memory 5368709120
Received : INFO timeout_match 900000
Received : INFO timeout_turn 900000
Received : INFO game_type 1
Received : INFO rule 1
Received : INFO time_left 900000
Received : BOARD
Received : 0,0,2
Received : 6,5,1
Received : 1,1,2
Received : DONE
BEST
CROSS  ( 2, 0) : U : Q=0.018347 : 0.000741 : 0.980912 : P=0.085803 : Visits=148 : Children=30
CROSS  ( 4, 4) : U : Q=0.004381 : 0.000368 : 0.995251 : P=0.040196 : Visits=44 : Children=30
CROSS  ( 5, 4) : U : Q=0.004186 : 0.000534 : 0.995280 : P=0.038135 : Visits=41 : Children=30
CROSS  ( 4, 7) : U : Q=0.003080 : 0.000382 : 0.996539 : P=0.039165 : Visits=41 : Children=30
CROSS  ( 4, 5) : U : Q=0.004371 : 0.000435 : 0.995194 : P=0.036846 : Visits=40 : Children=30
CROSS  ( 5, 7) : U : Q=0.004012 : 0.000425 : 0.995563 : P=0.036073 : Visits=39 : Children=30
CROSS  ( 3, 4) : U : Q=0.004552 : 0.000350 : 0.995098 : P=0.035043 : Visits=38 : Children=30
CROSS  ( 4, 8) : U : Q=0.004402 : 0.000317 : 0.995282 : P=0.033754 : Visits=37 : Children=30
CROSS  ( 3, 7) : U : Q=0.005914 : 0.000417 : 0.993669 : P=0.031435 : Visits=35 : Children=30
CROSS  ( 3, 6) : U : Q=0.004996 : 0.000455 : 0.994550 : P=0.031435 : Visits=35 : Children=30
  X   _   _   _   _   _   _   _   _   _   _   _   _   _   _ 
  X   27  _   _   _   _   _   _   _   _   _   _   _   _   _ 
 129  _   _   _   _   _   _   29  27  _   _   _   _   _   _ 
  27  _   27  29  33  27  30  30  26  30  _   _   _   _   _ 
  _   _   28  27  38  34  29  35  32  27  _   _   _   _   _ 
  _   _   28  27  35  _   O   34  27  _   _   _   _   _   _ 
  _   _   28  26  _   O   _   27  _   _   _   _   _   _   _ 
  _   _   _   _   30  _   _   _   _   _   _   _   _   _   _ 
  _   _   _   _   _   _   _   _   _   _   _   _   _   _   _ 
  _   _   _   _   _   _   _   _   _   _   _   _   _   _   _ 
  _   _   _   _   _   _   _   _   _   _   _   _   _   _   _ 
  _   _   _   _   _   _   _   _   _   _   _   _   _   _   _ 
  _   _   _   _   _   _   _   _   _   _   _   _   _   _   _ 
  _   _   _   _   _   _   _   _   _   _   _   _   _   _   _ 
  _   _   _   _   _   _   _   _   _   _   _   _   _   _   _ 

CIRCLE ( 0, 0) : U : Q=0.993061 : 0.000441 : 0.006499 : P=0.000000 : Visits=1147 : Children=30
CROSS  ( 2, 0) : U : Q=0.018347 : 0.000741 : 0.980912 : P=0.085803 : Visits=148 : Children=30
CIRCLE ( 3, 0) : U : Q=0.995621 : 0.000456 : 0.003923 : P=0.312925 : Visits=55 : Children=30
CROSS  ( 6, 2) : U : Q=0.015344 : 0.000541 : 0.984115 : P=0.031206 : Visits=2 : Children=30
CIRCLE ( 7, 4) : U : Q=0.970155 : 0.000770 : 0.029075 : P=0.131483 : Visits=1 : Children=4
CROSS  ( 8, 3) : U : Q=0.000000 : 0.000000 : 0.000000 : P=0.686704 : Visits=0 : Children=0
----EvaluationQueue----
avg batch size = 7.993368
network   = 1451.175784s : 47344 : 30.651736 ms
pack      = 0.265630s : 47344 : 5.610627 us
unpack    = 0.359364s : 47344 : 7.590482 us

----SearchStats----
nb_duplicate_nodes = 0
select     = 0.000000s : 1147 : 0.000000 us
expand     = 0.000000s : 1147 : 0.000000 us
vcf solver = 0.015618s : 1147 : 13.616258 us
backup     = 0.000000s : 1147 : 0.000000 us
evaluate   = 0.000000s : 368 : 0.000000 us
game rules = 0.000000s : 1147 : 0.000000 us

----TreeStats----
used nodes      = 32197
allocated nodes = 100000000
proven nodes    = 0 : 0 : 5 (win:draw:loss)
memory = 0MB
----CacheStats----
hit rate = 67.900000%
time_seek    = 0.000000s : 1147 : 0.000000 us
time_insert  = 0.000000s : 368 : 0.000000 us
time_cleanup = 0.000000s : 1 : 0.000000 us
entries = 1671 : 27638 : 29309 (stored:buffered:allocated)
memory = 32MB

Answered : MESSAGE depth 1-6 ev 0.6 n 1147 n/s 36698 tm 31 pv Xc0 Od0 Xg2 Oh4 Xi3
BEST
CIRCLE ( 6, 7) : U : Q=0.991662 : 0.000504 : 0.007833 : P=0.098703 : Visits=1055 : Children=30
CIRCLE ( 7, 6) : U : Q=0.993127 : 0.000483 : 0.006390 : P=0.073887 : Visits=902 : Children=30
CIRCLE ( 6, 5) : U : Q=0.992542 : 0.000533 : 0.006925 : P=0.063703 : Visits=739 : Children=30
CIRCLE ( 4, 4) : U : Q=0.996025 : 0.000425 : 0.003551 : P=0.040248 : Visits=688 : Children=30
CIRCLE ( 4, 7) : U : Q=0.993837 : 0.000466 : 0.005697 : P=0.043646 : Visits=580 : Children=30
CIRCLE ( 5, 8) : U : Q=0.991982 : 0.000608 : 0.007410 : P=0.050536 : Visits=561 : Children=30
CIRCLE ( 5, 4) : U : Q=0.993814 : 0.000597 : 0.005589 : P=0.039023 : Visits=516 : Children=30
CIRCLE ( 5, 7) : U : Q=0.992229 : 0.000506 : 0.007266 : P=0.042510 : Visits=479 : Children=30
CIRCLE ( 6, 8) : U : Q=0.989589 : 0.000719 : 0.009692 : P=0.050896 : Visits=466 : Children=30
CIRCLE ( 7, 7) : U : Q=0.981914 : 0.000882 : 0.017203 : P=0.072402 : Visits=434 : Children=30
  X   _   _   _   _   _   _   _   _   _   _   _   _   _   _ 
  _   X   _   _   _   _   _   _   _   _   _   _   _   _   _ 
  _   _   _   _   _   _   _   _   _   _   _   _   _   _   _ 
  _   _   _   _   _   _   13  _    9  _   _   _   _   _   _ 
  _   _   _   _   69  36  43  58  16  12  _   _   _   _   _ 
  _   _   _   _   52  20  O   48  56  12  _   _   _   _   _ 
  _   _   _   _   19  74  33 107  47  12  _   _   _   _   _ 
  _   _   _   _   10  31  91  44  19   6  _   _   _   _   _ 
  _   _   _   _   _   10  11  23   2   3  _   _   _   _   _ 
  _   _   _   _   _   _   _   _   _   _   _   _   _   _   _ 
  _   _   _   _   _   _   _   _   _   _   _   _   _   _   _ 
  _   _   _   _   _   _   _   _   _   _   _   _   _   _   _ 
  _   _   _   _   _   _   _   _   _   _   _   _   _   _   _ 
  _   _   _   _   _   _   _   _   _   _   _   _   _   _   _ 
  _   _   _   _   _   _   _   _   _   _   _   _   _   _   _ 

CROSS  ( 0, 0) : U : Q=0.008768 : 0.000685 : 0.990547 : P=0.000000 : Visits=9855 : Children=30
CIRCLE ( 6, 7) : U : Q=0.991662 : 0.000504 : 0.007833 : P=0.098703 : Visits=1055 : Children=30
CROSS  ( 4, 4) : U : Q=0.012668 : 0.000804 : 0.986528 : P=0.181998 : Visits=223 : Children=30
CIRCLE ( 3, 3) : U : Q=0.992468 : 0.000991 : 0.006541 : P=0.168829 : Visits=42 : Children=30
CROSS  ( 4, 5) : U : Q=0.006732 : 0.001098 : 0.992170 : P=0.633797 : Visits=31 : Children=30
CIRCLE ( 4, 6) : U : Q=0.993316 : 0.000920 : 0.005764 : P=0.364721 : Visits=13 : Children=30
CROSS  ( 3, 6) : U : Q=0.006185 : 0.001068 : 0.992748 : P=0.440067 : Visits=6 : Children=26
CIRCLE ( 5, 4) : U : Q=0.995175 : 0.000901 : 0.003923 : P=0.651562 : Visits=4 : Children=30
CROSS  ( 5, 3) : U : Q=0.004006 : 0.001025 : 0.994969 : P=0.378971 : Visits=2 : Children=30
CIRCLE ( 3, 5) : U : Q=0.994640 : 0.001047 : 0.004314 : P=0.431558 : Visits=1 : Children=30
CROSS  ( 5, 7) : U : Q=0.000000 : 0.000000 : 0.000000 : P=0.845268 : Visits=0 : Children=0
----EvaluationQueue----
avg batch size = 7.993370
network   = 1486.190377s : 48417 : 30.695631 ms
pack      = 0.265630s : 48417 : 5.486286 us
unpack    = 0.359364s : 48417 : 7.422265 us

----SearchStats----
nb_duplicate_nodes = 1
select     = 0.031251s : 9856 : 3.170778 us
expand     = 0.015623s : 9855 : 1.585272 us
vcf solver = 0.234386s : 9855 : 23.783505 us
backup     = 0.000000s : 9855 : 0.000000 us
evaluate   = 0.000000s : 8577 : 0.000000 us
game rules = 0.000000s : 9856 : 0.000000 us

----TreeStats----
used nodes      = 256136
allocated nodes = 100000000
proven nodes    = 0 : 0 : 6 (win:draw:loss)
memory = 7MB
----CacheStats----
hit rate = 12.900000%
time_seek    = 0.000000s : 9855 : 0.000000 us
time_insert  = 0.000000s : 8577 : 0.000000 us
time_cleanup = 0.000000s : 1 : 0.000000 us
entries = 8610 : 20699 : 29309 (stored:buffered:allocated)
memory = 36MB

Answered : MESSAGE depth 1-11 ev 99.0 n 9855 n/s 276 tm 35639 pv Og7 Xe4 Od3 Xe5 Oe6 Xd6 Of4 Xf3 Od5 Xf7
Answered : 7,6
Received : RESTART
