Compiled on May 17 2021 at 21:00:40
Launched in Engine\
Received : INFO max_memory 4294967296
Received : INFO timeout_match 900000
Received : INFO timeout_turn 900000
Received : INFO game_type 1
Received : INFO rule 1
Received : INFO time_left 900000
Received : BOARD
Received : 0,0,2
Received : 8,3,1
Received : 3,0,2
Received : DONE
BEST
CROSS  ( 0, 6) : U : Q=0.034138 : 0.001153 : 0.964709 : P=0.027103 : Visits=236 : Children=30
CROSS  ( 0, 3) : U : Q=0.020584 : 0.000998 : 0.978418 : P=0.075000 : Visits=201 : Children=30
CROSS  ( 4, 7) : U : Q=0.003703 : 0.000470 : 0.995827 : P=0.090421 : Visits=130 : Children=30
CROSS  ( 0, 2) : U : Q=0.017270 : 0.000776 : 0.981955 : P=0.036916 : Visits=84 : Children=30
CROSS  ( 0, 1) : U : Q=0.015782 : 0.000775 : 0.983443 : P=0.033178 : Visits=71 : Children=30
CROSS  ( 0, 5) : U : Q=0.015302 : 0.000952 : 0.983746 : P=0.030607 : Visits=65 : Children=30
CROSS  ( 6, 7) : U : Q=0.004938 : 0.000519 : 0.994543 : P=0.041355 : Visits=61 : Children=30
CROSS  ( 3, 6) : U : Q=0.003233 : 0.000375 : 0.996392 : P=0.040421 : Visits=57 : Children=30
CROSS  ( 3, 5) : U : Q=0.004061 : 0.000343 : 0.995596 : P=0.038785 : Visits=56 : Children=30
CROSS  ( 4, 5) : U : Q=0.003401 : 0.000303 : 0.996296 : P=0.039019 : Visits=55 : Children=30
  X   38  46 110  X   35 129  29  19  _   _   _   _   _   _ 
  _   _   _   _   22  18  18  17  19  _   _   _   _   _   _ 
  _   _   _   _   23  23  23  24  18  _   _   _   _   _   _ 
  _   _   _   19  28  30  31  O   25  _   _   _   _   _   _ 
  _   _   _   _   26  30  20  71  _   _   _   _   _   _   _ 
  _   _   _   _   _   _   25  O   20  _   _   _   _   _   _ 
  _   _   _   _   _   20  _   33  _   _   _   _   _   _   _ 
  _   _   _   _   _   _   _   _   _   _   _   _   _   _   _ 
  _   _   _   _   _   _   _   _   _   _   _   _   _   _   _ 
  _   _   _   _   _   _   _   _   _   _   _   _   _   _   _ 
  _   _   _   _   _   _   _   _   _   _   _   _   _   _   _ 
  _   _   _   _   _   _   _   _   _   _   _   _   _   _   _ 
  _   _   _   _   _   _   _   _   _   _   _   _   _   _   _ 
  _   _   _   _   _   _   _   _   _   _   _   _   _   _   _ 
  _   _   _   _   _   _   _   _   _   _   _   _   _   _   _ 

CIRCLE ( 0, 0) : U : Q=0.987832 : 0.000620 : 0.011548 : P=0.000000 : Visits=1826 : Children=30
CROSS  ( 0, 6) : U : Q=0.034138 : 0.001153 : 0.964709 : P=0.027103 : Visits=236 : Children=30
CIRCLE ( 4, 6) : U : Q=0.981382 : 0.000512 : 0.018107 : P=0.202021 : Visits=58 : Children=30
CROSS  ( 0, 5) : U : Q=0.007843 : 0.000569 : 0.991587 : P=0.424489 : Visits=27 : Children=4
CIRCLE ( 0, 7) : U : Q=0.994045 : 0.000497 : 0.005458 : P=0.625990 : Visits=17 : Children=30
CROSS  ( 0, 3) : U : Q=0.007142 : 0.000681 : 0.992177 : P=0.354954 : Visits=9 : Children=1
CIRCLE ( 0, 2) : U : Q=0.997181 : 0.000264 : 0.002556 : P=1.000000 : Visits=8 : Children=30
CROSS  ( 2, 5) : U : Q=0.003139 : 0.000219 : 0.996642 : P=0.049338 : Visits=1 : Children=30
CIRCLE ( 5, 5) : U : Q=0.000000 : 0.000000 : 0.000000 : P=0.156807 : Visits=0 : Children=0
----EvaluationQueue----
avg batch size = 7.994608
network   = 327.630892s : 11683 : 28.043387 ms
pack      = 0.062502s : 11683 : 5.349796 us
unpack    = 0.015625s : 11683 : 1.337393 us

----SearchStats----
nb_duplicate_nodes = 0
select     = 0.015618s : 1826 : 8.553169 us
expand     = 0.015626s : 1826 : 8.557347 us
vcf solver = 0.031253s : 1826 : 17.115477 us
backup     = 0.000000s : 1826 : 0.000000 us
evaluate   = 0.000000s : 416 : 0.000000 us
game rules = 0.000000s : 1826 : 0.000000 us

----TreeStats----
used nodes      = 46977
allocated nodes = 100000000
proven nodes    = 0 : 0 : 0 (win:draw:loss)
memory = 1MB
----CacheStats----
hit rate = 77.200000%
time_seek    = 0.000000s : 1826 : 0.000000 us
time_insert  = 0.000000s : 416 : 0.000000 us
time_cleanup = 0.015623s : 1 : 15.623093 ms
entries = 2545 : 8089 : 10634 (stored:buffered:allocated)
memory = 33MB

Answered : MESSAGE depth 1-9 ev 1.1 n 1826 n/s 58318 tm 31 pv Xa6 Oe6 Xa5 Oa7 Xa3 Oa2 Xc5 Of5
BEST
CIRCLE ( 5, 8) : U : Q=0.988671 : 0.000459 : 0.010870 : P=0.078080 : Visits=773 : Children=30
CIRCLE ( 6, 7) : U : Q=0.992545 : 0.000446 : 0.007009 : P=0.049370 : Visits=700 : Children=30
CIRCLE ( 4, 7) : U : Q=0.989355 : 0.000503 : 0.010141 : P=0.060781 : Visits=638 : Children=30
CIRCLE ( 5, 7) : U : Q=0.990888 : 0.000505 : 0.008608 : P=0.048108 : Visits=577 : Children=30
CIRCLE ( 5,10) : U : Q=0.992838 : 0.000512 : 0.006650 : P=0.037912 : Visits=560 : Children=30
CIRCLE ( 5, 9) : U : Q=0.991709 : 0.000395 : 0.007896 : P=0.038726 : Visits=534 : Children=30
CIRCLE ( 6, 9) : U : Q=0.995862 : 0.000343 : 0.003795 : P=0.023518 : Visits=528 : Children=30
CIRCLE ( 5, 5) : U : Q=0.994219 : 0.000586 : 0.005195 : P=0.025946 : Visits=458 : Children=30
CIRCLE ( 4, 9) : U : Q=0.980246 : 0.000688 : 0.019066 : P=0.076085 : Visits=456 : Children=30
CIRCLE ( 6, 8) : U : Q=0.989219 : 0.000665 : 0.010117 : P=0.042706 : Visits=448 : Children=30
  X   _   _   X   _   _   _   _   _   _   _   _   _   _   _ 
  _   _   _   _   _   _   _   _   _   _   _   _   _   _   _ 
  _   _   _   _   _   _   _   13  _   _   _   _   _   _   _ 
  _   _   _   _   _   28  24  24  O   24  23  _   _   _   _ 
  _   _   _   _   _   29  20  62  39  44   5  _   _   _   _ 
  _   _   _   _   12  44  41  56  75  52  54  _   _   _   _ 
  _   _   _   _   _   32  16  68  43  51  22  _   _   _   _ 
  _   _   _   _   _   14  31  27  10  _   _   _   _   _   _ 
  _   _   _   _   _   _   _    3  _   _   _   _   _   _   _ 
  _   _   _   _   _   _   _   _   _   _   _   _   _   _   _ 
  _   _   _   _   _   _   _   _   _   _   _   _   _   _   _ 
  _   _   _   _   _   _   _   _   _   _   _   _   _   _   _ 
  _   _   _   _   _   _   _   _   _   _   _   _   _   _   _ 
  _   _   _   _   _   _   _   _   _   _   _   _   _   _   _ 
  _   _   _   _   _   _   _   _   _   _   _   _   _   _   _ 

CROSS  ( 0, 0) : U : Q=0.010584 : 0.000590 : 0.988826 : P=0.000000 : Visits=10268 : Children=30
CIRCLE ( 5, 8) : U : Q=0.988671 : 0.000459 : 0.010870 : P=0.078080 : Visits=773 : Children=30
CROSS  ( 0, 2) : U : Q=0.035155 : 0.000595 : 0.964250 : P=0.055335 : Visits=97 : Children=30
CIRCLE ( 0, 4) : U : Q=0.997057 : 0.000267 : 0.002676 : P=0.384405 : Visits=48 : Children=30
CROSS  ( 4, 4) : U : Q=0.004905 : 0.000168 : 0.994927 : P=0.036998 : Visits=2 : Children=30
CIRCLE ( 4, 9) : U : Q=0.991340 : 0.000138 : 0.008522 : P=0.200440 : Visits=1 : Children=30
CROSS  ( 3, 3) : U : Q=0.000000 : 0.000000 : 0.000000 : P=0.272213 : Visits=0 : Children=0
----EvaluationQueue----
avg batch size = 7.994550
network   = 362.442362s : 12844 : 28.218807 ms
pack      = 0.093753s : 12844 : 7.299351 us
unpack    = 0.015625s : 12844 : 1.216503 us

----SearchStats----
nb_duplicate_nodes = 1
select     = 0.031255s : 10269 : 3.043581 us
expand     = 0.078123s : 10268 : 7.608427 us
vcf solver = 0.203139s : 10268 : 19.783657 us
backup     = 0.000000s : 10268 : 0.000000 us
evaluate   = 0.000000s : 9281 : 0.000000 us
game rules = 0.000000s : 10269 : 0.000000 us

----TreeStats----
used nodes      = 284314
allocated nodes = 100000000
proven nodes    = 0 : 0 : 0 (win:draw:loss)
memory = 8MB
----CacheStats----
hit rate = 9.600000%
time_seek    = 0.000000s : 10268 : 0.000000 us
time_insert  = 0.000000s : 9281 : 0.000000 us
time_cleanup = 0.000000s : 1 : 0.000000 us
entries = 9291 : 1343 : 10634 (stored:buffered:allocated)
memory = 37MB

Answered : MESSAGE depth 1-7 ev 98.9 n 10268 n/s 288 tm 35608 pv Of8 Xa2 Oa4 Xe4 Oe9 Xd3
Answered : 8,5
Received : RESTART
