Compiled on May 17 2021 at 21:00:40
Launched in Engine\
Received : INFO max_memory 5368709120
Received : INFO timeout_match 900000
Received : INFO timeout_turn 900000
Received : INFO game_type 1
Received : INFO rule 1
Received : INFO time_left 900000
Received : BOARD
Received : 0,0,2
Received : 8,4,1
Received : 1,1,2
Received : DONE
BEST
CROSS  ( 3, 3) : U : Q=0.003739 : 0.000190 : 0.996071 : P=0.291472 : Visits=412 : Children=30
CROSS  ( 4, 4) : U : Q=0.004453 : 0.000187 : 0.995361 : P=0.154320 : Visits=223 : Children=30
CROSS  ( 3, 4) : U : Q=0.003845 : 0.000220 : 0.995935 : P=0.050569 : Visits=71 : Children=30
CROSS  ( 4, 3) : U : Q=0.002731 : 0.000150 : 0.997119 : P=0.040679 : Visits=55 : Children=30
CROSS  ( 3, 5) : U : Q=0.003325 : 0.000283 : 0.996392 : P=0.023139 : Visits=32 : Children=30
CROSS  ( 4, 5) : U : Q=0.004348 : 0.000292 : 0.995361 : P=0.022019 : Visits=31 : Children=30
CROSS  ( 4, 7) : U : Q=0.004543 : 0.000563 : 0.994894 : P=0.020526 : Visits=30 : Children=30
CROSS  ( 3, 6) : U : Q=0.004093 : 0.000310 : 0.995597 : P=0.020153 : Visits=28 : Children=30
CROSS  ( 6, 8) : U : Q=0.005067 : 0.000682 : 0.994251 : P=0.018847 : Visits=27 : Children=30
CROSS  ( 3, 8) : U : Q=0.004585 : 0.000563 : 0.994851 : P=0.018660 : Visits=27 : Children=30
  X   _   17  X   _   _   _   _   _   _   _   _   _   _   _ 
  _   _   _   _   _   _   _   _   _   _   _   _   _   _   _ 
  _   _   _   16  18  17  14  _   _   15  _   _   _   _   _ 
  _   _   _  292  50  22  19  17  19  14  15  _   _   _   _ 
  _   _   _   39 158  22  17  21  O   17  17  _   _   _   _ 
  _   _   _   _   15  16  _   17  18  18  _   _   _   _   _ 
  _   _   _   _   _   _   15  _   19  _   _   _   _   _   _ 
  _   _   _   _   _   _   _   O   15  17  _   _   _   _   _ 
  _   _   _   _   _   _   _   _   _   _   _   _   _   _   _ 
  _   _   _   _   _   _   _   _   _   _   _   _   _   _   _ 
  _   _   _   _   _   _   _   _   _   _   _   _   _   _   _ 
  _   _   _   _   _   _   _   _   _   _   _   _   _   _   _ 
  _   _   _   _   _   _   _   _   _   _   _   _   _   _   _ 
  _   _   _   _   _   _   _   _   _   _   _   _   _   _   _ 
  _   _   _   _   _   _   _   _   _   _   _   _   _   _   _ 

CIRCLE ( 0, 0) : U : Q=0.995766 : 0.000294 : 0.003940 : P=0.000000 : Visits=1409 : Children=30
CROSS  ( 3, 3) : U : Q=0.003739 : 0.000190 : 0.996071 : P=0.291472 : Visits=412 : Children=30
CIRCLE ( 6, 8) : U : Q=0.997412 : 0.000108 : 0.002480 : P=0.207411 : Visits=90 : Children=30
CROSS  ( 2, 3) : U : Q=0.002641 : 0.000084 : 0.997275 : P=0.089517 : Visits=9 : Children=30
CIRCLE ( 5, 9) : U : Q=0.996591 : 0.000084 : 0.003325 : P=0.340510 : Visits=4 : Children=6
CROSS  ( 4, 3) : U : Q=0.008193 : 0.000185 : 0.991621 : P=0.171811 : Visits=1 : Children=1
CIRCLE ( 1, 3) : U : Q=0.000000 : 0.000000 : 0.000000 : P=1.000000 : Visits=0 : Children=0
----EvaluationQueue----
avg batch size = 7.991612
network   = 403.441266s : 13353 : 30.213530 ms
pack      = 0.015624s : 13353 : 1.170095 us
unpack    = 0.156246s : 13353 : 11.701205 us

----SearchStats----
nb_duplicate_nodes = 1
select     = 0.000000s : 1410 : 0.000000 us
expand     = 0.000000s : 1409 : 0.000000 us
vcf solver = 0.046881s : 1409 : 33.272675 us
backup     = 0.000000s : 1409 : 0.000000 us
evaluate   = 0.000000s : 377 : 0.000000 us
game rules = 0.000000s : 1410 : 0.000000 us

----TreeStats----
used nodes      = 37535
allocated nodes = 100000000
proven nodes    = 0 : 0 : 1 (win:draw:loss)
memory = 1MB
----CacheStats----
hit rate = 73.200000%
time_seek    = 0.000000s : 1409 : 0.000000 us
time_insert  = 0.000000s : 377 : 0.000000 us
time_cleanup = 0.015625s : 1 : 15.625000 ms
entries = 1352 : 9188 : 10540 (stored:buffered:allocated)
memory = 32MB

Answered : MESSAGE depth 1-7 ev 0.4 n 1409 n/s 90118 tm 15 pv Xd3 Og8 Xc3 Of9 Xe3 Ob3
BEST
CIRCLE ( 4, 6) : U : Q=0.991610 : 0.000466 : 0.007924 : P=0.084991 : Visits=1233 : Children=30
CIRCLE ( 6, 8) : U : Q=0.991906 : 0.000428 : 0.007666 : P=0.071125 : Visits=1045 : Children=30
CIRCLE ( 5, 7) : U : Q=0.988409 : 0.000509 : 0.011082 : P=0.077990 : Visits=863 : Children=30
CIRCLE ( 6, 7) : U : Q=0.989517 : 0.000479 : 0.010004 : P=0.053887 : Visits=658 : Children=30
CIRCLE ( 3, 7) : U : Q=0.992492 : 0.000451 : 0.007057 : P=0.037548 : Visits=634 : Children=30
CIRCLE ( 5, 6) : U : Q=0.988836 : 0.000677 : 0.010486 : P=0.052297 : Visits=605 : Children=30
CIRCLE ( 5, 8) : U : Q=0.985340 : 0.000615 : 0.014045 : P=0.058929 : Visits=519 : Children=30
CIRCLE ( 5, 9) : U : Q=0.986790 : 0.000557 : 0.012653 : P=0.050105 : Visits=487 : Children=30
CIRCLE ( 4, 5) : U : Q=0.988765 : 0.001191 : 0.010044 : P=0.037785 : Visits=446 : Children=30
CIRCLE ( 4, 7) : U : Q=0.986052 : 0.000697 : 0.013250 : P=0.043269 : Visits=408 : Children=30
  X   _   _   _   _   _   _   _   _   _   _   _   _   _   _ 
  _   X   _   _   _   _   _   _   _   _   _   _   _   _   _ 
  _   _   _   _   _   _   _   _   _   _   _   _   _   _   _ 
  _   _   _   _   _   _   14  61  33  24  _   _   _   _   _ 
  _   _   _   _   28  43 119  39  O   24  12  _   _   _   _ 
  _   _   _   _   12  12  58  83  50  47  12  _   _   _   _ 
  _   _   _   _   12  11  38  63 101  14   7  _   _   _   _ 
  _   _   _   _   _   18   8  22  15   4  _   _   _   _   _ 
  _   _   _   _   _   _   _    1  _   _   _   _   _   _   _ 
  _   _   _   _   _   _   _   _   _   _   _   _   _   _   _ 
  _   _   _   _   _   _   _   _   _   _   _   _   _   _   _ 
  _   _   _   _   _   _   _   _   _   _   _   _   _   _   _ 
  _   _   _   _   _   _   _   _   _   _   _   _   _   _   _ 
  _   _   _   _   _   _   _   _   _   _   _   _   _   _   _ 
  _   _   _   _   _   _   _   _   _   _   _   _   _   _   _ 

CROSS  ( 0, 0) : U : Q=0.011752 : 0.000705 : 0.987540 : P=0.000000 : Visits=10325 : Children=30
CIRCLE ( 4, 6) : U : Q=0.991610 : 0.000466 : 0.007924 : P=0.084991 : Visits=1233 : Children=30
CROSS  ( 4, 4) : U : Q=0.014230 : 0.000633 : 0.985137 : P=0.254131 : Visits=377 : Children=30
CIRCLE ( 3, 3) : U : Q=0.993943 : 0.000574 : 0.005483 : P=0.194866 : Visits=87 : Children=30
CROSS  ( 5, 4) : U : Q=0.006489 : 0.000518 : 0.992993 : P=0.260683 : Visits=25 : Children=30
CIRCLE ( 3, 5) : U : Q=0.994158 : 0.000497 : 0.005345 : P=0.196827 : Visits=6 : Children=30
CROSS  ( 4, 3) : U : Q=0.004945 : 0.000416 : 0.994638 : P=0.427850 : Visits=3 : Children=23
CIRCLE ( 2, 4) : U : Q=0.994458 : 0.000478 : 0.005064 : P=0.602614 : Visits=2 : Children=4
CROSS  ( 5, 7) : U : Q=0.005433 : 0.000624 : 0.993943 : P=0.866412 : Visits=1 : Children=30
CIRCLE ( 4, 2) : U : Q=0.000000 : 0.000000 : 0.000000 : P=0.368372 : Visits=0 : Children=0
----EvaluationQueue----
avg batch size = 7.991766
network   = 438.205867s : 14453 : 30.319371 ms
pack      = 0.015624s : 14453 : 1.081041 us
unpack    = 0.156246s : 14453 : 10.810640 us

----SearchStats----
nb_duplicate_nodes = 1
select     = 0.046868s : 10326 : 4.538842 us
expand     = 0.046872s : 10325 : 4.539674 us
vcf solver = 0.171898s : 10325 : 16.648729 us
backup     = 0.000000s : 10325 : 0.000000 us
evaluate   = 0.000000s : 8793 : 0.000000 us
game rules = 0.000000s : 10326 : 0.000000 us

----TreeStats----
used nodes      = 257194
allocated nodes = 100000000
proven nodes    = 0 : 0 : 1 (win:draw:loss)
memory = 7MB
----CacheStats----
hit rate = 14.800000%
time_seek    = 0.000000s : 10325 : 0.000000 us
time_insert  = 0.015625s : 8793 : 1.777009 us
time_cleanup = 0.015626s : 1 : 15.626192 ms
entries = 8793 : 1747 : 10540 (stored:buffered:allocated)
memory = 36MB

Answered : MESSAGE depth 1-10 ev 98.7 n 10325 n/s 289 tm 35624 pv Oe6 Xe4 Od3 Xf4 Od5 Xe3 Oc4 Xf7 Oe2
Answered : 6,4
Received : RESTART
