Compiled on May 17 2021 at 21:00:40
Launched in Engine\
Received : INFO max_memory 5368709120
Received : INFO timeout_match 900000
Received : INFO timeout_turn 900000
Received : INFO game_type 1
Received : INFO rule 1
Received : INFO time_left 900000
Received : BOARD
Received : 0,0,2
Received : 7,5,1
Received : 3,0,2
Received : DONE
BEST
CROSS  ( 0, 3) : U : Q=0.025966 : 0.000639 : 0.973395 : P=0.041291 : Visits=105 : Children=30
CROSS  ( 0, 1) : U : Q=0.015331 : 0.000725 : 0.983944 : P=0.033149 : Visits=51 : Children=30
CROSS  ( 3, 3) : U : Q=0.004440 : 0.000170 : 0.995390 : P=0.041000 : Visits=45 : Children=30
CROSS  ( 7, 9) : U : Q=0.004437 : 0.000461 : 0.995102 : P=0.038965 : Visits=43 : Children=30
CROSS  ( 2, 2) : U : Q=0.004733 : 0.000275 : 0.994992 : P=0.036639 : Visits=40 : Children=30
CROSS  ( 4, 6) : U : Q=0.003707 : 0.000320 : 0.995973 : P=0.037511 : Visits=40 : Children=30
CROSS  ( 4, 4) : U : Q=0.005233 : 0.000315 : 0.994453 : P=0.034894 : Visits=39 : Children=30
CROSS  ( 4, 5) : U : Q=0.003496 : 0.000260 : 0.996244 : P=0.036348 : Visits=39 : Children=30
CROSS  ( 7,10) : U : Q=0.006330 : 0.000378 : 0.993292 : P=0.032858 : Visits=38 : Children=30
CROSS  ( 4,10) : U : Q=0.005795 : 0.000406 : 0.993798 : P=0.033149 : Visits=38 : Children=30
  X   43  X   88  29  _   _   _   _   _   _   _   _   _   _ 
  30  _   _   _   _   _   _   30  _   _   _   _   _   _   _ 
  _   _   33  _   32  31  _   _   28  _   _   _   _   _   _ 
  _   _   28  38  31  28  29  _   _   29  30  _   _   _   _ 
  _   _   _   _   33  33  33  28  28  _   32  _   _   _   _ 
  _   _   _   _   _   31  29  O   _   _   _   _   _   _   _ 
  _   _   _   _   _   _   28  _   O   27  _   _   _   _   _ 
  _   _   _   _   _   _   _   _   27  36  32  _   _   _   _ 
  _   _   _   _   _   _   _   _   30  _   _   _   _   _   _ 
  _   _   _   _   _   _   _   _   _   _   _   _   _   _   _ 
  _   _   _   _   _   _   _   _   _   _   _   _   _   _   _ 
  _   _   _   _   _   _   _   _   _   _   _   _   _   _   _ 
  _   _   _   _   _   _   _   _   _   _   _   _   _   _   _ 
  _   _   _   _   _   _   _   _   _   _   _   _   _   _   _ 
  _   _   _   _   _   _   _   _   _   _   _   _   _   _   _ 

CIRCLE ( 0, 0) : U : Q=0.992426 : 0.000394 : 0.007180 : P=0.000000 : Visits=1182 : Children=30
CROSS  ( 0, 3) : U : Q=0.025966 : 0.000639 : 0.973395 : P=0.041291 : Visits=105 : Children=30
CIRCLE ( 0, 4) : U : Q=0.995595 : 0.000437 : 0.003968 : P=0.457739 : Visits=53 : Children=30
CROSS  ( 4, 6) : U : Q=0.003239 : 0.000360 : 0.996401 : P=0.086503 : Visits=6 : Children=30
CIRCLE ( 4, 8) : U : Q=0.997197 : 0.000291 : 0.002512 : P=0.152460 : Visits=2 : Children=30
CROSS  ( 6, 6) : U : Q=0.001386 : 0.000209 : 0.998405 : P=0.393252 : Visits=1 : Children=30
CIRCLE ( 5, 8) : U : Q=0.000000 : 0.000000 : 0.000000 : P=0.331354 : Visits=0 : Children=0
----EvaluationQueue----
avg batch size = 7.992854
network   = 1742.260916s : 56677 : 30.740175 ms
pack      = 0.359380s : 56677 : 6.340840 us
unpack    = 0.421869s : 56677 : 7.443386 us

----SearchStats----
nb_duplicate_nodes = 1
select     = 0.000000s : 1183 : 0.000000 us
expand     = 0.015624s : 1182 : 13.218515 us
vcf solver = 0.015617s : 1182 : 13.212262 us
backup     = 0.000000s : 1182 : 0.000000 us
evaluate   = 0.000000s : 417 : 0.000000 us
game rules = 0.000000s : 1183 : 0.000000 us

----TreeStats----
used nodes      = 33354
allocated nodes = 100000000
proven nodes    = 0 : 0 : 5 (win:draw:loss)
memory = 1MB
----CacheStats----
hit rate = 64.700000%
time_seek    = 0.000000s : 1182 : 0.000000 us
time_insert  = 0.000000s : 417 : 0.000000 us
time_cleanup = 0.015623s : 1 : 15.622854 ms
entries = 1690 : 27619 : 29309 (stored:buffered:allocated)
memory = 32MB

Answered : MESSAGE depth 1-7 ev 0.7 n 1182 n/s 75341 tm 15 pv Xa3 Oa4 Xe6 Oe8 Xg6 Of8
BEST
CIRCLE ( 6, 8) : U : Q=0.984388 : 0.000479 : 0.015133 : P=0.105824 : Visits=799 : Children=30
CIRCLE ( 7, 6) : U : Q=0.994230 : 0.000417 : 0.005353 : P=0.048886 : Visits=775 : Children=30
CIRCLE ( 8, 8) : U : Q=0.993446 : 0.000390 : 0.006165 : P=0.040988 : Visits=699 : Children=30
CIRCLE ( 5, 6) : U : Q=0.992483 : 0.000548 : 0.006970 : P=0.036418 : Visits=534 : Children=30
CIRCLE ( 7, 8) : U : Q=0.984254 : 0.000571 : 0.015175 : P=0.071906 : Visits=523 : Children=30
CIRCLE ( 5, 9) : U : Q=0.990746 : 0.000466 : 0.008788 : P=0.043001 : Visits=509 : Children=30
CIRCLE ( 7, 7) : U : Q=0.982308 : 0.000576 : 0.017116 : P=0.071795 : Visits=481 : Children=30
CIRCLE ( 4, 5) : U : Q=0.994622 : 0.000462 : 0.004915 : P=0.020112 : Visits=386 : Children=30
CIRCLE ( 4, 7) : U : Q=0.989246 : 0.000486 : 0.010268 : P=0.035105 : Visits=363 : Children=30
CIRCLE ( 5, 5) : U : Q=0.988339 : 0.000586 : 0.011075 : P=0.032648 : Visits=320 : Children=30
  X   _   _   X   _   _   _   _   _   _   _   _   _   _   _ 
  _   _   _   _   _   _   _   _   _   _   _   _   _   _   _ 
  _   _   _   _   _   _   _   _   _   _   _   _   _   _   _ 
  _   _   _   _   _   12  _   10  _    7  _   _   _   _   _ 
  _   _   _   _   _   40  28  37  31  13  17  _   _   _   _ 
  _   _   _   _   18  33  55  O   32  53  15  _   _   _   _ 
  _   _   _   _   21  28  33  14  83  32  26  _   _   _   _ 
  _   _   _   _   _   26  81  50  54  22  _   _   _   _   _ 
  _   _   _   _   _   _   23  19  73  _   _   _   _   _   _ 
  _   _   _   _   _   _   _   _   _   _   _   _   _   _   _ 
  _   _   _   _   _   _   _   _   _   _   _   _   _   _   _ 
  _   _   _   _   _   _   _   _   _   _   _   _   _   _   _ 
  _   _   _   _   _   _   _   _   _   _   _   _   _   _   _ 
  _   _   _   _   _   _   _   _   _   _   _   _   _   _   _ 
  _   _   _   _   _   _   _   _   _   _   _   _   _   _   _ 

CROSS  ( 0, 0) : U : Q=0.011525 : 0.000514 : 0.987961 : P=0.000000 : Visits=9568 : Children=30
CIRCLE ( 6, 8) : U : Q=0.984388 : 0.000479 : 0.015133 : P=0.105824 : Visits=799 : Children=30
CROSS  ( 0, 6) : U : Q=0.053174 : 0.000804 : 0.946022 : P=0.029751 : Visits=140 : Children=30
CIRCLE ( 0, 4) : U : Q=0.996943 : 0.000328 : 0.002729 : P=0.210636 : Visits=48 : Children=30
CROSS  ( 4, 6) : U : Q=0.003266 : 0.000303 : 0.996431 : P=0.094929 : Visits=6 : Children=30
CIRCLE ( 5, 8) : U : Q=0.997419 : 0.000230 : 0.002352 : P=0.199764 : Visits=2 : Children=30
CROSS  ( 3, 6) : U : Q=0.001729 : 0.000146 : 0.998125 : P=0.210713 : Visits=1 : Children=30
CIRCLE ( 4, 8) : U : Q=0.000000 : 0.000000 : 0.000000 : P=0.294405 : Visits=0 : Children=0
----EvaluationQueue----
avg batch size = 7.992868
network   = 1777.244273s : 57767 : 30.765736 ms
pack      = 0.375005s : 57767 : 6.491682 us
unpack    = 0.421869s : 57767 : 7.302938 us

----SearchStats----
nb_duplicate_nodes = 1
select     = 0.015624s : 9569 : 1.632802 us
expand     = 0.046873s : 9568 : 4.898919 us
vcf solver = 0.109378s : 9568 : 11.431608 us
backup     = 0.000000s : 9568 : 0.000000 us
evaluate   = 0.000000s : 8713 : 0.000000 us
game rules = 0.000000s : 9569 : 0.000000 us

----TreeStats----
used nodes      = 266304
allocated nodes = 100000000
proven nodes    = 0 : 0 : 5 (win:draw:loss)
memory = 8MB
----CacheStats----
hit rate = 8.900000%
time_seek    = 0.015625s : 9568 : 1.633097 us
time_insert  = 0.000000s : 8713 : 0.000000 us
time_cleanup = 0.000000s : 1 : 0.000000 us
entries = 8959 : 20350 : 29309 (stored:buffered:allocated)
memory = 36MB

Answered : MESSAGE depth 1-8 ev 98.8 n 9568 n/s 268 tm 35608 pv Og8 Xa6 Oa4 Xe6 Of8 Xd6 Oe8
Answered : 6,7
Received : RESTART
