Compiled on May 17 2021 at 21:00:40
Launched in Engine\
Received : INFO max_memory 5368709120
Received : INFO timeout_match 900000
Received : INFO timeout_turn 900000
Received : INFO game_type 1
Received : INFO rule 1
Received : INFO time_left 900000
Received : BOARD
Received : 0,0,2
Received : 5,6,1
Received : 0,2,2
Received : DONE
BEST
CROSS  ( 3, 2) : U : Q=0.005990 : 0.000513 : 0.993497 : P=0.048374 : Visits=62 : Children=30
CROSS  ( 1, 4) : U : Q=0.008710 : 0.000844 : 0.990446 : P=0.041701 : Visits=58 : Children=30
CROSS  ( 2, 2) : U : Q=0.006196 : 0.000575 : 0.993229 : P=0.044482 : Visits=58 : Children=30
CROSS  ( 4, 2) : U : Q=0.005979 : 0.000507 : 0.993514 : P=0.045038 : Visits=58 : Children=30
CROSS  ( 1, 3) : U : Q=0.009203 : 0.000723 : 0.990075 : P=0.035863 : Visits=51 : Children=30
CROSS  ( 7, 4) : U : Q=0.003577 : 0.000367 : 0.996057 : P=0.042257 : Visits=51 : Children=30
CROSS  ( 3, 3) : U : Q=0.005854 : 0.000298 : 0.993848 : P=0.038087 : Visits=49 : Children=30
CROSS  ( 1, 5) : U : Q=0.005386 : 0.000481 : 0.994133 : P=0.037809 : Visits=48 : Children=30
CROSS  ( 2, 3) : U : Q=0.003295 : 0.000229 : 0.996475 : P=0.035863 : Visits=42 : Children=30
CROSS  ( 2, 5) : U : Q=0.007447 : 0.000391 : 0.992163 : P=0.030581 : Visits=41 : Children=30
  X   _   _   _   _   _   _   _   _   _   _   _   _   _   _ 
  27  31  X   40  46  38  _   _   _   _   _   _   _   _   _ 
  25  _   46  33  28  32  28  _   _   _   _   _   _   _   _ 
  _   _   49  39  31  26  _   28  32  _   _   _   _   _   _ 
  _   27  46  32  32  27  25  27  _   _   _   _   _   _   _ 
  _   28  32  31  _   _   O   _   _   _   _   _   _   _   _ 
  _   _   _   _   31  O   _   _   _   _   _   _   _   _   _ 
  _   _   _   _   40  _   _   _   _   _   _   _   _   _   _ 
  _   _   _   _   _   27  _   _   _   _   _   _   _   _   _ 
  _   _   _   _   _   _   _   _   _   _   _   _   _   _   _ 
  _   _   _   _   _   _   _   _   _   _   _   _   _   _   _ 
  _   _   _   _   _   _   _   _   _   _   _   _   _   _   _ 
  _   _   _   _   _   _   _   _   _   _   _   _   _   _   _ 
  _   _   _   _   _   _   _   _   _   _   _   _   _   _   _ 
  _   _   _   _   _   _   _   _   _   _   _   _   _   _   _ 

CIRCLE ( 0, 0) : U : Q=0.994209 : 0.000429 : 0.005362 : P=0.000000 : Visits=1257 : Children=30
CROSS  ( 3, 2) : U : Q=0.005990 : 0.000513 : 0.993497 : P=0.048374 : Visits=62 : Children=30
CIRCLE ( 5, 5) : U : Q=0.996608 : 0.000212 : 0.003180 : P=0.140244 : Visits=10 : Children=30
CROSS  ( 4, 2) : U : Q=0.003711 : 0.000258 : 0.996031 : P=0.464280 : Visits=6 : Children=3
CIRCLE ( 2, 2) : U : Q=0.997085 : 0.000200 : 0.002715 : P=0.635804 : Visits=3 : Children=30
CROSS  ( 3, 3) : U : Q=0.001903 : 0.000163 : 0.997934 : P=0.603515 : Visits=2 : Children=27
CIRCLE ( 7, 4) : U : Q=0.997109 : 0.000189 : 0.002702 : P=0.315230 : Visits=1 : Children=4
CROSS  ( 4, 7) : U : Q=0.000000 : 0.000000 : 0.000000 : P=0.752636 : Visits=0 : Children=0
----EvaluationQueue----
avg batch size = 7.992374
network   = 3221.024931s : 101758 : 31.653776 ms
pack      = 0.781255s : 101758 : 7.677583 us
unpack    = 0.656247s : 101758 : 6.449099 us

----SearchStats----
nb_duplicate_nodes = 1
select     = 0.000000s : 1258 : 0.000000 us
expand     = 0.000000s : 1257 : 0.000000 us
vcf solver = 0.015625s : 1257 : 12.430390 us
backup     = 0.000000s : 1257 : 0.000000 us
evaluate   = 0.000000s : 361 : 0.000000 us
game rules = 0.000000s : 1258 : 0.000000 us

----TreeStats----
used nodes      = 32763
allocated nodes = 100000000
proven nodes    = 0 : 0 : 5 (win:draw:loss)
memory = 0MB
----CacheStats----
hit rate = 71.200000%
time_seek    = 0.000000s : 1257 : 0.000000 us
time_insert  = 0.000000s : 361 : 0.000000 us
time_cleanup = 0.000000s : 1 : 0.000000 us
entries = 2035 : 27274 : 29309 (stored:buffered:allocated)
memory = 33MB

Answered : MESSAGE depth 1-8 ev 0.5 n 1257 n/s 40130 tm 31 pv Xd2 Of5 Xe2 Oc2 Xd3 Oh4 Xe7
BEST
CIRCLE ( 7, 6) : U : Q=0.994501 : 0.000392 : 0.005107 : P=0.101125 : Visits=1159 : Children=30
CIRCLE ( 7, 7) : U : Q=0.994538 : 0.000401 : 0.005062 : P=0.073560 : Visits=870 : Children=30
CIRCLE ( 5, 6) : U : Q=0.994294 : 0.000431 : 0.005275 : P=0.057056 : Visits=698 : Children=30
CIRCLE ( 7, 8) : U : Q=0.993319 : 0.000462 : 0.006219 : P=0.057930 : Visits=650 : Children=30
CIRCLE ( 8, 5) : U : Q=0.992436 : 0.000469 : 0.007095 : P=0.050835 : Visits=523 : Children=30
CIRCLE ( 7, 4) : U : Q=0.990154 : 0.000511 : 0.009336 : P=0.051463 : Visits=448 : Children=30
CIRCLE ( 5, 4) : U : Q=0.990783 : 0.000549 : 0.008668 : P=0.040468 : Visits=386 : Children=30
CIRCLE ( 8, 6) : U : Q=0.979877 : 0.000531 : 0.019592 : P=0.056423 : Visits=283 : Children=30
CIRCLE ( 7, 5) : U : Q=0.986095 : 0.000573 : 0.013332 : P=0.038338 : Visits=282 : Children=30
CIRCLE ( 6, 4) : U : Q=0.987708 : 0.000490 : 0.011802 : P=0.035579 : Visits=260 : Children=30
  X   _   _   _   _   _   _   _   _   _   _   _   _   _   _ 
  _   _   _   _   _   _   _   _   _   _   _   _   _   _   _ 
  X   _   _   _   _   _   _   _   _   _   _   _   _   _   _ 
  _   _   _   _   _   _   _   _   _   _   _   _   _   _   _ 
  _   _   _   _   17  15  10  12  _   _   _   _   _   _   _ 
  _   _   _   _   42  12  76  19  22  _   _   _   _   _   _ 
  _   _   _   18  28  O   17  27  23  _   _   _   _   _   _ 
  _   _   _   _   49  30 127  95  71  _   _   _   _   _   _ 
  _   _   _    6  27  57  31  28  14  _   _   _   _   _   _ 
  _   _   _   _   28  23  28  20  12  _   _   _   _   _   _ 
  _   _   _   _   _   _   _   _   _   _   _   _   _   _   _ 
  _   _   _   _   _   _   _   _   _   _   _   _   _   _   _ 
  _   _   _   _   _   _   _   _   _   _   _   _   _   _   _ 
  _   _   _   _   _   _   _   _   _   _   _   _   _   _   _ 
  _   _   _   _   _   _   _   _   _   _   _   _   _   _   _ 

CROSS  ( 0, 0) : U : Q=0.008902 : 0.000483 : 0.990615 : P=0.000000 : Visits=9098 : Children=30
CIRCLE ( 7, 6) : U : Q=0.994501 : 0.000392 : 0.005107 : P=0.101125 : Visits=1159 : Children=30
CROSS  ( 8, 7) : U : Q=0.004026 : 0.000434 : 0.995540 : P=0.047559 : Visits=54 : Children=30
CIRCLE ( 5, 6) : U : Q=0.997323 : 0.000279 : 0.002398 : P=0.093868 : Visits=6 : Children=30
CROSS  ( 4, 0) : U : Q=0.003058 : 0.000241 : 0.996700 : P=0.061279 : Visits=1 : Children=30
CIRCLE ( 3, 0) : U : Q=0.000000 : 0.000000 : 0.000000 : P=0.616861 : Visits=0 : Children=0
----EvaluationQueue----
avg batch size = 7.992384
network   = 3255.883304s : 102810 : 31.668936 ms
pack      = 0.781255s : 102810 : 7.599022 us
unpack    = 0.671872s : 102810 : 6.535083 us

----SearchStats----
nb_duplicate_nodes = 1
select     = 0.046875s : 9099 : 5.151691 us
expand     = 0.062498s : 9098 : 6.869458 us
vcf solver = 0.140618s : 9098 : 15.455908 us
backup     = 0.000000s : 9098 : 0.000000 us
evaluate   = 0.000000s : 8409 : 0.000000 us
game rules = 0.000000s : 9099 : 0.000000 us

----TreeStats----
used nodes      = 258480
allocated nodes = 100000000
proven nodes    = 0 : 0 : 5 (win:draw:loss)
memory = 7MB
----CacheStats----
hit rate = 7.500000%
time_seek    = 0.015624s : 9098 : 1.717279 us
time_insert  = 0.015624s : 8409 : 1.858015 us
time_cleanup = 0.015624s : 1 : 15.624046 ms
entries = 8445 : 20864 : 29309 (stored:buffered:allocated)
memory = 36MB

Answered : MESSAGE depth 1-6 ev 99.0 n 9098 n/s 255 tm 35608 pv Oh6 Xi7 Of6 Xe0 Od0
Answered : 6,7
Received : RESTART
