Compiled on May 17 2021 at 21:00:40
Launched in Engine\
Received : INFO max_memory 5368709120
Received : INFO timeout_match 900000
Received : INFO timeout_turn 900000
Received : INFO game_type 1
Received : INFO rule 1
Received : INFO time_left 900000
Received : BOARD
Received : 0,0,2
Received : 7,5,1
Received : 2,1,2
Received : DONE
BEST
CROSS  ( 4, 4) : U : Q=0.015389 : 0.000772 : 0.983839 : P=0.213081 : Visits=450 : Children=30
CROSS  ( 3, 3) : U : Q=0.010616 : 0.000711 : 0.988674 : P=0.088195 : Visits=155 : Children=30
CROSS  ( 4, 6) : U : Q=0.003799 : 0.000296 : 0.995904 : P=0.045807 : Visits=64 : Children=30
CROSS  ( 3, 5) : U : Q=0.005751 : 0.000305 : 0.993944 : P=0.028715 : Visits=43 : Children=30
CROSS  ( 8,11) : U : Q=0.005206 : 0.000248 : 0.994546 : P=0.027803 : Visits=40 : Children=30
CROSS  ( 8, 8) : U : Q=0.005585 : 0.000375 : 0.994040 : P=0.026208 : Visits=39 : Children=30
CROSS  ( 8,12) : U : Q=0.005193 : 0.000300 : 0.994507 : P=0.026892 : Visits=39 : Children=30
CROSS  ( 2, 4) : U : Q=0.006076 : 0.000432 : 0.993493 : P=0.025524 : Visits=38 : Children=30
CROSS  ( 7, 9) : U : Q=0.003692 : 0.000410 : 0.995897 : P=0.027575 : Visits=38 : Children=30
CROSS  ( 8, 9) : U : Q=0.004946 : 0.000322 : 0.994732 : P=0.025524 : Visits=37 : Children=30
  X   _   _   _   _   _   _   _   _   _   _   _   _   _   _ 
  _   X   _   _   _   _   _   _   _   _   _   _   _   _   _ 
  _   _   _   _   23  _   _   _   _   _   _   _   _   _   _ 
  _   _   _   95  21  26  18  _   _   _   _   _   _   _   _ 
  _   _   21  _  278  22  39  20  _   _   _   _   _   _   _ 
  _   _   _   _   _   22  21  O   _   _   _   21  21  _   _ 
  _   _   _   _   _   _   _   _   O   _   _   20  19  _   _ 
  _   _   _   _   _   _   _   _   19  23  20  22  22  _   _ 
  _   _   _   _   _   _   _   _   24  22  19  24  24  _   _ 
  _   _   _   _   _   _   _   _   _   _   _   _   22  _   _ 
  _   _   _   _   _   _   _   _   _   _   _   21  19  20  _ 
  _   _   _   _   _   _   _   _   _   _   _   _   _   _   _ 
  _   _   _   _   _   _   _   _   _   _   _   _   _   _   _ 
  _   _   _   _   _   _   _   _   _   _   _   _   _   _   _ 
  _   _   _   _   _   _   _   _   _   _   _   _   _   _   _ 

CIRCLE ( 0, 0) : U : Q=0.990948 : 0.000482 : 0.008569 : P=0.000000 : Visits=1619 : Children=30
CROSS  ( 4, 4) : U : Q=0.015389 : 0.000772 : 0.983839 : P=0.213081 : Visits=450 : Children=30
CIRCLE ( 3, 3) : U : Q=0.985271 : 0.001069 : 0.013660 : P=0.467107 : Visits=205 : Children=30
CROSS  ( 3, 5) : U : Q=0.010986 : 0.000849 : 0.988165 : P=0.304377 : Visits=64 : Children=30
CIRCLE ( 4, 8) : U : Q=0.990856 : 0.000514 : 0.008630 : P=0.240113 : Visits=17 : Children=30
CROSS  ( 5, 3) : U : Q=0.012938 : 0.000544 : 0.986518 : P=0.307319 : Visits=6 : Children=4
CIRCLE ( 2, 6) : U : Q=0.985581 : 0.000424 : 0.013995 : P=0.779619 : Visits=4 : Children=30
CROSS  ( 6, 2) : U : Q=0.038906 : 0.001310 : 0.959785 : P=0.310008 : Visits=1 : Children=1
CIRCLE ( 7, 1) : U : Q=0.000000 : 0.000000 : 0.000000 : P=1.000000 : Visits=0 : Children=0
----EvaluationQueue----
avg batch size = 7.992678
network   = 1851.538913s : 60089 : 30.813276 ms
pack      = 0.375005s : 60089 : 6.240826 us
unpack    = 0.437495s : 60089 : 7.280775 us

----SearchStats----
nb_duplicate_nodes = 1
select     = 0.000000s : 1620 : 0.000000 us
expand     = 0.000000s : 1619 : 0.000000 us
vcf solver = 0.015626s : 1619 : 9.651608 us
backup     = 0.000000s : 1619 : 0.000000 us
evaluate   = 0.000000s : 393 : 0.000000 us
game rules = 0.000000s : 1620 : 0.000000 us

----TreeStats----
used nodes      = 40206
allocated nodes = 100000000
proven nodes    = 0 : 0 : 5 (win:draw:loss)
memory = 1MB
----CacheStats----
hit rate = 75.700000%
time_seek    = 0.000000s : 1619 : 0.000000 us
time_insert  = 0.000000s : 393 : 0.000000 us
time_cleanup = 0.000000s : 1 : 0.000000 us
entries = 1841 : 27468 : 29309 (stored:buffered:allocated)
memory = 33MB

Answered : MESSAGE depth 1-9 ev 0.8 n 1619 n/s 51806 tm 31 pv Xe4 Od3 Xd5 Oe8 Xf3 Oc6 Xg2 Oh1
BEST
CIRCLE ( 5, 5) : U : Q=0.994417 : 0.000492 : 0.005091 : P=0.058249 : Visits=751 : Children=30
CIRCLE ( 4, 5) : U : Q=0.995282 : 0.000507 : 0.004210 : P=0.044804 : Visits=634 : Children=30
CIRCLE ( 6, 8) : U : Q=0.992517 : 0.000380 : 0.007103 : P=0.055711 : Visits=601 : Children=30
CIRCLE ( 4, 6) : U : Q=0.994185 : 0.000480 : 0.005334 : P=0.045591 : Visits=575 : Children=30
CIRCLE ( 5, 6) : U : Q=0.992454 : 0.000507 : 0.007039 : P=0.048689 : Visits=525 : Children=30
CIRCLE ( 7, 7) : U : Q=0.990774 : 0.000456 : 0.008770 : P=0.055368 : Visits=522 : Children=30
CIRCLE ( 7, 6) : U : Q=0.991481 : 0.000427 : 0.008093 : P=0.049333 : Visits=491 : Children=30
CIRCLE ( 6, 5) : U : Q=0.994497 : 0.000454 : 0.005050 : P=0.037455 : Visits=487 : Children=30
CIRCLE ( 6, 6) : U : Q=0.992196 : 0.000428 : 0.007375 : P=0.045829 : Visits=483 : Children=30
CIRCLE ( 5, 4) : U : Q=0.993567 : 0.000745 : 0.005688 : P=0.035746 : Visits=430 : Children=30
  X   _   _   _   _   _   _   _   _   _   _   _   _   _   _ 
  _   _   X   _   _   _   _   _   _   _   _   _   _   _   _ 
  _   _   _   _   _   _   _   _   _   _   _   _   _   _   _ 
  _   _   _   _   _   21  13  22  _   _   _   _   _   _   _ 
  _   _   _   _   34  60  54  27  35  14  _   _   _   _   _ 
  _   _   _   _   41  71  50  O   34  27  _   _   _   _   _ 
  _   _   _   _   26  46  46  38  57  26   7  _   _   _   _ 
  _   _   _   _   14  41  46  49  21  13  _   _   _   _   _ 
  _   _   _   _   _   _   19  25   8  _   _   _   _   _   _ 
  _   _   _   _   _   _   _   _   _   _   _   _   _   _   _ 
  _   _   _   _   _   _   _   _   _   _   _   _   _   _   _ 
  _   _   _   _   _   _   _   _   _   _   _   _   _   _   _ 
  _   _   _   _   _   _   _   _   _   _   _   _   _   _   _ 
  _   _   _   _   _   _   _   _   _   _   _   _   _   _   _ 
  _   _   _   _   _   _   _   _   _   _   _   _   _   _   _ 

CROSS  ( 0, 0) : U : Q=0.007432 : 0.000528 : 0.992038 : P=0.000000 : Visits=10466 : Children=30
CIRCLE ( 5, 5) : U : Q=0.994417 : 0.000492 : 0.005091 : P=0.058249 : Visits=751 : Children=30
CROSS  ( 4, 4) : U : Q=0.005168 : 0.000536 : 0.994297 : P=0.055035 : Visits=42 : Children=30
CIRCLE ( 4, 6) : U : Q=0.996185 : 0.000303 : 0.003512 : P=0.175209 : Visits=8 : Children=30
CROSS  ( 3, 4) : U : Q=0.005493 : 0.000335 : 0.994172 : P=0.151710 : Visits=2 : Children=30
CIRCLE ( 3, 7) : U : Q=0.991561 : 0.000387 : 0.008052 : P=0.197971 : Visits=1 : Children=4
CROSS  ( 6, 4) : U : Q=0.000000 : 0.000000 : 0.000000 : P=0.957972 : Visits=0 : Children=0
----EvaluationQueue----
avg batch size = 7.992692
network   = 1886.350383s : 61165 : 30.840356 ms
pack      = 0.390633s : 61165 : 6.386546 us
unpack    = 0.437495s : 61165 : 7.152694 us

----SearchStats----
nb_duplicate_nodes = 1
select     = 0.062501s : 10467 : 5.971261 us
expand     = 0.046877s : 10466 : 4.478971 us
vcf solver = 0.312508s : 10466 : 29.859387 us
backup     = 0.000000s : 10466 : 0.000000 us
evaluate   = 0.015625s : 8601 : 1.816594 us
game rules = 0.000000s : 10467 : 0.000000 us

----TreeStats----
used nodes      = 262745
allocated nodes = 100000000
proven nodes    = 0 : 0 : 5 (win:draw:loss)
memory = 8MB
----CacheStats----
hit rate = 17.800000%
time_seek    = 0.000000s : 10466 : 0.000000 us
time_insert  = 0.000000s : 8601 : 0.000000 us
time_cleanup = 0.015624s : 1 : 15.624046 ms
entries = 8607 : 20702 : 29309 (stored:buffered:allocated)
memory = 36MB

Answered : MESSAGE depth 1-7 ev 99.2 n 10466 n/s 293 tm 35608 pv Of5 Xe4 Oe6 Xd4 Od7 Xg4
Answered : 5,5
Received : RESTART
