Compiled on May 17 2021 at 21:00:40
Launched in Engine\
Received : INFO max_memory 5368709120
Received : INFO timeout_match 900000
Received : INFO timeout_turn 900000
Received : INFO game_type 1
Received : INFO rule 1
Received : INFO time_left 900000
Received : BOARD
Received : 0,0,2
Received : 6,5,1
Received : 1,2,2
Received : DONE
BEST
CROSS  ( 1, 0) : U : Q=0.027907 : 0.001152 : 0.970941 : P=0.041505 : Visits=111 : Children=30
CROSS  ( 4, 4) : U : Q=0.008288 : 0.000437 : 0.991275 : P=0.066407 : Visits=77 : Children=30
CROSS  ( 5, 4) : U : Q=0.007453 : 0.000567 : 0.991979 : P=0.046174 : Visits=53 : Children=30
CROSS  ( 3, 0) : U : Q=0.008404 : 0.000496 : 0.991100 : P=0.044358 : Visits=52 : Children=30
CROSS  ( 6, 4) : U : Q=0.005011 : 0.000481 : 0.994508 : P=0.044358 : Visits=47 : Children=30
CROSS  ( 5, 3) : U : Q=0.003427 : 0.000235 : 0.996338 : P=0.039689 : Visits=40 : Children=30
CROSS  ( 4, 0) : U : Q=0.002067 : 0.000353 : 0.997580 : P=0.038392 : Visits=38 : Children=30
CROSS  ( 7, 7) : U : Q=0.004559 : 0.000524 : 0.994917 : P=0.035019 : Visits=37 : Children=30
CROSS  ( 8, 8) : U : Q=0.004451 : 0.000469 : 0.995080 : P=0.035798 : Visits=37 : Children=30
CROSS  ( 7, 8) : U : Q=0.004071 : 0.000477 : 0.995452 : P=0.035279 : Visits=37 : Children=30
  X   _   _   _   _   _   _   _   _   _   _   _   _   _   _ 
  98  _   _   _   _   _   _   _   _   _   _   _   _   _   _ 
  X   _   _   _   _   _   _   _   _   _   _   _   _   _   _ 
  46  _   _   _   _   _   _   _   _   _   _   _   _   _   _ 
  33  _   _   23  68  28  _   _   _   _   _   _   _   _   _ 
  _   _   _   35  46  30  O   _   _   _   _   _   _   _   _ 
  _   _   _   _   41  26  _   29  24  _   _   _   _   _   _ 
  _   _   _   _   24  24  29  32  32  26  _   _   _   _   _ 
  _   _   _   _   25  24  30  O   32  30  _   _   _   _   _ 
  _   _   _   _   _   23  26  29  _   25  _   _   _   _   _ 
  _   _   _   _   23  _   _   _   _   _   _   _   _   _   _ 
  _   _   _   _   _   _   _   _   _   _   _   _   _   _   _ 
  _   _   _   _   _   _   _   _   _   _   _   _   _   _   _ 
  _   _   _   _   _   _   _   _   _   _   24  _   _   _   _ 
  _   _   _   _   _   _   _   _   _   _   _   _   _   _   _ 

CIRCLE ( 0, 0) : U : Q=0.992100 : 0.000529 : 0.007371 : P=0.000000 : Visits=1131 : Children=30
CROSS  ( 1, 0) : U : Q=0.027907 : 0.001152 : 0.970941 : P=0.041505 : Visits=111 : Children=30
CIRCLE ( 5, 4) : U : Q=0.993253 : 0.000571 : 0.006176 : P=0.081964 : Visits=11 : Children=30
CROSS  ( 3, 0) : U : Q=0.007833 : 0.000650 : 0.991517 : P=0.414962 : Visits=6 : Children=1
CIRCLE ( 4, 0) : U : Q=0.995589 : 0.000403 : 0.004008 : P=1.000000 : Visits=5 : Children=30
CROSS  ( 6, 5) : U : Q=0.003129 : 0.000596 : 0.996275 : P=0.045276 : Visits=1 : Children=30
CIRCLE ( 5, 7) : U : Q=0.000000 : 0.000000 : 0.000000 : P=0.171786 : Visits=0 : Children=0
----EvaluationQueue----
avg batch size = 7.993144
network   = 1597.108993s : 51923 : 30.759182 ms
pack      = 0.312505s : 51923 : 6.018619 us
unpack    = 0.390615s : 51923 : 7.522976 us

----SearchStats----
nb_duplicate_nodes = 1
select     = 0.000000s : 1132 : 0.000000 us
expand     = 0.000000s : 1131 : 0.000000 us
vcf solver = 0.015614s : 1131 : 13.805722 us
backup     = 0.000000s : 1131 : 0.000000 us
evaluate   = 0.000000s : 361 : 0.000000 us
game rules = 0.000000s : 1132 : 0.000000 us

----TreeStats----
used nodes      = 32117
allocated nodes = 100000000
proven nodes    = 0 : 0 : 5 (win:draw:loss)
memory = 0MB
----CacheStats----
hit rate = 68.000000%
time_seek    = 0.000000s : 1131 : 0.000000 us
time_insert  = 0.000000s : 361 : 0.000000 us
time_cleanup = 0.015626s : 1 : 15.626192 ms
entries = 1177 : 28132 : 29309 (stored:buffered:allocated)
memory = 32MB

Answered : MESSAGE depth 1-7 ev 0.7 n 1131 n/s 36164 tm 31 pv Xb0 Of4 Xd0 Oe0 Xg5 Of7
BEST
CIRCLE ( 5, 4) : U : Q=0.995195 : 0.000467 : 0.004338 : P=0.095967 : Visits=1165 : Children=30
CIRCLE ( 4, 5) : U : Q=0.994801 : 0.000515 : 0.004683 : P=0.052069 : Visits=620 : Children=30
CIRCLE ( 6, 7) : U : Q=0.994744 : 0.000371 : 0.004885 : P=0.052390 : Visits=616 : Children=30
CIRCLE ( 4, 4) : U : Q=0.994793 : 0.000661 : 0.004546 : P=0.045819 : Visits=549 : Children=30
CIRCLE ( 7, 6) : U : Q=0.993300 : 0.000451 : 0.006249 : P=0.052337 : Visits=544 : Children=30
CIRCLE ( 7, 5) : U : Q=0.994334 : 0.000491 : 0.005175 : P=0.041538 : Visits=473 : Children=30
CIRCLE ( 6, 4) : U : Q=0.995124 : 0.000523 : 0.004353 : P=0.037230 : Visits=457 : Children=30
CIRCLE ( 5, 5) : U : Q=0.992714 : 0.000653 : 0.006634 : P=0.045023 : Visits=452 : Children=30
CIRCLE ( 5, 8) : U : Q=0.992523 : 0.000447 : 0.007030 : P=0.044104 : Visits=437 : Children=30
CIRCLE ( 6, 5) : U : Q=0.993050 : 0.000483 : 0.006467 : P=0.042168 : Visits=430 : Children=30
  X   _   _   _   _   _   _   _   _   _   _   _   _   _   _ 
  _   _   _   _   _   _   _   _   _   _   _   _   _   _   _ 
  _   X   _   _   _   _   _   _   _   _   _   _   _   _   _ 
  _   _   _   _   16  _   23  12  _   _   _   _   _   _   _ 
  _   _   _   _   53  60  28  40  18  _   _   _   _   _   _ 
  _   _   _   _  113  44  O   38  42  12  _   _   _   _   _ 
  _   _   _   _   44  41  37  60  29  15  _   _   _   _   _ 
  _   _   _   _   39  46  53  25  17   7  _   _   _   _   _ 
  _   _   _   _   10  18  24  17   4  _   _   _   _   _   _ 
  _   _   _   _   _   _   _   _   _   _   _   _   _   _   _ 
  _   _   _   _   _   _   _   _   _   _   _   _   _   _   _ 
  _   _   _   _   _   _   _   _   _   _   _   _   _   _   _ 
  _   _   _   _   _   _   _   _   _   _   _   _   _   _   _ 
  _   _   _   _   _   _   _   _   _   _   _   _   _   _   _ 
  _   _   _   _   _   _   _   _   _   _   _   _   _   _   _ 

CROSS  ( 0, 0) : U : Q=0.006390 : 0.000543 : 0.993067 : P=0.000000 : Visits=10240 : Children=30
CIRCLE ( 5, 4) : U : Q=0.995195 : 0.000467 : 0.004338 : P=0.095967 : Visits=1165 : Children=30
CROSS  ( 4, 4) : U : Q=0.003466 : 0.000405 : 0.996129 : P=0.059133 : Visits=67 : Children=30
CIRCLE ( 4, 5) : U : Q=0.997278 : 0.000311 : 0.002411 : P=0.247251 : Visits=19 : Children=30
CROSS  ( 5, 3) : U : Q=0.002430 : 0.000264 : 0.997306 : P=0.182387 : Visits=5 : Children=30
CIRCLE ( 3, 6) : U : Q=0.998169 : 0.000145 : 0.001685 : P=0.293092 : Visits=2 : Children=4
CROSS  ( 6, 3) : U : Q=0.001168 : 0.000089 : 0.998743 : P=0.698656 : Visits=1 : Children=30
CIRCLE ( 3, 4) : U : Q=0.000000 : 0.000000 : 0.000000 : P=0.192605 : Visits=0 : Children=0
----EvaluationQueue----
avg batch size = 7.993153
network   = 1631.857964s : 53014 : 30.781642 ms
pack      = 0.312505s : 53014 : 5.894759 us
unpack    = 0.390615s : 53014 : 7.368157 us

----SearchStats----
nb_duplicate_nodes = 1
select     = 0.015625s : 10241 : 1.525707 us
expand     = 0.046875s : 10240 : 4.577613 us
vcf solver = 0.218763s : 10240 : 21.363585 us
backup     = 0.000000s : 10240 : 0.000000 us
evaluate   = 0.000000s : 8721 : 0.000000 us
game rules = 0.000000s : 10241 : 0.000000 us

----TreeStats----
used nodes      = 267457
allocated nodes = 100000000
proven nodes    = 0 : 0 : 5 (win:draw:loss)
memory = 8MB
----CacheStats----
hit rate = 14.800000%
time_seek    = 0.000000s : 10240 : 0.000000 us
time_insert  = 0.015629s : 8721 : 1.792144 us
time_cleanup = 0.000000s : 1 : 0.000000 us
entries = 8722 : 20587 : 29309 (stored:buffered:allocated)
memory = 36MB

Answered : MESSAGE depth 1-8 ev 99.3 n 10240 n/s 287 tm 35608 pv Of4 Xe4 Oe5 Xf3 Od6 Xg3 Od4
Answered : 4,5
Received : RESTART
