Compiled on May 17 2021 at 21:00:40
Launched in Engine\
Received : INFO max_memory 5368709120
Received : INFO timeout_match 900000
Received : INFO timeout_turn 900000
Received : INFO game_type 1
Received : INFO rule 1
Received : INFO time_left 900000
Received : BOARD
Received : 0,0,2
Received : 9,4,1
Received : 5,1,2
Received : DONE
BEST
CROSS  ( 4, 4) : U : Q=0.024484 : 0.000419 : 0.975097 : P=0.181354 : Visits=1110 : Children=30
CROSS  ( 3, 4) : U : Q=0.020595 : 0.000426 : 0.978979 : P=0.096632 : Visits=449 : Children=30
CROSS  ( 2, 4) : U : Q=0.024376 : 0.000620 : 0.975004 : P=0.063117 : Visits=386 : Children=30
CROSS  ( 3, 3) : U : Q=0.008850 : 0.000209 : 0.990941 : P=0.108881 : Visits=293 : Children=30
CROSS  ( 1, 3) : U : Q=0.018180 : 0.000884 : 0.980936 : P=0.043042 : Visits=177 : Children=30
CROSS  ( 3, 2) : U : Q=0.008432 : 0.000323 : 0.991245 : P=0.055971 : Visits=149 : Children=30
CROSS  ( 2, 3) : U : Q=0.011139 : 0.000390 : 0.988471 : P=0.035897 : Visits=105 : Children=30
CROSS  ( 4, 2) : U : Q=0.004485 : 0.000140 : 0.995375 : P=0.033345 : Visits=77 : Children=30
CROSS  ( 4, 1) : U : Q=0.008449 : 0.000402 : 0.991149 : P=0.027731 : Visits=73 : Children=30
CROSS  ( 1, 5) : U : Q=0.009640 : 0.000642 : 0.989718 : P=0.026029 : Visits=72 : Children=30
  X   _   _   _   _   _   _   _   _   _   _   _   _   _   _ 
  _   11  15  47  X   19  14  10   8  _    8  _   _   _   _ 
  _   _   11  28 104   9  12  _    9  _   _   _   _   _   _ 
  _   _   40  79 121  12   9   9  _   _   _   _   _   _   _ 
  _   19  20  12 300  _   15  O   10  O   _   _   _   _   _ 
  _   _    8  _    8  _   _    8  _   _   _   _   _   _   _ 
  _   _   _   _   _   _   _    8  _   _   _   _   _   _   _ 
  _   _   _   _   _   _   _   _   _   _   _   _   _   _   _ 
  _   _   _   _   _   _   _   _   _   _   _   _   _   _   _ 
  _   _   _   _   _   _   _   _   _   _   _   _   _   _   _ 
  _   _   _   _   _   _   _   _   _   _   _   _   _   _   _ 
  _   _   _   _   _   _   _   _   _   _   _   _   _   _   _ 
  _   _   _   _   _   _   _   _   _   _   _   _   _   _   _ 
  _   _   _   _   _   _   _   _   _   _   _   _   _   _   _ 
  _   _   _   _   _   _   _   _   _   _   _   _   _   _   _ 

CIRCLE ( 0, 0) : U : Q=0.983154 : 0.000433 : 0.016414 : P=0.000000 : Visits=3693 : Children=30
CROSS  ( 4, 4) : U : Q=0.024484 : 0.000419 : 0.975097 : P=0.181354 : Visits=1110 : Children=30
CIRCLE ( 3, 8) : U : Q=0.981690 : 0.000230 : 0.018080 : P=0.181716 : Visits=243 : Children=30
CROSS  ( 3, 4) : U : Q=0.021367 : 0.000220 : 0.978413 : P=0.480524 : Visits=127 : Children=3
CIRCLE ( 2, 4) : U : Q=0.980460 : 0.000189 : 0.019351 : P=0.863155 : Visits=112 : Children=30
CROSS  ( 3, 3) : U : Q=0.028709 : 0.000213 : 0.971078 : P=0.502669 : Visits=70 : Children=16
CIRCLE ( 5, 6) : U : Q=0.985210 : 0.000269 : 0.014521 : P=0.274442 : Visits=21 : Children=6
CROSS  ( 2, 9) : U : Q=0.008030 : 0.000207 : 0.991763 : P=0.444012 : Visits=9 : Children=20
CIRCLE ( 4, 6) : U : Q=0.987523 : 0.000279 : 0.012198 : P=0.369746 : Visits=4 : Children=7
CROSS  ( 2, 2) : U : Q=0.038128 : 0.000658 : 0.961214 : P=0.243082 : Visits=1 : Children=1
CIRCLE ( 1, 1) : U : Q=0.000000 : 0.000000 : 0.000000 : P=1.000000 : Visits=0 : Children=0
----EvaluationQueue----
avg batch size = 7.992397
network   = 583.592065s : 19335 : 30.183194 ms
pack      = 0.046875s : 19335 : 2.424360 us
unpack    = 0.171871s : 19335 : 8.889098 us

----SearchStats----
nb_duplicate_nodes = 0
select     = 0.015624s : 3693 : 4.230719 us
expand     = 0.015624s : 3693 : 4.230719 us
vcf solver = 0.124987s : 3693 : 33.844205 us
backup     = 0.000000s : 3693 : 0.000000 us
evaluate   = 0.000000s : 352 : 0.000000 us
game rules = 0.000000s : 3693 : 0.000000 us

----TreeStats----
used nodes      = 66547
allocated nodes = 100000000
proven nodes    = 0 : 0 : 23 (win:draw:loss)
memory = 2MB
----CacheStats----
hit rate = 90.400000%
time_seek    = 0.000000s : 3693 : 0.000000 us
time_insert  = 0.000000s : 352 : 0.000000 us
time_cleanup = 0.000000s : 1 : 0.000000 us
entries = 3027 : 7513 : 10540 (stored:buffered:allocated)
memory = 33MB

Answered : MESSAGE depth 1-11 ev 1.6 n 3693 n/s 236020 tm 15 pv Xe4 Od8 Xd4 Oc4 Xd3 Of6 Xc9 Oe6 Xc2 Ob1
BEST
CIRCLE ( 5, 8) : U : Q=0.984633 : 0.000347 : 0.015020 : P=0.103251 : Visits=1963 : Children=30
CIRCLE ( 4, 8) : U : Q=0.986222 : 0.000364 : 0.013415 : P=0.065126 : Visits=1440 : Children=30
CIRCLE ( 4, 7) : U : Q=0.978242 : 0.000622 : 0.021136 : P=0.099757 : Visits=1049 : Children=30
CIRCLE ( 5, 9) : U : Q=0.986512 : 0.000385 : 0.013103 : P=0.036156 : Visits=891 : Children=30
CIRCLE ( 5, 7) : U : Q=0.982229 : 0.000456 : 0.017315 : P=0.058751 : Visits=859 : Children=30
CIRCLE ( 6, 9) : U : Q=0.984061 : 0.000300 : 0.015639 : P=0.048707 : Visits=823 : Children=30
CIRCLE ( 3, 8) : U : Q=0.983423 : 0.000392 : 0.016185 : P=0.043046 : Visits=794 : Children=30
CIRCLE ( 5,10) : U : Q=0.984938 : 0.000289 : 0.014773 : P=0.038810 : Visits=759 : Children=30
CIRCLE ( 6, 8) : U : Q=0.981086 : 0.000298 : 0.018616 : P=0.048710 : Visits=641 : Children=30
CIRCLE ( 6, 7) : U : Q=0.984497 : 0.000601 : 0.014902 : P=0.031735 : Visits=598 : Children=30
  X   _   _   _   _   _   _   _   _   _   _   _   _   _   _ 
  _   _   _   _   _   X   _   _   _   _   _   _   _   _   _ 
  _   _   _   _   _   _   _   _   _    7  _   _   _   _   _ 
  _   _   _   _   _    1   8  17  56  27  35  _   _   _   _ 
  _   _   _   _   _    6  31  74 102  O   32  21  _   _   _ 
  _   _   _   _   _    2  22  61 139  63  53  _   _   _   _ 
  _   _   _   _   _    1  13  42  45  58  15  _   _   _   _ 
  _   _   _   _   _   _    7   7  20  13   6  _   _   _   _ 
  _   _   _   _   _   _   _   _   _   _   _   _   _   _   _ 
  _   _   _   _   _   _   _   _   _   _   _   _   _   _   _ 
  _   _   _   _   _   _   _   _   _   _   _   _   _   _   _ 
  _   _   _   _   _   _   _   _   _   _   _   _   _   _   _ 
  _   _   _   _   _   _   _   _   _   _   _   _   _   _   _ 
  _   _   _   _   _   _   _   _   _   _   _   _   _   _   _ 
  _   _   _   _   _   _   _   _   _   _   _   _   _   _   _ 

CROSS  ( 0, 0) : U : Q=0.017691 : 0.000552 : 0.981757 : P=0.000000 : Visits=14070 : Children=30
CIRCLE ( 5, 8) : U : Q=0.984633 : 0.000347 : 0.015020 : P=0.103251 : Visits=1963 : Children=30
CROSS  ( 3, 3) : U : Q=0.021774 : 0.000318 : 0.977908 : P=0.337547 : Visits=856 : Children=30
CIRCLE ( 4, 8) : U : Q=0.976496 : 0.000225 : 0.023279 : P=0.243915 : Visits=218 : Children=30
CROSS  ( 2, 4) : U : Q=0.026495 : 0.000244 : 0.973261 : P=0.748851 : Visits=182 : Children=3
CIRCLE ( 4, 2) : U : Q=0.973199 : 0.000234 : 0.026567 : P=0.908029 : Visits=166 : Children=30
CROSS  ( 4, 4) : U : Q=0.035666 : 0.000269 : 0.964065 : P=0.545682 : Visits=105 : Children=30
CIRCLE ( 6, 7) : U : Q=0.955408 : 0.000258 : 0.044334 : P=0.294943 : Visits=32 : Children=6
CROSS  ( 7, 6) : U : Q=0.083070 : 0.000195 : 0.916734 : P=0.434664 : Visits=14 : Children=30
CIRCLE ( 3, 8) : U : Q=0.989964 : 0.000153 : 0.009883 : P=0.329556 : Visits=5 : Children=8
CROSS  ( 2, 2) : U : Q=0.016754 : 0.000272 : 0.982974 : P=0.380410 : Visits=2 : Children=1
CIRCLE ( 1, 1) : U : Q=0.995055 : 0.000090 : 0.004856 : P=1.000000 : Visits=1 : Children=8
CROSS  ( 6, 8) : U : Q=0.000000 : 0.000000 : 0.000000 : P=0.464929 : Visits=0 : Children=0
----EvaluationQueue----
avg batch size = 7.992473
network   = 618.028486s : 20459 : 30.208147 ms
pack      = 0.078125s : 20459 : 3.818636 us
unpack    = 0.171871s : 20459 : 8.400738 us

----SearchStats----
nb_duplicate_nodes = 1
select     = 0.000000s : 14071 : 0.000000 us
expand     = 0.093753s : 14070 : 6.663299 us
vcf solver = 0.703178s : 14070 : 49.977126 us
backup     = 0.000000s : 14070 : 0.000000 us
evaluate   = 0.000000s : 8985 : 0.000000 us
game rules = 0.000000s : 14071 : 0.000000 us

----TreeStats----
used nodes      = 271849
allocated nodes = 100000000
proven nodes    = 0 : 0 : 6 (win:draw:loss)
memory = 8MB
----CacheStats----
hit rate = 36.100000%
time_seek    = 0.000000s : 14070 : 0.000000 us
time_insert  = 0.031249s : 8985 : 3.477939 us
time_cleanup = 0.015627s : 1 : 15.627384 ms
entries = 9149 : 1391 : 10540 (stored:buffered:allocated)
memory = 37MB

Answered : MESSAGE depth 1-13 ev 98.2 n 14070 n/s 394 tm 35623 pv Of8 Xd3 Oe8 Xc4 Oe2 Xe4 Og7 Xh6 Od8 Xc2 Ob1 Xg8
Answered : 8,5
Received : RESTART
