Compiled on May 17 2021 at 21:00:40
Launched in Engine\
Answered : MESSAGE Detected following devices
Answered : MESSAGE CPU : GenuineIntel : 8 x AVX with 6091MB of memory
Answered : OK
Received : INFO max_memory 5368709120
Received : INFO timeout_match 900000
Received : INFO timeout_turn 900000
Received : INFO game_type 1
Received : INFO rule 1
Received : INFO time_left 900000
Received : BOARD
Received : 0,0,2
Received : 5,6,1
Received : 2,0,2
Received : DONE
BEST
CROSS  ( 5, 5) : U : Q=0.003320 : 0.000495 : 0.996186 : P=0.076824 : Visits=80 : Children=30
CROSS  ( 4, 4) : U : Q=0.003274 : 0.000424 : 0.996303 : P=0.057811 : Visits=60 : Children=30
CROSS  ( 3, 5) : U : Q=0.003726 : 0.000479 : 0.995794 : P=0.052158 : Visits=55 : Children=30
CROSS  ( 4, 6) : U : Q=0.003101 : 0.000473 : 0.996427 : P=0.040339 : Visits=42 : Children=30
CROSS  ( 7, 5) : U : Q=0.004143 : 0.000512 : 0.995346 : P=0.037770 : Visits=40 : Children=30
CROSS  ( 6, 6) : U : Q=0.003540 : 0.000468 : 0.995992 : P=0.036485 : Visits=38 : Children=30
CROSS  ( 3, 4) : U : Q=0.003848 : 0.000472 : 0.995679 : P=0.034430 : Visits=36 : Children=30
CROSS  ( 7, 7) : U : Q=0.005172 : 0.000387 : 0.994441 : P=0.030832 : Visits=34 : Children=30
CROSS  ( 5, 7) : U : Q=0.004091 : 0.000393 : 0.995516 : P=0.032374 : Visits=34 : Children=30
CROSS  ( 4, 3) : U : Q=0.004006 : 0.000400 : 0.995594 : P=0.031860 : Visits=34 : Children=30
  X   X   _   _   _   _   _   _   _   _   _   _   _   _   _ 
  _   _   _   _   _   _   _   _   _   _   _   _   _   _   _ 
  _   _   _   _   27  _   28  _   _   _   _   _   _   _   _ 
  _   _   _   31  33  51  30  28  _   _   _   _   _   _   _ 
  _   _   _   32  56  O   39  30  29  _   _   _   _   _   _ 
  _   _   _   26  _   75  28  32  _   _   _   _   _   _   _ 
  _   _   _   _   32  O   35  30  28  _   _   _   _   _   _ 
  _   _   _   _   _   37  29  32  _   27  _   _   _   _   _ 
  _   _   _   _   25  26  30  27  28  27  _   _   _   _   _ 
  _   _   _   _   _   _   _   _   _   _   _   _   _   _   _ 
  _   _   _   _   _   _   _   _   _   _   _   _   _   _   _ 
  _   _   _   _   _   _   _   _   _   _   _   _   _   _   _ 
  _   _   _   _   _   _   _   _   _   _   _   _   _   _   _ 
  _   _   _   _   _   _   _   _   _   _   _   _   _   _   _ 
  _   _   _   _   _   _   _   _   _   _   _   _   _   _   _ 

CIRCLE ( 0, 0) : U : Q=0.995414 : 0.000426 : 0.004160 : P=0.000000 : Visits=1060 : Children=30
CROSS  ( 5, 5) : U : Q=0.003320 : 0.000495 : 0.996186 : P=0.076824 : Visits=80 : Children=30
CIRCLE ( 5, 4) : U : Q=0.997248 : 0.000413 : 0.002339 : P=0.219175 : Visits=20 : Children=30
CROSS  ( 6, 3) : U : Q=0.001807 : 0.000264 : 0.997929 : P=0.160411 : Visits=4 : Children=30
CIRCLE ( 4, 3) : U : Q=0.997762 : 0.000259 : 0.001980 : P=0.447112 : Visits=3 : Children=4
CROSS  ( 7, 6) : U : Q=0.001329 : 0.000150 : 0.998521 : P=0.775822 : Visits=2 : Children=30
CIRCLE ( 4, 4) : U : Q=0.997929 : 0.000203 : 0.001867 : P=0.697391 : Visits=1 : Children=6
CROSS  ( 4, 6) : U : Q=0.000000 : 0.000000 : 0.000000 : P=0.736165 : Visits=0 : Children=0
----EvaluationQueue----
avg batch size = 7.992387
network   = 3075.357260s : 97328 : 31.597868 ms
pack      = 0.765635s : 97328 : 7.866547 us
unpack    = 0.640622s : 97328 : 6.582095 us

----SearchStats----
nb_duplicate_nodes = 0
select     = 0.000000s : 1060 : 0.000000 us
expand     = 0.000000s : 1060 : 0.000000 us
vcf solver = 0.046875s : 1060 : 44.222148 us
backup     = 0.000000s : 1060 : 0.000000 us
evaluate   = 0.000000s : 352 : 0.000000 us
game rules = 0.000000s : 1060 : 0.000000 us

----TreeStats----
used nodes      = 30443
allocated nodes = 100000000
proven nodes    = 0 : 0 : 5 (win:draw:loss)
memory = 0MB
----CacheStats----
hit rate = 66.700000%
time_seek    = 0.000000s : 1060 : 0.000000 us
time_insert  = 0.000000s : 352 : 0.000000 us
time_cleanup = 0.015625s : 1 : 15.625238 ms
entries = 1318 : 27991 : 29309 (stored:buffered:allocated)
memory = 32MB

Answered : MESSAGE depth 1-8 ev 0.4 n 1060 n/s 67518 tm 15 pv Xf5 Of4 Xg3 Oe3 Xh6 Oe4 Xe6
BEST
CIRCLE ( 4, 5) : U : Q=0.994769 : 0.000485 : 0.004746 : P=0.064875 : Visits=704 : Children=30
CIRCLE ( 7, 4) : U : Q=0.994596 : 0.000382 : 0.005022 : P=0.046109 : Visits=491 : Children=30
CIRCLE ( 4, 6) : U : Q=0.995795 : 0.000417 : 0.003787 : P=0.040861 : Visits=489 : Children=30
CIRCLE ( 5, 7) : U : Q=0.994890 : 0.000402 : 0.004708 : P=0.044246 : Visits=484 : Children=30
CIRCLE ( 7, 7) : U : Q=0.993999 : 0.000409 : 0.005592 : P=0.040075 : Visits=405 : Children=30
CIRCLE ( 4, 7) : U : Q=0.991757 : 0.000604 : 0.007639 : P=0.044064 : Visits=384 : Children=30
CIRCLE ( 7, 8) : U : Q=0.995004 : 0.000428 : 0.004569 : P=0.034063 : Visits=378 : Children=30
CIRCLE ( 8, 5) : U : Q=0.991456 : 0.000489 : 0.008056 : P=0.045325 : Visits=377 : Children=30
CIRCLE ( 5, 4) : U : Q=0.990440 : 0.000505 : 0.009055 : P=0.047685 : Visits=370 : Children=30
CIRCLE ( 7, 6) : U : Q=0.987403 : 0.000551 : 0.012046 : P=0.056649 : Visits=367 : Children=30
  X   _   X   _   _   _   _   _   _   _   _   _   _   _   _ 
  _   _   _   _   _   _   _   _   _   _   _   _   _   _   _ 
  _   _   _   _   _   _   _   _   _   _   _   _   _   _   _ 
  _   _   _   _   _   _   _   _   _   _   _   _   _   _   _ 
  _   _   _   16  24  79  55  43  21  _   _   _   _   _   _ 
  _   _   _   _   41  27  39  54  24  _   _   _   _   _   _ 
  _   _   _   16  26  O   24  21  30  _   _   _   _   _   _ 
  _   _   _   19  55  38  41  45  42  _   _   _   _   _   _ 
  _   _   _   _   26  42  40  24  16  _   _   _   _   _   _ 
  _   _   _   _   _   21  17  19  _   _   _   _   _   _   _ 
  _   _   _   _   _   _   _   _   _   _   _   _   _   _   _ 
  _   _   _   _   _   _   _   _   _   _   _   _   _   _   _ 
  _   _   _   _   _   _   _   _   _   _   _   _   _   _   _ 
  _   _   _   _   _   _   _   _   _   _   _   _   _   _   _ 
  _   _   _   _   _   _   _   _   _   _   _   _   _   _   _ 

CROSS  ( 0, 0) : U : Q=0.007433 : 0.000486 : 0.992082 : P=0.000000 : Visits=8885 : Children=30
CIRCLE ( 4, 5) : U : Q=0.994769 : 0.000485 : 0.004746 : P=0.064875 : Visits=704 : Children=30
CROSS  ( 0, 4) : U : Q=0.003224 : 0.000489 : 0.996287 : P=0.053613 : Visits=37 : Children=30
CIRCLE ( 0, 3) : U : Q=0.997726 : 0.000409 : 0.001866 : P=0.380405 : Visits=18 : Children=30
CROSS  ( 3, 5) : U : Q=0.002671 : 0.000652 : 0.996677 : P=0.059291 : Visits=1 : Children=30
CIRCLE ( 5, 4) : U : Q=0.000000 : 0.000000 : 0.000000 : P=0.213743 : Visits=0 : Children=0
----EvaluationQueue----
avg batch size = 7.992394
network   = 3110.309374s : 98343 : 31.627156 ms
pack      = 0.765635s : 98343 : 7.785356 us
unpack    = 0.640622s : 98343 : 6.514161 us

----SearchStats----
nb_duplicate_nodes = 1
select     = 0.062499s : 8886 : 7.033402 us
expand     = 0.015628s : 8885 : 1.758958 us
vcf solver = 0.156250s : 8885 : 17.585872 us
backup     = 0.000000s : 8885 : 0.000000 us
evaluate   = 0.000000s : 8113 : 0.000000 us
game rules = 0.000000s : 8886 : 0.000000 us

----TreeStats----
used nodes      = 253795
allocated nodes = 100000000
proven nodes    = 0 : 0 : 5 (win:draw:loss)
memory = 7MB
----CacheStats----
hit rate = 8.600000%
time_seek    = 0.000000s : 8885 : 0.000000 us
time_insert  = 0.000000s : 8113 : 0.000000 us
time_cleanup = 0.000000s : 1 : 0.000000 us
entries = 8186 : 21123 : 29309 (stored:buffered:allocated)
memory = 36MB

Answered : MESSAGE depth 1-6 ev 99.2 n 8885 n/s 249 tm 35623 pv Oe5 Xa4 Oa3 Xd5 Of4
Answered : 5,4
Received : RESTART
