Compiled on May 17 2021 at 21:00:40
Launched in Engine\
Received : INFO max_memory 7516192768
Received : INFO timeout_match 900000
Received : INFO timeout_turn 900000
Received : INFO game_type 1
Received : INFO rule 1
Received : INFO time_left 900000
Received : BOARD
Received : 0,0,2
Received : 6,4,1
Received : 2,0,2
Received : DONE
BEST
CROSS  ( 0, 2) : U : Q=0.022944 : 0.000790 : 0.976266 : P=0.069923 : Visits=178 : Children=30
CROSS  ( 0, 3) : U : Q=0.030655 : 0.000956 : 0.968388 : P=0.028278 : Visits=126 : Children=30
CROSS  ( 4, 4) : U : Q=0.003331 : 0.000358 : 0.996312 : P=0.040360 : Visits=49 : Children=30
CROSS  ( 7, 6) : U : Q=0.003646 : 0.000420 : 0.995934 : P=0.038046 : Visits=47 : Children=30
CROSS  ( 5, 6) : U : Q=0.003423 : 0.000465 : 0.996112 : P=0.038817 : Visits=47 : Children=30
CROSS  ( 5, 4) : U : Q=0.003934 : 0.000367 : 0.995700 : P=0.037275 : Visits=46 : Children=30
CROSS  ( 2, 5) : U : Q=0.003848 : 0.000349 : 0.995803 : P=0.036761 : Visits=45 : Children=30
CROSS  ( 4, 5) : U : Q=0.003404 : 0.000391 : 0.996205 : P=0.037275 : Visits=45 : Children=30
CROSS  ( 3, 4) : U : Q=0.003432 : 0.000304 : 0.996263 : P=0.035476 : Visits=43 : Children=30
CROSS  ( 6, 4) : U : Q=0.003969 : 0.000359 : 0.995672 : P=0.033676 : Visits=42 : Children=30
  X   X  125  88  26  _   _   _   _   _   _   _   _   _   _ 
  _   24  _   24  _   _   _   _   _   _   _   _   _   _   _ 
  _   _   _   28  28  31  26  26  _   _   _   _   _   _   _ 
  _   _   _   28  30  27  25  _   _   _   _   _   _   _   _ 
  _   _   _   27  34  31  O   _   _   _   _   _   _   _   _ 
  _   _   _   25  32  _   33  _   _   _   _   _   _   _   _ 
  _   _   _   27  29  26  O   23  _   _   _   _   _   _   _ 
  _   _   _   _   28  _   33  25  28  _   _   _   _   _   _ 
  _   _   _   _   _   _   _   26  24  _   _   _   _   _   _ 
  _   _   _   _   _   _   _   _   _   _   _   _   _   _   _ 
  _   _   _   _   _   _   _   _   _   _   _   _   _   _   _ 
  _   _   _   _   _   _   _   _   _   _   _   _   _   _   _ 
  _   _   _   _   _   _   _   _   _   _   _   _   _   _   _ 
  _   _   _   _   _   _   _   _   _   _   _   _   _   _   _ 
  _   _   _   _   _   _   _   _   _   _   _   _   _   _   _ 

CIRCLE ( 0, 0) : U : Q=0.990679 : 0.000489 : 0.008832 : P=0.000000 : Visits=1424 : Children=30
CROSS  ( 0, 2) : U : Q=0.022944 : 0.000790 : 0.976266 : P=0.069923 : Visits=178 : Children=30
CIRCLE ( 0, 3) : U : Q=0.996950 : 0.000295 : 0.002756 : P=0.261015 : Visits=62 : Children=30
CROSS  ( 5, 6) : U : Q=0.002997 : 0.000487 : 0.996516 : P=0.047248 : Visits=3 : Children=30
CIRCLE ( 5, 7) : U : Q=0.996133 : 0.000409 : 0.003458 : P=0.182611 : Visits=1 : Children=30
CROSS  ( 6, 8) : U : Q=0.000000 : 0.000000 : 0.000000 : P=0.110900 : Visits=0 : Children=0
----EvaluationQueue----
avg batch size = 7.993620
network   = 181.400919s : 6583 : 27.555965 ms
pack      = 0.031245s : 6583 : 4.746279 us
unpack    = 0.078124s : 6583 : 11.867581 us

----SearchStats----
nb_duplicate_nodes = 0
select     = 0.000000s : 1424 : 0.000000 us
expand     = 0.000000s : 1424 : 0.000000 us
vcf solver = 0.015621s : 1424 : 10.969766 us
backup     = 0.000000s : 1424 : 0.000000 us
evaluate   = 0.000000s : 368 : 0.000000 us
game rules = 0.000000s : 1424 : 0.000000 us

----TreeStats----
used nodes      = 39207
allocated nodes = 100000000
proven nodes    = 0 : 0 : 0 (win:draw:loss)
memory = 1MB
----CacheStats----
hit rate = 74.100000%
time_seek    = 0.000000s : 1424 : 0.000000 us
time_insert  = 0.000000s : 368 : 0.000000 us
time_cleanup = 0.015626s : 1 : 15.626431 ms
entries = 1736 : 8699 : 10435 (stored:buffered:allocated)
memory = 32MB

Answered : MESSAGE depth 1-6 ev 0.9 n 1424 n/s 91134 tm 15 pv Xa2 Oa3 Xf6 Of7 Xg8
BEST
CIRCLE ( 6, 6) : U : Q=0.995547 : 0.000404 : 0.004049 : P=0.099300 : Visits=1423 : Children=30
CIRCLE ( 5, 7) : U : Q=0.990023 : 0.000490 : 0.009488 : P=0.125404 : Visits=1150 : Children=30
CIRCLE ( 6, 5) : U : Q=0.995790 : 0.000447 : 0.003763 : P=0.075294 : Visits=1136 : Children=30
CIRCLE ( 7, 5) : U : Q=0.993727 : 0.000509 : 0.005764 : P=0.070206 : Visits=893 : Children=30
CIRCLE ( 6, 7) : U : Q=0.993005 : 0.000495 : 0.006500 : P=0.069057 : Visits=830 : Children=30
CIRCLE ( 4, 8) : U : Q=0.993899 : 0.000443 : 0.005657 : P=0.044011 : Visits=570 : Children=30
CIRCLE ( 5, 6) : U : Q=0.993010 : 0.000536 : 0.006454 : P=0.043648 : Visits=522 : Children=30
CIRCLE ( 5, 5) : U : Q=0.984153 : 0.000596 : 0.015252 : P=0.069508 : Visits=465 : Children=30
CIRCLE ( 7, 7) : U : Q=0.989880 : 0.000603 : 0.009516 : P=0.043688 : Visits=407 : Children=30
CIRCLE ( 5, 8) : U : Q=0.989745 : 0.000385 : 0.009871 : P=0.036035 : Visits=351 : Children=30
  X   _   X   _   _   _   _   _   _   _   _   _   _   _   _ 
  _   _   _   _   _   _   _   _   _   _   _   _   _   _   _ 
  _   _   _   _   _   _    5  _   _   _   _   _   _   _   _ 
  _   _   _   _   _   14  19  19   7  _   _   _   _   _   _ 
  _   _   _   _   22  23  O   23  52  10  _   _   _   _   _ 
  _   _   _   _   15  42  47 105  32  15  _   _   _   _   _ 
  _   _   _   _   22 104 130  76  30   5  _   _   _   _   _ 
  _   _   _   _    9  81  12  37  15   9  _   _   _   _   _ 
  _   _   _   _   _   _    4   4  _   _   _   _   _   _   _ 
  _   _   _   _   _   _   _   _   _   _   _   _   _   _   _ 
  _   _   _   _   _   _   _   _   _   _   _   _   _   _   _ 
  _   _   _   _   _   _   _   _   _   _   _   _   _   _   _ 
  _   _   _   _   _   _   _   _   _   _   _   _   _   _   _ 
  _   _   _   _   _   _   _   _   _   _   _   _   _   _   _ 
  _   _   _   _   _   _   _   _   _   _   _   _   _   _   _ 

CROSS  ( 0, 0) : U : Q=0.007471 : 0.000506 : 0.992024 : P=0.000000 : Visits=10920 : Children=30
CIRCLE ( 6, 6) : U : Q=0.995547 : 0.000404 : 0.004049 : P=0.099300 : Visits=1423 : Children=30
CROSS  ( 3, 6) : U : Q=0.004493 : 0.000519 : 0.994989 : P=0.048066 : Visits=70 : Children=30
CIRCLE ( 5, 5) : U : Q=0.995789 : 0.000446 : 0.003764 : P=0.194400 : Visits=15 : Children=30
CROSS  ( 3, 7) : U : Q=0.004538 : 0.000418 : 0.995044 : P=0.149498 : Visits=3 : Children=30
CIRCLE ( 4, 4) : U : Q=0.996607 : 0.000349 : 0.003043 : P=0.452173 : Visits=1 : Children=4
CROSS  ( 3, 3) : U : Q=0.000000 : 0.000000 : 0.000000 : P=0.532415 : Visits=0 : Children=0
----EvaluationQueue----
avg batch size = 7.993738
network   = 215.634306s : 7825 : 27.557100 ms
pack      = 0.046868s : 7825 : 5.989501 us
unpack    = 0.078124s : 7825 : 9.983934 us

----SearchStats----
nb_duplicate_nodes = 1
select     = 0.031250s : 10921 : 2.861438 us
expand     = 0.031251s : 10920 : 2.861809 us
vcf solver = 0.265618s : 10920 : 24.324022 us
backup     = 0.000000s : 10920 : 0.000000 us
evaluate   = 0.000000s : 9929 : 0.000000 us
game rules = 0.000000s : 10921 : 0.000000 us

----TreeStats----
used nodes      = 310371
allocated nodes = 100000000
proven nodes    = 0 : 0 : 0 (win:draw:loss)
memory = 9MB
----CacheStats----
hit rate = 9.000000%
time_seek    = 0.000000s : 10920 : 0.000000 us
time_insert  = 0.000000s : 9929 : 0.000000 us
time_cleanup = 0.015622s : 1 : 15.622139 ms
entries = 10157 : 278 : 10435 (stored:buffered:allocated)
memory = 37MB

Answered : MESSAGE depth 1-7 ev 99.2 n 10920 n/s 306 tm 35608 pv Og6 Xd6 Of5 Xd7 Oe4 Xd3
Answered : 6,6
Received : RESTART
