Compiled on May 17 2021 at 21:00:40
Launched in Engine\
Received : INFO max_memory 5368709120
Received : INFO timeout_match 900000
Received : INFO timeout_turn 900000
Received : INFO game_type 1
Received : INFO rule 1
Received : INFO time_left 900000
Received : BOARD
Received : 0,0,2
Received : 4,6,1
Received : 1,3,2
Received : DONE
BEST
CROSS  ( 4, 0) : U : Q=0.040699 : 0.001245 : 0.958056 : P=0.025717 : Visits=151 : Children=30
CROSS  ( 6, 3) : U : Q=0.004897 : 0.000637 : 0.994466 : P=0.105589 : Visits=100 : Children=30
CROSS  ( 6, 6) : U : Q=0.004505 : 0.000507 : 0.994989 : P=0.076162 : Visits=72 : Children=30
CROSS  ( 1, 0) : U : Q=0.023079 : 0.000958 : 0.975963 : P=0.030168 : Visits=50 : Children=30
CROSS  ( 4, 4) : U : Q=0.004257 : 0.000466 : 0.995278 : P=0.036103 : Visits=34 : Children=30
CROSS  ( 5, 3) : U : Q=0.005848 : 0.000695 : 0.993457 : P=0.034125 : Visits=33 : Children=30
CROSS  ( 8, 6) : U : Q=0.005098 : 0.000445 : 0.994457 : P=0.033383 : Visits=32 : Children=30
CROSS  ( 5, 4) : U : Q=0.004368 : 0.000548 : 0.995084 : P=0.034372 : Visits=32 : Children=30
CROSS  ( 2, 0) : U : Q=0.006647 : 0.000416 : 0.992937 : P=0.031405 : Visits=31 : Children=30
CROSS  ( 7, 7) : U : Q=0.004619 : 0.000378 : 0.995003 : P=0.033383 : Visits=31 : Children=30
  X   _   _   _   _   _   _   _   _   _   _   _   _   _   _ 
  45  _   _   _   _   _   _   _   _   _   _   _   _   _   _ 
  28  _   _   _   _   _   _   _   _   _   _   _   _   _   _ 
  X   _   _   _   _   _   _   _   _   _   _   _   _   _   _ 
 137  _   23  26  31  28  23  _   _   _   _   _   _   _   _ 
  _   _   26  30  29  21  _   23  _   _   _   _   _   _   _ 
  _   _   21  91  O   O   65  27  22  _   _   _   _   _   _ 
  _   _   25  _   22  25  23  28  22  _   _   _   _   _   _ 
  _   _   _   23  21  24  29  24  21  _   _   _   _   _   _ 
  _   _   _   _   _   _   _   _   _   _   _   _   _   _   _ 
  _   _   _   _   _   _   _   _   _   _   _   _   _   _   _ 
  _   _   _   _   _   _   _   _   _   _   _   _   _   _   _ 
  _   _   _   _   _   _   _   _   _   _   _   _   _   _   _ 
  _   _   _   _   _   _   _   _   _   _   _   _   _   _   _ 
  _   _   _   _   _   _   _   _   _   _   _   _   _   _   _ 

CIRCLE ( 0, 0) : U : Q=0.988581 : 0.000629 : 0.010791 : P=0.000000 : Visits=1096 : Children=30
CROSS  ( 4, 0) : U : Q=0.040699 : 0.001245 : 0.958056 : P=0.025717 : Visits=151 : Children=30
CIRCLE ( 2, 0) : U : Q=0.997178 : 0.000352 : 0.002470 : P=0.180888 : Visits=44 : Children=30
CROSS  ( 6, 3) : U : Q=0.004067 : 0.000571 : 0.995362 : P=0.053786 : Visits=3 : Children=30
CIRCLE ( 5, 5) : U : Q=0.994688 : 0.000593 : 0.004719 : P=0.157497 : Visits=1 : Children=30
CROSS  ( 7, 3) : U : Q=0.000000 : 0.000000 : 0.000000 : P=0.414740 : Visits=0 : Children=0
----EvaluationQueue----
avg batch size = 7.992366
network   = 3002.453125s : 95235 : 31.526782 ms
pack      = 0.750012s : 95235 : 7.875379 us
unpack    = 0.624996s : 95235 : 6.562676 us

----SearchStats----
nb_duplicate_nodes = 0
select     = 0.000000s : 1096 : 0.000000 us
expand     = 0.000000s : 1096 : 0.000000 us
vcf solver = 0.078117s : 1096 : 71.274538 us
backup     = 0.000000s : 1096 : 0.000000 us
evaluate   = 0.000000s : 360 : 0.000000 us
game rules = 0.000000s : 1096 : 0.000000 us

----TreeStats----
used nodes      = 29402
allocated nodes = 100000000
proven nodes    = 0 : 0 : 5 (win:draw:loss)
memory = 0MB
----CacheStats----
hit rate = 67.100000%
time_seek    = 0.000000s : 1096 : 0.000000 us
time_insert  = 0.000000s : 360 : 0.000000 us
time_cleanup = 0.015622s : 1 : 15.621662 ms
entries = 1437 : 27872 : 29309 (stored:buffered:allocated)
memory = 32MB

Answered : MESSAGE depth 1-6 ev 1.1 n 1096 n/s 35071 tm 31 pv Xe0 Oc0 Xg3 Of5 Xh3
BEST
CIRCLE ( 5, 5) : U : Q=0.994778 : 0.000492 : 0.004729 : P=0.063934 : Visits=768 : Children=30
CIRCLE ( 5, 6) : U : Q=0.994363 : 0.000553 : 0.005083 : P=0.057210 : Visits=662 : Children=30
CIRCLE ( 4, 4) : U : Q=0.993217 : 0.000873 : 0.005910 : P=0.061574 : Visits=650 : Children=30
CIRCLE ( 7, 5) : U : Q=0.994170 : 0.000421 : 0.005409 : P=0.056035 : Visits=632 : Children=30
CIRCLE ( 6, 6) : U : Q=0.992422 : 0.000587 : 0.006991 : P=0.063149 : Visits=616 : Children=30
CIRCLE ( 4, 5) : U : Q=0.994380 : 0.000657 : 0.004963 : P=0.048269 : Visits=562 : Children=30
CIRCLE ( 6, 3) : U : Q=0.994251 : 0.000595 : 0.005154 : P=0.047938 : Visits=550 : Children=30
CIRCLE ( 6, 5) : U : Q=0.993194 : 0.000572 : 0.006234 : P=0.047151 : Visits=493 : Children=30
CIRCLE ( 7, 4) : U : Q=0.992381 : 0.000509 : 0.007110 : P=0.043929 : Visits=426 : Children=30
CIRCLE ( 8, 4) : U : Q=0.991494 : 0.000530 : 0.007976 : P=0.046230 : Visits=420 : Children=30
  X   _   _   _   _   _   _   _   _   _   _   _   _   _   _ 
  _   _   _   _   _   _   _   _   _   _   _   _   _   _   _ 
  _   _   _   _   _   _   _   _   _   _   _   _   _   _   _ 
  _   X   _   _   10  _   _   _   _   _   _   _   _   _   _ 
  _   _   _   12  70  60  31   8  _   _   _   _   _   _   _ 
  _   _   _   30  26  83  71  35  _   _   _   _   _   _   _ 
  _   _   12  59  O   53  66  35  _   _   _   _   _   _   _ 
  _   _   _   37  46  68  28  13  _   _   _   _   _   _   _ 
  _   _   _   10  45  21  14   5  _   _   _   _   _   _   _ 
  _   _   _   _   14  10   4   6  _   _   _   _   _   _   _ 
  _   _   _   _   _   _   _   _   _   _   _   _   _   _   _ 
  _   _   _   _   _   _   _   _   _   _   _   _   _   _   _ 
  _   _   _   _   _   _   _   _   _   _   _   _   _   _   _ 
  _   _   _   _   _   _   _   _   _   _   _   _   _   _   _ 
  _   _   _   _   _   _   _   _   _   _   _   _   _   _   _ 

CROSS  ( 0, 0) : U : Q=0.007662 : 0.000680 : 0.991656 : P=0.000000 : Visits=9230 : Children=30
CIRCLE ( 5, 5) : U : Q=0.994778 : 0.000492 : 0.004729 : P=0.063934 : Visits=768 : Children=30
CROSS  ( 4, 6) : U : Q=0.004322 : 0.000521 : 0.995156 : P=0.066660 : Visits=51 : Children=30
CIRCLE ( 5, 4) : U : Q=0.996012 : 0.000396 : 0.003592 : P=0.141963 : Visits=8 : Children=30
CROSS  ( 5, 6) : U : Q=0.005195 : 0.000536 : 0.994269 : P=0.255905 : Visits=3 : Children=30
CIRCLE ( 6, 6) : U : Q=0.993290 : 0.000504 : 0.006207 : P=0.264795 : Visits=1 : Children=30
CROSS  ( 4, 4) : U : Q=0.000000 : 0.000000 : 0.000000 : P=0.899292 : Visits=0 : Children=0
----EvaluationQueue----
avg batch size = 7.992371
network   = 3037.311487s : 96207 : 31.570587 ms
pack      = 0.765635s : 96207 : 7.958207 us
unpack    = 0.640622s : 96207 : 6.658789 us

----SearchStats----
nb_duplicate_nodes = 1
select     = 0.031251s : 9231 : 3.385487 us
expand     = 0.062492s : 9230 : 6.770571 us
vcf solver = 0.234382s : 9230 : 25.393516 us
backup     = 0.015624s : 9230 : 1.692772 us
evaluate   = 0.000000s : 7769 : 0.000000 us
game rules = 0.000000s : 9231 : 0.000000 us

----TreeStats----
used nodes      = 232581
allocated nodes = 100000000
proven nodes    = 0 : 0 : 5 (win:draw:loss)
memory = 7MB
----CacheStats----
hit rate = 15.800000%
time_seek    = 0.015622s : 9230 : 1.692539 us
time_insert  = 0.015627s : 7769 : 2.011413 us
time_cleanup = 0.000000s : 1 : 0.000000 us
entries = 7774 : 21535 : 29309 (stored:buffered:allocated)
memory = 36MB

Answered : MESSAGE depth 1-7 ev 99.1 n 9230 n/s 259 tm 35623 pv Of5 Xe6 Of4 Xf6 Og6 Xe4
Answered : 5,5
Received : RESTART
