Compiled on May 17 2021 at 21:00:40
Launched in Engine\
Answered : MESSAGE Detected following devices
Answered : MESSAGE CPU : GenuineIntel : 8 x AVX with 6091MB of memory
Answered : OK
Received : INFO max_memory 5368709120
Received : INFO timeout_match 900000
Received : INFO timeout_turn 900000
Received : INFO game_type 1
Received : INFO rule 1
Received : INFO time_left 900000
Received : BOARD
Received : 0,0,2
Received : 7,4,1
Received : 2,1,2
Received : DONE
BEST
CROSS  ( 4, 5) : U : Q=0.004045 : 0.000668 : 0.995286 : P=0.220369 : Visits=366 : Children=30
CROSS  ( 4, 6) : U : Q=0.004323 : 0.000729 : 0.994948 : P=0.069602 : Visits=116 : Children=30
CROSS  ( 5, 4) : U : Q=0.004465 : 0.000621 : 0.994913 : P=0.039360 : Visits=66 : Children=30
CROSS  ( 3, 4) : U : Q=0.003826 : 0.000484 : 0.995690 : P=0.036469 : Visits=60 : Children=30
CROSS  ( 4, 3) : U : Q=0.004029 : 0.000586 : 0.995385 : P=0.031799 : Visits=52 : Children=30
CROSS  ( 3, 3) : U : Q=0.004688 : 0.000542 : 0.994770 : P=0.027796 : Visits=47 : Children=30
CROSS  ( 4, 8) : U : Q=0.004547 : 0.000512 : 0.994941 : P=0.027129 : Visits=45 : Children=30
CROSS  ( 4, 2) : U : Q=0.003353 : 0.000399 : 0.996247 : P=0.027796 : Visits=44 : Children=30
CROSS  ( 3, 2) : U : Q=0.003933 : 0.000448 : 0.995620 : P=0.026684 : Visits=43 : Children=30
CROSS  ( 2, 1) : U : Q=0.004337 : 0.000576 : 0.995087 : P=0.025573 : Visits=42 : Children=30
  X   21  _   _   _   _   _   _   _   _   _   _   _   _   _ 
  23  X   23  _   24  21  _   _   _   _   _   _   _   _   _ 
  _   25  _   23  23  _   _   _   _   _   _   _   _   _   _ 
  _   _   26  28  36  21  25  23  _   23  _   _   _   _   _ 
  _   _   26  31  O  223  70  O   27  23  _   _   _   _   _ 
  _   _   23  _   40  23  21  22  23  _   _   _   _   _   _ 
  _   _   _   _   23  _   _   21  23  _   _   _   _   _   _ 
  _   _   _   _   _   _   _   _   _   _   _   _   _   _   _ 
  _   _   _   _   _   _   _   _   _   _   _   _   _   _   _ 
  _   _   _   _   _   _   _   _   _   _   _   _   _   _   _ 
  _   _   _   _   _   _   _   _   _   _   _   _   _   _   _ 
  _   _   _   _   _   _   _   _   _   _   _   _   _   _   _ 
  _   _   _   _   _   _   _   _   _   _   _   _   _   _   _ 
  _   _   _   _   _   _   _   _   _   _   _   _   _   _   _ 
  _   _   _   _   _   _   _   _   _   _   _   _   _   _   _ 

CIRCLE ( 0, 0) : U : Q=0.995458 : 0.000568 : 0.003973 : P=0.000000 : Visits=1639 : Children=30
CROSS  ( 4, 5) : U : Q=0.004045 : 0.000668 : 0.995286 : P=0.220369 : Visits=366 : Children=30
CIRCLE ( 5, 7) : U : Q=0.997274 : 0.000341 : 0.002385 : P=0.102077 : Visits=39 : Children=30
CROSS  ( 3, 7) : U : Q=0.003704 : 0.000502 : 0.995794 : P=0.088990 : Visits=4 : Children=30
CIRCLE ( 3, 5) : U : Q=0.995983 : 0.000561 : 0.003456 : P=0.138192 : Visits=1 : Children=30
CROSS  ( 2, 6) : U : Q=0.000000 : 0.000000 : 0.000000 : P=0.293461 : Visits=0 : Children=0
----EvaluationQueue----
avg batch size = 7.991836
network   = 257.789361s : 8574 : 30.066406 ms
pack      = 0.015624s : 8574 : 1.822287 us
unpack    = 0.109372s : 8574 : 12.756228 us

----SearchStats----
nb_duplicate_nodes = 1
select     = 0.015621s : 1640 : 9.525258 us
expand     = 0.015624s : 1639 : 9.532379 us
vcf solver = 0.031242s : 1639 : 19.061413 us
backup     = 0.000000s : 1639 : 0.000000 us
evaluate   = 0.000000s : 361 : 0.000000 us
game rules = 0.000000s : 1640 : 0.000000 us

----TreeStats----
used nodes      = 46175
allocated nodes = 100000000
proven nodes    = 0 : 0 : 0 (win:draw:loss)
memory = 1MB
----CacheStats----
hit rate = 77.900000%
time_seek    = 0.000000s : 1639 : 0.000000 us
time_insert  = 0.000000s : 361 : 0.000000 us
time_cleanup = 0.015625s : 1 : 15.624523 ms
entries = 1903 : 8637 : 10540 (stored:buffered:allocated)
memory = 33MB

Answered : MESSAGE depth 1-6 ev 0.4 n 1639 n/s 104742 tm 15 pv Xe5 Of7 Xd7 Od5 Xc6
BEST
CIRCLE ( 4, 5) : U : Q=0.991399 : 0.000628 : 0.007973 : P=0.078797 : Visits=829 : Children=30
CIRCLE ( 5, 8) : U : Q=0.992292 : 0.000474 : 0.007234 : P=0.061979 : Visits=697 : Children=30
CIRCLE ( 6, 7) : U : Q=0.992141 : 0.000450 : 0.007409 : P=0.058423 : Visits=649 : Children=30
CIRCLE ( 5, 6) : U : Q=0.993550 : 0.000443 : 0.006007 : P=0.051474 : Visits=648 : Children=30
CIRCLE ( 5, 4) : U : Q=0.993859 : 0.000684 : 0.005457 : P=0.046594 : Visits=612 : Children=30
CIRCLE ( 3, 6) : U : Q=0.994298 : 0.000445 : 0.005258 : P=0.043466 : Visits=590 : Children=30
CIRCLE ( 4, 6) : U : Q=0.993079 : 0.000531 : 0.006390 : P=0.048054 : Visits=581 : Children=30
CIRCLE ( 5, 5) : U : Q=0.995013 : 0.000487 : 0.004500 : P=0.037467 : Visits=551 : Children=30
CIRCLE ( 6, 6) : U : Q=0.993368 : 0.000501 : 0.006131 : P=0.040232 : Visits=502 : Children=30
CIRCLE ( 5, 7) : U : Q=0.992388 : 0.000487 : 0.007125 : P=0.042674 : Visits=484 : Children=30
  X   _   _   _   _   _   _   _   _   _   _   _   _   _   _ 
  _   _   X   _   _   _   _   _   _   _   _   _   _   _   _ 
  _   _   _   _   _   _   _   _   _   _   _   _   _   _   _ 
  _   _   _   _   12  29  53  22  32   8  _   _   _   _   _ 
  _   _   _   _   39  74  52  O   37  38  _   _   _   _   _ 
  _   _   _   _   55  49  58  43  62  25   5  _   _   _   _ 
  _   _   _   _   14  39  45  58  25  14  _   _   _   _   _ 
  _   _   _   _   17  16  23  24  13  _   _   _   _   _   _ 
  _   _   _   _   _   _   _    1  _   _   _   _   _   _   _ 
  _   _   _   _   _   _   _   _   _   _   _   _   _   _   _ 
  _   _   _   _   _   _   _   _   _   _   _   _   _   _   _ 
  _   _   _   _   _   _   _   _   _   _   _   _   _   _   _ 
  _   _   _   _   _   _   _   _   _   _   _   _   _   _   _ 
  _   _   _   _   _   _   _   _   _   _   _   _   _   _   _ 
  _   _   _   _   _   _   _   _   _   _   _   _   _   _   _ 

CROSS  ( 0, 0) : U : Q=0.007399 : 0.000570 : 0.992032 : P=0.000000 : Visits=11071 : Children=30
CIRCLE ( 4, 5) : U : Q=0.991399 : 0.000628 : 0.007973 : P=0.078797 : Visits=829 : Children=30
CROSS  ( 4, 4) : U : Q=0.016651 : 0.000955 : 0.982395 : P=0.179989 : Visits=192 : Children=30
CIRCLE ( 3, 6) : U : Q=0.978112 : 0.001019 : 0.020869 : P=0.207381 : Visits=40 : Children=30
CROSS  ( 5, 4) : U : Q=0.024723 : 0.001138 : 0.974139 : P=0.384695 : Visits=18 : Children=30
CIRCLE ( 3, 4) : U : Q=0.975842 : 0.000585 : 0.023573 : P=0.355065 : Visits=8 : Children=30
CROSS  ( 3, 3) : U : Q=0.030362 : 0.000688 : 0.968950 : P=0.602075 : Visits=6 : Children=30
CIRCLE ( 5, 6) : U : Q=0.972607 : 0.000891 : 0.026502 : P=0.414583 : Visits=3 : Children=5
CROSS  ( 2, 2) : U : Q=0.063330 : 0.002085 : 0.934585 : P=0.330051 : Visits=1 : Children=1
CIRCLE ( 1, 1) : U : Q=0.000000 : 0.000000 : 0.000000 : P=1.000000 : Visits=0 : Children=0
----EvaluationQueue----
avg batch size = 7.992076
network   = 292.694599s : 9717 : 30.121910 ms
pack      = 0.015624s : 9717 : 1.607933 us
unpack    = 0.109372s : 9717 : 11.255727 us

----SearchStats----
nb_duplicate_nodes = 1
select     = 0.093740s : 11072 : 8.466401 us
expand     = 0.062501s : 11071 : 5.645487 us
vcf solver = 0.187503s : 11071 : 16.936398 us
backup     = 0.015621s : 11071 : 1.411022 us
evaluate   = 0.000000s : 9137 : 0.000000 us
game rules = 0.000000s : 11072 : 0.000000 us

----TreeStats----
used nodes      = 282679
allocated nodes = 100000000
proven nodes    = 0 : 0 : 0 (win:draw:loss)
memory = 8MB
----CacheStats----
hit rate = 17.400000%
time_seek    = 0.015625s : 11071 : 1.411366 us
time_insert  = 0.000000s : 9137 : 0.000000 us
time_cleanup = 0.015624s : 1 : 15.623569 ms
entries = 9183 : 1357 : 10540 (stored:buffered:allocated)
memory = 37MB

Answered : MESSAGE depth 1-10 ev 99.2 n 11071 n/s 310 tm 35608 pv Oe5 Xe4 Od6 Xf4 Od4 Xd3 Of6 Xc2 Ob1
Answered : 5,4
Received : RESTART
