Compiled on May 17 2021 at 21:00:40
Launched in Engine\
Received : INFO max_memory 5368709120
Received : INFO timeout_match 900000
Received : INFO timeout_turn 900000
Received : INFO game_type 1
Received : INFO rule 1
Received : INFO time_left 900000
Received : BOARD
Received : 0,0,2
Received : 9,5,1
Received : 4,2,2
Received : DONE
BEST
CROSS  ( 3, 3) : U : Q=0.013221 : 0.000177 : 0.986602 : P=0.438489 : Visits=900 : Children=30
CROSS  ( 2, 4) : U : Q=0.012040 : 0.000219 : 0.987740 : P=0.089848 : Visits=177 : Children=30
CROSS  ( 4, 2) : U : Q=0.012293 : 0.000354 : 0.987353 : P=0.058670 : Visits=117 : Children=30
CROSS  ( 1, 4) : U : Q=0.013162 : 0.000468 : 0.986369 : P=0.039164 : Visits=81 : Children=30
CROSS  ( 1, 3) : U : Q=0.012411 : 0.000353 : 0.987236 : P=0.031946 : Visits=63 : Children=30
CROSS  ( 3, 5) : U : Q=0.009041 : 0.000277 : 0.990682 : P=0.024574 : Visits=43 : Children=30
CROSS  ( 4, 4) : U : Q=0.011260 : 0.000168 : 0.988571 : P=0.019813 : Visits=37 : Children=30
CROSS  ( 1, 6) : U : Q=0.012363 : 0.000402 : 0.987235 : P=0.016894 : Visits=33 : Children=30
CROSS  ( 4, 5) : U : Q=0.012239 : 0.000293 : 0.987467 : P=0.015512 : Visits=30 : Children=30
CROSS  ( 5, 1) : U : Q=0.007561 : 0.000179 : 0.992261 : P=0.018123 : Visits=30 : Children=30
  X   _   _   _   _   _   _   _   _   _   _   _   _   _   _ 
  _   _   _   33  42  X   17  13  _   _   _   _   _   _   _ 
  _   _   _   _   92  12  _   _   _   _   _   _   _   _   _ 
  _   _   _  471  10  22  _   _   _   _   _   _   _   _   _ 
  _    9  61  _   19  15   9  _   10  _   13   9  _   _   _ 
  _   15  _   _   _   _   _   _   _   O    9  _   _   _   _ 
  _   _   _   _   _   _   _   _   O   _    9  _   _   _   _ 
  _   _   _   _   _   _   _   11  _    8   9  _   _   _   _ 
  _   _   _   _   _   _   11   9  _    9  _    9  _   _   _ 
  _   _   _   _   _   _   _   _   _   _   10  10  _   _   _ 
  _   _   _   _   _   _   _   _   _   _   _   _   _   _   _ 
  _   _   _   _   _   _   _   _   _    9  _   _   _   _   _ 
  _   _   _   _   _   _   _   _   _   _   _   _   _   _   _ 
  _   _   _   _   _   _   _   _   _   _   _   _   _   _   _ 
  _   _   _   _   _   _   _   _   _   _   _   _   _   _   _ 

CIRCLE ( 0, 0) : U : Q=0.988359 : 0.000246 : 0.011396 : P=0.000000 : Visits=1909 : Children=30
CROSS  ( 3, 3) : U : Q=0.013221 : 0.000177 : 0.986602 : P=0.438489 : Visits=900 : Children=30
CIRCLE ( 5, 8) : U : Q=0.989909 : 0.000110 : 0.009980 : P=0.245941 : Visits=229 : Children=30
CROSS  ( 2, 4) : U : Q=0.010774 : 0.000120 : 0.989106 : P=0.686489 : Visits=162 : Children=3
CIRCLE ( 4, 2) : U : Q=0.990317 : 0.000103 : 0.009580 : P=0.928410 : Visits=152 : Children=30
CROSS  ( 4, 4) : U : Q=0.016802 : 0.000140 : 0.983059 : P=0.267243 : Visits=45 : Children=20
CIRCLE ( 4, 8) : U : Q=0.992055 : 0.000085 : 0.007860 : P=0.447923 : Visits=23 : Children=6
CROSS  ( 7, 8) : U : Q=0.009394 : 0.000086 : 0.990520 : P=0.327104 : Visits=8 : Children=30
CIRCLE ( 5, 7) : U : Q=0.985506 : 0.000085 : 0.014409 : P=0.316445 : Visits=3 : Children=8
CROSS  ( 2, 2) : U : Q=0.037025 : 0.000146 : 0.962829 : P=0.323648 : Visits=1 : Children=1
CIRCLE ( 1, 1) : U : Q=0.000000 : 0.000000 : 0.000000 : P=1.000000 : Visits=0 : Children=0
----EvaluationQueue----
avg batch size = 7.992498
network   = 2530.627931s : 81047 : 31.224202 ms
pack      = 0.625002s : 81047 : 7.711601 us
unpack    = 0.546870s : 81047 : 6.747569 us

----SearchStats----
nb_duplicate_nodes = 1
select     = 0.000000s : 1910 : 0.000000 us
expand     = 0.015624s : 1909 : 8.184539 us
vcf solver = 0.109377s : 1909 : 57.295519 us
backup     = 0.000000s : 1909 : 0.000000 us
evaluate   = 0.000000s : 321 : 0.000000 us
game rules = 0.000000s : 1910 : 0.000000 us

----TreeStats----
used nodes      = 36183
allocated nodes = 100000000
proven nodes    = 0 : 0 : 6 (win:draw:loss)
memory = 1MB
----CacheStats----
hit rate = 83.100000%
time_seek    = 0.000000s : 1909 : 0.000000 us
time_insert  = 0.000000s : 321 : 0.000000 us
time_cleanup = 0.000000s : 1 : 0.000000 us
entries = 2407 : 26902 : 29309 (stored:buffered:allocated)
memory = 33MB

Answered : MESSAGE depth 1-11 ev 1.1 n 1909 n/s 61044 tm 31 pv Xd3 Of8 Xc4 Oe2 Xe4 Oe8 Xh8 Of7 Xc2 Ob1
BEST
CIRCLE ( 6, 8) : U : Q=0.968274 : 0.000292 : 0.031435 : P=0.139466 : Visits=3718 : Children=30
CIRCLE ( 6, 9) : U : Q=0.970034 : 0.000290 : 0.029676 : P=0.065878 : Visits=2551 : Children=30
CIRCLE ( 6,10) : U : Q=0.970617 : 0.000293 : 0.029089 : P=0.039343 : Visits=1836 : Children=30
CIRCLE ( 7, 9) : U : Q=0.966476 : 0.000358 : 0.033166 : P=0.070658 : Visits=1392 : Children=30
CIRCLE ( 4, 8) : U : Q=0.962586 : 0.000449 : 0.036965 : P=0.076968 : Visits=992 : Children=30
CIRCLE ( 7, 8) : U : Q=0.962242 : 0.000382 : 0.037376 : P=0.047175 : Visits=625 : Children=30
CIRCLE ( 5, 8) : U : Q=0.958181 : 0.000491 : 0.041328 : P=0.059348 : Visits=611 : Children=30
CIRCLE ( 5, 7) : U : Q=0.926686 : 0.000842 : 0.072472 : P=0.108443 : Visits=340 : Children=30
CIRCLE ( 7, 7) : U : Q=0.954452 : 0.000735 : 0.044813 : P=0.039535 : Visits=311 : Children=30
CIRCLE ( 6, 7) : U : Q=0.946465 : 0.000639 : 0.052896 : P=0.037963 : Visits=215 : Children=30
  X   _   _   _   _   _   _   _   _   _   _   _   _   _   _ 
  _   _   _   _   _   _   _   _   _   _   _   _   _   _   _ 
  _   _   _   _   X   _   _   _   _   _   _   _   _   _   _ 
  _   _   _   _   _   _   _   _   _    3  _   _   _   _   _ 
  _   _   _   _    4  _    1   2  72  14  11  _   _   _   _ 
  _   _   _   _   _   _    3  24  44  O    7   1  _   _   _ 
  _   _   _   _   _   _    3  15 270 185 133   1  _   _   _ 
  _   _   _   _   _   _   _   22  45 101  14  _   _   _   _ 
  _   _   _   _   _   _   _    1   5   4  _   _   _   _   _ 
  _   _   _   _   _   _   _   _   _   _   _   _   _   _   _ 
  _   _   _   _   _   _   _   _   _   _   _   _   _   _   _ 
  _   _   _   _   _   _   _   _   _   _   _   _   _   _   _ 
  _   _   _   _   _   _   _   _   _   _   _   _   _   _   _ 
  _   _   _   _   _   _   _   _   _   _   _   _   _   _   _ 
  _   _   _   _   _   _   _   _   _   _   _   _   _   _   _ 

CROSS  ( 0, 0) : U : Q=0.036719 : 0.000473 : 0.962808 : P=0.000000 : Visits=13735 : Children=30
CIRCLE ( 6, 8) : U : Q=0.968274 : 0.000292 : 0.031435 : P=0.139466 : Visits=3718 : Children=30
CROSS  ( 4, 4) : U : Q=0.034007 : 0.000257 : 0.965737 : P=0.451292 : Visits=1959 : Children=30
CIRCLE ( 6, 9) : U : Q=0.972104 : 0.000168 : 0.027729 : P=0.209219 : Visits=497 : Children=30
CROSS  ( 3, 4) : U : Q=0.032046 : 0.000183 : 0.967771 : P=0.664519 : Visits=362 : Children=4
CIRCLE ( 5, 4) : U : Q=0.969112 : 0.000170 : 0.030719 : P=0.623556 : Visits=230 : Children=30
CROSS  ( 3, 3) : U : Q=0.030936 : 0.000165 : 0.968899 : P=0.353266 : Visits=87 : Children=30
CIRCLE ( 7, 9) : U : Q=0.979551 : 0.000090 : 0.020359 : P=0.440693 : Visits=42 : Children=8
CROSS  ( 4, 9) : U : Q=0.017492 : 0.000100 : 0.982408 : P=0.334861 : Visits=14 : Children=30
CIRCLE ( 7, 7) : U : Q=0.983418 : 0.000121 : 0.016461 : P=0.639290 : Visits=10 : Children=10
CROSS  ( 2, 2) : U : Q=0.025201 : 0.000199 : 0.974600 : P=0.327702 : Visits=3 : Children=1
CIRCLE ( 1, 1) : U : Q=0.966429 : 0.000238 : 0.033333 : P=1.000000 : Visits=2 : Children=10
CROSS  ( 6, 6) : U : Q=0.058138 : 0.000397 : 0.941465 : P=0.323608 : Visits=1 : Children=1
CIRCLE ( 5, 5) : U : Q=0.000000 : 0.000000 : 0.000000 : P=1.000000 : Visits=0 : Children=0
----EvaluationQueue----
avg batch size = 7.992504
network   = 2564.814372s : 82042 : 31.262212 ms
pack      = 0.640629s : 82042 : 7.808553 us
unpack    = 0.562499s : 82042 : 6.856233 us

----SearchStats----
nb_duplicate_nodes = 1
select     = 0.078123s : 13736 : 5.687488 us
expand     = 0.046875s : 13735 : 3.412831 us
vcf solver = 0.875034s : 13735 : 63.708308 us
backup     = 0.000000s : 13735 : 0.000000 us
evaluate   = 0.000000s : 7953 : 0.000000 us
game rules = 0.031253s : 13736 : 2.275252 us

----TreeStats----
used nodes      = 229072
allocated nodes = 100000000
proven nodes    = 0 : 0 : 11 (win:draw:loss)
memory = 6MB
----CacheStats----
hit rate = 42.000000%
time_seek    = 0.000000s : 13735 : 0.000000 us
time_insert  = 0.015626s : 7953 : 1.964787 us
time_cleanup = 0.015622s : 1 : 15.622139 ms
entries = 8731 : 20578 : 29309 (stored:buffered:allocated)
memory = 36MB

Answered : MESSAGE depth 1-14 ev 96.3 n 13735 n/s 385 tm 35623 pv Og8 Xe4 Og9 Xd4 Of4 Xd3 Oh9 Xe9 Oh7 Xc2 Ob1 Xg6 Of5
Answered : 8,6
Received : RESTART
