Compiled on May 17 2021 at 21:00:40
Launched in Engine\
Received : INFO max_memory 5368709120
Received : INFO timeout_match 900000
Received : INFO timeout_turn 900000
Received : INFO game_type 1
Received : INFO rule 1
Received : INFO time_left 900000
Received : BOARD
Received : 0,0,2
Received : 10,4,1
Received : 5,1,2
Received : DONE
BEST
CROSS  ( 3, 3) : U : Q=0.022727 : 0.000311 : 0.976963 : P=0.338240 : Visits=1291 : Children=30
CROSS  ( 4, 2) : U : Q=0.014927 : 0.000375 : 0.984699 : P=0.139758 : Visits=366 : Children=30
CROSS  ( 2, 4) : U : Q=0.015531 : 0.000348 : 0.984121 : P=0.039665 : Visits=107 : Children=30
CROSS  ( 1, 4) : U : Q=0.011383 : 0.000558 : 0.988059 : P=0.045398 : Visits=104 : Children=30
CROSS  ( 1, 3) : U : Q=0.010465 : 0.000483 : 0.989052 : P=0.035017 : Visits=78 : Children=30
CROSS  ( 6, 7) : U : Q=0.003621 : 0.000264 : 0.996115 : P=0.034862 : Visits=62 : Children=30
CROSS  ( 1, 6) : U : Q=0.008772 : 0.000588 : 0.990640 : P=0.027270 : Visits=57 : Children=30
CROSS  ( 4, 5) : U : Q=0.008469 : 0.000317 : 0.991214 : P=0.027425 : Visits=57 : Children=30
CROSS  ( 4, 4) : U : Q=0.009100 : 0.000183 : 0.990717 : P=0.026185 : Visits=55 : Children=30
CROSS  ( 3, 5) : U : Q=0.009770 : 0.000443 : 0.989787 : P=0.020762 : Visits=45 : Children=30
  X   _   _   _   _   _   _   _   _   _   _   _   _   _   _ 
   8  _    9  28  38  X   20  16   9  _   _   _   _   _   _ 
  _   _   _   _   39  13  _   _   _   _   _   _   _   _   _ 
  _   _   _  473  _   16   9  _    8   8  11  _   _   _   _ 
  _   _  134  _   20  20   8  _    8  O   _   _   _   _   _ 
  _   _   _    8  _   _    8  _   O   _   _   _   _   _   _ 
  _   _   _   _   _   _    8  22  _   _   _   _   _   _   _ 
  _   _   _   _   _   _    8   7   7  _   _   _   _   _   _ 
  _   _   _   _   _   _   _   _   _   _   _   _   _   _   _ 
  _   _   _   _   _   _    8   8   9  _   _   _   _   _   _ 
  _   _   _   _   _   _   _   _   _   _   _   _   _   _   _ 
  _   _   _   _   _   _   _   _   _   _   _   _   _   _   _ 
  _   _   _   _   _   _   _   _   _   _   _   _   _   _   _ 
  _   _   _   _   _   _   _   _   _   _   _   _   _   _   _ 
  _   _   _   _   _   _   _   _   _   _   _   _   _   _   _ 

CIRCLE ( 0, 0) : U : Q=0.983655 : 0.000341 : 0.016003 : P=0.000000 : Visits=2727 : Children=30
CROSS  ( 3, 3) : U : Q=0.022727 : 0.000311 : 0.976963 : P=0.338240 : Visits=1291 : Children=30
CIRCLE ( 4, 8) : U : Q=0.979571 : 0.000207 : 0.020222 : P=0.244106 : Visits=316 : Children=30
CROSS  ( 2, 4) : U : Q=0.023735 : 0.000231 : 0.976034 : P=0.749711 : Visits=250 : Children=3
CIRCLE ( 4, 2) : U : Q=0.977704 : 0.000213 : 0.022083 : P=0.908068 : Visits=231 : Children=30
CROSS  ( 4, 4) : U : Q=0.029915 : 0.000251 : 0.969835 : P=0.546367 : Visits=146 : Children=27
CIRCLE ( 6, 7) : U : Q=0.965672 : 0.000214 : 0.034114 : P=0.295233 : Visits=43 : Children=6
CROSS  ( 7, 6) : U : Q=0.057065 : 0.000162 : 0.942774 : P=0.434758 : Visits=21 : Children=22
CIRCLE ( 3, 8) : U : Q=0.992239 : 0.000126 : 0.007635 : P=0.330022 : Visits=8 : Children=8
CROSS  ( 2, 2) : U : Q=0.012401 : 0.000211 : 0.987389 : P=0.380574 : Visits=3 : Children=1
CIRCLE ( 1, 1) : U : Q=0.995637 : 0.000089 : 0.004274 : P=1.000000 : Visits=2 : Children=8
CROSS  ( 6, 8) : U : Q=0.003693 : 0.000088 : 0.996218 : P=0.464929 : Visits=1 : Children=30
CIRCLE ( 4, 7) : U : Q=0.000000 : 0.000000 : 0.000000 : P=0.241289 : Visits=0 : Children=0
----EvaluationQueue----
avg batch size = 7.992491
network   = 619.559698s : 20508 : 30.210635 ms
pack      = 0.078125s : 20508 : 3.809512 us
unpack    = 0.171871s : 20508 : 8.380666 us

----SearchStats----
nb_duplicate_nodes = 0
select     = 0.000000s : 2727 : 0.000000 us
expand     = 0.015614s : 2727 : 5.725805 us
vcf solver = 0.062498s : 2727 : 22.918172 us
backup     = 0.000000s : 2727 : 0.000000 us
evaluate   = 0.000000s : 392 : 0.000000 us
game rules = 0.000000s : 2727 : 0.000000 us

----TreeStats----
used nodes      = 49744
allocated nodes = 100000000
proven nodes    = 0 : 0 : 12 (win:draw:loss)
memory = 1MB
----CacheStats----
hit rate = 85.600000%
time_seek    = 0.000000s : 2727 : 0.000000 us
time_insert  = 0.000000s : 392 : 0.000000 us
time_cleanup = 0.000000s : 1 : 0.000000 us
entries = 2941 : 7599 : 10540 (stored:buffered:allocated)
memory = 33MB

Answered : MESSAGE depth 1-13 ev 1.6 n 2727 n/s 87207 tm 31 pv Xd3 Oe8 Xc4 Oe2 Xe4 Og7 Xh6 Od8 Xc2 Ob1 Xg8 Oe7
BEST
CIRCLE ( 4, 8) : U : Q=0.985522 : 0.000336 : 0.014142 : P=0.129932 : Visits=2664 : Children=30
CIRCLE ( 5, 9) : U : Q=0.985344 : 0.000301 : 0.014355 : P=0.093747 : Visits=1967 : Children=30
CIRCLE ( 4, 9) : U : Q=0.985953 : 0.000341 : 0.013706 : P=0.057377 : Visits=1354 : Children=30
CIRCLE ( 3, 9) : U : Q=0.987410 : 0.000320 : 0.012269 : P=0.036896 : Visits=1131 : Children=30
CIRCLE ( 5,10) : U : Q=0.983628 : 0.000256 : 0.016116 : P=0.052419 : Visits=906 : Children=30
CIRCLE ( 5, 8) : U : Q=0.984752 : 0.000277 : 0.014971 : P=0.045041 : Visits=878 : Children=30
CIRCLE ( 6, 8) : U : Q=0.983039 : 0.000391 : 0.016570 : P=0.045276 : Visits=739 : Children=30
CIRCLE ( 6,10) : U : Q=0.982408 : 0.000280 : 0.017312 : P=0.041150 : Visits=628 : Children=30
CIRCLE ( 6, 9) : U : Q=0.981634 : 0.000288 : 0.018079 : P=0.043776 : Visits=622 : Children=30
CIRCLE ( 5,11) : U : Q=0.981602 : 0.000380 : 0.018018 : P=0.026340 : Visits=383 : Children=30
  X   _   _   _   _   _   _   _   _   _   _   _   _   _   _ 
  _   _   _   _   _   X   _   _   _   _   _   _   _   _   _ 
  _   _   _   _   _   _   _   _   _   _    6  _   _   _   _ 
  _   _   _   _   _   _   _    3  17  77  21  12  _   _   _ 
  _   _   _   _    2   1  _   20 183  93  O   16   3  _   _ 
  _   _   _   _   _   _   _   25  60 135  62  26  _   _   _ 
  _   _   _   _   _   _    2  10  50  42  43  12  _   _   _ 
  _   _   _   _   _   _   _   15  11  20  19  _   _   _   _ 
  _   _   _   _   _   _   _   _   _   _   _   _   _   _   _ 
  _   _   _   _   _   _   _   _   _   _   _   _   _   _   _ 
  _   _   _   _   _   _   _   _   _   _   _   _   _   _   _ 
  _   _   _   _   _   _   _   _   _   _   _   _   _   _   _ 
  _   _   _   _   _   _   _   _   _   _   _   _   _   _   _ 
  _   _   _   _   _   _   _   _   _   _   _   _   _   _   _ 
  _   _   _   _   _   _   _   _   _   _   _   _   _   _   _ 

CROSS  ( 0, 0) : U : Q=0.017592 : 0.000414 : 0.981994 : P=0.000000 : Visits=14554 : Children=30
CIRCLE ( 4, 8) : U : Q=0.985522 : 0.000336 : 0.014142 : P=0.129932 : Visits=2664 : Children=30
CROSS  ( 3, 3) : U : Q=0.017896 : 0.000261 : 0.981842 : P=0.361524 : Visits=1149 : Children=30
CIRCLE ( 5, 9) : U : Q=0.987305 : 0.000140 : 0.012555 : P=0.215456 : Visits=284 : Children=30
CROSS  ( 2, 4) : U : Q=0.013604 : 0.000152 : 0.986244 : P=0.745838 : Visits=221 : Children=3
CIRCLE ( 4, 2) : U : Q=0.989198 : 0.000129 : 0.010673 : P=0.852978 : Visits=195 : Children=30
CROSS  ( 4, 4) : U : Q=0.011530 : 0.000126 : 0.988344 : P=0.662982 : Visits=142 : Children=30
CIRCLE ( 4, 9) : U : Q=0.992189 : 0.000095 : 0.007716 : P=0.378695 : Visits=58 : Children=6
CROSS  ( 4, 7) : U : Q=0.007219 : 0.000088 : 0.992693 : P=0.389837 : Visits=22 : Children=30
CIRCLE ( 3, 9) : U : Q=0.995524 : 0.000049 : 0.004426 : P=0.266180 : Visits=6 : Children=8
CROSS  ( 2, 2) : U : Q=0.004621 : 0.000039 : 0.995341 : P=0.416764 : Visits=3 : Children=1
CIRCLE ( 1, 1) : U : Q=0.997605 : 0.000042 : 0.002353 : P=1.000000 : Visits=2 : Children=8
CROSS  ( 6, 9) : U : Q=0.002420 : 0.000055 : 0.997524 : P=0.418725 : Visits=1 : Children=30
CIRCLE ( 3,11) : U : Q=0.000000 : 0.000000 : 0.000000 : P=0.253269 : Visits=0 : Children=0
----EvaluationQueue----
avg batch size = 7.992556
network   = 654.058631s : 21628 : 30.241291 ms
pack      = 0.109375s : 21628 : 5.057124 us
unpack    = 0.187495s : 21628 : 8.669086 us

----SearchStats----
nb_duplicate_nodes = 1
select     = 0.000000s : 14555 : 0.000000 us
expand     = 0.046872s : 14554 : 3.220567 us
vcf solver = 0.593799s : 14554 : 40.799736 us
backup     = 0.000000s : 14554 : 0.000000 us
evaluate   = 0.015624s : 8953 : 1.745119 us
game rules = 0.015623s : 14555 : 1.073383 us

----TreeStats----
used nodes      = 281736
allocated nodes = 100000000
proven nodes    = 0 : 0 : 2 (win:draw:loss)
memory = 8MB
----CacheStats----
hit rate = 38.400000%
time_seek    = 0.000000s : 14554 : 0.000000 us
time_insert  = 0.015630s : 8953 : 1.745811 us
time_cleanup = 0.015629s : 1 : 15.628815 ms
entries = 9026 : 1514 : 10540 (stored:buffered:allocated)
memory = 36MB

Answered : MESSAGE depth 1-14 ev 98.2 n 14554 n/s 408 tm 35608 pv Oe8 Xd3 Of9 Xc4 Oe2 Xe4 Oe9 Xe7 Od9 Xc2 Ob1 Xg9 Od11
Answered : 8,4
Received : RESTART
