Compiled on May 17 2021 at 21:00:40
Launched in Engine\
Received : INFO max_memory 5368709120
Received : INFO timeout_match 900000
Received : INFO timeout_turn 900000
Received : INFO game_type 1
Received : INFO rule 1
Received : INFO time_left 900000
Received : BOARD
Received : 0,0,2
Received : 7,5,1
Received : 4,2,2
Received : DONE
BEST
CROSS  ( 2, 4) : U : Q=0.035292 : 0.000628 : 0.964080 : P=0.240829 : Visits=1097 : Children=30
CROSS  ( 3, 3) : U : Q=0.016627 : 0.000461 : 0.982912 : P=0.284670 : Visits=563 : Children=30
CROSS  ( 2, 2) : U : Q=0.045441 : 0.001045 : 0.953514 : P=0.029228 : Visits=389 : Children=30
CROSS  ( 4, 3) : U : Q=0.014629 : 0.000551 : 0.984820 : P=0.055174 : Visits=103 : Children=30
CROSS  ( 2, 5) : U : Q=0.015841 : 0.000730 : 0.983428 : P=0.041903 : Visits=81 : Children=30
CROSS  ( 3, 2) : U : Q=0.012632 : 0.000365 : 0.987003 : P=0.018193 : Visits=32 : Children=30
CROSS  ( 2, 6) : U : Q=0.010180 : 0.000531 : 0.989289 : P=0.019087 : Visits=31 : Children=30
CROSS  ( 4, 4) : U : Q=0.008639 : 0.000246 : 0.991115 : P=0.019386 : Visits=30 : Children=30
CROSS  ( 3, 4) : U : Q=0.006763 : 0.000194 : 0.993043 : P=0.018640 : Visits=28 : Children=30
CROSS  ( 5, 3) : U : Q=0.009847 : 0.000441 : 0.989712 : P=0.015956 : Visits=26 : Children=30
  X   _   _   _   _   _   _   _   _   _   _   _   _   _   _ 
  _   _    6   5   6  _    6  _   _   _   _   _   _   _   _ 
  _    6 141  X  398  29  11  _   _   _   _   _   _   _   _ 
  _   _   11 204  10   9   7  _   _   _   _   _   _   _   _ 
  _    6   6  37  10   8   5   6   8  _   _   _   _   _   _ 
  _   _    5   9   7  _    7  O   _    6  _   _   _   _   _ 
  _   _   _   _   _    5  O   _   _   _   _   _   _   _   _ 
  _   _   _   _   _    7  _   _   _   _   _   _   _   _   _ 
  _   _   _   _    5  _   _   _   _   _   _   _   _   _   _ 
  _   _   _   _   _   _   _   _   _   _   _   _   _   _   _ 
  _   _   _   _   _   _   _   _   _   _   _   _   _   _   _ 
  _   _   _   _   _   _   _   _   _   _   _   _   _   _   _ 
  _   _   _   _   _   _   _   _   _   _   _   _   _   _   _ 
  _   _   _   _   _   _   _   _   _   _   _   _   _   _   _ 
  _   _   _   _   _   _   _   _   _   _   _   _   _   _   _ 

CIRCLE ( 0, 0) : U : Q=0.973202 : 0.000594 : 0.026204 : P=0.000000 : Visits=2756 : Children=30
CROSS  ( 2, 4) : U : Q=0.035292 : 0.000628 : 0.964080 : P=0.240829 : Visits=1097 : Children=30
CIRCLE ( 5, 6) : U : Q=0.957786 : 0.000420 : 0.041794 : P=0.334574 : Visits=301 : Children=30
CROSS  ( 2, 2) : U : Q=0.059519 : 0.000516 : 0.939965 : P=0.504467 : Visits=202 : Children=4
CIRCLE ( 2, 5) : U : Q=0.950979 : 0.000361 : 0.048661 : P=0.732823 : Visits=168 : Children=30
CROSS  ( 3, 3) : U : Q=0.061083 : 0.000369 : 0.938547 : P=0.595350 : Visits=124 : Children=22
CIRCLE ( 3, 6) : U : Q=0.979590 : 0.000284 : 0.020126 : P=0.156345 : Visits=31 : Children=7
CROSS  ( 4, 4) : U : Q=0.022328 : 0.000280 : 0.977392 : P=0.288610 : Visits=10 : Children=1
CIRCLE ( 1, 1) : U : Q=0.987035 : 0.000234 : 0.012731 : P=1.000000 : Visits=9 : Children=5
CROSS  ( 4, 6) : U : Q=0.003793 : 0.000099 : 0.996109 : P=0.553423 : Visits=5 : Children=13
CIRCLE ( 5, 8) : U : Q=0.997300 : 0.000066 : 0.002633 : P=0.906446 : Visits=4 : Children=9
CROSS  ( 2, 0) : U : Q=0.004739 : 0.000055 : 0.995206 : P=0.231581 : Visits=1 : Children=1
CIRCLE ( 2, 1) : U : Q=0.000000 : 0.000000 : 0.000000 : P=1.000000 : Visits=0 : Children=0
----EvaluationQueue----
avg batch size = 7.992614
network   = 2105.765735s : 68106 : 30.918946 ms
pack      = 0.437510s : 68106 : 6.423950 us
unpack    = 0.499997s : 68106 : 7.341452 us

----SearchStats----
nb_duplicate_nodes = 0
select     = 0.015622s : 2756 : 5.668324 us
expand     = 0.000000s : 2756 : 0.000000 us
vcf solver = 0.140614s : 2756 : 51.021057 us
backup     = 0.000000s : 2756 : 0.000000 us
evaluate   = 0.000000s : 336 : 0.000000 us
game rules = 0.000000s : 2756 : 0.000000 us

----TreeStats----
used nodes      = 46097
allocated nodes = 100000000
proven nodes    = 0 : 0 : 39 (win:draw:loss)
memory = 1MB
----CacheStats----
hit rate = 87.800000%
time_seek    = 0.000000s : 2756 : 0.000000 us
time_insert  = 0.000000s : 336 : 0.000000 us
time_cleanup = 0.015622s : 1 : 15.622377 ms
entries = 3065 : 26244 : 29309 (stored:buffered:allocated)
memory = 33MB

Answered : MESSAGE depth 1-13 ev 2.6 n 2756 n/s 58761 tm 46 pv Xc4 Of6 Xc2 Oc5 Xd3 Od6 Xe4 Ob1 Xe6 Of8 Xc0 Oc1
BEST
CIRCLE ( 6, 7) : U : Q=0.967944 : 0.000533 : 0.031524 : P=0.071513 : Visits=2960 : Children=30
CIRCLE ( 7, 7) : U : Q=0.968308 : 0.000418 : 0.031274 : P=0.083727 : Visits=2889 : Children=30
CIRCLE ( 5, 8) : U : Q=0.968456 : 0.000556 : 0.030988 : P=0.044224 : Visits=1693 : Children=30
CIRCLE ( 4, 8) : U : Q=0.969380 : 0.000597 : 0.030024 : P=0.036088 : Visits=1551 : Children=30
CIRCLE ( 6, 6) : U : Q=0.959865 : 0.000825 : 0.039310 : P=0.111245 : Visits=1426 : Children=30
CIRCLE ( 6, 8) : U : Q=0.962874 : 0.000601 : 0.036525 : P=0.070114 : Visits=1263 : Children=30
CIRCLE ( 4, 7) : U : Q=0.959680 : 0.001018 : 0.039302 : P=0.056491 : Visits=745 : Children=30
CIRCLE ( 4, 4) : U : Q=0.954353 : 0.005301 : 0.040346 : P=0.043117 : Visits=446 : Children=30
CIRCLE ( 4, 6) : U : Q=0.949700 : 0.001314 : 0.048987 : P=0.057783 : Visits=411 : Children=30
CIRCLE ( 5, 5) : U : Q=0.943599 : 0.002941 : 0.053461 : P=0.049007 : Visits=280 : Children=30
  X   _   _   _   _   _   _   _   _   _   _   _   _   _   _ 
  _   _   _   _   _   _   _   _   _   _   _   _   _   _   _ 
  _   _   _   _   X   _   _   _   _   _   _   _   _   _   _ 
  _   _   _   _   _   _    1  11   2  _   _   _   _   _   _ 
  _   _   _   _   28   7  26  47  99   3  _   _   _   _   _ 
  _   _   _   _    5  17  12  O  108   5   1  _   _   _   _ 
  _   _   _   _    3  10  91 190  81   6   1  _   _   _   _ 
  _   _   _   _   _   10  13 185  15   4  _   _   _   _   _ 
  _   _   _   _   _   _    2   1   1  _   _   _   _   _   _ 
  _   _   _   _   _   _   _   _   _   _   _   _   _   _   _ 
  _   _   _   _   _   _   _   _   _   _   _   _   _   _   _ 
  _   _   _   _   _   _   _   _   _   _   _   _   _   _   _ 
  _   _   _   _   _   _   _   _   _   _   _   _   _   _   _ 
  _   _   _   _   _   _   _   _   _   _   _   _   _   _   _ 
  _   _   _   _   _   _   _   _   _   _   _   _   _   _   _ 

CROSS  ( 0, 0) : U : Q=0.037224 : 0.000944 : 0.961832 : P=0.000000 : Visits=15571 : Children=30
CIRCLE ( 6, 7) : U : Q=0.967944 : 0.000533 : 0.031524 : P=0.071513 : Visits=2960 : Children=30
CROSS  ( 3, 3) : U : Q=0.034164 : 0.000454 : 0.965382 : P=0.387921 : Visits=1333 : Children=30
CIRCLE ( 6, 6) : U : Q=0.979538 : 0.000232 : 0.020229 : P=0.338275 : Visits=724 : Children=30
CROSS  ( 4, 2) : U : Q=0.022657 : 0.000248 : 0.977095 : P=0.785827 : Visits=617 : Children=4
CIRCLE ( 1, 5) : U : Q=0.982029 : 0.000221 : 0.017750 : P=0.510715 : Visits=349 : Children=30
CROSS  ( 4, 4) : U : Q=0.018220 : 0.000221 : 0.981558 : P=0.577048 : Visits=211 : Children=19
CIRCLE ( 4, 8) : U : Q=0.992151 : 0.000138 : 0.007711 : P=0.311477 : Visits=75 : Children=8
CROSS  ( 7, 5) : U : Q=0.006811 : 0.000085 : 0.993105 : P=0.329396 : Visits=25 : Children=13
CIRCLE ( 3, 7) : U : Q=0.998315 : 0.000037 : 0.001648 : P=0.707504 : Visits=18 : Children=12
CROSS  ( 2, 2) : U : Q=0.001112 : 0.000032 : 0.998855 : P=0.497991 : Visits=10 : Children=1
CIRCLE ( 1, 1) : U : Q=0.999190 : 0.000027 : 0.000784 : P=1.000000 : Visits=9 : Children=10
CROSS  ( 5, 1) : U : Q=0.000765 : 0.000013 : 0.999222 : P=0.432619 : Visits=5 : Children=1
CIRCLE ( 6, 0) : U : Q=0.999556 : 0.000008 : 0.000435 : P=1.000000 : Visits=4 : Children=8
CROSS  ( 7, 7) : U : Q=0.000000 : 0.000000 : 0.000000 : P=0.147602 : Visits=0 : Children=0
----EvaluationQueue----
avg batch size = 7.992641
network   = 2140.186586s : 69306 : 30.880250 ms
pack      = 0.453134s : 69306 : 6.538168 us
unpack    = 0.499997s : 69306 : 7.214338 us

----SearchStats----
nb_duplicate_nodes = 1
select     = 0.015625s : 15572 : 1.003434 us
expand     = 0.031250s : 15571 : 2.006936 us
vcf solver = 0.750013s : 15571 : 48.167275 us
backup     = 0.000000s : 15571 : 0.000000 us
evaluate   = 0.000000s : 9593 : 0.000000 us
game rules = 0.000000s : 15572 : 0.000000 us

----TreeStats----
used nodes      = 252074
allocated nodes = 100000000
proven nodes    = 0 : 0 : 41 (win:draw:loss)
memory = 7MB
----CacheStats----
hit rate = 38.300000%
time_seek    = 0.000000s : 15571 : 0.000000 us
time_insert  = 0.000000s : 9593 : 0.000000 us
time_cleanup = 0.015619s : 1 : 15.619040 ms
entries = 10854 : 18455 : 29309 (stored:buffered:allocated)
memory = 37MB

Answered : MESSAGE depth 1-15 ev 96.2 n 15571 n/s 437 tm 35608 pv Og7 Xd3 Og6 Xe2 Ob5 Xe4 Oe8 Xh5 Od7 Xc2 Ob1 Xf1 Og0 Xh7
Answered : 7,6
Received : RESTART
