Compiled on May 17 2021 at 21:00:40
Launched in Engine\
Received : INFO max_memory 5368709120
Received : INFO timeout_match 900000
Received : INFO timeout_turn 900000
Received : INFO game_type 1
Received : INFO rule 1
Received : INFO time_left 900000
Received : BOARD
Received : 0,0,2
Received : 7,5,1
Received : 4,0,2
Received : DONE
BEST
CROSS  ( 0, 4) : U : Q=0.006088 : 0.000615 : 0.993297 : P=0.090663 : Visits=102 : Children=30
CROSS  ( 0, 1) : U : Q=0.028652 : 0.000850 : 0.970498 : P=0.030582 : Visits=89 : Children=30
CROSS  ( 0, 2) : U : Q=0.040291 : 0.000529 : 0.959179 : P=0.041407 : Visits=70 : Children=30
CROSS  ( 4, 4) : U : Q=0.003533 : 0.000236 : 0.996230 : P=0.047632 : Visits=50 : Children=30
CROSS  ( 4, 7) : U : Q=0.004942 : 0.000587 : 0.994471 : P=0.038160 : Visits=41 : Children=30
CROSS  ( 5, 8) : U : Q=0.004358 : 0.000470 : 0.995172 : P=0.035724 : Visits=38 : Children=30
CROSS  ( 5, 6) : U : Q=0.003901 : 0.000459 : 0.995640 : P=0.035183 : Visits=37 : Children=30
CROSS  ( 4, 5) : U : Q=0.003593 : 0.000287 : 0.996120 : P=0.035453 : Visits=37 : Children=30
CROSS  ( 2, 3) : U : Q=0.003201 : 0.000238 : 0.996560 : P=0.036265 : Visits=37 : Children=30
CROSS  ( 5, 4) : U : Q=0.003961 : 0.000297 : 0.995742 : P=0.033288 : Visits=35 : Children=30
  X   78  61  X   89  _   _   _   _   _   _   _   _   _   _ 
  _   _   24  _   _   _   _   _   _   _   _   _   _   _   _ 
  _   _   24  32  _   _   _   _   _   _   _   _   _   _   _ 
  _   _   _   29  _   _   25  _   _   _   _   _   _   _   _ 
  _   _   _   27  43  32  _   35  25  _   _   _   _   _   _ 
  _   _   _   _   30  26  32  O   33  26  25  _   _   _   _ 
  _   _   _   _   24  _   25  24  _   27  _   _   _   _   _ 
  _   _   _   _   _   _   O   28  29  27  _   _   _   _   _ 
  _   _   _   _   26  _   26  28  _   26  _   _   _   _   _ 
  _   _   _   _   _   _   _   _   _   _   _   _   _   _   _ 
  _   _   _   _   _   _   _   _   _   _   _   _   _   _   _ 
  _   _   _   _   _   _   _   _   _   _   _   _   _   _   _ 
  _   _   _   _   _   _   _   _   _   _   _   _   _   _   _ 
  _   _   _   _   _   _   _   _   _   _   _   _   _   _   _ 
  _   _   _   _   _   _   _   _   _   _   _   _   _   _   _ 

CIRCLE ( 0, 0) : U : Q=0.991122 : 0.000444 : 0.008434 : P=0.000000 : Visits=1142 : Children=30
CROSS  ( 0, 4) : U : Q=0.006088 : 0.000615 : 0.993297 : P=0.090663 : Visits=102 : Children=30
CIRCLE ( 0, 2) : U : Q=0.995950 : 0.000413 : 0.003638 : P=0.692499 : Visits=82 : Children=30
CROSS  ( 4, 4) : U : Q=0.004128 : 0.000299 : 0.995573 : P=0.098957 : Visits=9 : Children=30
CIRCLE ( 6, 6) : U : Q=0.996005 : 0.000256 : 0.003739 : P=0.134563 : Visits=2 : Children=30
CROSS  ( 3, 4) : U : Q=0.001489 : 0.000097 : 0.998414 : P=0.226200 : Visits=1 : Children=30
CIRCLE ( 7, 5) : U : Q=0.000000 : 0.000000 : 0.000000 : P=0.479723 : Visits=0 : Children=0
----EvaluationQueue----
avg batch size = 7.992753
network   = 1778.837971s : 57814 : 30.768291 ms
pack      = 0.375005s : 57814 : 6.486405 us
unpack    = 0.421869s : 57814 : 7.297001 us

----SearchStats----
nb_duplicate_nodes = 1
select     = 0.015624s : 1143 : 13.668915 us
expand     = 0.000000s : 1142 : 0.000000 us
vcf solver = 0.000000s : 1142 : 0.000000 us
backup     = 0.000000s : 1142 : 0.000000 us
evaluate   = 0.000000s : 369 : 0.000000 us
game rules = 0.000000s : 1143 : 0.000000 us

----TreeStats----
used nodes      = 32975
allocated nodes = 100000000
proven nodes    = 0 : 0 : 5 (win:draw:loss)
memory = 1MB
----CacheStats----
hit rate = 67.600000%
time_seek    = 0.000000s : 1142 : 0.000000 us
time_insert  = 0.000000s : 369 : 0.000000 us
time_cleanup = 0.000000s : 1 : 0.000000 us
entries = 1186 : 28123 : 29309 (stored:buffered:allocated)
memory = 32MB

Answered : MESSAGE depth 1-7 ev 0.8 n 1142 n/s 36543 tm 31 pv Xa4 Oa2 Xe4 Og6 Xd4 Oh5
BEST
CIRCLE ( 7, 7) : U : Q=0.993906 : 0.000379 : 0.005714 : P=0.080636 : Visits=928 : Children=30
CIRCLE ( 6, 7) : U : Q=0.992731 : 0.000457 : 0.006813 : P=0.066229 : Visits=701 : Children=30
CIRCLE ( 5, 5) : U : Q=0.994795 : 0.000450 : 0.004755 : P=0.050470 : Visits=638 : Children=30
CIRCLE ( 6, 8) : U : Q=0.986867 : 0.000488 : 0.012646 : P=0.084965 : Visits=611 : Children=30
CIRCLE ( 7, 6) : U : Q=0.994729 : 0.000429 : 0.004841 : P=0.044627 : Visits=560 : Children=30
CIRCLE ( 5, 9) : U : Q=0.993885 : 0.000370 : 0.005745 : P=0.046568 : Visits=538 : Children=30
CIRCLE ( 7, 8) : U : Q=0.995517 : 0.000333 : 0.004150 : P=0.034929 : Visits=474 : Children=30
CIRCLE ( 5, 6) : U : Q=0.991883 : 0.000542 : 0.007576 : P=0.046482 : Visits=457 : Children=30
CIRCLE ( 4, 8) : U : Q=0.991230 : 0.000452 : 0.008318 : P=0.047957 : Visits=448 : Children=30
CIRCLE ( 6, 9) : U : Q=0.995238 : 0.000368 : 0.004394 : P=0.033184 : Visits=437 : Children=30
  X   _   _   _   X   _   _   _   _   _   _   _   _   _   _ 
  _   _   _   _   _   _   _   _   _   _   _   _   _   _   _ 
  _   _   _   _   _   _   _   _   _   _   _   _   _   _   _ 
  _   _   _   _   _   10   7  32  _   _   _   _   _   _   _ 
  _   _   _   _   _   23  30  23  44  29  _   _   _   _   _ 
  _   _   _   _   20  62  44  O   32  52  11  _   _   _   _ 
  _   _   _   _   26  39  28  68  60  42  15  _   _   _   _ 
  _   _   _   _   13  27  55  91  46  15  _   _   _   _   _ 
  _   _   _   _   _   _   17  13  10  _   _   _   _   _   _ 
  _   _   _   _   _   _   _   _   _   _   _   _   _   _   _ 
  _   _   _   _   _   _   _   _   _   _   _   _   _   _   _ 
  _   _   _   _   _   _   _   _   _   _   _   _   _   _   _ 
  _   _   _   _   _   _   _   _   _   _   _   _   _   _   _ 
  _   _   _   _   _   _   _   _   _   _   _   _   _   _   _ 
  _   _   _   _   _   _   _   _   _   _   _   _   _   _   _ 

CROSS  ( 0, 0) : U : Q=0.007252 : 0.000466 : 0.992282 : P=0.000000 : Visits=10170 : Children=30
CIRCLE ( 7, 7) : U : Q=0.993906 : 0.000379 : 0.005714 : P=0.080636 : Visits=928 : Children=30
CROSS  ( 0, 1) : U : Q=0.014511 : 0.000657 : 0.984833 : P=0.052745 : Visits=63 : Children=30
CIRCLE ( 6, 6) : U : Q=0.991709 : 0.000323 : 0.007969 : P=0.124111 : Visits=10 : Children=30
CROSS  ( 0, 2) : U : Q=0.004048 : 0.000252 : 0.995700 : P=0.587201 : Visits=6 : Children=1
CIRCLE ( 0, 3) : U : Q=0.997352 : 0.000142 : 0.002505 : P=1.000000 : Visits=5 : Children=30
CROSS  ( 6, 2) : U : Q=0.002703 : 0.000179 : 0.997118 : P=0.038431 : Visits=1 : Children=30
CIRCLE ( 6, 7) : U : Q=0.000000 : 0.000000 : 0.000000 : P=0.196369 : Visits=0 : Children=0
----EvaluationQueue----
avg batch size = 7.992773
network   = 1813.727567s : 58949 : 30.767741 ms
pack      = 0.375005s : 58949 : 6.361516 us
unpack    = 0.421869s : 58949 : 7.156505 us

----SearchStats----
nb_duplicate_nodes = 1
select     = 0.046884s : 10171 : 4.609606 us
expand     = 0.078125s : 10170 : 7.681908 us
vcf solver = 0.234397s : 10170 : 23.047903 us
backup     = 0.000000s : 10170 : 0.000000 us
evaluate   = 0.000000s : 9073 : 0.000000 us
game rules = 0.000000s : 10171 : 0.000000 us

----TreeStats----
used nodes      = 286517
allocated nodes = 100000000
proven nodes    = 0 : 0 : 5 (win:draw:loss)
memory = 8MB
----CacheStats----
hit rate = 10.700000%
time_seek    = 0.015624s : 10170 : 1.536311 us
time_insert  = 0.015625s : 9073 : 1.722143 us
time_cleanup = 0.000000s : 1 : 0.000000 us
entries = 9264 : 20045 : 29309 (stored:buffered:allocated)
memory = 37MB

Answered : MESSAGE depth 1-8 ev 99.2 n 10170 n/s 285 tm 35608 pv Oh7 Xa1 Og6 Xa2 Oa3 Xg2 Og7
Answered : 7,7
Received : RESTART
