Compiled on May 17 2021 at 21:00:40
Launched in Engine\
Received : INFO max_memory 5368709120
Received : INFO timeout_match 900000
Received : INFO timeout_turn 900000
Received : INFO game_type 1
Received : INFO rule 1
Received : INFO time_left 900000
Received : BOARD
Received : 0,0,2
Received : 4,6,1
Received : 1,1,2
Received : DONE
BEST
CROSS  ( 2, 0) : U : Q=0.025560 : 0.000969 : 0.973472 : P=0.028997 : Visits=70 : Children=30
CROSS  ( 4, 0) : U : Q=0.013349 : 0.000871 : 0.985780 : P=0.048589 : Visits=70 : Children=30
CROSS  ( 8, 6) : U : Q=0.003772 : 0.000405 : 0.995824 : P=0.048851 : Visits=53 : Children=30
CROSS  ( 5, 3) : U : Q=0.003915 : 0.000362 : 0.995723 : P=0.044410 : Visits=48 : Children=30
CROSS  ( 5, 4) : U : Q=0.004569 : 0.000512 : 0.994919 : P=0.040752 : Visits=45 : Children=30
CROSS  ( 9, 6) : U : Q=0.004014 : 0.000333 : 0.995652 : P=0.037356 : Visits=41 : Children=30
CROSS  ( 8, 7) : U : Q=0.003875 : 0.000341 : 0.995784 : P=0.036050 : Visits=39 : Children=30
CROSS  ( 7, 6) : U : Q=0.003845 : 0.000360 : 0.995796 : P=0.036311 : Visits=39 : Children=30
CROSS  ( 9, 7) : U : Q=0.003576 : 0.000289 : 0.996135 : P=0.036050 : Visits=39 : Children=30
CROSS  ( 9, 9) : U : Q=0.007142 : 0.000258 : 0.992600 : P=0.031870 : Visits=38 : Children=30
  X   _   _   _   _   _   _   _   _   _   _   _   _   _   _ 
  X   _   _   _   _   _   _   _   _   _   _   _   _   _   _ 
  60  _   _   _   _   _   _   _   _   _   _   _   _   _   _ 
  27  27  _   _   _   _   _   _   _   _   _   _   _   _   _ 
  60  _   27  _   31  28  28  _   _   _   _   _   _   _   _ 
  _   _   26  41  38  29  _   _   _   _   _   _   _   _   _ 
  _   _   _   _   O   _   30  26  30  29  _   _   _   _   _ 
  _   _   _   _   _   O   33  30  _   30  _   _   _   _   _ 
  _   _   _   _   29  29  45  33  _   28  _   _   _   _   _ 
  _   _   _   _   _   31  35  33  29  32  _   _   _   _   _ 
  _   _   _   _   _   _   _   30  _   _   _   _   _   _   _ 
  _   _   _   _   _   _   _   _   _   _   _   _   _   _   _ 
  _   _   _   _   _   _   _   _   _   _   _   _   _   _   _ 
  _   _   _   _   _   _   _   _   _   _   _   _   _   _   _ 
  _   _   _   _   _   _   _   _   _   _   _   _   _   _   _ 

CIRCLE ( 0, 0) : U : Q=0.993058 : 0.000446 : 0.006496 : P=0.000000 : Visits=1159 : Children=30
CROSS  ( 2, 0) : U : Q=0.025560 : 0.000969 : 0.973472 : P=0.028997 : Visits=70 : Children=30
CIRCLE ( 8, 4) : U : Q=0.995822 : 0.000254 : 0.003924 : P=0.101849 : Visits=10 : Children=30
CROSS  ( 4, 0) : U : Q=0.003506 : 0.000252 : 0.996242 : P=0.391956 : Visits=6 : Children=1
CIRCLE ( 3, 0) : U : Q=0.997435 : 0.000173 : 0.002392 : P=1.000000 : Visits=5 : Children=30
CROSS  ( 3, 3) : U : Q=0.002095 : 0.000139 : 0.997766 : P=0.037543 : Visits=1 : Children=30
CIRCLE ( 7, 4) : U : Q=0.000000 : 0.000000 : 0.000000 : P=0.172987 : Visits=0 : Children=0
----EvaluationQueue----
avg batch size = 7.992309
network   = 2856.801118s : 90891 : 31.431067 ms
pack      = 0.703133s : 90891 : 7.736004 us
unpack    = 0.578123s : 90891 : 6.360617 us

----SearchStats----
nb_duplicate_nodes = 1
select     = 0.000000s : 1160 : 0.000000 us
expand     = 0.000000s : 1159 : 0.000000 us
vcf solver = 0.031255s : 1159 : 26.967013 us
backup     = 0.000000s : 1159 : 0.000000 us
evaluate   = 0.000000s : 345 : 0.000000 us
game rules = 0.000000s : 1160 : 0.000000 us

----TreeStats----
used nodes      = 31974
allocated nodes = 100000000
proven nodes    = 0 : 0 : 5 (win:draw:loss)
memory = 0MB
----CacheStats----
hit rate = 70.200000%
time_seek    = 0.000000s : 1159 : 0.000000 us
time_insert  = 0.000000s : 345 : 0.000000 us
time_cleanup = 0.015625s : 1 : 15.625477 ms
entries = 1778 : 27531 : 29309 (stored:buffered:allocated)
memory = 32MB

Answered : MESSAGE depth 1-7 ev 0.6 n 1159 n/s 37057 tm 31 pv Xc0 Oi4 Xe0 Od0 Xd3 Oh4
BEST
CIRCLE ( 4, 4) : U : Q=0.995382 : 0.000478 : 0.004141 : P=0.108807 : Visits=1297 : Children=30
CIRCLE ( 6, 6) : U : Q=0.991871 : 0.000543 : 0.007585 : P=0.087723 : Visits=827 : Children=30
CIRCLE ( 7, 5) : U : Q=0.993286 : 0.000518 : 0.006196 : P=0.075473 : Visits=797 : Children=30
CIRCLE ( 6, 5) : U : Q=0.993637 : 0.000515 : 0.005848 : P=0.056421 : Visits=614 : Children=30
CIRCLE ( 7, 6) : U : Q=0.991420 : 0.000618 : 0.007962 : P=0.066958 : Visits=612 : Children=30
CIRCLE ( 5, 6) : U : Q=0.994112 : 0.000559 : 0.005329 : P=0.048864 : Visits=556 : Children=30
CIRCLE ( 5, 5) : U : Q=0.993727 : 0.000533 : 0.005739 : P=0.047001 : Visits=516 : Children=30
CIRCLE ( 8, 4) : U : Q=0.992068 : 0.000537 : 0.007395 : P=0.052564 : Visits=503 : Children=30
CIRCLE ( 8, 5) : U : Q=0.992951 : 0.000532 : 0.006517 : P=0.045570 : Visits=468 : Children=30
CIRCLE ( 4, 5) : U : Q=0.994250 : 0.000596 : 0.005153 : P=0.039734 : Visits=459 : Children=30
  X   _   _   _   _   _   _   _   _   _   _   _   _   _   _ 
  _   X   _   _   _   _   _   _   _   _   _   _   _   _   _ 
  _   _   _   _   _   _   _   _   _   _   _   _   _   _   _ 
  _   _   _   _   _    7  _   _   _   _   _   _   _   _   _ 
  _   _   _   _  134  47  26   4  _   _   _   _   _   _   _ 
  _   _   _   32  17  53  57  21  _   _   _   _   _   _   _ 
  _   _    9  20  O   63  85  19  _   _   _   _   _   _   _ 
  _   _    3  21  34  82  63  16  _   _   _   _   _   _   _ 
  _   _   _    5  52  48  26   5  _   _   _   _   _   _   _ 
  _   _   _   _   13  11   9   4  _   _   _   _   _   _   _ 
  _   _   _   _   _   _   _   _   _   _   _   _   _   _   _ 
  _   _   _   _   _   _   _   _   _   _   _   _   _   _   _ 
  _   _   _   _   _   _   _   _   _   _   _   _   _   _   _ 
  _   _   _   _   _   _   _   _   _   _   _   _   _   _   _ 
  _   _   _   _   _   _   _   _   _   _   _   _   _   _   _ 

CROSS  ( 0, 0) : U : Q=0.007128 : 0.000639 : 0.992234 : P=0.000000 : Visits=9673 : Children=30
CIRCLE ( 4, 4) : U : Q=0.995382 : 0.000478 : 0.004141 : P=0.108807 : Visits=1297 : Children=30
CROSS  ( 5, 4) : U : Q=0.003590 : 0.000508 : 0.995902 : P=0.085054 : Visits=109 : Children=30
CIRCLE ( 5, 3) : U : Q=0.996288 : 0.000442 : 0.003270 : P=0.219920 : Visits=26 : Children=30
CROSS  ( 6, 2) : U : Q=0.004573 : 0.000645 : 0.994781 : P=0.251342 : Visits=9 : Children=30
CIRCLE ( 4, 2) : U : Q=0.995285 : 0.000830 : 0.003884 : P=0.143267 : Visits=2 : Children=4
CROSS  ( 7, 5) : U : Q=0.001316 : 0.000299 : 0.998385 : P=0.912273 : Visits=1 : Children=30
CIRCLE ( 4, 3) : U : Q=0.000000 : 0.000000 : 0.000000 : P=0.781685 : Visits=0 : Children=0
----EvaluationQueue----
avg batch size = 7.992322
network   = 2891.659463s : 91956 : 31.446121 ms
pack      = 0.703133s : 91956 : 7.646408 us
unpack    = 0.593748s : 91956 : 6.456866 us

----SearchStats----
nb_duplicate_nodes = 1
select     = 0.031252s : 9674 : 3.230554 us
expand     = 0.062496s : 9673 : 6.460890 us
vcf solver = 0.218773s : 9673 : 22.616835 us
backup     = 0.031248s : 9673 : 3.230396 us
evaluate   = 0.000000s : 8513 : 0.000000 us
game rules = 0.000000s : 9674 : 0.000000 us

----TreeStats----
used nodes      = 259654
allocated nodes = 100000000
proven nodes    = 0 : 0 : 6 (win:draw:loss)
memory = 7MB
----CacheStats----
hit rate = 11.900000%
time_seek    = 0.015625s : 9673 : 1.615321 us
time_insert  = 0.000000s : 8513 : 0.000000 us
time_cleanup = 0.015625s : 1 : 15.625477 ms
entries = 8526 : 20783 : 29309 (stored:buffered:allocated)
memory = 36MB

Answered : MESSAGE depth 1-8 ev 99.2 n 9673 n/s 271 tm 35608 pv Oe4 Xf4 Of3 Xg2 Oe2 Xh5 Oe3
Answered : 4,4
Received : RESTART
