Compiled on May 17 2021 at 21:00:40
Launched in Engine\
Received : INFO max_memory 5368709120
Received : INFO timeout_match 900000
Received : INFO timeout_turn 900000
Received : INFO game_type 1
Received : INFO rule 1
Received : INFO time_left 900000
Received : BOARD
Received : 0,0,2
Received : 5,5,1
Received : 0,1,2
Received : DONE
BEST
CROSS  ( 0, 4) : U : Q=0.003068 : 0.000416 : 0.996515 : P=0.060589 : Visits=84 : Children=30
CROSS  ( 0, 1) : U : Q=0.015502 : 0.000620 : 0.983878 : P=0.030866 : Visits=68 : Children=30
CROSS  ( 6, 5) : U : Q=0.003349 : 0.000440 : 0.996211 : P=0.048300 : Visits=68 : Children=30
CROSS  ( 8, 5) : U : Q=0.004657 : 0.000508 : 0.994835 : P=0.042012 : Visits=61 : Children=30
CROSS  ( 4, 4) : U : Q=0.003826 : 0.000392 : 0.995782 : P=0.041155 : Visits=58 : Children=30
CROSS  ( 4, 5) : U : Q=0.003802 : 0.000420 : 0.995778 : P=0.038582 : Visits=55 : Children=30
CROSS  ( 2, 4) : U : Q=0.004312 : 0.000430 : 0.995258 : P=0.035153 : Visits=51 : Children=30
CROSS  ( 4, 6) : U : Q=0.004426 : 0.000511 : 0.995063 : P=0.034296 : Visits=50 : Children=30
CROSS  ( 5, 4) : U : Q=0.003509 : 0.000369 : 0.996122 : P=0.034581 : Visits=49 : Children=30
CROSS  ( 4, 3) : U : Q=0.003799 : 0.000319 : 0.995882 : P=0.033724 : Visits=48 : Children=30
  X   46  X   _   57  _   _   _   _   _   _   _   _   _   _ 
  _   _   _   _   _   _   _   _   _   _   _   _   _   _   _ 
  _   _   28  _   34  _   _   _   _   _   _   _   _   _   _ 
  _   _   _   _   29  28  _   _   _   _   _   _   _   _   _ 
  _   _   _   32  39  37  34  28  _   _   _   _   _   _   _ 
  _   _   _   28  33  O   30  30  31  _   _   _   _   _   _ 
  _   _   _   29  _   46  _   30  _   _   _   _   _   _   _ 
  _   _   _   _   30  O   29  29  29  _   _   _   _   _   _ 
  _   _   29  29  32  41  _   29  29  _   _   _   _   _   _ 
  _   _   _   _   30  _   _   _   _   _   _   _   _   _   _ 
  _   _   _   _   _   _   _   _   _   _   _   _   _   _   _ 
  _   _   _   _   _   _   _   _   _   _   _   _   _   _   _ 
  _   _   _   _   _   _   _   _   _   _   _   _   _   _   _ 
  _   _   _   _   _   _   _   _   _   _   _   _   _   _   _ 
  _   _   _   _   _   _   _   _   _   _   _   _   _   _   _ 

CIRCLE ( 0, 0) : U : Q=0.994854 : 0.000423 : 0.004724 : P=0.000000 : Visits=1461 : Children=30
CROSS  ( 0, 4) : U : Q=0.003068 : 0.000416 : 0.996515 : P=0.060589 : Visits=84 : Children=30
CIRCLE ( 0, 3) : U : Q=0.997031 : 0.000363 : 0.002606 : P=0.545906 : Visits=51 : Children=30
CROSS  ( 4, 5) : U : Q=0.003928 : 0.000589 : 0.995484 : P=0.048320 : Visits=3 : Children=30
CIRCLE ( 6, 4) : U : Q=0.995348 : 0.000547 : 0.004105 : P=0.180924 : Visits=1 : Children=30
CROSS  ( 4, 6) : U : Q=0.000000 : 0.000000 : 0.000000 : P=0.499923 : Visits=0 : Children=0
----EvaluationQueue----
avg batch size = 7.993544
network   = 1086.405172s : 35778 : 30.365173 ms
pack      = 0.218750s : 35778 : 6.114106 us
unpack    = 0.312490s : 35778 : 8.734151 us

----SearchStats----
nb_duplicate_nodes = 0
select     = 0.000000s : 1461 : 0.000000 us
expand     = 0.000000s : 1461 : 0.000000 us
vcf solver = 0.015616s : 1461 : 10.688528 us
backup     = 0.000000s : 1461 : 0.000000 us
evaluate   = 0.000000s : 360 : 0.000000 us
game rules = 0.000000s : 1461 : 0.000000 us

----TreeStats----
used nodes      = 41482
allocated nodes = 100000000
proven nodes    = 0 : 0 : 5 (win:draw:loss)
memory = 1MB
----CacheStats----
hit rate = 75.300000%
time_seek    = 0.000000s : 1461 : 0.000000 us
time_insert  = 0.000000s : 360 : 0.000000 us
time_cleanup = 0.015625s : 1 : 15.624523 ms
entries = 1686 : 27623 : 29309 (stored:buffered:allocated)
memory = 32MB

Answered : MESSAGE depth 1-6 ev 0.4 n 1461 n/s 93314 tm 15 pv Xa4 Oa3 Xe5 Og4 Xe6
BEST
CIRCLE ( 6, 6) : U : Q=0.994157 : 0.000416 : 0.005426 : P=0.108269 : Visits=1054 : Children=30
CIRCLE ( 7, 5) : U : Q=0.994192 : 0.000467 : 0.005342 : P=0.062017 : Visits=608 : Children=30
CIRCLE ( 6, 7) : U : Q=0.992798 : 0.000477 : 0.006725 : P=0.066803 : Visits=589 : Children=30
CIRCLE ( 5, 7) : U : Q=0.993051 : 0.000467 : 0.006482 : P=0.060095 : Visits=557 : Children=30
CIRCLE ( 8, 6) : U : Q=0.995269 : 0.000493 : 0.004238 : P=0.046620 : Visits=502 : Children=30
CIRCLE ( 7, 6) : U : Q=0.989863 : 0.000543 : 0.009594 : P=0.064801 : Visits=469 : Children=30
CIRCLE ( 4, 6) : U : Q=0.991369 : 0.000428 : 0.008202 : P=0.057889 : Visits=466 : Children=30
CIRCLE ( 6, 8) : U : Q=0.994012 : 0.000500 : 0.005489 : P=0.047775 : Visits=462 : Children=30
CIRCLE ( 7, 7) : U : Q=0.992960 : 0.000612 : 0.006428 : P=0.039310 : Visits=351 : Children=30
CIRCLE ( 8, 4) : U : Q=0.995193 : 0.000448 : 0.004359 : P=0.031585 : Visits=337 : Children=30
  X   _   _   _   _   _   _   _   _   _   _   _   _   _   _ 
  X   _   _   _   _   _   _   _   _   _   _   _   _   _   _ 
  _   _   _   _   _   _   _   _   _   _   _   _   _   _   _ 
  _   _   _   _   _   13   7  10  _   _   _   _   _   _   _ 
  _   _   _   _   26  22  51  23  14  _   _   _   _   _   _ 
  _   _   _   11  26  O   23  61  16  _   _   _   _   _   _ 
  _   _   _   _   36  36 116  65  51  _   _   _   _   _   _ 
  _   _   _   10  29  67  51  38  16   6  _   _   _   _   _ 
  _   _   _   _   37  30  55  26  15  _   _   _   _   _   _ 
  _   _   _   _   _   _   _   _   _   _   _   _   _   _   _ 
  _   _   _   _   _   _   _   _   _   _   _   _   _   _   _ 
  _   _   _   _   _   _   _   _   _   _   _   _   _   _   _ 
  _   _   _   _   _   _   _   _   _   _   _   _   _   _   _ 
  _   _   _   _   _   _   _   _   _   _   _   _   _   _   _ 
  _   _   _   _   _   _   _   _   _   _   _   _   _   _   _ 

CROSS  ( 0, 0) : U : Q=0.006462 : 0.000509 : 0.993029 : P=0.000000 : Visits=9039 : Children=30
CIRCLE ( 6, 6) : U : Q=0.994157 : 0.000416 : 0.005426 : P=0.108269 : Visits=1054 : Children=30
CROSS  ( 4, 4) : U : Q=0.003971 : 0.000395 : 0.995634 : P=0.075173 : Visits=77 : Children=30
CIRCLE ( 6, 4) : U : Q=0.995150 : 0.000452 : 0.004398 : P=0.145684 : Visits=13 : Children=30
CROSS  ( 4, 6) : U : Q=0.005263 : 0.000481 : 0.994256 : P=0.372033 : Visits=8 : Children=30
CIRCLE ( 6, 5) : U : Q=0.997288 : 0.000266 : 0.002446 : P=0.344998 : Visits=3 : Children=4
CROSS  ( 6, 7) : U : Q=0.001174 : 0.000146 : 0.998680 : P=0.578977 : Visits=1 : Children=30
CIRCLE ( 4, 5) : U : Q=0.000000 : 0.000000 : 0.000000 : P=0.432639 : Visits=0 : Children=0
----EvaluationQueue----
avg batch size = 7.993533
network   = 1121.451028s : 36801 : 30.473385 ms
pack      = 0.234376s : 36801 : 6.368739 us
unpack    = 0.312490s : 36801 : 8.491358 us

----SearchStats----
nb_duplicate_nodes = 1
select     = 0.031251s : 9040 : 3.456964 us
expand     = 0.109374s : 9039 : 12.100211 us
vcf solver = 0.078123s : 9039 : 8.642865 us
backup     = 0.000000s : 9039 : 0.000000 us
evaluate   = 0.000000s : 8177 : 0.000000 us
game rules = 0.000000s : 9040 : 0.000000 us

----TreeStats----
used nodes      = 254592
allocated nodes = 100000000
proven nodes    = 0 : 0 : 5 (win:draw:loss)
memory = 7MB
----CacheStats----
hit rate = 9.500000%
time_seek    = 0.031250s : 9039 : 3.457294 us
time_insert  = 0.000000s : 8177 : 0.000000 us
time_cleanup = 0.000000s : 1 : 0.000000 us
entries = 8185 : 21124 : 29309 (stored:buffered:allocated)
memory = 36MB

Answered : MESSAGE depth 1-8 ev 99.3 n 9039 n/s 253 tm 35608 pv Og6 Xe4 Og4 Xe6 Og5 Xg7 Oe5
Answered : 6,6
Received : RESTART
