Compiled on May 17 2021 at 21:00:40
Launched in Engine\
Received : INFO max_memory 5368709120
Received : INFO timeout_match 900000
Received : INFO timeout_turn 900000
Received : INFO game_type 1
Received : INFO rule 1
Received : INFO time_left 900000
Received : BOARD
Received : 0,0,2
Received : 5,5,1
Received : 1,0,2
Received : DONE
BEST
CROSS  ( 3, 3) : U : Q=0.006018 : 0.000360 : 0.993622 : P=0.044329 : Visits=67 : Children=30
CROSS  ( 7, 6) : U : Q=0.003661 : 0.000419 : 0.995920 : P=0.048071 : Visits=67 : Children=30
CROSS  ( 4, 2) : U : Q=0.003767 : 0.000288 : 0.995945 : P=0.042026 : Visits=59 : Children=30
CROSS  ( 3, 4) : U : Q=0.004385 : 0.000430 : 0.995185 : P=0.040012 : Visits=57 : Children=30
CROSS  ( 2, 2) : U : Q=0.004876 : 0.000453 : 0.994671 : P=0.038284 : Visits=56 : Children=30
CROSS  ( 3, 5) : U : Q=0.004763 : 0.000378 : 0.994859 : P=0.038572 : Visits=56 : Children=30
CROSS  ( 4, 4) : U : Q=0.005321 : 0.000546 : 0.994133 : P=0.037421 : Visits=55 : Children=30
CROSS  ( 4, 3) : U : Q=0.004560 : 0.000431 : 0.995009 : P=0.038572 : Visits=55 : Children=30
CROSS  ( 3, 1) : U : Q=0.006949 : 0.000768 : 0.992284 : P=0.034830 : Visits=54 : Children=30
CROSS  ( 4, 1) : U : Q=0.007476 : 0.000874 : 0.991649 : P=0.033679 : Visits=53 : Children=30
  X   _   _   _   _   _   _   _   _   _   _   _   _   _   _ 
  _   _   _   _   _   _   _   _   _   30  _   _   _   _   _ 
  _   X   39  34  32  29  30  27  _   _   _   _   _   _   _ 
  _   37  32  46  39  39  26  28  _   _   _   _   _   _   _ 
  _   37  41  38  38  32  _   _   _   _   _   _   _   _   _ 
  _   30  26  27  O   _   27  _   _   _   _   _   _   _   _ 
  _   25  27  _   _   O   _   30  _   _   _   _   _   _   _ 
  _   _   _   _   27  _   46  29  _   _   _   _   _   _   _ 
  _   _   _   _   _   _   _   35  _   _   _   _   _   _   _ 
  _   _   _   _   _   _   _   _   _   _   _   _   _   _   _ 
  _   _   _   _   _   _   _   _   _   _   _   _   _   _   _ 
  _   _   _   _   _   _   _   _   _   _   _   _   _   _   _ 
  _   _   _   _   _   _   _   _   _   _   _   _   _   _   _ 
  _   _   _   _   _   _   _   _   _   _   _   _   _   _   _ 
  _   _   _   _   _   _   _   _   _   _   _   _   _   _   _ 

CIRCLE ( 0, 0) : U : Q=0.995067 : 0.000437 : 0.004496 : P=0.000000 : Visits=1431 : Children=30
CROSS  ( 3, 3) : U : Q=0.006018 : 0.000360 : 0.993622 : P=0.044329 : Visits=67 : Children=30
CIRCLE ( 4, 5) : U : Q=0.997256 : 0.000238 : 0.002506 : P=0.138683 : Visits=11 : Children=30
CROSS  ( 2, 4) : U : Q=0.002835 : 0.000190 : 0.996975 : P=0.336288 : Visits=5 : Children=30
CIRCLE ( 6, 3) : U : Q=0.997503 : 0.000181 : 0.002316 : P=0.348128 : Visits=2 : Children=4
CROSS  ( 3, 6) : U : Q=0.002155 : 0.000202 : 0.997643 : P=0.774995 : Visits=1 : Children=23
CIRCLE ( 6, 4) : U : Q=0.000000 : 0.000000 : 0.000000 : P=0.812297 : Visits=0 : Children=0
----EvaluationQueue----
avg batch size = 7.993496
network   = 1013.422974s : 33362 : 30.376565 ms
pack      = 0.187502s : 33362 : 5.620224 us
unpack    = 0.281241s : 33362 : 8.429978 us

----SearchStats----
nb_duplicate_nodes = 1
select     = 0.000000s : 1432 : 0.000000 us
expand     = 0.046876s : 1431 : 32.757646 us
vcf solver = 0.031249s : 1431 : 21.837043 us
backup     = 0.000000s : 1431 : 0.000000 us
evaluate   = 0.000000s : 369 : 0.000000 us
game rules = 0.000000s : 1432 : 0.000000 us

----TreeStats----
used nodes      = 37447
allocated nodes = 100000000
proven nodes    = 0 : 0 : 6 (win:draw:loss)
memory = 1MB
----CacheStats----
hit rate = 74.200000%
time_seek    = 0.000000s : 1431 : 0.000000 us
time_insert  = 0.000000s : 369 : 0.000000 us
time_cleanup = 0.015621s : 1 : 15.620947 ms
entries = 1954 : 27355 : 29309 (stored:buffered:allocated)
memory = 33MB

Answered : MESSAGE depth 1-7 ev 0.4 n 1431 n/s 45751 tm 31 pv Xd3 Oe5 Xc4 Og3 Xd6 Og4
BEST
CIRCLE ( 6, 6) : U : Q=0.994547 : 0.000409 : 0.005044 : P=0.079979 : Visits=939 : Children=30
CIRCLE ( 5, 7) : U : Q=0.991828 : 0.000489 : 0.007683 : P=0.087431 : Visits=820 : Children=30
CIRCLE ( 7, 6) : U : Q=0.994935 : 0.000451 : 0.004614 : P=0.060919 : Visits=745 : Children=30
CIRCLE ( 7, 5) : U : Q=0.992133 : 0.000471 : 0.007396 : P=0.067816 : Visits=656 : Children=30
CIRCLE ( 5, 6) : U : Q=0.992840 : 0.000536 : 0.006624 : P=0.056219 : Visits=572 : Children=30
CIRCLE ( 4, 4) : U : Q=0.995022 : 0.000406 : 0.004573 : P=0.045024 : Visits=554 : Children=30
CIRCLE ( 4, 6) : U : Q=0.991206 : 0.000476 : 0.008318 : P=0.055817 : Visits=501 : Children=30
CIRCLE ( 6, 7) : U : Q=0.990627 : 0.000515 : 0.008858 : P=0.051620 : Visits=444 : Children=30
CIRCLE ( 6, 4) : U : Q=0.991549 : 0.000421 : 0.008030 : P=0.048186 : Visits=441 : Children=30
CIRCLE ( 8, 6) : U : Q=0.995094 : 0.000450 : 0.004456 : P=0.032361 : Visits=402 : Children=30
  X   X   _   _   _   _   _   _   _   _   _   _   _   _   _ 
  _   _   _   _   _   _   _   _   _   _   _   _   _   _   _ 
  _   _   _   _   _   _   _   _   _   _   _   _   _   _   _ 
  _   _   _   _   _   21  11   9  _   _   _   _   _   _   _ 
  _   _   _   _   55  18  50  37  16  _   _   _   _   _   _ 
  _   _   _   14  19  O   57  82  18  _   _   _   _   _   _ 
  _   _   _   _   44  27  94  44  25  _   _   _   _   _   _ 
  _   _   _    8  23  66  75  30  10  _   _   _   _   _   _ 
  _   _   _   _   13  33  40  23  _   _   _   _   _   _   _ 
  _   _   _   _   _   _    9   9  _   _   _   _   _   _   _ 
  _   _   _   _   _   _   _   _   _   _   _   _   _   _   _ 
  _   _   _   _   _   _   _   _   _   _   _   _   _   _   _ 
  _   _   _   _   _   _   _   _   _   _   _   _   _   _   _ 
  _   _   _   _   _   _   _   _   _   _   _   _   _   _   _ 
  _   _   _   _   _   _   _   _   _   _   _   _   _   _   _ 

CROSS  ( 0, 0) : U : Q=0.007005 : 0.000504 : 0.992492 : P=0.000000 : Visits=9898 : Children=30
CIRCLE ( 6, 6) : U : Q=0.994547 : 0.000409 : 0.005044 : P=0.079979 : Visits=939 : Children=30
CROSS  ( 4, 4) : U : Q=0.004144 : 0.000401 : 0.995456 : P=0.061797 : Visits=57 : Children=30
CIRCLE ( 5, 6) : U : Q=0.995748 : 0.000318 : 0.003935 : P=0.143027 : Visits=10 : Children=30
CROSS  ( 5, 4) : U : Q=0.005143 : 0.000370 : 0.994487 : P=0.380931 : Visits=6 : Children=30
CIRCLE ( 4, 6) : U : Q=0.996805 : 0.000298 : 0.002896 : P=0.366923 : Visits=3 : Children=4
CROSS  ( 3, 6) : U : Q=0.001606 : 0.000178 : 0.998217 : P=0.572708 : Visits=1 : Children=16
CIRCLE ( 6, 4) : U : Q=0.000000 : 0.000000 : 0.000000 : P=0.922686 : Visits=0 : Children=0
----EvaluationQueue----
avg batch size = 7.993501
network   = 1048.359404s : 34467 : 30.416323 ms
pack      = 0.218750s : 34467 : 6.346664 us
unpack    = 0.312490s : 34467 : 9.066367 us

----SearchStats----
nb_duplicate_nodes = 1
select     = 0.015626s : 9899 : 1.578539 us
expand     = 0.046873s : 9898 : 4.735588 us
vcf solver = 0.234426s : 9898 : 23.684205 us
backup     = 0.000000s : 9898 : 0.000000 us
evaluate   = 0.000000s : 8833 : 0.000000 us
game rules = 0.000000s : 9899 : 0.000000 us

----TreeStats----
used nodes      = 279140
allocated nodes = 100000000
proven nodes    = 0 : 0 : 5 (win:draw:loss)
memory = 8MB
----CacheStats----
hit rate = 10.700000%
time_seek    = 0.000000s : 9898 : 0.000000 us
time_insert  = 0.000000s : 8833 : 0.000000 us
time_cleanup = 0.015625s : 1 : 15.624762 ms
entries = 8833 : 20476 : 29309 (stored:buffered:allocated)
memory = 36MB

Answered : MESSAGE depth 1-8 ev 99.2 n 9898 n/s 277 tm 35623 pv Og6 Xe4 Of6 Xf4 Oe6 Xd6 Og4
Answered : 6,6
Received : RESTART
