Compiled on May 17 2021 at 21:00:40
Launched in Engine\
Received : INFO max_memory 5368709120
Received : INFO timeout_match 900000
Received : INFO timeout_turn 900000
Received : INFO game_type 1
Received : INFO rule 1
Received : INFO time_left 900000
Received : BOARD
Received : 0,0,2
Received : 10,5,1
Received : 5,2,2
Received : DONE
BEST
CROSS  ( 3, 3) : U : Q=0.017921 : 0.000227 : 0.981852 : P=0.332574 : Visits=920 : Children=30
CROSS  ( 4, 2) : U : Q=0.018608 : 0.000336 : 0.981056 : P=0.073965 : Visits=211 : Children=30
CROSS  ( 3, 5) : U : Q=0.014519 : 0.000305 : 0.985176 : P=0.089374 : Visits=209 : Children=30
CROSS  ( 4, 4) : U : Q=0.018591 : 0.000147 : 0.981262 : P=0.051186 : Visits=145 : Children=30
CROSS  ( 2, 4) : U : Q=0.018603 : 0.000430 : 0.980967 : P=0.049444 : Visits=141 : Children=30
CROSS  ( 1, 4) : U : Q=0.013655 : 0.000598 : 0.985747 : P=0.048104 : Visits=112 : Children=30
CROSS  ( 4, 5) : U : Q=0.010273 : 0.000330 : 0.989397 : P=0.050918 : Visits=104 : Children=30
CROSS  ( 1, 6) : U : Q=0.011363 : 0.000572 : 0.988065 : P=0.041806 : Visits=89 : Children=30
CROSS  ( 1, 3) : U : Q=0.014880 : 0.000606 : 0.984514 : P=0.024923 : Visits=61 : Children=30
CROSS  ( 1, 7) : U : Q=0.008726 : 0.000538 : 0.990735 : P=0.019831 : Visits=38 : Children=30
  X   _   _   _   _   _   _   _   _   _   _   _   _   _   _ 
  _   _    9  25  46  X   36  15  _   _   _   _   _   _   _ 
  _   _    7  _   58  13  _   _   _   _   _   _   _   _   _ 
  _   _    7 380   7  86  _   _   _   _   _    6  _   _   _ 
  _   _   87  _   60  43   8  _   11  _    7   7   7   7   7
  _   _   _   _   _   _   _    8  O    8  O    7  _   _    6
  _   _   _   _   _   _   _   _   _   _   _    6   6  _   _ 
  _   _   _   _   _   _   _   _   _   _   _    6  _   _   _ 
  _   _   _   _   _   _   _   _   _   _   _   _   _   _   _ 
  _   _   _   _   _   _   _   _   _   _   _   _   _   _   _ 
  _   _   _   _   _   _   _   _   _   _   _   _   _   _   _ 
  _   _   _   _   _   _   _   _   _   _   _   _   _   _   _ 
  _   _   _   _   _   _   _   _   _   _   _   _   _   _   _ 
  _   _   _   _   _   _   _   _   _   _   _   _   _   _   _ 
  _   _   _   _   _   _   _   _   _   _   _   _   _   _   _ 

CIRCLE ( 0, 0) : U : Q=0.984790 : 0.000317 : 0.014893 : P=0.000000 : Visits=2417 : Children=30
CROSS  ( 3, 3) : U : Q=0.017921 : 0.000227 : 0.981852 : P=0.332574 : Visits=920 : Children=30
CIRCLE ( 6, 9) : U : Q=0.984694 : 0.000122 : 0.015183 : P=0.242184 : Visits=232 : Children=30
CROSS  ( 2, 4) : U : Q=0.015453 : 0.000130 : 0.984418 : P=0.707938 : Visits=176 : Children=3
CIRCLE ( 4, 2) : U : Q=0.985210 : 0.000122 : 0.014668 : P=0.943773 : Visits=167 : Children=30
CROSS  ( 4, 4) : U : Q=0.022887 : 0.000156 : 0.976957 : P=0.328966 : Visits=63 : Children=30
CIRCLE ( 7, 8) : U : Q=0.977681 : 0.000151 : 0.022167 : P=0.453007 : Visits=30 : Children=6
CROSS  ( 2, 2) : U : Q=0.034449 : 0.000187 : 0.965364 : P=0.452030 : Visits=15 : Children=1
CIRCLE ( 1, 1) : U : Q=0.967422 : 0.000189 : 0.032389 : P=1.000000 : Visits=14 : Children=6
CROSS  ( 8, 7) : U : Q=0.007403 : 0.000069 : 0.992528 : P=0.520875 : Visits=6 : Children=18
CIRCLE ( 5, 9) : U : Q=0.995677 : 0.000033 : 0.004291 : P=0.376722 : Visits=2 : Children=8
CROSS  ( 5, 7) : U : Q=0.002278 : 0.000016 : 0.997707 : P=0.724278 : Visits=1 : Children=30
CIRCLE ( 4, 9) : U : Q=0.000000 : 0.000000 : 0.000000 : P=0.345424 : Visits=0 : Children=0
----EvaluationQueue----
avg batch size = 7.992456
network   = 2638.198157s : 84300 : 31.295352 ms
pack      = 0.656258s : 84300 : 7.784794 us
unpack    = 0.562499s : 84300 : 6.672587 us

----SearchStats----
nb_duplicate_nodes = 1
select     = 0.000000s : 2418 : 0.000000 us
expand     = 0.000000s : 2417 : 0.000000 us
vcf solver = 0.156265s : 2417 : 64.652470 us
backup     = 0.000000s : 2417 : 0.000000 us
evaluate   = 0.000000s : 345 : 0.000000 us
game rules = 0.000000s : 2418 : 0.000000 us

----TreeStats----
used nodes      = 43229
allocated nodes = 100000000
proven nodes    = 0 : 0 : 5 (win:draw:loss)
memory = 1MB
----CacheStats----
hit rate = 85.700000%
time_seek    = 0.000000s : 2417 : 0.000000 us
time_insert  = 0.000000s : 345 : 0.000000 us
time_cleanup = 0.000000s : 1 : 0.000000 us
entries = 2288 : 27021 : 29309 (stored:buffered:allocated)
memory = 33MB

Answered : MESSAGE depth 1-13 ev 1.5 n 2417 n/s 77288 tm 31 pv Xd3 Og9 Xc4 Oe2 Xe4 Oh8 Xc2 Ob1 Xi7 Of9 Xf7 Oe9
BEST
CIRCLE ( 6, 9) : U : Q=0.987217 : 0.000236 : 0.012547 : P=0.135943 : Visits=3458 : Children=30
CIRCLE ( 4, 9) : U : Q=0.987399 : 0.000307 : 0.012294 : P=0.068831 : Visits=2044 : Children=30
CIRCLE ( 5, 8) : U : Q=0.973569 : 0.000511 : 0.025920 : P=0.150218 : Visits=1159 : Children=30
CIRCLE ( 6, 8) : U : Q=0.983079 : 0.000389 : 0.016532 : P=0.049993 : Visits=802 : Children=30
CIRCLE ( 5, 9) : U : Q=0.980401 : 0.000419 : 0.019181 : P=0.060126 : Visits=739 : Children=30
CIRCLE ( 7, 8) : U : Q=0.978089 : 0.000437 : 0.021474 : P=0.065395 : Visits=669 : Children=30
CIRCLE ( 7, 9) : U : Q=0.979805 : 0.000350 : 0.019845 : P=0.049031 : Visits=569 : Children=30
CIRCLE ( 7,10) : U : Q=0.980498 : 0.000370 : 0.019133 : P=0.045791 : Visits=566 : Children=30
CIRCLE ( 6,10) : U : Q=0.977132 : 0.000361 : 0.022507 : P=0.052846 : Visits=511 : Children=30
CIRCLE ( 6,11) : U : Q=0.985781 : 0.000325 : 0.013893 : P=0.016683 : Visits=387 : Children=30
  X   _   _   _   _   _   _   _   _   _   _   _   _   _   _ 
  _   _   _   _   _   _   _   _   _   _   _   _   _   _   _ 
  _   _   _   _   _   X   _   _   _   _   _   _   _   _   _ 
  _   _   _   _   _   _   _   _    1  _    7  _   _   _   _ 
  _   _   _   _   _    1  _    2  12 163  21   7  _   _   _ 
  _   _   _   _   _   _   _    8  92  59  O   12   1  _   _ 
  _   _   _   _   _   _   _   10  64 277  40  31  _   _   _ 
  _   _   _   _   _   _   _    3  53  45  45   8  _   _   _ 
  _   _   _   _   _   _   _    1   6  11   4   3  _   _   _ 
  _   _   _   _   _   _   _   _   _   _   _   _   _   _   _ 
  _   _   _   _   _   _   _   _   _   _   _   _   _   _   _ 
  _   _   _   _   _   _   _   _   _   _   _   _   _   _   _ 
  _   _   _   _   _   _   _   _   _   _   _   _   _   _   _ 
  _   _   _   _   _   _   _   _   _   _   _   _   _   _   _ 
  _   _   _   _   _   _   _   _   _   _   _   _   _   _   _ 

CROSS  ( 0, 0) : U : Q=0.018791 : 0.000405 : 0.980802 : P=0.000000 : Visits=12466 : Children=30
CIRCLE ( 6, 9) : U : Q=0.987217 : 0.000236 : 0.012547 : P=0.135943 : Visits=3458 : Children=30
CROSS  ( 4, 3) : U : Q=0.009069 : 0.000149 : 0.990783 : P=0.210729 : Visits=627 : Children=30
CIRCLE ( 4, 9) : U : Q=0.995875 : 0.000084 : 0.004041 : P=0.228737 : Visits=159 : Children=30
CROSS  ( 1, 6) : U : Q=0.003093 : 0.000062 : 0.996845 : P=0.395196 : Visits=64 : Children=3
CIRCLE ( 3, 4) : U : Q=0.997611 : 0.000050 : 0.002339 : P=0.956043 : Visits=61 : Children=30
CROSS  ( 2, 3) : U : Q=0.003066 : 0.000046 : 0.996888 : P=0.237416 : Visits=16 : Children=30
CIRCLE ( 5, 9) : U : Q=0.998001 : 0.000039 : 0.001960 : P=0.415826 : Visits=8 : Children=4
CROSS  ( 7, 9) : U : Q=0.001695 : 0.000035 : 0.998271 : P=0.524879 : Visits=4 : Children=30
CIRCLE ( 5, 8) : U : Q=0.998286 : 0.000035 : 0.001679 : P=0.444217 : Visits=2 : Children=6
CROSS  ( 5, 7) : U : Q=0.001177 : 0.000019 : 0.998803 : P=0.514759 : Visits=1 : Children=30
CIRCLE ( 3,10) : U : Q=0.000000 : 0.000000 : 0.000000 : P=0.351801 : Visits=0 : Children=0
----EvaluationQueue----
avg batch size = 7.992460
network   = 2672.947154s : 85273 : 31.345762 ms
pack      = 0.671883s : 85273 : 7.879195 us
unpack    = 0.562499s : 85273 : 6.596450 us

----SearchStats----
nb_duplicate_nodes = 1
select     = 0.093742s : 12467 : 7.519221 us
expand     = 0.078119s : 12466 : 6.266587 us
vcf solver = 0.296878s : 12466 : 23.814987 us
backup     = 0.000000s : 12466 : 0.000000 us
evaluate   = 0.000000s : 7777 : 0.000000 us
game rules = 0.000000s : 12467 : 0.000000 us

----TreeStats----
used nodes      = 235127
allocated nodes = 100000000
proven nodes    = 0 : 0 : 7 (win:draw:loss)
memory = 7MB
----CacheStats----
hit rate = 37.600000%
time_seek    = 0.046870s : 12466 : 3.759864 us
time_insert  = 0.031256s : 7777 : 4.019056 us
time_cleanup = 0.000000s : 1 : 0.000000 us
entries = 7890 : 21419 : 29309 (stored:buffered:allocated)
memory = 36MB

Answered : MESSAGE depth 1-12 ev 98.1 n 12466 n/s 349 tm 35623 pv Og9 Xe3 Oe9 Xb6 Od4 Xc3 Of9 Xh9 Of8 Xf7 Od10
Answered : 9,6
Received : RESTART
