Compiled on May 17 2021 at 21:00:40
Launched in Engine\
Received : INFO max_memory 5368709120
Received : INFO timeout_match 900000
Received : INFO timeout_turn 900000
Received : INFO game_type 1
Received : INFO rule 1
Received : INFO time_left 900000
Received : BOARD
Received : 0,0,2
Received : 8,4,1
Received : 5,1,2
Received : DONE
BEST
CROSS  ( 4, 4) : U : Q=0.016924 : 0.000439 : 0.982637 : P=0.284795 : Visits=1018 : Children=30
CROSS  ( 1, 5) : U : Q=0.009963 : 0.000566 : 0.989471 : P=0.046259 : Visits=120 : Children=30
CROSS  ( 3, 2) : U : Q=0.007891 : 0.000355 : 0.991754 : P=0.050282 : Visits=120 : Children=30
CROSS  ( 3, 3) : U : Q=0.007705 : 0.000319 : 0.991976 : P=0.037007 : Visits=87 : Children=30
CROSS  ( 3, 4) : U : Q=0.012658 : 0.000427 : 0.986915 : P=0.029566 : Visits=85 : Children=30
CROSS  ( 2, 4) : U : Q=0.013444 : 0.000545 : 0.986011 : P=0.027152 : Visits=81 : Children=30
CROSS  ( 1, 3) : U : Q=0.010315 : 0.000628 : 0.989056 : P=0.028560 : Visits=75 : Children=30
CROSS  ( 4, 1) : U : Q=0.008023 : 0.000515 : 0.991462 : P=0.031376 : Visits=75 : Children=30
CROSS  ( 6, 6) : U : Q=0.004000 : 0.000322 : 0.995678 : P=0.034996 : Visits=73 : Children=30
CROSS  ( 2, 3) : U : Q=0.006456 : 0.000307 : 0.993237 : P=0.029163 : Visits=66 : Children=30
  X   _   _   _   _   _   _   _   _   _   _   _   _   _   _ 
  _   _   16  28  X   45  22  20  _   _   _   _   _   _   _ 
  _   _   _   24  30  16  16  15  16  15  13  _   _   _   _ 
  _   _   45  32  31  17  13  14  14  18  15  _   _   _   _ 
  _   28  15  15 382  15  _   14  O   _   14  _   _   _   _ 
  _   _   _   _   _   _   _   O   _   _   _   _   _   _   _ 
  _   _   _   _   _   _   27  _   _   _   _   _   _   _   _ 
  _   _   _   _   _   _   _   _   _   _   _   _   _   _   _ 
  _   _   _   _   _   _   _   _   _   _   _   _   _   _   _ 
  _   _   _   _   _   _   _   _   _   _   _   _   _   _   _ 
  _   _   _   _   _   _   _   _   _   _   _   _   _   _   _ 
  _   _   _   _   _   _   _   _   _   _   _   _   _   _   _ 
  _   _   _   _   _   _   _   _   _   _   _   _   _   _   _ 
  _   _   _   _   _   _   _   _   _   _   _   _   _   _   _ 
  _   _   _   _   _   _   _   _   _   _   _   _   _   _   _ 

CIRCLE ( 0, 0) : U : Q=0.988769 : 0.000414 : 0.010817 : P=0.000000 : Visits=2662 : Children=30
CROSS  ( 4, 4) : U : Q=0.016924 : 0.000439 : 0.982637 : P=0.284795 : Visits=1018 : Children=30
CIRCLE ( 5, 8) : U : Q=0.989740 : 0.000199 : 0.010061 : P=0.211029 : Visits=254 : Children=30
CROSS  ( 2, 4) : U : Q=0.012145 : 0.000220 : 0.987634 : P=0.418518 : Visits=114 : Children=3
CIRCLE ( 3, 4) : U : Q=0.991084 : 0.000162 : 0.008755 : P=0.696985 : Visits=81 : Children=30
CROSS  ( 3, 3) : U : Q=0.009367 : 0.000165 : 0.990468 : P=0.685246 : Visits=63 : Children=16
CIRCLE ( 6, 8) : U : Q=0.992801 : 0.000128 : 0.007072 : P=0.336280 : Visits=22 : Children=6
CROSS  ( 7, 8) : U : Q=0.006598 : 0.000086 : 0.993317 : P=0.381255 : Visits=8 : Children=30
CIRCLE ( 6, 6) : U : Q=0.994289 : 0.000068 : 0.005643 : P=0.392229 : Visits=4 : Children=8
CROSS  ( 2, 2) : U : Q=0.011683 : 0.000088 : 0.988229 : P=0.179119 : Visits=1 : Children=1
CIRCLE ( 1, 1) : U : Q=0.000000 : 0.000000 : 0.000000 : P=1.000000 : Visits=0 : Children=0
----EvaluationQueue----
avg batch size = 7.992108
network   = 511.687994s : 16853 : 30.361834 ms
pack      = 0.015624s : 16853 : 0.927092 us
unpack    = 0.156246s : 16853 : 9.271120 us

----SearchStats----
nb_duplicate_nodes = 0
select     = 0.000000s : 2662 : 0.000000 us
expand     = 0.000000s : 2662 : 0.000000 us
vcf solver = 0.093751s : 2662 : 35.218150 us
backup     = 0.000000s : 2662 : 0.000000 us
evaluate   = 0.000000s : 368 : 0.000000 us
game rules = 0.000000s : 2662 : 0.000000 us

----TreeStats----
used nodes      = 53333
allocated nodes = 100000000
proven nodes    = 0 : 0 : 10 (win:draw:loss)
memory = 1MB
----CacheStats----
hit rate = 86.100000%
time_seek    = 0.000000s : 2662 : 0.000000 us
time_insert  = 0.000000s : 368 : 0.000000 us
time_cleanup = 0.015618s : 1 : 15.618324 ms
entries = 3154 : 7386 : 10540 (stored:buffered:allocated)
memory = 33MB

Answered : MESSAGE depth 1-11 ev 1.1 n 2662 n/s 170142 tm 15 pv Xe4 Of8 Xc4 Od4 Xd3 Og8 Xh8 Og6 Xc2 Ob1
BEST
CIRCLE ( 5, 7) : U : Q=0.988519 : 0.000417 : 0.011065 : P=0.095038 : Visits=1867 : Children=30
CIRCLE ( 6, 8) : U : Q=0.989825 : 0.000338 : 0.009838 : P=0.075330 : Visits=1747 : Children=30
CIRCLE ( 5, 9) : U : Q=0.987198 : 0.000352 : 0.012450 : P=0.086990 : Visits=1513 : Children=30
CIRCLE ( 6, 7) : U : Q=0.986554 : 0.000384 : 0.013062 : P=0.072392 : Visits=1142 : Children=30
CIRCLE ( 4, 7) : U : Q=0.985238 : 0.000605 : 0.014156 : P=0.058196 : Visits=830 : Children=30
CIRCLE ( 4, 6) : U : Q=0.982457 : 0.001092 : 0.016451 : P=0.061065 : Visits=705 : Children=30
CIRCLE ( 5, 8) : U : Q=0.984139 : 0.000427 : 0.015435 : P=0.052124 : Visits=690 : Children=30
CIRCLE ( 5, 6) : U : Q=0.980737 : 0.000728 : 0.018535 : P=0.068599 : Visits=689 : Children=30
CIRCLE ( 6, 9) : U : Q=0.982831 : 0.000481 : 0.016688 : P=0.051703 : Visits=599 : Children=30
CIRCLE ( 6, 6) : U : Q=0.985136 : 0.000688 : 0.014176 : P=0.038173 : Visits=574 : Children=30
  X   _   _   _   _   _   _   _   _   _   _   _   _   _   _ 
  _   _   _   _   _   X   _   _   _   _   _   _   _   _   _ 
  _   _   _   _   _   _   _   _    2  _   _   _   _   _   _ 
  _   _   _   _   _    1   5  19  34  16  _   _   _   _   _ 
  _   _   _   _   _    9  50  59  O   35  14  _   _   _   _ 
  _   _   _   _    1  21  49 134  49 108  17  _   _   _   _ 
  _   _   _   _   _    2  41  82 125  43  19  _   _   _   _ 
  _   _   _   _   _    2   6  16  10  13   2  _   _   _   _ 
  _   _   _   _   _   _   _   _   _   _   _   _   _   _   _ 
  _   _   _   _   _   _   _   _   _   _   _   _   _   _   _ 
  _   _   _   _   _   _   _   _   _   _   _   _   _   _   _ 
  _   _   _   _   _   _   _   _   _   _   _   _   _   _   _ 
  _   _   _   _   _   _   _   _   _   _   _   _   _   _   _ 
  _   _   _   _   _   _   _   _   _   _   _   _   _   _   _ 
  _   _   _   _   _   _   _   _   _   _   _   _   _   _   _ 

CROSS  ( 0, 0) : U : Q=0.014473 : 0.000561 : 0.984966 : P=0.000000 : Visits=13898 : Children=30
CIRCLE ( 5, 7) : U : Q=0.988519 : 0.000417 : 0.011065 : P=0.095038 : Visits=1867 : Children=30
CROSS  ( 3, 3) : U : Q=0.016432 : 0.000405 : 0.983163 : P=0.336765 : Visits=779 : Children=30
CIRCLE ( 5, 8) : U : Q=0.991988 : 0.000150 : 0.007862 : P=0.200060 : Visits=195 : Children=30
CROSS  ( 2, 4) : U : Q=0.010499 : 0.000185 : 0.989316 : P=0.563772 : Visits=117 : Children=3
CIRCLE ( 4, 2) : U : Q=0.989862 : 0.000153 : 0.009984 : P=0.924080 : Visits=109 : Children=30
CROSS  ( 4, 4) : U : Q=0.015956 : 0.000199 : 0.983845 : P=0.415495 : Visits=48 : Children=30
CIRCLE ( 6, 6) : U : Q=0.994863 : 0.000084 : 0.005053 : P=0.371969 : Visits=21 : Children=6
CROSS  ( 3, 9) : U : Q=0.003246 : 0.000077 : 0.996678 : P=0.347685 : Visits=7 : Children=21
CIRCLE ( 6, 8) : U : Q=0.996425 : 0.000072 : 0.003503 : P=0.624568 : Visits=5 : Children=8
CROSS  ( 7, 8) : U : Q=0.002086 : 0.000036 : 0.997878 : P=0.365652 : Visits=2 : Children=30
CIRCLE ( 6, 7) : U : Q=0.997262 : 0.000028 : 0.002710 : P=0.221097 : Visits=1 : Children=10
CROSS  ( 6, 9) : U : Q=0.000000 : 0.000000 : 0.000000 : P=0.292470 : Visits=0 : Children=0
----EvaluationQueue----
avg batch size = 7.992233
network   = 546.061943s : 18025 : 30.294699 ms
pack      = 0.031250s : 18025 : 1.733716 us
unpack    = 0.171871s : 18025 : 9.535129 us

----SearchStats----
nb_duplicate_nodes = 1
select     = 0.046877s : 13899 : 3.372699 us
expand     = 0.062499s : 13898 : 4.496998 us
vcf solver = 0.515661s : 13898 : 37.103252 us
backup     = 0.015626s : 13898 : 1.124331 us
evaluate   = 0.000000s : 9369 : 0.000000 us
game rules = 0.015625s : 13899 : 1.124216 us

----TreeStats----
used nodes      = 275657
allocated nodes = 100000000
proven nodes    = 0 : 0 : 5 (win:draw:loss)
memory = 8MB
----CacheStats----
hit rate = 32.500000%
time_seek    = 0.000000s : 13898 : 0.000000 us
time_insert  = 0.015624s : 9369 : 1.667658 us
time_cleanup = 0.000000s : 1 : 0.000000 us
entries = 9608 : 932 : 10540 (stored:buffered:allocated)
memory = 37MB

Answered : MESSAGE depth 1-13 ev 98.5 n 13898 n/s 390 tm 35623 pv Of7 Xd3 Of8 Xc4 Oe2 Xe4 Og6 Xd9 Og8 Xh8 Og7 Xg9
Answered : 7,5
Received : RESTART
