Compiled on May 17 2021 at 21:00:40
Launched in Engine\
Answered : MESSAGE Detected following devices
Answered : MESSAGE CPU : GenuineIntel : 8 x AVX with 6091MB of memory
Answered : OK
Received : INFO max_memory 5368709120
Received : INFO timeout_match 900000
Received : INFO timeout_turn 900000
Received : INFO game_type 1
Received : INFO rule 1
Received : INFO time_left 900000
Received : BOARD
Received : 0,0,2
Received : 4,5,1
Received : 1,1,2
Received : DONE
BEST
CROSS  ( 3, 0) : U : Q=0.005243 : 0.000451 : 0.994306 : P=0.070259 : Visits=3076 : Children=30
CROSS  ( 2, 0) : U : Q=0.006706 : 0.000482 : 0.992812 : P=0.045329 : Visits=2726 : Children=30
CROSS  ( 4, 0) : U : Q=0.004291 : 0.000354 : 0.995354 : P=0.050869 : Visits=1869 : Children=30
CROSS  ( 4, 3) : U : Q=0.004206 : 0.000376 : 0.995418 : P=0.040796 : Visits=1481 : Children=30
CROSS  ( 3, 3) : U : Q=0.004239 : 0.000312 : 0.995449 : P=0.037270 : Visits=1354 : Children=30
CROSS  ( 4, 4) : U : Q=0.003367 : 0.000331 : 0.996302 : P=0.039285 : Visits=1254 : Children=30
CROSS  ( 5, 3) : U : Q=0.003647 : 0.000346 : 0.996007 : P=0.034248 : Visits=1139 : Children=30
CROSS  ( 3, 4) : U : Q=0.003603 : 0.000294 : 0.996102 : P=0.032989 : Visits=1087 : Children=30
CROSS  ( 4, 2) : U : Q=0.003163 : 0.000268 : 0.996569 : P=0.033996 : Visits=1051 : Children=30
CROSS  ( 5, 2) : U : Q=0.003155 : 0.000291 : 0.996553 : P=0.033241 : Visits=1028 : Children=30
  X   _   _   _   _   _   _   _   _   _   _   _   _   _   _ 
  X   26  _   _   _   _   _   _   _   _   _   _   _   _   _ 
  81  22  28  24  25  26  23  _   _   _   _   _   _   _   _ 
  91  28  24  40  32  24  _   23  _   _   _   _   _   _   _ 
  55  28  31  44  37  30  _   _   _   _   _   _   _   _   _ 
  25  26  30  34  O   _   _   _   _   _   _   _   _   _   _ 
  26  _   23  27  23  O   _   _   _   _   _   _   _   _   _ 
  _   _   _   _   _   _   30  _   _   _   _   _   _   _   _ 
  _   _   _   _   _   _   _   _   _   _   _   _   _   _   _ 
  _   _   _   _   _   _   _   _   _   _   _   _   _   _   _ 
  _   _   _   _   _   _   _   _   _   _   _   _   _   _   _ 
  _   _   _   _   _   _   _   _   _   _   _   _   _   _   _ 
  _   _   _   _   _   _   _   _   _   _   _   _   _   _   _ 
  _   _   _   _   _   _   _   _   _   _   _   _   _   _   _ 
  _   _   _   _   _   _   _   _   _   _   _   _   _   _   _ 

CIRCLE ( 0, 0) : U : Q=0.995981 : 0.000320 : 0.003702 : P=0.000000 : Visits=33451 : Children=30
CROSS  ( 3, 0) : U : Q=0.005243 : 0.000451 : 0.994306 : P=0.070259 : Visits=3076 : Children=30
CIRCLE ( 2, 0) : U : Q=0.995929 : 0.000384 : 0.003686 : P=0.580521 : Visits=1903 : Children=30
CROSS  ( 4, 3) : U : Q=0.003571 : 0.000429 : 0.996000 : P=0.052022 : Visits=99 : Children=30
CIRCLE ( 5, 5) : U : Q=0.997195 : 0.000256 : 0.002549 : P=0.130866 : Visits=15 : Children=30
CROSS  ( 5, 3) : U : Q=0.002931 : 0.000251 : 0.996818 : P=0.279558 : Visits=7 : Children=30
CIRCLE ( 4, 5) : U : Q=0.997833 : 0.000215 : 0.001952 : P=0.403678 : Visits=3 : Children=4
CROSS  ( 3, 5) : U : Q=0.001779 : 0.000175 : 0.998046 : P=0.537513 : Visits=1 : Children=25
CIRCLE ( 6, 3) : U : Q=0.000000 : 0.000000 : 0.000000 : P=0.911706 : Visits=0 : Children=0
----EvaluationQueue----
avg batch size = 7.993651
network   = 904.363696s : 29770 : 30.378357 ms
pack      = 0.156251s : 29770 : 5.248604 us
unpack    = 0.265619s : 29770 : 8.922357 us

----SearchStats----
nb_duplicate_nodes = 0
select     = 0.093755s : 33451 : 2.802742 us
expand     = 0.171877s : 33451 : 5.138162 us
vcf solver = 0.875093s : 33451 : 26.160443 us
backup     = 0.000000s : 33451 : 0.000000 us
evaluate   = 0.000000s : 27528 : 0.000000 us
game rules = 0.000000s : 33451 : 0.000000 us

----TreeStats----
used nodes      = 774599
allocated nodes = 100000000
proven nodes    = 1 : 0 : 16 (win:draw:loss)
memory = 23MB
----CacheStats----
hit rate = 17.700000%
time_seek    = 0.031251s : 33451 : 0.934231 us
time_insert  = 0.062501s : 27528 : 2.270450 us
time_cleanup = 0.015623s : 1 : 15.623093 ms
entries = 29309 : 0 : 29309 (stored:buffered:allocated)
memory = 48MB

Answered : MESSAGE depth 1-9 ev 0.3 n 33451 n/s 1070481 tm 31 pv Xd0 Oc0 Xe3 Of5 Xf3 Oe5 Xd5 Og3
BEST
CIRCLE ( 4, 4) : U : Q=0.995363 : 0.000480 : 0.004157 : P=0.114379 : Visits=1477 : Children=30
CIRCLE ( 6, 5) : U : Q=0.994252 : 0.000523 : 0.005225 : P=0.093183 : Visits=1148 : Children=30
CIRCLE ( 5, 6) : U : Q=0.994555 : 0.000542 : 0.004903 : P=0.072174 : Visits=921 : Children=30
CIRCLE ( 4, 5) : U : Q=0.994906 : 0.000558 : 0.004536 : P=0.058662 : Visits=776 : Children=30
CIRCLE ( 6, 7) : U : Q=0.992779 : 0.000881 : 0.006340 : P=0.060903 : Visits=670 : Children=30
CIRCLE ( 6, 6) : U : Q=0.991275 : 0.000865 : 0.007860 : P=0.056437 : Visits=549 : Children=30
CIRCLE ( 7, 5) : U : Q=0.991451 : 0.000834 : 0.007715 : P=0.050171 : Visits=494 : Children=30
CIRCLE ( 7, 4) : U : Q=0.988212 : 0.000951 : 0.010836 : P=0.053245 : Visits=421 : Children=30
CIRCLE ( 6, 4) : U : Q=0.989818 : 0.001010 : 0.009172 : P=0.040614 : Visits=358 : Children=30
CIRCLE ( 8, 5) : U : Q=0.988281 : 0.001167 : 0.010552 : P=0.039797 : Visits=318 : Children=30
  X   _   _   _   _   _   _   _   _   _   _   _   _   _   _ 
  _   X   _   _   _   _   _   _   _   _   _   _   _   _   _ 
  _   _   _   _   _   _   _   _   _   _   _   _   _   _   _ 
  _   _   _   _   13  11  13  _   _   _   _   _   _   _   _ 
  _   _   _   22 140  73  25  18  _   _   _   _   _   _   _ 
  _   _   _   29  O   22  87  25  _   _   _   _   _   _   _ 
  _   _   _   22  34 109  52  63   4  _   _   _   _   _   _ 
  _   _   _    7  40  46  28  18   5  _   _   _   _   _   _ 
  _   _   _    8  18  30  13   9  _   _   _   _   _   _   _ 
  _   _   _   _   _   _    2  _   _   _   _   _   _   _   _ 
  _   _   _   _   _   _   _   _   _   _   _   _   _   _   _ 
  _   _   _   _   _   _   _   _   _   _   _   _   _   _   _ 
  _   _   _   _   _   _   _   _   _   _   _   _   _   _   _ 
  _   _   _   _   _   _   _   _   _   _   _   _   _   _   _ 
  _   _   _   _   _   _   _   _   _   _   _   _   _   _   _ 

CROSS  ( 0, 0) : U : Q=0.006812 : 0.000791 : 0.992398 : P=0.000000 : Visits=10525 : Children=30
CIRCLE ( 4, 4) : U : Q=0.995363 : 0.000480 : 0.004157 : P=0.114379 : Visits=1477 : Children=30
CROSS  ( 6, 4) : U : Q=0.003703 : 0.000538 : 0.995759 : P=0.081638 : Visits=120 : Children=30
CIRCLE ( 4, 5) : U : Q=0.996786 : 0.000365 : 0.002848 : P=0.259551 : Visits=35 : Children=30
CROSS  ( 6, 3) : U : Q=0.003378 : 0.000330 : 0.996292 : P=0.176139 : Visits=7 : Children=30
CIRCLE ( 4, 3) : U : Q=0.997876 : 0.000214 : 0.001911 : P=0.261421 : Visits=2 : Children=4
CROSS  ( 4, 6) : U : Q=0.000957 : 0.000145 : 0.998898 : P=0.548468 : Visits=1 : Children=21
CIRCLE ( 6, 5) : U : Q=0.000000 : 0.000000 : 0.000000 : P=0.838151 : Visits=0 : Children=0
----EvaluationQueue----
avg batch size = 7.993664
network   = 939.143923s : 30933 : 30.360583 ms
pack      = 0.156251s : 30933 : 5.051271 us
unpack    = 0.281241s : 30933 : 9.091939 us

----SearchStats----
nb_duplicate_nodes = 1
select     = 0.015630s : 10526 : 1.484850 us
expand     = 0.062500s : 10525 : 5.938242 us
vcf solver = 0.171884s : 10525 : 16.331050 us
backup     = 0.000000s : 10525 : 0.000000 us
evaluate   = 0.000000s : 9297 : 0.000000 us
game rules = 0.000000s : 10526 : 0.000000 us

----TreeStats----
used nodes      = 283261
allocated nodes = 100000000
proven nodes    = 0 : 0 : 6 (win:draw:loss)
memory = 8MB
----CacheStats----
hit rate = 11.600000%
time_seek    = 0.015626s : 10525 : 1.484696 us
time_insert  = 0.031250s : 9297 : 3.361351 us
time_cleanup = 0.000000s : 1 : 0.000000 us
entries = 10355 : 18954 : 29309 (stored:buffered:allocated)
memory = 37MB

Answered : MESSAGE depth 1-8 ev 99.2 n 10525 n/s 295 tm 35608 pv Oe4 Xg4 Oe5 Xg3 Oe3 Xe6 Og5
Answered : 4,4
Received : RESTART
