Compiled on May 17 2021 at 21:00:40
Launched in Engine\
Received : INFO max_memory 2147483648
Received : INFO timeout_match 900000
Received : INFO timeout_turn 900000
Received : INFO game_type 1
Received : INFO rule 1
Received : INFO time_left 900000
Received : BOARD
Received : 0,0,2
Received : 4,4,1
Received : 1,0,2
Received : DONE
BEST
CROSS  ( 6, 5) : U : Q=0.003967 : 0.000520 : 0.995513 : P=0.090107 : Visits=149 : Children=30
CROSS  ( 3, 0) : U : Q=0.018087 : 0.000968 : 0.980945 : P=0.040048 : Visits=122 : Children=30
CROSS  ( 2, 0) : U : Q=0.017381 : 0.001041 : 0.981577 : P=0.038617 : Visits=113 : Children=30
CROSS  ( 4, 0) : U : Q=0.011163 : 0.000845 : 0.987992 : P=0.035995 : Visits=77 : Children=30
CROSS  ( 3, 4) : U : Q=0.004294 : 0.000536 : 0.995171 : P=0.038856 : Visits=65 : Children=30
CROSS  ( 3, 2) : U : Q=0.003088 : 0.000407 : 0.996505 : P=0.039094 : Visits=62 : Children=30
CROSS  ( 4, 4) : U : Q=0.004722 : 0.000605 : 0.994673 : P=0.036234 : Visits=61 : Children=30
CROSS  ( 7, 6) : U : Q=0.003713 : 0.000382 : 0.995905 : P=0.037664 : Visits=61 : Children=30
CROSS  ( 3, 3) : U : Q=0.004058 : 0.000500 : 0.995441 : P=0.034565 : Visits=57 : Children=30
CROSS  ( 5, 3) : U : Q=0.003381 : 0.000470 : 0.996149 : P=0.034803 : Visits=56 : Children=30
  X   26  _   _   _   _   _   _   _   _   _   _   _   _   _ 
  X   25  25  _   _   _   _   _   _   _   _   _   _   _   _ 
  64  _   25  30  24  _   _   _   _   _   _   _   _   _   _ 
  69  _   35  32  37  _   _   _   _   _   _   _   _   _   _ 
  44  _   26  O   34  _   _   _   _   _   _   _   _   _   _ 
  _   _   27  32  O   _   _   _   _   _   _   _   _   _   _ 
  26  _   26  28  25  85  _   _   _   _   _   _   _   _   _ 
  _   _   _   29  26  25  34  _   _   _   _   _   _   _   _ 
  _   _   _   25  24  24  _   _   _   _   _   _   _   _   _ 
  _   _   _   29  24  _   _   _   _   _   _   _   _   _   _ 
  _   _   _   _   _   _   _   _   _   _   _   _   _   _   _ 
  _   _   _   _   _   _   _   _   _   _   _   _   _   _   _ 
  _   _   _   _   _   _   _   _   _   _   _   _   _   _   _ 
  _   _   _   _   _   _   _   _   _   _   _   _   _   _   _ 
  _   _   _   _   _   _   _   _   _   _   _   _   _   _   _ 

CIRCLE ( 0, 0) : U : Q=0.993615 : 0.000510 : 0.005875 : P=0.000000 : Visits=1746 : Children=30
CROSS  ( 6, 5) : U : Q=0.003967 : 0.000520 : 0.995513 : P=0.090107 : Visits=149 : Children=30
CIRCLE ( 4, 4) : U : Q=0.996447 : 0.000323 : 0.003229 : P=0.187789 : Visits=30 : Children=30
CROSS  ( 4, 5) : U : Q=0.003130 : 0.000367 : 0.996502 : P=0.209755 : Visits=8 : Children=30
CIRCLE ( 3, 4) : U : Q=0.996701 : 0.000394 : 0.002905 : P=0.349386 : Visits=3 : Children=4
CROSS  ( 6, 4) : U : Q=0.002704 : 0.000468 : 0.996828 : P=0.637980 : Visits=1 : Children=30
CIRCLE ( 2, 5) : U : Q=0.000000 : 0.000000 : 0.000000 : P=0.493524 : Visits=0 : Children=0
----EvaluationQueue----
avg batch size = 7.994737
network   = 35.514568s : 1330 : 26.702683 ms
pack      = 0.000000s : 1330 : 0.000000 us
unpack    = 0.000000s : 1330 : 0.000000 us

----SearchStats----
nb_duplicate_nodes = 0
select     = 0.000000s : 1746 : 0.000000 us
expand     = 0.015615s : 1746 : 8.943018 us
vcf solver = 0.031251s : 1746 : 17.898599 us
backup     = 0.000000s : 1746 : 0.000000 us
evaluate   = 0.000000s : 448 : 0.000000 us
game rules = 0.000000s : 1746 : 0.000000 us

----TreeStats----
used nodes      = 47301
allocated nodes = 100000000
proven nodes    = 0 : 0 : 0 (win:draw:loss)
memory = 1MB
----CacheStats----
hit rate = 74.300000%
time_seek    = 0.000000s : 1746 : 0.000000 us
time_insert  = 0.000000s : 448 : 0.000000 us
time_cleanup = 0.015625s : 1 : 15.625238 ms
entries = 2408 : 7777 : 10185 (stored:buffered:allocated)
memory = 33MB

Answered : MESSAGE depth 1-7 ev 0.6 n 1746 n/s 111745 tm 15 pv Xg5 Oe4 Xe5 Od4 Xg4 Oc5
BEST
CIRCLE ( 5, 5) : U : Q=0.993362 : 0.000501 : 0.006137 : P=0.139263 : Visits=1594 : Children=30
CIRCLE ( 6, 4) : U : Q=0.994359 : 0.000509 : 0.005131 : P=0.092094 : Visits=1153 : Children=30
CIRCLE ( 5, 6) : U : Q=0.994686 : 0.000500 : 0.004814 : P=0.086963 : Visits=1122 : Children=30
CIRCLE ( 4, 6) : U : Q=0.993662 : 0.000508 : 0.005830 : P=0.073963 : Visits=871 : Children=30
CIRCLE ( 6, 5) : U : Q=0.993510 : 0.000507 : 0.005983 : P=0.071691 : Visits=833 : Children=30
CIRCLE ( 6, 6) : U : Q=0.994841 : 0.000532 : 0.004628 : P=0.057856 : Visits=759 : Children=30
CIRCLE ( 5, 7) : U : Q=0.995266 : 0.000493 : 0.004241 : P=0.053082 : Visits=724 : Children=30
CIRCLE ( 5, 4) : U : Q=0.990291 : 0.000645 : 0.009065 : P=0.060420 : Visits=555 : Children=30
CIRCLE ( 3, 5) : U : Q=0.993501 : 0.000545 : 0.005955 : P=0.032735 : Visits=380 : Children=30
CIRCLE ( 6, 7) : U : Q=0.994675 : 0.000608 : 0.004717 : P=0.028587 : Visits=370 : Children=30
  X   X   _   _   _   _   _   _   _   _   _   _   _   _   _ 
  _   _   _   _   _   _   _   _   _   _   _   _   _   _   _ 
  _   _   _   _    9  _    6   4  _   _   _   _   _   _   _ 
  _   _   _    6  25  31  23  24  _   _   _   _   _   _   _ 
  _   _    6  20  O   28  72  27  _   _   _   _   _   _   _ 
  _   _   _   26  46 133  93  60  _   _   _   _   _   _   _ 
  _   _    4   8  96  69  63  30   5  _   _   _   _   _   _ 
  _   _   _    7  14  28  11  12  _   _   _   _   _   _   _ 
  _   _   _   _   _   _   _   _   _   _   _   _   _   _   _ 
  _   _   _   _   _   _   _   _   _   _   _   _   _   _   _ 
  _   _   _   _   _   _   _   _   _   _   _   _   _   _   _ 
  _   _   _   _   _   _   _   _   _   _   _   _   _   _   _ 
  _   _   _   _   _   _   _   _   _   _   _   _   _   _   _ 
  _   _   _   _   _   _   _   _   _   _   _   _   _   _   _ 
  _   _   _   _   _   _   _   _   _   _   _   _   _   _   _ 

CROSS  ( 0, 0) : U : Q=0.005642 : 0.000535 : 0.993822 : P=0.000000 : Visits=11950 : Children=30
CIRCLE ( 5, 5) : U : Q=0.993362 : 0.000501 : 0.006137 : P=0.139263 : Visits=1594 : Children=30
CROSS  ( 0, 2) : U : Q=0.019146 : 0.001010 : 0.979845 : P=0.045618 : Visits=129 : Children=30
CIRCLE ( 4, 6) : U : Q=0.994569 : 0.000501 : 0.004930 : P=0.095451 : Visits=14 : Children=30
CROSS  ( 0, 4) : U : Q=0.005845 : 0.000575 : 0.993581 : P=0.347565 : Visits=8 : Children=1
CIRCLE ( 0, 3) : U : Q=0.997723 : 0.000207 : 0.002069 : P=1.000000 : Visits=7 : Children=30
CROSS  ( 2, 3) : U : Q=0.001881 : 0.000264 : 0.997855 : P=0.041599 : Visits=1 : Children=30
CIRCLE ( 4, 5) : U : Q=0.000000 : 0.000000 : 0.000000 : P=0.170912 : Visits=0 : Children=0
----EvaluationQueue----
avg batch size = 7.994667
network   = 70.513555s : 2625 : 26.862307 ms
pack      = 0.000000s : 2625 : 0.000000 us
unpack    = 0.000000s : 2625 : 0.000000 us

----SearchStats----
nb_duplicate_nodes = 1
select     = 0.031249s : 11951 : 2.614784 us
expand     = 0.156234s : 11950 : 13.073937 us
vcf solver = 0.125011s : 11950 : 10.461209 us
backup     = 0.000000s : 11950 : 0.000000 us
evaluate   = 0.000000s : 10353 : 0.000000 us
game rules = 0.000000s : 11951 : 0.000000 us

----TreeStats----
used nodes      = 333449
allocated nodes = 100000000
proven nodes    = 0 : 0 : 0 (win:draw:loss)
memory = 10MB
----CacheStats----
hit rate = 13.300000%
time_seek    = 0.000000s : 11950 : 0.000000 us
time_insert  = 0.000000s : 10353 : 0.000000 us
time_cleanup = 0.015625s : 1 : 15.624523 ms
entries = 10361 : 0 : 10361 (stored:buffered:allocated)
memory = 37MB

Answered : MESSAGE depth 1-8 ev 99.4 n 11950 n/s 335 tm 35608 pv Of5 Xa2 Oe6 Xa4 Oa3 Xc3 Oe5
Answered : 5,5
Received : RESTART
