Compiled on May 17 2021 at 21:00:40
Launched in Engine\
Received : INFO max_memory 5368709120
Received : INFO timeout_match 900000
Received : INFO timeout_turn 900000
Received : INFO game_type 1
Received : INFO rule 1
Received : INFO time_left 900000
Received : BOARD
Received : 0,0,2
Received : 3,5,1
Received : 0,2,2
Received : DONE
BEST
CROSS  ( 7, 5) : U : Q=0.003620 : 0.000438 : 0.995943 : P=0.109537 : Visits=196 : Children=30
CROSS  ( 2, 0) : U : Q=0.020281 : 0.001063 : 0.978656 : P=0.029973 : Visits=121 : Children=30
CROSS  ( 3, 0) : U : Q=0.017799 : 0.000915 : 0.981286 : P=0.028338 : Visits=97 : Children=30
CROSS  ( 4, 0) : U : Q=0.010869 : 0.000803 : 0.988329 : P=0.041144 : Visits=97 : Children=30
CROSS  ( 4, 2) : U : Q=0.003798 : 0.000462 : 0.995740 : P=0.040599 : Visits=73 : Children=30
CROSS  ( 8, 6) : U : Q=0.003010 : 0.000289 : 0.996701 : P=0.040872 : Visits=71 : Children=30
CROSS  ( 5, 1) : U : Q=0.003380 : 0.000369 : 0.996251 : P=0.037875 : Visits=67 : Children=30
CROSS  ( 5, 2) : U : Q=0.003774 : 0.000466 : 0.995760 : P=0.033787 : Visits=60 : Children=30
CROSS  ( 8, 4) : U : Q=0.004014 : 0.000416 : 0.995570 : P=0.032970 : Visits=59 : Children=30
CROSS  ( 6, 6) : U : Q=0.003979 : 0.000400 : 0.995621 : P=0.032153 : Visits=58 : Children=30
  X   _   _   _   _   _   _   _   _   _   _   _   _   _   _ 
  X   26  25  _   _   _   _   _   _   _   _   _   _   _   _ 
  62  _   27  _   _   _   _   _   _   _   _   _   _   _   _ 
  50  _   25  _   _   _   _   _   _   _   _   _   _   _   _ 
  50  26  37  _   28  _   _   _   _   _   _   _   _   _   _ 
  24  34  31  O   _   _   _   _   _   _   _   _   _   _   _ 
  26  26  26  25  O   _   30  _   _   _   _   _   _   _   _ 
  29  _   _   25  _  101  24  _   _   _   _   _   _   _   _ 
  _   25  25  29  30  28  36  _   _   _   _   _   _   _   _ 
  _   _   _   28  25  _   _   _   _   _   _   _   _   _   _ 
  _   _   _   _   _   _   _   _   _   _   _   _   _   _   _ 
  _   _   _   _   _   _   _   _   _   _   _   _   _   _   _ 
  _   _   _   _   _   _   _   _   _   _   _   _   _   _   _ 
  _   _   _   _   _   _   _   _   _   _   _   _   _   _   _ 
  _   _   _   _   _   _   _   _   _   _   _   _   _   _   _ 

CIRCLE ( 0, 0) : U : Q=0.993548 : 0.000487 : 0.005965 : P=0.000000 : Visits=1928 : Children=30
CROSS  ( 7, 5) : U : Q=0.003620 : 0.000438 : 0.995943 : P=0.109537 : Visits=196 : Children=30
CIRCLE ( 6, 3) : U : Q=0.996377 : 0.000304 : 0.003319 : P=0.155923 : Visits=33 : Children=30
CROSS  ( 6, 5) : U : Q=0.003536 : 0.000302 : 0.996162 : P=0.265992 : Visits=13 : Children=30
CIRCLE ( 7, 3) : U : Q=0.997670 : 0.000235 : 0.002094 : P=0.306417 : Visits=5 : Children=4
CROSS  ( 8, 3) : U : Q=0.002104 : 0.000246 : 0.997649 : P=0.543901 : Visits=2 : Children=19
CIRCLE ( 5, 5) : U : Q=0.997985 : 0.000132 : 0.001884 : P=0.883741 : Visits=1 : Children=6
CROSS  ( 4, 6) : U : Q=0.000000 : 0.000000 : 0.000000 : P=0.712729 : Visits=0 : Children=0
----EvaluationQueue----
avg batch size = 7.992631
network   = 691.963760s : 22797 : 30.353282 ms
pack      = 0.109375s : 22797 : 4.797801 us
unpack    = 0.203120s : 22797 : 8.909923 us

----SearchStats----
nb_duplicate_nodes = 0
select     = 0.015625s : 1928 : 8.104253 us
expand     = 0.000000s : 1928 : 0.000000 us
vcf solver = 0.015614s : 1928 : 8.098441 us
backup     = 0.000000s : 1928 : 0.000000 us
evaluate   = 0.000000s : 416 : 0.000000 us
game rules = 0.000000s : 1928 : 0.000000 us

----TreeStats----
used nodes      = 52668
allocated nodes = 100000000
proven nodes    = 0 : 0 : 0 (win:draw:loss)
memory = 1MB
----CacheStats----
hit rate = 78.400000%
time_seek    = 0.000000s : 1928 : 0.000000 us
time_insert  = 0.000000s : 416 : 0.000000 us
time_cleanup = 0.015626s : 1 : 15.626192 ms
entries = 2562 : 7978 : 10540 (stored:buffered:allocated)
memory = 33MB

Answered : MESSAGE depth 1-8 ev 0.6 n 1928 n/s 123371 tm 15 pv Xh5 Og3 Xg5 Oh3 Xi3 Of5 Xe6
BEST
CIRCLE ( 5, 5) : U : Q=0.993425 : 0.000499 : 0.006076 : P=0.076862 : Visits=930 : Children=30
CIRCLE ( 6, 5) : U : Q=0.992424 : 0.000535 : 0.007041 : P=0.077635 : Visits=871 : Children=30
CIRCLE ( 6, 4) : U : Q=0.988542 : 0.000558 : 0.010900 : P=0.097058 : Visits=801 : Children=30
CIRCLE ( 4, 4) : U : Q=0.989817 : 0.000596 : 0.009587 : P=0.083340 : Visits=753 : Children=30
CIRCLE ( 5, 6) : U : Q=0.993003 : 0.000675 : 0.006321 : P=0.063461 : Visits=747 : Children=30
CIRCLE ( 4, 6) : U : Q=0.995010 : 0.000550 : 0.004439 : P=0.050948 : Visits=729 : Children=30
CIRCLE ( 6, 6) : U : Q=0.989873 : 0.000628 : 0.009499 : P=0.077449 : Visits=703 : Children=30
CIRCLE ( 7, 3) : U : Q=0.992383 : 0.000631 : 0.006985 : P=0.050262 : Visits=556 : Children=30
CIRCLE ( 7, 5) : U : Q=0.985465 : 0.000760 : 0.013774 : P=0.077182 : Visits=556 : Children=30
CIRCLE ( 5, 4) : U : Q=0.989209 : 0.000665 : 0.010126 : P=0.063091 : Visits=547 : Children=30
  X   _   _   _   _   _   _   _   _   _   _   _   _   _   _ 
  _   _   _   _   _   _   _   _   _   _   _   _   _   _   _ 
  X   _   _   _   _   _   _   _   _   _   _   _   _   _   _ 
  _   _   _   _   _   19   5   4  _   _   _   _   _   _   _ 
  _   _   _   18  72  17  70   8   4  _   _   _   _   _   _ 
  _   _   _   O   52  89  72   7  _   _   _   _   _   _   _ 
  _   _    7  28  77  84  68  11   3  _   _   _   _   _   _ 
  _   _   _   53  34  53  27   8   4  _   _   _   _   _   _ 
  _   _   _    7  50  15  19  _   _   _   _   _   _   _   _ 
  _   _   _   _   _   _   _   _   _   _   _   _   _   _   _ 
  _   _   _   _   _   _   _   _   _   _   _   _   _   _   _ 
  _   _   _   _   _   _   _   _   _   _   _   _   _   _   _ 
  _   _   _   _   _   _   _   _   _   _   _   _   _   _   _ 
  _   _   _   _   _   _   _   _   _   _   _   _   _   _   _ 
  _   _   _   _   _   _   _   _   _   _   _   _   _   _   _ 

CROSS  ( 0, 0) : U : Q=0.007845 : 0.000629 : 0.991526 : P=0.000000 : Visits=10339 : Children=30
CIRCLE ( 5, 5) : U : Q=0.993425 : 0.000499 : 0.006076 : P=0.076862 : Visits=930 : Children=30
CROSS  ( 5, 4) : U : Q=0.003420 : 0.000510 : 0.996070 : P=0.059850 : Visits=53 : Children=30
CIRCLE ( 4, 4) : U : Q=0.996332 : 0.000460 : 0.003208 : P=0.273659 : Visits=17 : Children=30
CROSS  ( 3, 5) : U : Q=0.003495 : 0.000488 : 0.996017 : P=0.562228 : Visits=14 : Children=30
CIRCLE ( 6, 4) : U : Q=0.997446 : 0.000279 : 0.002275 : P=0.166893 : Visits=3 : Children=30
CROSS  ( 3, 3) : U : Q=0.001873 : 0.000312 : 0.997815 : P=0.284363 : Visits=1 : Children=30
CIRCLE ( 7, 5) : U : Q=0.000000 : 0.000000 : 0.000000 : P=0.411316 : Visits=0 : Children=0
----EvaluationQueue----
avg batch size = 7.992694
network   = 727.056488s : 23954 : 30.352195 ms
pack      = 0.125001s : 23954 : 5.218365 us
unpack    = 0.203120s : 23954 : 8.479566 us

----SearchStats----
nb_duplicate_nodes = 1
select     = 0.046875s : 10340 : 4.533319 us
expand     = 0.046873s : 10339 : 4.533620 us
vcf solver = 0.109381s : 10339 : 10.579499 us
backup     = 0.000000s : 10339 : 0.000000 us
evaluate   = 0.000000s : 9249 : 0.000000 us
game rules = 0.000000s : 10340 : 0.000000 us

----TreeStats----
used nodes      = 291915
allocated nodes = 100000000
proven nodes    = 0 : 0 : 0 (win:draw:loss)
memory = 8MB
----CacheStats----
hit rate = 10.500000%
time_seek    = 0.000000s : 10339 : 0.000000 us
time_insert  = 0.015625s : 9249 : 1.689320 us
time_cleanup = 0.000000s : 1 : 0.000000 us
entries = 9501 : 1039 : 10540 (stored:buffered:allocated)
memory = 37MB

Answered : MESSAGE depth 1-8 ev 99.1 n 10339 n/s 290 tm 35623 pv Of5 Xf4 Oe4 Xd5 Og4 Xd3 Oh5
Answered : 5,5
Received : RESTART
