Compiled on May 17 2021 at 21:00:40
Launched in Engine\
Received : INFO max_memory 5368709120
Received : INFO timeout_match 900000
Received : INFO timeout_turn 900000
Received : INFO game_type 1
Received : INFO rule 1
Received : INFO time_left 900000
Received : BOARD
Received : 0,0,2
Received : 5,5,1
Received : 1,1,2
Received : DONE
BEST
CROSS  ( 4, 4) : U : Q=0.004047 : 0.000416 : 0.995538 : P=0.075263 : Visits=108 : Children=30
CROSS  ( 3, 0) : U : Q=0.012738 : 0.000661 : 0.986601 : P=0.038036 : Visits=75 : Children=30
CROSS  ( 4, 0) : U : Q=0.012639 : 0.000844 : 0.986517 : P=0.038576 : Visits=75 : Children=30
CROSS  ( 8, 7) : U : Q=0.004175 : 0.000310 : 0.995515 : P=0.041543 : Visits=60 : Children=30
CROSS  ( 7, 7) : U : Q=0.003292 : 0.000380 : 0.996328 : P=0.041543 : Visits=58 : Children=30
CROSS  ( 5, 4) : U : Q=0.004197 : 0.000449 : 0.995355 : P=0.039115 : Visits=56 : Children=30
CROSS  ( 8, 6) : U : Q=0.004216 : 0.000395 : 0.995389 : P=0.039115 : Visits=56 : Children=30
CROSS  ( 8, 8) : U : Q=0.004572 : 0.000347 : 0.995081 : P=0.035339 : Visits=51 : Children=30
CROSS  ( 4, 5) : U : Q=0.004321 : 0.000442 : 0.995237 : P=0.035608 : Visits=51 : Children=30
CROSS  ( 6, 7) : U : Q=0.004724 : 0.000465 : 0.994811 : P=0.034529 : Visits=50 : Children=30
  X   _   _   _   _   _   _   _   _   _   _   _   _   _   _ 
  X   _   _   _   _   _   _   _   _   _   _   _   _   _   _ 
  _   _   _   _   _   _   _   _   _   _   _   _   _   _   _ 
  50  _   29  25  31  _   _   _   _   _   _   _   _   _   _ 
  50  _   _   26  72  34  29  26  _   _   _   _   _   _   _ 
  _   _   _   26  37  O   _   26  _   _   _   _   _   _   _ 
  _   _   _   _   27  _   O   33  28  _   _   _   _   _   _ 
  _   _   _   _   _   26  30  39  33  27  _   _   _   _   _ 
  _   _   _   _   _   _   37  40  34  30  _   _   _   _   _ 
  _   _   _   _   _   _   _   30  28  26  _   _   _   _   _ 
  _   _   _   _   _   _   _   _   27  26  _   _   _   _   _ 
  _   _   _   _   _   _   _   _   _   _   _   _   _   _   _ 
  _   _   _   _   _   _   _   _   _   _   _   _   _   _   _ 
  _   _   _   _   _   _   _   _   _   _   _   _   _   _   _ 
  _   _   _   _   _   _   _   _   _   _   _   _   _   _   _ 

CIRCLE ( 0, 0) : U : Q=0.994252 : 0.000414 : 0.005334 : P=0.000000 : Visits=1485 : Children=30
CROSS  ( 4, 4) : U : Q=0.004047 : 0.000416 : 0.995538 : P=0.075263 : Visits=108 : Children=30
CIRCLE ( 6, 4) : U : Q=0.995466 : 0.000417 : 0.004118 : P=0.145791 : Visits=17 : Children=30
CROSS  ( 4, 6) : U : Q=0.005094 : 0.000465 : 0.994441 : P=0.372985 : Visits=10 : Children=30
CIRCLE ( 6, 5) : U : Q=0.997255 : 0.000275 : 0.002470 : P=0.345239 : Visits=4 : Children=4
CROSS  ( 6, 7) : U : Q=0.001859 : 0.000223 : 0.997917 : P=0.579039 : Visits=2 : Children=30
CIRCLE ( 4, 5) : U : Q=0.997155 : 0.000300 : 0.002545 : P=0.433014 : Visits=1 : Children=6
CROSS  ( 7, 5) : U : Q=0.000000 : 0.000000 : 0.000000 : P=0.871376 : Visits=0 : Children=0
----EvaluationQueue----
avg batch size = 7.993541
network   = 1122.966612s : 36847 : 30.476473 ms
pack      = 0.234376s : 36847 : 6.360788 us
unpack    = 0.312490s : 36847 : 8.480757 us

----SearchStats----
nb_duplicate_nodes = 0
select     = 0.031252s : 1485 : 21.045216 us
expand     = 0.000000s : 1485 : 0.000000 us
vcf solver = 0.031250s : 1485 : 21.043610 us
backup     = 0.000000s : 1485 : 0.000000 us
evaluate   = 0.000000s : 368 : 0.000000 us
game rules = 0.000000s : 1485 : 0.000000 us

----TreeStats----
used nodes      = 41520
allocated nodes = 100000000
proven nodes    = 0 : 0 : 5 (win:draw:loss)
memory = 1MB
----CacheStats----
hit rate = 75.200000%
time_seek    = 0.000000s : 1485 : 0.000000 us
time_insert  = 0.000000s : 368 : 0.000000 us
time_cleanup = 0.015623s : 1 : 15.623093 ms
entries = 1894 : 27415 : 29309 (stored:buffered:allocated)
memory = 33MB

Answered : MESSAGE depth 1-8 ev 0.5 n 1485 n/s 94944 tm 15 pv Xe4 Og4 Xe6 Og5 Xg7 Oe5 Xh5
BEST
CIRCLE ( 4, 4) : U : Q=0.995832 : 0.000391 : 0.003777 : P=0.080499 : Visits=1385 : Children=30
CIRCLE ( 5, 7) : U : Q=0.991495 : 0.000843 : 0.007662 : P=0.094288 : Visits=1109 : Children=30
CIRCLE ( 4, 6) : U : Q=0.994361 : 0.000506 : 0.005133 : P=0.058049 : Visits=897 : Children=30
CIRCLE ( 7, 5) : U : Q=0.990312 : 0.000838 : 0.008851 : P=0.071467 : Visits=765 : Children=30
CIRCLE ( 6, 6) : U : Q=0.989681 : 0.000814 : 0.009504 : P=0.073500 : Visits=747 : Children=30
CIRCLE ( 5, 6) : U : Q=0.993044 : 0.000604 : 0.006352 : P=0.051434 : Visits=696 : Children=30
CIRCLE ( 6, 5) : U : Q=0.993541 : 0.000575 : 0.005884 : P=0.048984 : Visits=694 : Children=30
CIRCLE ( 6, 4) : U : Q=0.993082 : 0.000509 : 0.006410 : P=0.048924 : Visits=659 : Children=30
CIRCLE ( 7, 6) : U : Q=0.990082 : 0.000897 : 0.009022 : P=0.055751 : Visits=586 : Children=30
CIRCLE ( 6, 7) : U : Q=0.991026 : 0.000900 : 0.008074 : P=0.049674 : Visits=564 : Children=30
  X   _   _   _   _   _   _   _   _   _   _   _   _   _   _ 
  _   X   _   _   _   _   _   _   _   _   _   _   _   _   _ 
  _   _   _   _   _   _   _   _   _   _   _   _   _   _   _ 
  _   _   _   _   _   19  _    6  _   _   _   _   _   _   _ 
  _   _   _   _  120  33  78  29  10  _   _   _   _   _   _ 
  _   _   _   18  28  O   60  96  10  _   _   _   _   _   _ 
  _   _    9  10  57  60  65  49   9  _   _   _   _   _   _ 
  _   _   _   _   28  66  51  13   2  _   _   _   _   _   _ 
  _   _   _   _   10  26  16   4  _   _   _   _   _   _   _ 
  _   _   _   _   _   _    3   1  _   _   _   _   _   _   _ 
  _   _   _   _   _   _   _   _   _   _   _   _   _   _   _ 
  _   _   _   _   _   _   _   _   _   _   _   _   _   _   _ 
  _   _   _   _   _   _   _   _   _   _   _   _   _   _   _ 
  _   _   _   _   _   _   _   _   _   _   _   _   _   _   _ 
  _   _   _   _   _   _   _   _   _   _   _   _   _   _   _ 

CROSS  ( 0, 0) : U : Q=0.007932 : 0.000836 : 0.991232 : P=0.000000 : Visits=11483 : Children=30
CIRCLE ( 4, 4) : U : Q=0.995832 : 0.000391 : 0.003777 : P=0.080499 : Visits=1385 : Children=30
CROSS  ( 6, 6) : U : Q=0.003195 : 0.000387 : 0.996418 : P=0.055815 : Visits=76 : Children=30
CIRCLE ( 3, 5) : U : Q=0.997699 : 0.000305 : 0.001995 : P=0.167058 : Visits=14 : Children=30
CROSS  ( 4, 5) : U : Q=0.001927 : 0.000313 : 0.997760 : P=0.133249 : Visits=3 : Children=30
CIRCLE ( 5, 3) : U : Q=0.997518 : 0.000333 : 0.002149 : P=0.460159 : Visits=2 : Children=4
CROSS  ( 6, 2) : U : Q=0.001518 : 0.000267 : 0.998216 : P=0.758283 : Visits=1 : Children=30
CIRCLE ( 5, 4) : U : Q=0.000000 : 0.000000 : 0.000000 : P=0.506429 : Visits=0 : Children=0
----EvaluationQueue----
avg batch size = 7.993568
network   = 1157.965578s : 38088 : 30.402373 ms
pack      = 0.234376s : 38088 : 6.153538 us
unpack    = 0.328115s : 38088 : 8.614661 us

----SearchStats----
nb_duplicate_nodes = 1
select     = 0.015625s : 11484 : 1.360568 us
expand     = 0.031249s : 11483 : 2.721352 us
vcf solver = 0.218779s : 11483 : 19.052391 us
backup     = 0.000000s : 11483 : 0.000000 us
evaluate   = 0.000000s : 9921 : 0.000000 us
game rules = 0.000000s : 11484 : 0.000000 us

----TreeStats----
used nodes      = 306627
allocated nodes = 100000000
proven nodes    = 0 : 0 : 5 (win:draw:loss)
memory = 9MB
----CacheStats----
hit rate = 13.600000%
time_seek    = 0.000000s : 11483 : 0.000000 us
time_insert  = 0.015625s : 9921 : 1.574894 us
time_cleanup = 0.000000s : 1 : 0.000000 us
entries = 9927 : 19382 : 29309 (stored:buffered:allocated)
memory = 37MB

Answered : MESSAGE depth 1-8 ev 99.1 n 11483 n/s 322 tm 35608 pv Oe4 Xg6 Od5 Xe5 Of3 Xg2 Of4
Answered : 4,4
Received : RESTART
